

================================================================
== Vitis HLS Report for 'Col_Wise_Overlap_Gen_Pipeline_VITIS_LOOP_263_1_VITIS_LOOP_269_3_VITIS_LOOP_272_4_VITIS_LOOP_275_5'
================================================================
* Date:           Thu Oct 13 07:49:17 2022

* Version:        2021.1 (Build 3247384 on Thu Jun 10 19:36:07 MDT 2021)
* Project:        v4
* Solution:       solution1 (Vivado IP Flow Target)
* Product family: zynquplus
* Target device:  xczu7cg-fbvb900-1-i


================================================================
== Performance Estimates
================================================================
+ Timing: 
    * Summary: 
    +--------+---------+----------+------------+
    |  Clock |  Target | Estimated| Uncertainty|
    +--------+---------+----------+------------+
    |ap_clk  |  5.00 ns|  3.000 ns|     2.00 ns|
    +--------+---------+----------+------------+

+ Latency: 
    * Summary: 
    +---------+---------+-----------+----------+-----+--------+---------+
    |  Latency (cycles) |  Latency (absolute)  |   Interval   | Pipeline|
    |   min   |   max   |    min    |    max   | min |   max  |   Type  |
    +---------+---------+-----------+----------+-----+--------+---------+
    |        3|   172035|  15.000 ns|  0.860 ms|    3|  172035|       no|
    +---------+---------+-----------+----------+-----+--------+---------+

    + Detail: 
        * Instance: 
        N/A

        * Loop: 
        +-----------------------------------------------------------------------+---------+---------+----------+-----------+-----------+------------+----------+
        |                                                                       |  Latency (cycles) | Iteration|  Initiation Interval  |    Trip    |          |
        |                               Loop Name                               |   min   |   max   |  Latency |  achieved |   target  |    Count   | Pipelined|
        +-----------------------------------------------------------------------+---------+---------+----------+-----------+-----------+------------+----------+
        |- VITIS_LOOP_263_1_VITIS_LOOP_269_3_VITIS_LOOP_272_4_VITIS_LOOP_275_5  |        1|   172033|         3|          1|          1|  0 ~ 172032|       yes|
        +-----------------------------------------------------------------------+---------+---------+----------+-----------+-----------+------------+----------+



================================================================
== Utilization Estimates
================================================================
* Summary: 
+-----------------+---------+------+--------+--------+-----+
|       Name      | BRAM_18K|  DSP |   FF   |   LUT  | URAM|
+-----------------+---------+------+--------+--------+-----+
|DSP              |        -|     -|       -|       -|    -|
|Expression       |        -|     -|       0|     471|    -|
|FIFO             |        -|     -|       -|       -|    -|
|Instance         |        -|     -|       -|       -|    -|
|Memory           |        -|     -|       -|       -|    -|
|Multiplexer      |        -|     -|       -|     137|    -|
|Register         |        -|     -|     150|       -|    -|
+-----------------+---------+------+--------+--------+-----+
|Total            |        0|     0|     150|     608|    0|
+-----------------+---------+------+--------+--------+-----+
|Available        |      624|  1728|  460800|  230400|   96|
+-----------------+---------+------+--------+--------+-----+
|Utilization (%)  |        0|     0|      ~0|      ~0|    0|
+-----------------+---------+------+--------+--------+-----+

+ Detail: 
    * Instance: 
    N/A

    * DSP: 
    N/A

    * Memory: 
    N/A

    * FIFO: 
    N/A

    * Expression: 
    +----------------------------------+----------+----+---+----+------------+------------+
    |           Variable Name          | Operation| DSP| FF| LUT| Bitwidth P0| Bitwidth P1|
    +----------------------------------+----------+----+---+----+------------+------------+
    |add_ln1057_3_fu_264_p2            |         +|   0|  0|  55|          48|           1|
    |add_ln1057_4_fu_356_p2            |         +|   0|  0|  31|          24|           1|
    |add_ln1057_5_fu_370_p2            |         +|   0|  0|  39|          32|           1|
    |add_ln1057_fu_330_p2              |         +|   0|  0|  23|          16|           1|
    |pnx_8_fu_471_p2                   |         +|   0|  0|  15|           8|           1|
    |x_14_fu_553_p2                    |         +|   0|  0|  15|           8|           1|
    |ap_block_pp0_stage0_01001         |       and|   0|  0|   2|           1|           1|
    |ap_predicate_op112_write_state4   |       and|   0|  0|   2|           1|           1|
    |ap_predicate_op114_read_state4    |       and|   0|  0|   2|           1|           1|
    |ap_predicate_op117_write_state4   |       and|   0|  0|   2|           1|           1|
    |cmp_fu_407_p2                     |      icmp|   0|  0|  11|           8|           1|
    |cmp_i_i_fu_417_p2                 |      icmp|   0|  0|  11|           9|           9|
    |cmp_i_i_mid1_fu_494_p2            |      icmp|   0|  0|  11|           9|           9|
    |cmp_mid1_fu_477_p2                |      icmp|   0|  0|  11|           8|           1|
    |icmp_ln1057_15_fu_259_p2          |      icmp|   0|  0|  23|          48|          48|
    |icmp_ln1057_16_fu_279_p2          |      icmp|   0|  0|  20|          32|          32|
    |icmp_ln1057_17_fu_436_p2          |      icmp|   0|  0|  11|           8|           8|
    |icmp_ln1057_18_fu_284_p2          |      icmp|   0|  0|  13|          16|          16|
    |icmp_ln1057_19_fu_296_p2          |      icmp|   0|  0|  16|          24|          24|
    |icmp_ln1057_20_fu_537_p2          |      icmp|   0|  0|  11|           8|           8|
    |icmp_ln290_fu_542_p2              |      icmp|   0|  0|  11|           8|           8|
    |ap_block_state4_pp0_stage0_iter3  |        or|   0|  0|   2|           1|           1|
    |or_ln1057_1_fu_342_p2             |        or|   0|  0|   2|           1|           1|
    |or_ln1057_fu_336_p2               |        or|   0|  0|   2|           1|           1|
    |or_ln261_1_fu_308_p2              |        or|   0|  0|   2|           1|           1|
    |or_ln261_2_fu_454_p2              |        or|   0|  0|   2|           1|           1|
    |or_ln261_3_fu_519_p2              |        or|   0|  0|   2|           1|           1|
    |or_ln261_4_fu_524_p2              |        or|   0|  0|   2|           1|           1|
    |or_ln261_fu_425_p2                |        or|   0|  0|   2|           1|           1|
    |or_ln290_fu_547_p2                |        or|   0|  0|   2|           1|           1|
    |select_ln1057_7_fu_348_p3         |    select|   0|  0|  16|           1|           1|
    |select_ln1057_8_fu_362_p3         |    select|   0|  0|  24|           1|           1|
    |select_ln1057_9_fu_376_p3         |    select|   0|  0|  32|           1|           1|
    |select_ln1057_fu_512_p3           |    select|   0|  0|   8|           1|           8|
    |select_ln261_10_fu_506_p3         |    select|   0|  0|   2|           1|           1|
    |select_ln261_11_fu_529_p3         |    select|   0|  0|   8|           1|           1|
    |select_ln261_1_fu_441_p3          |    select|   0|  0|   2|           1|           1|
    |select_ln261_2_fu_289_p3          |    select|   0|  0|   2|           1|           1|
    |select_ln261_3_fu_301_p3          |    select|   0|  0|   2|           1|           1|
    |select_ln261_4_fu_447_p3          |    select|   0|  0|   8|           1|           1|
    |select_ln261_5_fu_459_p3          |    select|   0|  0|   2|           1|           1|
    |select_ln261_6_fu_465_p3          |    select|   0|  0|   2|           1|           1|
    |select_ln261_7_fu_314_p3          |    select|   0|  0|   2|           1|           1|
    |select_ln261_8_fu_483_p3          |    select|   0|  0|   2|           1|           1|
    |select_ln261_9_fu_499_p3          |    select|   0|  0|   2|           1|           1|
    |select_ln261_fu_430_p3            |    select|   0|  0|   2|           1|           1|
    |ap_enable_pp0                     |       xor|   0|  0|   2|           1|           2|
    +----------------------------------+----------+----+---+----+------------+------------+
    |Total                             |          |   0|  0| 471|         344|         208|
    +----------------------------------+----------+----+---+----+------------+------------+

    * Multiplexer: 
    +-------------------------+----+-----------+-----+-----------+
    |           Name          | LUT| Input Size| Bits| Total Bits|
    +-------------------------+----+-----------+-----+-----------+
    |Col_Buffer_i_blk_n       |   9|          2|    1|          2|
    |Col_Buffer_o_blk_n       |   9|          2|    1|          2|
    |ap_done_int              |   9|          2|    1|          2|
    |ap_enable_reg_pp0_iter1  |   9|          2|    1|          2|
    |ap_enable_reg_pp0_iter3  |   9|          2|    1|          2|
    |c_ifmap_col_op_st_blk_n  |   9|          2|    1|          2|
    |c_ifmap_col_op_st_din    |  20|          4|   32|        128|
    |c_ifmap_patch_st_blk_n   |   9|          2|    1|          2|
    |indvar_flatten11_fu_112  |   9|          2|   24|         48|
    |indvar_flatten37_fu_116  |   9|          2|   32|         64|
    |indvar_flatten71_fu_120  |   9|          2|   48|         96|
    |indvar_flatten_fu_104    |   9|          2|   16|         32|
    |pnx_fu_108               |   9|          2|    8|         16|
    |x_fu_100                 |   9|          2|    8|         16|
    +-------------------------+----+-----------+-----+-----------+
    |Total                    | 137|         30|  175|        414|
    +-------------------------+----+-----------+-----+-----------+

    * Register: 
    +----------------------------------+----+----+-----+-----------+
    |               Name               | FF | LUT| Bits| Const Bits|
    +----------------------------------+----+----+-----+-----------+
    |ap_CS_fsm                         |   1|   0|    1|          0|
    |ap_done_reg                       |   1|   0|    1|          0|
    |ap_enable_reg_pp0_iter1           |   1|   0|    1|          0|
    |ap_enable_reg_pp0_iter2           |   1|   0|    1|          0|
    |ap_enable_reg_pp0_iter3           |   1|   0|    1|          0|
    |ap_loop_exit_ready_pp0_iter2_reg  |   1|   0|    1|          0|
    |icmp_ln1057_15_reg_679            |   1|   0|    1|          0|
    |icmp_ln1057_16_reg_683            |   1|   0|    1|          0|
    |icmp_ln1057_20_reg_716            |   1|   0|    1|          0|
    |indvar_flatten11_fu_112           |  24|   0|   24|          0|
    |indvar_flatten37_fu_116           |  32|   0|   32|          0|
    |indvar_flatten71_fu_120           |  48|   0|   48|          0|
    |indvar_flatten_fu_104             |  16|   0|   16|          0|
    |or_ln261_1_reg_697                |   1|   0|    1|          0|
    |or_ln290_reg_720                  |   1|   0|    1|          0|
    |pnx_fu_108                        |   8|   0|    8|          0|
    |select_ln261_3_reg_690            |   1|   0|    1|          0|
    |select_ln261_7_reg_703            |   1|   0|    1|          0|
    |select_ln261_8_reg_712            |   1|   0|    1|          0|
    |x_fu_100                          |   8|   0|    8|          0|
    +----------------------------------+----+----+-----+-----------+
    |Total                             | 150|   0|  150|          0|
    +----------------------------------+----+----+-----+-----------+



================================================================
== Interface
================================================================
* Summary: 
+--------------------------+-----+-----+------------+---------------------------------------------------------------------------------------------------+--------------+
|         RTL Ports        | Dir | Bits|  Protocol  |                                           Source Object                                           |    C Type    |
+--------------------------+-----+-----+------------+---------------------------------------------------------------------------------------------------+--------------+
|ap_clk                    |   in|    1|  ap_ctrl_hs|  Col_Wise_Overlap_Gen_Pipeline_VITIS_LOOP_263_1_VITIS_LOOP_269_3_VITIS_LOOP_272_4_VITIS_LOOP_275_5|  return value|
|ap_rst                    |   in|    1|  ap_ctrl_hs|  Col_Wise_Overlap_Gen_Pipeline_VITIS_LOOP_263_1_VITIS_LOOP_269_3_VITIS_LOOP_272_4_VITIS_LOOP_275_5|  return value|
|ap_start                  |   in|    1|  ap_ctrl_hs|  Col_Wise_Overlap_Gen_Pipeline_VITIS_LOOP_263_1_VITIS_LOOP_269_3_VITIS_LOOP_272_4_VITIS_LOOP_275_5|  return value|
|ap_done                   |  out|    1|  ap_ctrl_hs|  Col_Wise_Overlap_Gen_Pipeline_VITIS_LOOP_263_1_VITIS_LOOP_269_3_VITIS_LOOP_272_4_VITIS_LOOP_275_5|  return value|
|ap_idle                   |  out|    1|  ap_ctrl_hs|  Col_Wise_Overlap_Gen_Pipeline_VITIS_LOOP_263_1_VITIS_LOOP_269_3_VITIS_LOOP_272_4_VITIS_LOOP_275_5|  return value|
|ap_ready                  |  out|    1|  ap_ctrl_hs|  Col_Wise_Overlap_Gen_Pipeline_VITIS_LOOP_263_1_VITIS_LOOP_269_3_VITIS_LOOP_272_4_VITIS_LOOP_275_5|  return value|
|c_ifmap_patch_st_dout     |   in|   32|     ap_fifo|                                                                                   c_ifmap_patch_st|       pointer|
|c_ifmap_patch_st_empty_n  |   in|    1|     ap_fifo|                                                                                   c_ifmap_patch_st|       pointer|
|c_ifmap_patch_st_read     |  out|    1|     ap_fifo|                                                                                   c_ifmap_patch_st|       pointer|
|c_ifmap_col_op_st_din     |  out|   32|     ap_fifo|                                                                                  c_ifmap_col_op_st|       pointer|
|c_ifmap_col_op_st_full_n  |   in|    1|     ap_fifo|                                                                                  c_ifmap_col_op_st|       pointer|
|c_ifmap_col_op_st_write   |  out|    1|     ap_fifo|                                                                                  c_ifmap_col_op_st|       pointer|
|Col_Buffer_din            |  out|   32|     ap_fifo|                                                                                         Col_Buffer|       pointer|
|Col_Buffer_full_n         |   in|    1|     ap_fifo|                                                                                         Col_Buffer|       pointer|
|Col_Buffer_write          |  out|    1|     ap_fifo|                                                                                         Col_Buffer|       pointer|
|Col_Buffer_dout           |   in|   32|     ap_fifo|                                                                                         Col_Buffer|       pointer|
|Col_Buffer_empty_n        |   in|    1|     ap_fifo|                                                                                         Col_Buffer|       pointer|
|Col_Buffer_read           |  out|    1|     ap_fifo|                                                                                         Col_Buffer|       pointer|
|sub_i_i                   |   in|    9|     ap_none|                                                                                            sub_i_i|        scalar|
|bound42                   |   in|   48|     ap_none|                                                                                            bound42|        scalar|
|bound16                   |   in|   32|     ap_none|                                                                                            bound16|        scalar|
|cmp_i_i_mid157            |   in|    1|     ap_none|                                                                                     cmp_i_i_mid157|        scalar|
|trunc_ln                  |   in|    8|     ap_none|                                                                                           trunc_ln|        scalar|
|icmp_ln1057               |   in|    1|     ap_none|                                                                                        icmp_ln1057|        scalar|
|bound                     |   in|   16|     ap_none|                                                                                              bound|        scalar|
|icmp_ln1057_21            |   in|    1|     ap_none|                                                                                     icmp_ln1057_21|        scalar|
|bound4                    |   in|   24|     ap_none|                                                                                             bound4|        scalar|
|icmp_ln1057_22            |   in|    1|     ap_none|                                                                                     icmp_ln1057_22|        scalar|
|trunc_ln40                |   in|    8|     ap_none|                                                                                         trunc_ln40|        scalar|
|p_cast1                   |   in|    8|     ap_none|                                                                                            p_cast1|        scalar|
+--------------------------+-----+-----+------------+---------------------------------------------------------------------------------------------------+--------------+

