

================================================================
== Synthesis Summary Report of 'fwd_fft'
================================================================
+ General Information: 
    * Date:           Thu Oct 13 07:49:35 2022
    * Version:        2021.1 (Build 3247384 on Thu Jun 10 19:36:07 MDT 2021)
    * Project:        v4
    * Solution:       solution1 (Vivado IP Flow Target)
    * Product family: zynquplus
    * Target device:  xczu7cg-fbvb900-1-i
    

+ Performance & Resource Estimates: 
    
    PS: '+' for module; 'o' for loop; '*' for dataflow
    +------------------------------------------------------------------------------------------------------------------+--------+-------+---------+-----------+----------+---------+--------+----------+-----------+-----------+------------+-------------+-----+
    |                                                      Modules                                                     |  Issue |       | Latency |  Latency  | Iteration|         |  Trip  |          |           |           |            |             |     |
    |                                                      & Loops                                                     |  Type  | Slack | (cycles)|    (ns)   |  Latency | Interval|  Count | Pipelined|   BRAM    |    DSP    |     FF     |     LUT     | URAM|
    +------------------------------------------------------------------------------------------------------------------+--------+-------+---------+-----------+----------+---------+--------+----------+-----------+-----------+------------+-------------+-----+
    |+ fwd_fft*                                                                                                        |  Timing|  -1.54|   301271|  1.506e+06|         -|   301244|       -|  dataflow|  147 (23%)|  255 (14%)|  32400 (7%)|  34812 (15%)|    -|
    | + grp_Mem_Patch_Gen_fu_312                                                                                       |       -|   0.00|   206212|  1.031e+06|         -|   206212|       -|        no|    30 (4%)|    3 (~0%)|  1787 (~0%)|    4368 (1%)|    -|
    |  + grp_Mem_Patch_Gen_Pipeline_VITIS_LOOP_210_4_fu_260                                                            |       -|   0.00|       31|    155.000|         -|       31|       -|        no|          -|          -|   261 (~0%)|    246 (~0%)|    -|
    |   o VITIS_LOOP_210_4                                                                                             |       -|   3.00|       29|    145.000|         3|        1|      28|       yes|          -|          -|           -|            -|    -|
    |  + grp_Mem_Patch_Gen_Pipeline_VITIS_LOOP_228_7_VITIS_LOOP_231_8_VITIS_LOOP_234_9_fu_270                          |       -|   0.04|     3142|  1.571e+04|         -|     3142|       -|        no|          -|    1 (~0%)|   610 (~0%)|    2611 (1%)|    -|
    |   o VITIS_LOOP_228_7_VITIS_LOOP_231_8_VITIS_LOOP_234_9                                                           |       -|   3.00|     3140|  1.570e+04|         6|        1|    3136|       yes|          -|          -|           -|            -|    -|
    |  + grp_Mem_Patch_Gen_Pipeline_VITIS_LOOP_220_6_fu_286                                                            |       -|   0.00|       31|    155.000|         -|       31|       -|        no|          -|          -|   261 (~0%)|    246 (~0%)|    -|
    |   o VITIS_LOOP_220_6                                                                                             |       -|   3.00|       29|    145.000|         3|        1|      28|       yes|          -|          -|           -|            -|    -|
    |  o VITIS_LOOP_192_1_VITIS_LOOP_195_2                                                                             |       -|   3.00|   206208|  1.031e+06|      4296|        -|      48|        no|          -|          -|           -|            -|    -|
    |   o VITIS_LOOP_207_3                                                                                             |       -|   3.00|      574|  2.870e+03|        41|        -|      14|        no|          -|          -|           -|            -|    -|
    |   o VITIS_LOOP_217_5                                                                                             |       -|   3.00|      574|  2.870e+03|        41|        -|      14|        no|          -|          -|           -|            -|    -|
    | + grp_Col_Wise_Overlap_Gen_fu_332                                                                                |       -|   0.00|   172045|  8.602e+05|         -|   172045|       -|        no|    2 (~0%)|    4 (~0%)|   675 (~0%)|   1006 (~0%)|    -|
    |  + grp_Col_Wise_Overlap_Gen_Pipeline_VITIS_LOOP_263_1_VITIS_LOOP_269_3_VITIS_LOOP_272_4_VITIS_LOOP_275_5_fu_116  |       -|   0.00|   172035|  8.602e+05|         -|   172035|       -|        no|          -|          -|   150 (~0%)|    608 (~0%)|    -|
    |   o VITIS_LOOP_263_1_VITIS_LOOP_269_3_VITIS_LOOP_272_4_VITIS_LOOP_275_5                                          |       -|   3.00|   172033|  8.602e+05|         3|        1|  172032|       yes|          -|          -|           -|            -|    -|
    | + grp_FFT_R_fu_344                                                                                               |  Timing|  -0.71|   301243|  1.506e+06|         -|   301243|       -|        no|    28 (4%)|   122 (7%)|  11497 (2%)|   10819 (4%)|    -|
    |  + grp_dataflow_parent_loop_proc11_fu_112                                                                        |  Timing|  -0.71|   301235|  1.506e+06|         -|   301235|       -|        no|    28 (4%)|   120 (6%)|  11387 (2%)|   10629 (4%)|    -|
    |   + grp_dataflow_in_loop_VITIS_LOOP_91_1_fu_97*                                                                  |  Timing|  -0.71|      204|  1.020e+03|         -|       28|       -|  dataflow|    28 (4%)|   120 (6%)|  10879 (2%)|   10509 (4%)|    -|
    |    + grp_stream_2_buf17_fu_104                                                                                   |       -|   0.64|       18|     90.000|         -|       18|       -|        no|          -|          -|    81 (~0%)|    140 (~0%)|    -|
    |     o VITIS_LOOP_70_1                                                                                            |       -|   3.00|       16|     80.000|         2|        1|      16|       yes|          -|          -|           -|            -|    -|
    |    + grp_fft_stage_0_018_fu_114                                                                                  |       -|   0.05|       27|    135.000|         -|       27|       -|        no|          -|    20 (1%)|  1640 (~0%)|   1407 (~0%)|    -|
    |     + grp_fft_stage_0_018_Pipeline_VITIS_LOOP_40_1_fu_66                                                         |       -|   0.30|       10|     50.000|         -|       10|       -|        no|          -|          -|    22 (~0%)|     69 (~0%)|    -|
    |      o VITIS_LOOP_40_1                                                                                           |       -|   3.00|        8|     40.000|         2|        1|       8|       yes|          -|          -|           -|            -|    -|
    |     + grp_fft_stage_0_018_Pipeline_SKIP_X_fu_75                                                                  |       -|   0.05|       25|    125.000|         -|       25|       -|        no|          -|    20 (1%)|  1499 (~0%)|   1015 (~0%)|    -|
    |      o SKIP_X                                                                                                    |       -|   3.00|       23|    115.000|        17|        1|       8|       yes|          -|          -|           -|            -|    -|
    |    + grp_fft_stage_1_019_fu_125                                                                                  |       -|   0.05|       27|    135.000|         -|       27|       -|        no|          -|    20 (1%)|  1706 (~0%)|   1591 (~0%)|    -|
    |     + grp_fft_stage_1_019_Pipeline_SKIP_X_fu_48                                                                  |       -|   0.05|       26|    130.000|         -|       26|       -|        no|          -|    20 (1%)|  1631 (~0%)|   1308 (~0%)|    -|
    |      o SKIP_X                                                                                                    |       -|   3.00|       24|    120.000|        18|        1|       8|       yes|          -|          -|           -|            -|    -|
    |     + grp_fft_stage_1_019_Pipeline_VITIS_LOOP_40_1_fu_61                                                         |       -|   0.30|       10|     50.000|         -|       10|       -|        no|          -|          -|    22 (~0%)|     69 (~0%)|    -|
    |      o VITIS_LOOP_40_1                                                                                           |       -|   3.00|        8|     40.000|         2|        1|       8|       yes|          -|          -|           -|            -|    -|
    |    + grp_fft_stage_2_020_fu_136                                                                                  |       -|   0.05|       27|    135.000|         -|       27|       -|        no|          -|    20 (1%)|  1690 (~0%)|   1652 (~0%)|    -|
    |     + grp_fft_stage_2_020_Pipeline_SKIP_X_fu_50                                                                  |       -|   0.05|       26|    130.000|         -|       26|       -|        no|          -|    20 (1%)|  1631 (~0%)|   1377 (~0%)|    -|
    |      o SKIP_X                                                                                                    |       -|   3.00|       24|    120.000|        18|        1|       8|       yes|          -|          -|           -|            -|    -|
    |     + grp_fft_stage_2_020_Pipeline_VITIS_LOOP_40_1_fu_63                                                         |       -|   0.30|       10|     50.000|         -|       10|       -|        no|          -|          -|    22 (~0%)|     69 (~0%)|    -|
    |      o VITIS_LOOP_40_1                                                                                           |       -|   3.00|        8|     40.000|         2|        1|       8|       yes|          -|          -|           -|            -|    -|
    |    + grp_fft_stage_3_021_fu_147                                                                                  |       -|   0.05|       27|    135.000|         -|       27|       -|        no|          -|    20 (1%)|  1690 (~0%)|   1660 (~0%)|    -|
    |     + grp_fft_stage_3_021_Pipeline_SKIP_X_fu_50                                                                  |       -|   0.05|       26|    130.000|         -|       26|       -|        no|          -|    20 (1%)|  1631 (~0%)|   1377 (~0%)|    -|
    |      o SKIP_X                                                                                                    |       -|   3.00|       24|    120.000|        18|        1|       8|       yes|          -|          -|           -|            -|    -|
    |     + grp_fft_stage_3_021_Pipeline_VITIS_LOOP_40_1_fu_63                                                         |       -|   0.30|       10|     50.000|         -|       10|       -|        no|          -|          -|    22 (~0%)|     69 (~0%)|    -|
    |      o VITIS_LOOP_40_1                                                                                           |       -|   3.00|        8|     40.000|         2|        1|       8|       yes|          -|          -|           -|            -|    -|
    |    + grp_fft_stage_4_022_fu_158                                                                                  |       -|   0.05|       27|    135.000|         -|       27|       -|        no|          -|    20 (1%)|  1690 (~0%)|   1655 (~0%)|    -|
    |     + grp_fft_stage_4_022_Pipeline_SKIP_X_fu_50                                                                  |       -|   0.05|       26|    130.000|         -|       26|       -|        no|          -|    20 (1%)|  1631 (~0%)|   1371 (~0%)|    -|
    |      o SKIP_X                                                                                                    |       -|   3.00|       24|    120.000|        18|        1|       8|       yes|          -|          -|           -|            -|    -|
    |     + grp_fft_stage_4_022_Pipeline_VITIS_LOOP_40_1_fu_63                                                         |       -|   0.30|       10|     50.000|         -|       10|       -|        no|          -|          -|    22 (~0%)|     69 (~0%)|    -|
    |      o VITIS_LOOP_40_1                                                                                           |       -|   3.00|        8|     40.000|         2|        1|       8|       yes|          -|          -|           -|            -|    -|
    |    + grp_fft_stage_5_023_fu_169                                                                                  |       -|   0.05|       26|    130.000|         -|       26|       -|        no|          -|    20 (1%)|  1664 (~0%)|   1646 (~0%)|    -|
    |     + grp_fft_stage_5_023_Pipeline_SKIP_X_fu_46                                                                  |       -|   0.05|       25|    125.000|         -|       25|       -|        no|          -|    20 (1%)|  1621 (~0%)|   1371 (~0%)|    -|
    |      o SKIP_X                                                                                                    |       -|   3.00|       23|    115.000|        17|        1|       8|       yes|          -|          -|           -|            -|    -|
    |     + grp_fft_stage_5_023_Pipeline_VITIS_LOOP_40_1_fu_59                                                         |       -|   0.30|       10|     50.000|         -|       10|       -|        no|          -|          -|    22 (~0%)|     69 (~0%)|    -|
    |      o VITIS_LOOP_40_1                                                                                           |       -|   3.00|        8|     40.000|         2|        1|       8|       yes|          -|          -|           -|            -|    -|
    |    + grp_buf_2_stream24_fu_180                                                                                   |       -|   0.15|       18|     90.000|         -|       18|       -|        no|          -|          -|    11 (~0%)|     77 (~0%)|    -|
    |     o VITIS_LOOP_80_1                                                                                            |       -|   3.00|       16|     80.000|         2|        1|      16|       yes|          -|          -|           -|            -|    -|
    |   o VITIS_LOOP_91_1                                                                                              |       -|   3.00|   301234|  1.506e+06|       207|        -|   10752|        no|          -|          -|           -|            -|    -|
    | + grp_Row_Wise_Synch_fu_380                                                                                      |       -|   0.00|   204293|  1.021e+06|         -|   204293|       -|        no|     7 (1%)|    2 (~0%)|   713 (~0%)|   1138 (~0%)|    -|
    |  + grp_Row_Wise_Synch_Pipeline_VITIS_LOOP_328_4_VITIS_LOOP_331_5_fu_152                                          |       -|   0.00|       34|    170.000|         -|       34|       -|        no|          -|          -|    19 (~0%)|    112 (~0%)|    -|
    |   o VITIS_LOOP_328_4_VITIS_LOOP_331_5                                                                            |       -|   3.00|       32|    160.000|         2|        1|      32|       yes|          -|          -|           -|            -|    -|
    |  + grp_Row_Wise_Synch_Pipeline_VITIS_LOOP_340_6_VITIS_LOOP_343_7_fu_161                                          |       -|   0.00|      226|  1.130e+03|         -|      226|       -|        no|          -|          -|    93 (~0%)|    304 (~0%)|    -|
    |   o VITIS_LOOP_340_6_VITIS_LOOP_343_7                                                                            |       -|   3.00|      224|  1.120e+03|         2|        1|     224|       yes|          -|          -|           -|            -|    -|
    |  o VITIS_LOOP_319_1_VITIS_LOOP_322_2_VITIS_LOOP_325_3                                                            |       -|   3.00|   204288|  1.021e+06|       266|        -|     768|        no|          -|          -|           -|            -|    -|
    | + grp_Transpose_fu_392                                                                                           |  Timing|  -1.54|   212264|  1.061e+06|         -|   212264|       -|        no|    16 (2%)|          -|   809 (~0%)|    879 (~0%)|    -|
    |  + grp_dataflow_parent_loop_proc15_fu_82                                                                         |  Timing|  -1.54|   212263|  1.061e+06|         -|   212263|       -|        no|    16 (2%)|          -|   770 (~0%)|    769 (~0%)|    -|
    |   + grp_dataflow_parent_loop_proc14_fu_75                                                                        |  Timing|  -1.54|    70753|  3.538e+05|         -|    70753|       -|        no|    16 (2%)|          -|   510 (~0%)|    697 (~0%)|    -|
    |    + grp_dataflow_parent_loop_proc_fu_65                                                                         |  Timing|  -1.54|     4421|  2.210e+04|         -|     4421|       -|        no|    16 (2%)|          -|   374 (~0%)|    649 (~0%)|    -|
    |     + grp_dataflow_in_loop_VITIS_LOOP_442_3_fu_65*                                                               |  Timing|  -1.54|      518|  2.590e+03|         -|      260|       -|  dataflow|    16 (2%)|          -|   238 (~0%)|    601 (~0%)|    -|
    |      + grp_ifmap_gen_x_fu_40                                                                                     |  Timing|  -1.54|      258|  1.290e+03|         -|      258|       -|        no|          -|          -|    87 (~0%)|    250 (~0%)|    -|
    |       o VITIS_LOOP_370_1_VITIS_LOOP_373_2                                                                        |       -|   3.00|      256|  1.280e+03|         2|        1|     256|       yes|          -|          -|           -|            -|    -|
    |      + grp_ifmap_cons_y_fu_52                                                                                    |  Timing|  -0.52|      259|  1.295e+03|         -|      259|       -|        no|          -|          -|    49 (~0%)|    239 (~0%)|    -|
    |       o VITIS_LOOP_385_1_VITIS_LOOP_388_2                                                                        |       -|   3.00|      257|  1.285e+03|         3|        1|     256|       yes|          -|          -|           -|            -|    -|
    |     o VITIS_LOOP_442_3                                                                                           |       -|   3.00|     4420|  2.210e+04|       521|        -|      16|        no|          -|          -|           -|            -|    -|
    |    o VITIS_LOOP_439_2                                                                                            |       -|   3.00|    70752|  3.538e+05|      4423|        -|      16|        no|          -|          -|           -|            -|    -|
    |   o VITIS_LOOP_436_1                                                                                             |       -|   3.00|   212262|  1.061e+06|     70755|        -|       3|        no|          -|          -|           -|            -|    -|
    | + grp_FFT_C_fu_404                                                                                               |  Timing|  -0.71|   301243|  1.506e+06|         -|   301243|       -|        no|    28 (4%)|   122 (7%)|  11496 (2%)|   10810 (4%)|    -|
    |  + grp_dataflow_parent_loop_proc12_fu_106                                                                        |  Timing|  -0.71|   301235|  1.506e+06|         -|   301235|       -|        no|    28 (4%)|   120 (6%)|  11387 (2%)|   10629 (4%)|    -|
    |   + grp_dataflow_in_loop_VITIS_LOOP_139_1_fu_101*                                                                |  Timing|  -0.71|      204|  1.020e+03|         -|       28|       -|  dataflow|    28 (4%)|   120 (6%)|  10879 (2%)|   10509 (4%)|    -|
    |    + grp_stream_2_buf_fu_104                                                                                     |       -|   0.64|       18|     90.000|         -|       18|       -|        no|          -|          -|    81 (~0%)|    140 (~0%)|    -|
    |     o VITIS_LOOP_70_1                                                                                            |       -|   3.00|       16|     80.000|         2|        1|      16|       yes|          -|          -|           -|            -|    -|
    |    + grp_fft_stage_0_0_fu_114                                                                                    |       -|   0.05|       27|    135.000|         -|       27|       -|        no|          -|    20 (1%)|  1640 (~0%)|   1407 (~0%)|    -|
    |     + grp_fft_stage_0_0_Pipeline_VITIS_LOOP_40_1_fu_66                                                           |       -|   0.30|       10|     50.000|         -|       10|       -|        no|          -|          -|    22 (~0%)|     69 (~0%)|    -|
    |      o VITIS_LOOP_40_1                                                                                           |       -|   3.00|        8|     40.000|         2|        1|       8|       yes|          -|          -|           -|            -|    -|
    |     + grp_fft_stage_0_0_Pipeline_SKIP_X_fu_75                                                                    |       -|   0.05|       25|    125.000|         -|       25|       -|        no|          -|    20 (1%)|  1499 (~0%)|   1015 (~0%)|    -|
    |      o SKIP_X                                                                                                    |       -|   3.00|       23|    115.000|        17|        1|       8|       yes|          -|          -|           -|            -|    -|
    |    + grp_fft_stage_1_0_fu_125                                                                                    |       -|   0.05|       27|    135.000|         -|       27|       -|        no|          -|    20 (1%)|  1706 (~0%)|   1591 (~0%)|    -|
    |     + grp_fft_stage_1_0_Pipeline_SKIP_X_fu_48                                                                    |       -|   0.05|       26|    130.000|         -|       26|       -|        no|          -|    20 (1%)|  1631 (~0%)|   1308 (~0%)|    -|
    |      o SKIP_X                                                                                                    |       -|   3.00|       24|    120.000|        18|        1|       8|       yes|          -|          -|           -|            -|    -|
    |     + grp_fft_stage_1_0_Pipeline_VITIS_LOOP_40_1_fu_61                                                           |       -|   0.30|       10|     50.000|         -|       10|       -|        no|          -|          -|    22 (~0%)|     69 (~0%)|    -|
    |      o VITIS_LOOP_40_1                                                                                           |       -|   3.00|        8|     40.000|         2|        1|       8|       yes|          -|          -|           -|            -|    -|
    |    + grp_fft_stage_2_0_fu_136                                                                                    |       -|   0.05|       27|    135.000|         -|       27|       -|        no|          -|    20 (1%)|  1690 (~0%)|   1652 (~0%)|    -|
    |     + grp_fft_stage_2_0_Pipeline_SKIP_X_fu_50                                                                    |       -|   0.05|       26|    130.000|         -|       26|       -|        no|          -|    20 (1%)|  1631 (~0%)|   1377 (~0%)|    -|
    |      o SKIP_X                                                                                                    |       -|   3.00|       24|    120.000|        18|        1|       8|       yes|          -|          -|           -|            -|    -|
    |     + grp_fft_stage_2_0_Pipeline_VITIS_LOOP_40_1_fu_63                                                           |       -|   0.30|       10|     50.000|         -|       10|       -|        no|          -|          -|    22 (~0%)|     69 (~0%)|    -|
    |      o VITIS_LOOP_40_1                                                                                           |       -|   3.00|        8|     40.000|         2|        1|       8|       yes|          -|          -|           -|            -|    -|
    |    + grp_fft_stage_3_0_fu_147                                                                                    |       -|   0.05|       27|    135.000|         -|       27|       -|        no|          -|    20 (1%)|  1690 (~0%)|   1660 (~0%)|    -|
    |     + grp_fft_stage_3_0_Pipeline_SKIP_X_fu_50                                                                    |       -|   0.05|       26|    130.000|         -|       26|       -|        no|          -|    20 (1%)|  1631 (~0%)|   1377 (~0%)|    -|
    |      o SKIP_X                                                                                                    |       -|   3.00|       24|    120.000|        18|        1|       8|       yes|          -|          -|           -|            -|    -|
    |     + grp_fft_stage_3_0_Pipeline_VITIS_LOOP_40_1_fu_63                                                           |       -|   0.30|       10|     50.000|         -|       10|       -|        no|          -|          -|    22 (~0%)|     69 (~0%)|    -|
    |      o VITIS_LOOP_40_1                                                                                           |       -|   3.00|        8|     40.000|         2|        1|       8|       yes|          -|          -|           -|            -|    -|
    |    + grp_fft_stage_4_0_fu_158                                                                                    |       -|   0.05|       27|    135.000|         -|       27|       -|        no|          -|    20 (1%)|  1690 (~0%)|   1655 (~0%)|    -|
    |     + grp_fft_stage_4_0_Pipeline_SKIP_X_fu_50                                                                    |       -|   0.05|       26|    130.000|         -|       26|       -|        no|          -|    20 (1%)|  1631 (~0%)|   1371 (~0%)|    -|
    |      o SKIP_X                                                                                                    |       -|   3.00|       24|    120.000|        18|        1|       8|       yes|          -|          -|           -|            -|    -|
    |     + grp_fft_stage_4_0_Pipeline_VITIS_LOOP_40_1_fu_63                                                           |       -|   0.30|       10|     50.000|         -|       10|       -|        no|          -|          -|    22 (~0%)|     69 (~0%)|    -|
    |      o VITIS_LOOP_40_1                                                                                           |       -|   3.00|        8|     40.000|         2|        1|       8|       yes|          -|          -|           -|            -|    -|
    |    + grp_fft_stage_5_0_fu_169                                                                                    |       -|   0.05|       26|    130.000|         -|       26|       -|        no|          -|    20 (1%)|  1664 (~0%)|   1646 (~0%)|    -|
    |     + grp_fft_stage_5_0_Pipeline_SKIP_X_fu_50                                                                    |       -|   0.05|       25|    125.000|         -|       25|       -|        no|          -|    20 (1%)|  1621 (~0%)|   1371 (~0%)|    -|
    |      o SKIP_X                                                                                                    |       -|   3.00|       23|    115.000|        17|        1|       8|       yes|          -|          -|           -|            -|    -|
    |     + grp_fft_stage_5_0_Pipeline_VITIS_LOOP_40_1_fu_63                                                           |       -|   0.30|       10|     50.000|         -|       10|       -|        no|          -|          -|    22 (~0%)|     69 (~0%)|    -|
    |      o VITIS_LOOP_40_1                                                                                           |       -|   3.00|        8|     40.000|         2|        1|       8|       yes|          -|          -|           -|            -|    -|
    |    + grp_buf_2_stream_fu_180                                                                                     |       -|   0.15|       18|     90.000|         -|       18|       -|        no|          -|          -|    11 (~0%)|     77 (~0%)|    -|
    |     o VITIS_LOOP_80_1                                                                                            |       -|   3.00|       16|     80.000|         2|        1|      16|       yes|          -|          -|           -|            -|    -|
    |   o VITIS_LOOP_139_1                                                                                             |       -|   3.00|   301234|  1.506e+06|       207|        -|   10752|        no|          -|          -|           -|            -|    -|
    | + out_c_channel_entry_proc47_fu_440                                                                              |       -|   3.00|        0|      0.000|         -|        0|       -|        no|          -|          -|    66 (~0%)|     20 (~0%)|    -|
    | + grp_Mem_patch_Wr_fu_445                                                                                        |  Timing|  -1.54|   236840|  1.184e+06|         -|   236840|       -|        no|    16 (2%)|    2 (~0%)|  1741 (~0%)|    2607 (1%)|    -|
    |  + grp_dataflow_parent_loop_proc16_fu_70                                                                         |  Timing|  -1.54|   236839|  1.184e+06|         -|   236839|       -|        no|    16 (2%)|    2 (~0%)|  1703 (~0%)|    2515 (1%)|    -|
    |   + grp_dataflow_parent_loop_proc13_fu_97                                                                        |  Timing|  -1.54|    78945|  3.947e+05|         -|    78945|       -|        no|    16 (2%)|    2 (~0%)|  1443 (~0%)|    2443 (1%)|    -|
    |    + grp_dataflow_parent_loop_proc10_fu_87                                                                       |  Timing|  -1.54|     4933|  2.466e+04|         -|     4933|       -|        no|    16 (2%)|    2 (~0%)|  1307 (~0%)|    2395 (1%)|    -|
    |     + grp_dataflow_in_loop_VITIS_LOOP_471_3_fu_87*                                                               |  Timing|  -1.54|      550|  2.750e+03|         -|      292|       -|  dataflow|    16 (2%)|    2 (~0%)|  1171 (~0%)|    2347 (1%)|    -|
    |      + grp_ifmap_gen_y_fu_66                                                                                     |  Timing|  -1.54|      258|  1.290e+03|         -|      258|       -|        no|          -|          -|    91 (~0%)|   1151 (~0%)|    -|
    |       o VITIS_LOOP_400_1_VITIS_LOOP_403_2                                                                        |       -|   3.00|      256|  1.280e+03|         2|        1|     256|       yes|          -|          -|           -|            -|    -|
    |      + fft_out_c_channel_entry_proc_fu_78                                                                        |       -|   3.00|        0|      0.000|         -|        0|       -|        no|          -|          -|    66 (~0%)|     20 (~0%)|    -|
    |      + grp_ifmap_vec_write_fu_84                                                                                 |       -|   0.00|      291|  1.455e+03|         -|      291|       -|        no|          -|    2 (~0%)|   811 (~0%)|    969 (~0%)|    -|
    |       + grp_ifmap_vec_write_Pipeline_VITIS_LOOP_419_2_fu_107                                                     |       -|   0.00|        7|     35.000|         -|        7|       -|        no|          -|          -|   262 (~0%)|    270 (~0%)|    -|
    |        o VITIS_LOOP_419_2                                                                                        |       -|   3.00|        5|     25.000|         3|        1|       4|       yes|          -|          -|           -|            -|    -|
    |       o VITIS_LOOP_416_1                                                                                         |       -|   3.00|      288|  1.440e+03|        18|        -|      16|        no|          -|          -|           -|            -|    -|
    |     o VITIS_LOOP_471_3                                                                                           |       -|   3.00|     4932|  2.466e+04|       553|        -|      16|        no|          -|          -|           -|            -|    -|
    |    o VITIS_LOOP_468_2                                                                                            |       -|   3.00|    78944|  3.947e+05|      4935|        -|      16|        no|          -|          -|           -|            -|    -|
    |   o VITIS_LOOP_465_1                                                                                             |       -|   3.00|   236838|  1.184e+06|     78947|        -|       3|        no|          -|          -|           -|            -|    -|
    +------------------------------------------------------------------------------------------------------------------+--------+-------+---------+-----------+----------+---------+--------+----------+-----------+-----------+------------+-------------+-----+


================================================================
== HW Interfaces
================================================================
* M_AXI
+------------+------------+---------------+---------+--------+----------+-----------+--------------+--------------+-------------+-------------+
| Interface  | Data Width | Address Width | Latency | Offset | Register | Max Widen | Max Read     | Max Write    | Num Read    | Num Write   |
|            | (SW->HW)   |               |         |        |          | Bitwidth  | Burst Length | Burst Length | Outstanding | Outstanding |
+------------+------------+---------------+---------+--------+----------+-----------+--------------+--------------+-------------+-------------+
| m_axi_gmem | 128 -> 128 | 64            | 0       | slave  | 0        | 0         | 16           | 16           | 16          | 16          |
+------------+------------+---------------+---------+--------+----------+-----------+--------------+--------------+-------------+-------------+

* S_AXILITE
+----------------+------------+---------------+--------+----------+
| Interface      | Data Width | Address Width | Offset | Register |
+----------------+------------+---------------+--------+----------+
| s_axi_ctrl_bus | 32         | 7             | 16     | 0        |
+----------------+------------+---------------+--------+----------+

* TOP LEVEL CONTROL
+-----------+------------+-----------+
| Interface | Type       | Ports     |
+-----------+------------+-----------+
| ap_clk    | clock      | ap_clk    |
| ap_rst_n  | reset      | ap_rst_n  |
| interrupt | interrupt  | interrupt |
| ap_ctrl   | ap_ctrl_hs |           |
+-----------+------------+-----------+


================================================================
== SW I/O Information
================================================================
* Top Function Arguments
+------------+-----------+----------------------------------+
| Argument   | Direction | Datatype                         |
+------------+-----------+----------------------------------+
| in1        | inout     | vector<__fp16, 8>*               |
| in2        | inout     | vector<__fp16, 8>*               |
| out        | inout     | vector<std::complex<__fp16>, 4>* |
| ctrl1_reg  | in        | pointer                          |
| ctrl2_reg  | in        | pointer                          |
| layer1_reg | in        | pointer                          |
| layer2_reg | in        | pointer                          |
+------------+-----------+----------------------------------+

* SW-to-HW Mapping
+------------+---------------------------+-----------+----------+-----------------------+
| Argument   | HW Name                   | HW Type   | HW Usage | HW Info               |
+------------+---------------------------+-----------+----------+-----------------------+
| in1        | m_axi_gmem                | interface |          |                       |
| in1        | s_axi_ctrl_bus in1_1      | register  | offset   | offset=0x10, range=32 |
| in1        | s_axi_ctrl_bus in1_2      | register  | offset   | offset=0x14, range=32 |
| in2        | m_axi_gmem                | interface |          |                       |
| in2        | s_axi_ctrl_bus in2_1      | register  | offset   | offset=0x1c, range=32 |
| in2        | s_axi_ctrl_bus in2_2      | register  | offset   | offset=0x20, range=32 |
| out        | m_axi_gmem                | interface |          |                       |
| out        | s_axi_ctrl_bus out_r_1    | register  | offset   | offset=0x28, range=32 |
| out        | s_axi_ctrl_bus out_r_2    | register  | offset   | offset=0x2c, range=32 |
| ctrl1_reg  | s_axi_ctrl_bus ctrl1_reg  | register  |          | offset=0x34, range=32 |
| ctrl2_reg  | s_axi_ctrl_bus ctrl2_reg  | register  |          | offset=0x3c, range=32 |
| layer1_reg | s_axi_ctrl_bus layer1_reg | register  |          | offset=0x44, range=32 |
| layer2_reg | s_axi_ctrl_bus layer2_reg | register  |          | offset=0x4c, range=32 |
+------------+---------------------------+-----------+----------+-----------------------+


================================================================
== M_AXI Burst Information
================================================================
* Burst Summary
+--------------+------------------+---------------------------------------------------------------------------------------------------------------------------------------------------------------------------------------------------------------------------------+---------------------+
| HW Interface | Loop             | Message                                                                                                                                                                                                                         | Location            |
+--------------+------------------+---------------------------------------------------------------------------------------------------------------------------------------------------------------------------------------------------------------------------------+---------------------+
| m_axi_gmem   | VITIS_LOOP_210_4 | Multiple burst reads of variable length and bit width 128. These bursts requests might be further partitioned into multiple requests during RTL generation, based on max_read_burst_length or max_write_burst_length settings.  | src/main.cpp:210:20 |
| m_axi_gmem   | VITIS_LOOP_220_6 | Multiple burst reads of variable length and bit width 128. These bursts requests might be further partitioned into multiple requests during RTL generation, based on max_read_burst_length or max_write_burst_length settings.  | src/main.cpp:220:20 |
| m_axi_gmem   | VITIS_LOOP_419_2 | Multiple burst writes of variable length and bit width 128. These bursts requests might be further partitioned into multiple requests during RTL generation, based on max_read_burst_length or max_write_burst_length settings. | src/main.cpp:419:20 |
+--------------+------------------+---------------------------------------------------------------------------------------------------------------------------------------------------------------------------------------------------------------------------------+---------------------+


