

================================================================
== Vitis HLS Report for 'dataflow_parent_loop_proc13'
================================================================
* Date:           Thu Oct 13 07:49:32 2022

* Version:        2021.1 (Build 3247384 on Thu Jun 10 19:36:07 MDT 2021)
* Project:        v4
* Solution:       solution1 (Vivado IP Flow Target)
* Product family: zynquplus
* Target device:  xczu7cg-fbvb900-1-i


================================================================
== Performance Estimates
================================================================
+ Timing: 
    * Summary: 
    +--------+---------+----------+------------+
    |  Clock |  Target | Estimated| Uncertainty|
    +--------+---------+----------+------------+
    |ap_clk  |  5.00 ns|  4.536 ns|     2.00 ns|
    +--------+---------+----------+------------+

+ Latency: 
    * Summary: 
    +---------+---------+----------+----------+-----+-------+---------+
    |  Latency (cycles) |  Latency (absolute) |   Interval  | Pipeline|
    |   min   |   max   |    min   |    max   | min |  max  |   Type  |
    +---------+---------+----------+----------+-----+-------+---------+
    |        1|    78945|  5.000 ns|  0.395 ms|    1|  78945|       no|
    +---------+---------+----------+----------+-----+-------+---------+

    + Detail: 
        * Instance: 
        +--------------------------------+-----------------------------+---------+---------+-----------+-----------+-----+------+---------+
        |                                |                             |  Latency (cycles) |   Latency (absolute)  |  Interval  | Pipeline|
        |            Instance            |            Module           |   min   |   max   |    min    |    max    | min |  max |   Type  |
        +--------------------------------+-----------------------------+---------+---------+-----------+-----------+-----+------+---------+
        |dataflow_parent_loop_proc10_U0  |dataflow_parent_loop_proc10  |        4|     4933|  20.000 ns|  24.665 us|    4|  4933|       no|
        +--------------------------------+-----------------------------+---------+---------+-----------+-----------+-----+------+---------+

        * Loop: 
        +--------------------+---------+---------+----------+-----------+-----------+--------+----------+
        |                    |  Latency (cycles) | Iteration|  Initiation Interval  |  Trip  |          |
        |      Loop Name     |   min   |   max   |  Latency |  achieved |   target  |  Count | Pipelined|
        +--------------------+---------+---------+----------+-----------+-----------+--------+----------+
        |- VITIS_LOOP_468_2  |        0|    78944|  6 ~ 4935|          -|          -|  0 ~ 16|        no|
        +--------------------+---------+---------+----------+-----------+-----------+--------+----------+



================================================================
== Utilization Estimates
================================================================
* Summary: 
+-----------------+---------+------+--------+--------+-----+
|       Name      | BRAM_18K|  DSP |   FF   |   LUT  | URAM|
+-----------------+---------+------+--------+--------+-----+
|DSP              |        -|     -|       -|       -|    -|
|Expression       |        -|     -|     120|      30|    -|
|FIFO             |        -|     -|       -|       -|    -|
|Instance         |       16|     2|    1307|    2395|    0|
|Memory           |        -|     -|       -|       -|    -|
|Multiplexer      |        -|     -|       -|      18|    -|
|Register         |        -|     -|      16|       -|    -|
+-----------------+---------+------+--------+--------+-----+
|Total            |       16|     2|    1443|    2443|    0|
+-----------------+---------+------+--------+--------+-----+
|Available        |      624|  1728|  460800|  230400|   96|
+-----------------+---------+------+--------+--------+-----+
|Utilization (%)  |        2|    ~0|      ~0|       1|    0|
+-----------------+---------+------+--------+--------+-----+

+ Detail: 
    * Instance: 
    +--------------------------------+-----------------------------+---------+----+------+------+-----+
    |            Instance            |            Module           | BRAM_18K| DSP|  FF  |  LUT | URAM|
    +--------------------------------+-----------------------------+---------+----+------+------+-----+
    |dataflow_parent_loop_proc10_U0  |dataflow_parent_loop_proc10  |       16|   2|  1307|  2395|    0|
    +--------------------------------+-----------------------------+---------+----+------+------+-----+
    |Total                           |                             |       16|   2|  1307|  2395|    0|
    +--------------------------------+-----------------------------+---------+----+------+------+-----+

    * DSP: 
    N/A

    * Memory: 
    N/A

    * FIFO: 
    N/A

    * Expression: 
    +----------------------------+----------+----+----+----+------------+------------+
    |        Variable Name       | Operation| DSP| FF | LUT| Bitwidth P0| Bitwidth P1|
    +----------------------------+----------+----+----+----+------------+------------+
    |loop_dataflow_input_count   |         +|   0|  40|  10|           8|           1|
    |loop_dataflow_output_count  |         +|   0|  40|  10|           8|           1|
    |bound_minus_1               |         -|   0|  40|  10|           8|           1|
    +----------------------------+----------+----+----+----+------------+------------+
    |Total                       |          |   0| 120|  30|          24|           3|
    +----------------------------+----------+----+----+----+------------+------------+

    * Multiplexer: 
    +----------------------------+----+-----------+-----+-----------+
    |            Name            | LUT| Input Size| Bits| Total Bits|
    +----------------------------+----+-----------+-----+-----------+
    |loop_dataflow_input_count   |   9|          2|    8|         16|
    |loop_dataflow_output_count  |   9|          2|    8|         16|
    +----------------------------+----+-----------+-----+-----------+
    |Total                       |  18|          4|   16|         32|
    +----------------------------+----+-----------+-----+-----------+

    * Register: 
    +----------------------------+---+----+-----+-----------+
    |            Name            | FF| LUT| Bits| Const Bits|
    +----------------------------+---+----+-----+-----------+
    |loop_dataflow_input_count   |  8|   0|    8|          0|
    |loop_dataflow_output_count  |  8|   0|    8|          0|
    +----------------------------+---+----+-----+-----------+
    |Total                       | 16|   0|   16|          0|
    +----------------------------+---+----+-----+-----------+



================================================================
== Interface
================================================================
* Summary: 
+----------------------------+-----+-----+------------+-----------------------------+--------------+
|          RTL Ports         | Dir | Bits|  Protocol  |        Source Object        |    C Type    |
+----------------------------+-----+-----+------------+-----------------------------+--------------+
|ctrl2_reg_load_cast         |   in|    8|     ap_none|          ctrl2_reg_load_cast|        scalar|
|ctrl2_reg_load_cast_ap_vld  |   in|    1|     ap_none|          ctrl2_reg_load_cast|        scalar|
|c_fft_col_op_st_dout        |   in|   32|     ap_fifo|              c_fft_col_op_st|       pointer|
|c_fft_col_op_st_empty_n     |   in|    1|     ap_fifo|              c_fft_col_op_st|       pointer|
|c_fft_col_op_st_read        |  out|    1|     ap_fifo|              c_fft_col_op_st|       pointer|
|p_read                      |   in|    8|     ap_none|                       p_read|        scalar|
|p_read_ap_vld               |   in|    1|     ap_none|                       p_read|        scalar|
|m_axi_gmem_AWVALID          |  out|    1|       m_axi|                         gmem|       pointer|
|m_axi_gmem_AWREADY          |   in|    1|       m_axi|                         gmem|       pointer|
|m_axi_gmem_AWADDR           |  out|   64|       m_axi|                         gmem|       pointer|
|m_axi_gmem_AWID             |  out|    1|       m_axi|                         gmem|       pointer|
|m_axi_gmem_AWLEN            |  out|   32|       m_axi|                         gmem|       pointer|
|m_axi_gmem_AWSIZE           |  out|    3|       m_axi|                         gmem|       pointer|
|m_axi_gmem_AWBURST          |  out|    2|       m_axi|                         gmem|       pointer|
|m_axi_gmem_AWLOCK           |  out|    2|       m_axi|                         gmem|       pointer|
|m_axi_gmem_AWCACHE          |  out|    4|       m_axi|                         gmem|       pointer|
|m_axi_gmem_AWPROT           |  out|    3|       m_axi|                         gmem|       pointer|
|m_axi_gmem_AWQOS            |  out|    4|       m_axi|                         gmem|       pointer|
|m_axi_gmem_AWREGION         |  out|    4|       m_axi|                         gmem|       pointer|
|m_axi_gmem_AWUSER           |  out|    1|       m_axi|                         gmem|       pointer|
|m_axi_gmem_WVALID           |  out|    1|       m_axi|                         gmem|       pointer|
|m_axi_gmem_WREADY           |   in|    1|       m_axi|                         gmem|       pointer|
|m_axi_gmem_WDATA            |  out|  128|       m_axi|                         gmem|       pointer|
|m_axi_gmem_WSTRB            |  out|   16|       m_axi|                         gmem|       pointer|
|m_axi_gmem_WLAST            |  out|    1|       m_axi|                         gmem|       pointer|
|m_axi_gmem_WID              |  out|    1|       m_axi|                         gmem|       pointer|
|m_axi_gmem_WUSER            |  out|    1|       m_axi|                         gmem|       pointer|
|m_axi_gmem_ARVALID          |  out|    1|       m_axi|                         gmem|       pointer|
|m_axi_gmem_ARREADY          |   in|    1|       m_axi|                         gmem|       pointer|
|m_axi_gmem_ARADDR           |  out|   64|       m_axi|                         gmem|       pointer|
|m_axi_gmem_ARID             |  out|    1|       m_axi|                         gmem|       pointer|
|m_axi_gmem_ARLEN            |  out|   32|       m_axi|                         gmem|       pointer|
|m_axi_gmem_ARSIZE           |  out|    3|       m_axi|                         gmem|       pointer|
|m_axi_gmem_ARBURST          |  out|    2|       m_axi|                         gmem|       pointer|
|m_axi_gmem_ARLOCK           |  out|    2|       m_axi|                         gmem|       pointer|
|m_axi_gmem_ARCACHE          |  out|    4|       m_axi|                         gmem|       pointer|
|m_axi_gmem_ARPROT           |  out|    3|       m_axi|                         gmem|       pointer|
|m_axi_gmem_ARQOS            |  out|    4|       m_axi|                         gmem|       pointer|
|m_axi_gmem_ARREGION         |  out|    4|       m_axi|                         gmem|       pointer|
|m_axi_gmem_ARUSER           |  out|    1|       m_axi|                         gmem|       pointer|
|m_axi_gmem_RVALID           |   in|    1|       m_axi|                         gmem|       pointer|
|m_axi_gmem_RREADY           |  out|    1|       m_axi|                         gmem|       pointer|
|m_axi_gmem_RDATA            |   in|  128|       m_axi|                         gmem|       pointer|
|m_axi_gmem_RLAST            |   in|    1|       m_axi|                         gmem|       pointer|
|m_axi_gmem_RID              |   in|    1|       m_axi|                         gmem|       pointer|
|m_axi_gmem_RUSER            |   in|    1|       m_axi|                         gmem|       pointer|
|m_axi_gmem_RRESP            |   in|    2|       m_axi|                         gmem|       pointer|
|m_axi_gmem_BVALID           |   in|    1|       m_axi|                         gmem|       pointer|
|m_axi_gmem_BREADY           |  out|    1|       m_axi|                         gmem|       pointer|
|m_axi_gmem_BRESP            |   in|    2|       m_axi|                         gmem|       pointer|
|m_axi_gmem_BID              |   in|    1|       m_axi|                         gmem|       pointer|
|m_axi_gmem_BUSER            |   in|    1|       m_axi|                         gmem|       pointer|
|fft_out                     |   in|   64|     ap_none|                      fft_out|        scalar|
|fft_out_ap_vld              |   in|    1|     ap_none|                      fft_out|        scalar|
|ap_clk                      |   in|    1|  ap_ctrl_hs|  dataflow_parent_loop_proc13|  return value|
|ap_rst                      |   in|    1|  ap_ctrl_hs|  dataflow_parent_loop_proc13|  return value|
|ap_start                    |   in|    1|  ap_ctrl_hs|  dataflow_parent_loop_proc13|  return value|
|ap_done                     |  out|    1|  ap_ctrl_hs|  dataflow_parent_loop_proc13|  return value|
|ap_ready                    |  out|    1|  ap_ctrl_hs|  dataflow_parent_loop_proc13|  return value|
|ap_idle                     |  out|    1|  ap_ctrl_hs|  dataflow_parent_loop_proc13|  return value|
|ap_continue                 |   in|    1|  ap_ctrl_hs|  dataflow_parent_loop_proc13|  return value|
+----------------------------+-----+-----+------------+-----------------------------+--------------+

