

================================================================
== Vitis HLS Report for 'fft_stage_0_0_Pipeline_SKIP_X'
================================================================
* Date:           Thu Oct 13 07:49:24 2022

* Version:        2021.1 (Build 3247384 on Thu Jun 10 19:36:07 MDT 2021)
* Project:        v4
* Solution:       solution1 (Vivado IP Flow Target)
* Product family: zynquplus
* Target device:  xczu7cg-fbvb900-1-i


================================================================
== Performance Estimates
================================================================
+ Timing: 
    * Summary: 
    +--------+---------+----------+------------+
    |  Clock |  Target | Estimated| Uncertainty|
    +--------+---------+----------+------------+
    |ap_clk  |  5.00 ns|  2.953 ns|     2.00 ns|
    +--------+---------+----------+------------+

+ Latency: 
    * Summary: 
    +---------+---------+-----------+----------+-----+-----+---------+
    |  Latency (cycles) |  Latency (absolute)  |  Interval | Pipeline|
    |   min   |   max   |    min    |    max   | min | max |   Type  |
    +---------+---------+-----------+----------+-----+-----+---------+
    |        2|       25|  10.000 ns|  0.125 us|    2|   25|       no|
    +---------+---------+-----------+----------+-----+-----+---------+

    + Detail: 
        * Instance: 
        N/A

        * Loop: 
        +----------+---------+---------+----------+-----------+-----------+-------+----------+
        |          |  Latency (cycles) | Iteration|  Initiation Interval  |  Trip |          |
        | Loop Name|   min   |   max   |  Latency |  achieved |   target  | Count | Pipelined|
        +----------+---------+---------+----------+-----------+-----------+-------+----------+
        |- SKIP_X  |        0|       23|        17|          1|          1|  0 ~ 8|       yes|
        +----------+---------+---------+----------+-----------+-----------+-------+----------+



================================================================
== Utilization Estimates
================================================================
* Summary: 
+-----------------+---------+------+--------+--------+-----+
|       Name      | BRAM_18K|  DSP |   FF   |   LUT  | URAM|
+-----------------+---------+------+--------+--------+-----+
|DSP              |        -|     -|       -|       -|    -|
|Expression       |        -|     -|       0|      47|    -|
|FIFO             |        -|     -|       -|       -|    -|
|Instance         |        -|    20|    1018|     818|    -|
|Memory           |        -|     -|       -|       -|    -|
|Multiplexer      |        -|     -|       -|      54|    -|
|Register         |        -|     -|     481|      96|    -|
+-----------------+---------+------+--------+--------+-----+
|Total            |        0|    20|    1499|    1015|    0|
+-----------------+---------+------+--------+--------+-----+
|Available        |      624|  1728|  460800|  230400|   96|
+-----------------+---------+------+--------+--------+-----+
|Utilization (%)  |        0|     1|      ~0|      ~0|    0|
+-----------------+---------+------+--------+--------+-----+

+ Detail: 
    * Instance: 
    +-------------------------------------+--------------------------------+---------+----+-----+-----+-----+
    |               Instance              |             Module             | BRAM_18K| DSP|  FF | LUT | URAM|
    +-------------------------------------+--------------------------------+---------+----+-----+-----+-----+
    |hadd_16ns_16ns_16_5_full_dsp_1_U296  |hadd_16ns_16ns_16_5_full_dsp_1  |        0|   2|  109|  113|    0|
    |hadd_16ns_16ns_16_5_full_dsp_1_U297  |hadd_16ns_16ns_16_5_full_dsp_1  |        0|   2|  109|  113|    0|
    |hadd_16ns_16ns_16_5_full_dsp_1_U298  |hadd_16ns_16ns_16_5_full_dsp_1  |        0|   2|  109|  113|    0|
    |hmul_16ns_16ns_16_4_max_dsp_1_U302   |hmul_16ns_16ns_16_4_max_dsp_1   |        0|   2|   91|   35|    0|
    |hmul_16ns_16ns_16_4_max_dsp_1_U303   |hmul_16ns_16ns_16_4_max_dsp_1   |        0|   2|   91|   35|    0|
    |hmul_16ns_16ns_16_4_max_dsp_1_U304   |hmul_16ns_16ns_16_4_max_dsp_1   |        0|   2|   91|   35|    0|
    |hmul_16ns_16ns_16_4_max_dsp_1_U305   |hmul_16ns_16ns_16_4_max_dsp_1   |        0|   2|   91|   35|    0|
    |hsub_16ns_16ns_16_5_full_dsp_1_U299  |hsub_16ns_16ns_16_5_full_dsp_1  |        0|   2|  109|  113|    0|
    |hsub_16ns_16ns_16_5_full_dsp_1_U300  |hsub_16ns_16ns_16_5_full_dsp_1  |        0|   2|  109|  113|    0|
    |hsub_16ns_16ns_16_5_full_dsp_1_U301  |hsub_16ns_16ns_16_5_full_dsp_1  |        0|   2|  109|  113|    0|
    +-------------------------------------+--------------------------------+---------+----+-----+-----+-----+
    |Total                                |                                |        0|  20| 1018|  818|    0|
    +-------------------------------------+--------------------------------+---------+----+-----+-----+-----+

    * DSP: 
    N/A

    * Memory: 
    N/A

    * FIFO: 
    N/A

    * Expression: 
    +-----------------------+----------+----+---+----+------------+------------+
    |     Variable Name     | Operation| DSP| FF| LUT| Bitwidth P0| Bitwidth P1|
    +-----------------------+----------+----+---+----+------------+------------+
    |k1_22_fu_195_p2        |         +|   0|  0|  14|           7|           1|
    |m1_21_fu_219_p2        |         +|   0|  0|  15|           8|           2|
    |icmp_ln1057_fu_189_p2  |      icmp|   0|  0|  10|           7|           7|
    |or_ln24_fu_208_p2      |        or|   0|  0|   6|           6|           1|
    |ap_enable_pp0          |       xor|   0|  0|   2|           1|           2|
    +-----------------------+----------+----+---+----+------------+------------+
    |Total                  |          |   0|  0|  47|          29|          13|
    +-----------------------+----------+----+---+----+------------+------------+

    * Multiplexer: 
    +--------------------------+----+-----------+-----+-----------+
    |           Name           | LUT| Input Size| Bits| Total Bits|
    +--------------------------+----+-----------+-----+-----------+
    |ap_done_int               |   9|          2|    1|          2|
    |ap_enable_reg_pp0_iter1   |   9|          2|    1|          2|
    |ap_sig_allocacmp_k1_21    |   9|          2|    7|         14|
    |ap_sig_allocacmp_m1_load  |   9|          2|    8|         16|
    |k1_fu_60                  |   9|          2|    7|         14|
    |m1_fu_64                  |   9|          2|    8|         16|
    +--------------------------+----+-----------+-----+-----------+
    |Total                     |  54|         12|   32|         64|
    +--------------------------+----+-----------+-----+-----------+

    * Register: 
    +-----------------------------------+----+----+-----+-----------+
    |                Name               | FF | LUT| Bits| Const Bits|
    +-----------------------------------+----+----+-----+-----------+
    |ap_CS_fsm                          |   1|   0|    1|          0|
    |ap_done_reg                        |   1|   0|    1|          0|
    |ap_enable_reg_pp0_iter1            |   1|   0|    1|          0|
    |ap_enable_reg_pp0_iter10           |   1|   0|    1|          0|
    |ap_enable_reg_pp0_iter11           |   1|   0|    1|          0|
    |ap_enable_reg_pp0_iter12           |   1|   0|    1|          0|
    |ap_enable_reg_pp0_iter13           |   1|   0|    1|          0|
    |ap_enable_reg_pp0_iter14           |   1|   0|    1|          0|
    |ap_enable_reg_pp0_iter15           |   1|   0|    1|          0|
    |ap_enable_reg_pp0_iter16           |   1|   0|    1|          0|
    |ap_enable_reg_pp0_iter2            |   1|   0|    1|          0|
    |ap_enable_reg_pp0_iter3            |   1|   0|    1|          0|
    |ap_enable_reg_pp0_iter4            |   1|   0|    1|          0|
    |ap_enable_reg_pp0_iter5            |   1|   0|    1|          0|
    |ap_enable_reg_pp0_iter6            |   1|   0|    1|          0|
    |ap_enable_reg_pp0_iter7            |   1|   0|    1|          0|
    |ap_enable_reg_pp0_iter8            |   1|   0|    1|          0|
    |ap_enable_reg_pp0_iter9            |   1|   0|    1|          0|
    |ap_loop_exit_ready_pp0_iter10_reg  |   1|   0|    1|          0|
    |ap_loop_exit_ready_pp0_iter11_reg  |   1|   0|    1|          0|
    |ap_loop_exit_ready_pp0_iter12_reg  |   1|   0|    1|          0|
    |ap_loop_exit_ready_pp0_iter13_reg  |   1|   0|    1|          0|
    |ap_loop_exit_ready_pp0_iter14_reg  |   1|   0|    1|          0|
    |ap_loop_exit_ready_pp0_iter15_reg  |   1|   0|    1|          0|
    |ap_loop_exit_ready_pp0_iter1_reg   |   1|   0|    1|          0|
    |ap_loop_exit_ready_pp0_iter2_reg   |   1|   0|    1|          0|
    |ap_loop_exit_ready_pp0_iter3_reg   |   1|   0|    1|          0|
    |ap_loop_exit_ready_pp0_iter4_reg   |   1|   0|    1|          0|
    |ap_loop_exit_ready_pp0_iter5_reg   |   1|   0|    1|          0|
    |ap_loop_exit_ready_pp0_iter6_reg   |   1|   0|    1|          0|
    |ap_loop_exit_ready_pp0_iter7_reg   |   1|   0|    1|          0|
    |ap_loop_exit_ready_pp0_iter8_reg   |   1|   0|    1|          0|
    |ap_loop_exit_ready_pp0_iter9_reg   |   1|   0|    1|          0|
    |k1_fu_60                           |   7|   0|    7|          0|
    |m1_fu_64                           |   8|   0|    8|          0|
    |mul3_i_i_reg_377                   |  16|   0|   16|          0|
    |mul6_i_i_reg_382                   |  16|   0|   16|          0|
    |mul9_i_i_reg_387                   |  16|   0|   16|          0|
    |mul_i_i_reg_372                    |  16|   0|   16|          0|
    |p_r_M_imag_34_reg_418              |  16|   0|   16|          0|
    |p_r_M_imag_3_reg_441               |  16|   0|   16|          0|
    |p_r_M_imag_4_reg_451               |  16|   0|   16|          0|
    |p_r_M_imag_reg_366                 |  16|   0|   16|          0|
    |p_r_M_real_3_reg_436               |  16|   0|   16|          0|
    |p_r_M_real_4_reg_446               |  16|   0|   16|          0|
    |p_r_M_real_reg_360                 |  16|   0|   16|          0|
    |p_r_reg_412                        |  16|   0|   16|          0|
    |trunc_ln1057_reg_345               |   6|   0|    6|          0|
    |trunc_ln23_1_reg_407               |  16|   0|   16|          0|
    |trunc_ln23_reg_402                 |  16|   0|   16|          0|
    |zext_ln23_reg_392                  |   6|   0|   64|         58|
    |zext_ln24_reg_350                  |   5|   0|   64|         59|
    |trunc_ln1057_reg_345               |  64|  32|    6|          0|
    |zext_ln23_reg_392                  |  64|  32|   64|         58|
    |zext_ln24_reg_350                  |  64|  32|   64|         59|
    +-----------------------------------+----+----+-----+-----------+
    |Total                              | 481|  96|  540|        234|
    +-----------------------------------+----+----+-----+-----------+



================================================================
== Interface
================================================================
* Summary: 
+----------------+-----+-----+------------+-------------------------------+--------------+
|    RTL Ports   | Dir | Bits|  Protocol  |         Source Object         |    C Type    |
+----------------+-----+-----+------------+-------------------------------+--------------+
|ap_clk          |   in|    1|  ap_ctrl_hs|  fft_stage.0.0_Pipeline_SKIP_X|  return value|
|ap_rst          |   in|    1|  ap_ctrl_hs|  fft_stage.0.0_Pipeline_SKIP_X|  return value|
|ap_start        |   in|    1|  ap_ctrl_hs|  fft_stage.0.0_Pipeline_SKIP_X|  return value|
|ap_done         |  out|    1|  ap_ctrl_hs|  fft_stage.0.0_Pipeline_SKIP_X|  return value|
|ap_idle         |  out|    1|  ap_ctrl_hs|  fft_stage.0.0_Pipeline_SKIP_X|  return value|
|ap_ready        |  out|    1|  ap_ctrl_hs|  fft_stage.0.0_Pipeline_SKIP_X|  return value|
|trunc_ln18      |   in|    7|     ap_none|                     trunc_ln18|        scalar|
|IN_r_address0   |  out|    6|   ap_memory|                           IN_r|         array|
|IN_r_ce0        |  out|    1|   ap_memory|                           IN_r|         array|
|IN_r_q0         |   in|   32|   ap_memory|                           IN_r|         array|
|IN_r_address1   |  out|    6|   ap_memory|                           IN_r|         array|
|IN_r_ce1        |  out|    1|   ap_memory|                           IN_r|         array|
|IN_r_q1         |   in|   32|   ap_memory|                           IN_r|         array|
|w1_M_real       |   in|   16|     ap_none|                      w1_M_real|        scalar|
|w1_M_imag       |   in|   16|     ap_none|                      w1_M_imag|        scalar|
|OUT_r_address0  |  out|    6|   ap_memory|                          OUT_r|         array|
|OUT_r_ce0       |  out|    1|   ap_memory|                          OUT_r|         array|
|OUT_r_we0       |  out|    1|   ap_memory|                          OUT_r|         array|
|OUT_r_d0        |  out|   32|   ap_memory|                          OUT_r|         array|
|OUT_r_address1  |  out|    6|   ap_memory|                          OUT_r|         array|
|OUT_r_ce1       |  out|    1|   ap_memory|                          OUT_r|         array|
|OUT_r_we1       |  out|    1|   ap_memory|                          OUT_r|         array|
|OUT_r_d1        |  out|   32|   ap_memory|                          OUT_r|         array|
+----------------+-----+-----+------------+-------------------------------+--------------+

