

================================================================
== Vitis HLS Report for 'fft_stage_0_018'
================================================================
* Date:           Thu Oct 13 07:49:18 2022

* Version:        2021.1 (Build 3247384 on Thu Jun 10 19:36:07 MDT 2021)
* Project:        v4
* Solution:       solution1 (Vivado IP Flow Target)
* Product family: zynquplus
* Target device:  xczu7cg-fbvb900-1-i


================================================================
== Performance Estimates
================================================================
+ Timing: 
    * Summary: 
    +--------+---------+----------+------------+
    |  Clock |  Target | Estimated| Uncertainty|
    +--------+---------+----------+------------+
    |ap_clk  |  5.00 ns|  2.953 ns|     2.00 ns|
    +--------+---------+----------+------------+

+ Latency: 
    * Summary: 
    +---------+---------+-----------+----------+-----+-----+---------+
    |  Latency (cycles) |  Latency (absolute)  |  Interval | Pipeline|
    |   min   |   max   |    min    |    max   | min | max |   Type  |
    +---------+---------+-----------+----------+-----+-----+---------+
    |        4|       27|  20.000 ns|  0.135 us|    4|   27|       no|
    +---------+---------+-----------+----------+-----+-----+---------+

    + Detail: 
        * Instance: 
        +----------------------------------------------------+------------------------------------------+---------+---------+-----------+-----------+-----+-----+---------+
        |                                                    |                                          |  Latency (cycles) |   Latency (absolute)  |  Interval | Pipeline|
        |                      Instance                      |                  Module                  |   min   |   max   |    min    |    max    | min | max |   Type  |
        +----------------------------------------------------+------------------------------------------+---------+---------+-----------+-----------+-----+-----+---------+
        |grp_fft_stage_0_018_Pipeline_VITIS_LOOP_40_1_fu_66  |fft_stage_0_018_Pipeline_VITIS_LOOP_40_1  |        2|       10|  10.000 ns|  50.000 ns|    2|   10|       no|
        |grp_fft_stage_0_018_Pipeline_SKIP_X_fu_75           |fft_stage_0_018_Pipeline_SKIP_X           |        2|       25|  10.000 ns|   0.125 us|    2|   25|       no|
        +----------------------------------------------------+------------------------------------------+---------+---------+-----------+-----------+-----+-----+---------+

        * Loop: 
        N/A



================================================================
== Utilization Estimates
================================================================
* Summary: 
+-----------------+---------+------+--------+--------+-----+
|       Name      | BRAM_18K|  DSP |   FF   |   LUT  | URAM|
+-----------------+---------+------+--------+--------+-----+
|DSP              |        -|     -|       -|       -|    -|
|Expression       |        -|     -|       0|      15|    -|
|FIFO             |        -|     -|       -|       -|    -|
|Instance         |        -|    20|    1521|    1084|    -|
|Memory           |        -|     -|      32|      96|    -|
|Multiplexer      |        -|     -|       -|     212|    -|
|Register         |        -|     -|      87|       -|    -|
+-----------------+---------+------+--------+--------+-----+
|Total            |        0|    20|    1640|    1407|    0|
+-----------------+---------+------+--------+--------+-----+
|Available        |      624|  1728|  460800|  230400|   96|
+-----------------+---------+------+--------+--------+-----+
|Utilization (%)  |        0|     1|      ~0|      ~0|    0|
+-----------------+---------+------+--------+--------+-----+

+ Detail: 
    * Instance: 
    +----------------------------------------------------+------------------------------------------+---------+----+------+------+-----+
    |                      Instance                      |                  Module                  | BRAM_18K| DSP|  FF  |  LUT | URAM|
    +----------------------------------------------------+------------------------------------------+---------+----+------+------+-----+
    |grp_fft_stage_0_018_Pipeline_SKIP_X_fu_75           |fft_stage_0_018_Pipeline_SKIP_X           |        0|  20|  1499|  1015|    0|
    |grp_fft_stage_0_018_Pipeline_VITIS_LOOP_40_1_fu_66  |fft_stage_0_018_Pipeline_VITIS_LOOP_40_1  |        0|   0|    22|    69|    0|
    +----------------------------------------------------+------------------------------------------+---------+----+------+------+-----+
    |Total                                               |                                          |        0|  20|  1521|  1084|    0|
    +----------------------------------------------------+------------------------------------------+---------+----+------+------+-----+

    * DSP: 
    N/A

    * Memory: 
    +--------------+----------------------------+---------+----+----+-----+------+-----+------+-------------+
    |    Memory    |           Module           | BRAM_18K| FF | LUT| URAM| Words| Bits| Banks| W*Bits*Banks|
    +--------------+----------------------------+---------+----+----+-----+------+-----+------+-------------+
    |w_M_imag29_U  |fft_stage_0_018_w_M_imag29  |        0|  16|  48|    0|   192|   16|     1|         3072|
    |w_M_real40_U  |fft_stage_0_018_w_M_real40  |        0|  16|  48|    0|   192|   16|     1|         3072|
    +--------------+----------------------------+---------+----+----+-----+------+-----+------+-------------+
    |Total         |                            |        0|  32|  96|    0|   384|   32|     2|         6144|
    +--------------+----------------------------+---------+----+----+-----+------+-----+------+-------------+

    * FIFO: 
    N/A

    * Expression: 
    +---------------------------------+----------+----+---+----+------------+------------+
    |          Variable Name          | Operation| DSP| FF| LUT| Bitwidth P0| Bitwidth P1|
    +---------------------------------+----------+----+---+----+------------+------------+
    |ap_block_state3_on_subcall_done  |       and|   0|  0|   2|           1|           1|
    |icmp_ln1069_fu_98_p2             |      icmp|   0|  0|  11|           8|           1|
    |ap_block_state1                  |        or|   0|  0|   2|           1|           1|
    +---------------------------------+----------+----+---+----+------------+------------+
    |Total                            |          |   0|  0|  15|          10|           3|
    +---------------------------------+----------+----+---+----+------------+------------+

    * Multiplexer: 
    +----------------+----+-----------+-----+-----------+
    |      Name      | LUT| Input Size| Bits| Total Bits|
    +----------------+----+-----------+-----+-----------+
    |IN_r_address0   |  14|          3|    6|         18|
    |IN_r_address1   |  14|          3|    6|         18|
    |IN_r_ce0        |  14|          3|    1|          3|
    |IN_r_ce1        |  14|          3|    1|          3|
    |OUT_r_address0  |  14|          3|    6|         18|
    |OUT_r_address1  |  14|          3|    6|         18|
    |OUT_r_ce0       |  14|          3|    1|          3|
    |OUT_r_ce1       |  14|          3|    1|          3|
    |OUT_r_d0        |  14|          3|   32|         96|
    |OUT_r_d1        |  14|          3|   32|         96|
    |OUT_r_we0       |  14|          3|    1|          3|
    |OUT_r_we1       |  14|          3|    1|          3|
    |ap_NS_fsm       |  26|          5|    1|          5|
    |ap_done         |   9|          2|    1|          2|
    |ap_return       |   9|          2|   32|         64|
    +----------------+----+-----------+-----+-----------+
    |Total           | 212|         45|  128|        353|
    +----------------+----+-----------+-----+-----------+

    * Register: 
    +-----------------------------------------------------------------+----+----+-----+-----------+
    |                               Name                              | FF | LUT| Bits| Const Bits|
    +-----------------------------------------------------------------+----+----+-----+-----------+
    |ap_CS_fsm                                                        |   4|   0|    4|          0|
    |ap_done_reg                                                      |   1|   0|    1|          0|
    |ap_return_preg                                                   |  32|   0|   32|          0|
    |empty_reg_128                                                    |   8|   0|    8|          0|
    |grp_fft_stage_0_018_Pipeline_SKIP_X_fu_75_ap_start_reg           |   1|   0|    1|          0|
    |grp_fft_stage_0_018_Pipeline_VITIS_LOOP_40_1_fu_66_ap_start_reg  |   1|   0|    1|          0|
    |icmp_ln1069_reg_124                                              |   1|   0|    1|          0|
    |trunc_ln5_reg_133                                                |   7|   0|    7|          0|
    |w_M_imag29_load_reg_143                                          |  16|   0|   16|          0|
    |w_M_real40_load_reg_138                                          |  16|   0|   16|          0|
    +-----------------------------------------------------------------+----+----+-----+-----------+
    |Total                                                            |  87|   0|   87|          0|
    +-----------------------------------------------------------------+----+----+-----+-----------+



================================================================
== Interface
================================================================
* Summary: 
+----------------+-----+-----+------------+-----------------+--------------+
|    RTL Ports   | Dir | Bits|  Protocol  |  Source Object  |    C Type    |
+----------------+-----+-----+------------+-----------------+--------------+
|ap_clk          |   in|    1|  ap_ctrl_hs|  fft_stage.0.018|  return value|
|ap_rst          |   in|    1|  ap_ctrl_hs|  fft_stage.0.018|  return value|
|ap_start        |   in|    1|  ap_ctrl_hs|  fft_stage.0.018|  return value|
|ap_done         |  out|    1|  ap_ctrl_hs|  fft_stage.0.018|  return value|
|ap_continue     |   in|    1|  ap_ctrl_hs|  fft_stage.0.018|  return value|
|ap_idle         |  out|    1|  ap_ctrl_hs|  fft_stage.0.018|  return value|
|ap_ready        |  out|    1|  ap_ctrl_hs|  fft_stage.0.018|  return value|
|ap_return       |  out|   32|  ap_ctrl_hs|  fft_stage.0.018|  return value|
|IN_r_address0   |  out|    6|   ap_memory|             IN_r|         array|
|IN_r_ce0        |  out|    1|   ap_memory|             IN_r|         array|
|IN_r_q0         |   in|   32|   ap_memory|             IN_r|         array|
|IN_r_address1   |  out|    6|   ap_memory|             IN_r|         array|
|IN_r_ce1        |  out|    1|   ap_memory|             IN_r|         array|
|IN_r_q1         |   in|   32|   ap_memory|             IN_r|         array|
|OUT_r_address0  |  out|    6|   ap_memory|            OUT_r|         array|
|OUT_r_ce0       |  out|    1|   ap_memory|            OUT_r|         array|
|OUT_r_we0       |  out|    1|   ap_memory|            OUT_r|         array|
|OUT_r_d0        |  out|   32|   ap_memory|            OUT_r|         array|
|OUT_r_address1  |  out|    6|   ap_memory|            OUT_r|         array|
|OUT_r_ce1       |  out|    1|   ap_memory|            OUT_r|         array|
|OUT_r_we1       |  out|    1|   ap_memory|            OUT_r|         array|
|OUT_r_d1        |  out|   32|   ap_memory|            OUT_r|         array|
|p_read          |   in|   32|     ap_none|           p_read|        scalar|
+----------------+-----+-----+------------+-----------------+--------------+

