

================================================================
== Vitis HLS Report for 'ifmap_vec_write_Pipeline_VITIS_LOOP_419_2'
================================================================
* Date:           Thu Oct 13 07:49:30 2022

* Version:        2021.1 (Build 3247384 on Thu Jun 10 19:36:07 MDT 2021)
* Project:        v4
* Solution:       solution1 (Vivado IP Flow Target)
* Product family: zynquplus
* Target device:  xczu7cg-fbvb900-1-i


================================================================
== Performance Estimates
================================================================
+ Timing: 
    * Summary: 
    +--------+---------+----------+------------+
    |  Clock |  Target | Estimated| Uncertainty|
    +--------+---------+----------+------------+
    |ap_clk  |  5.00 ns|  3.000 ns|     2.00 ns|
    +--------+---------+----------+------------+

+ Latency: 
    * Summary: 
    +---------+---------+-----------+-----------+-----+-----+---------+
    |  Latency (cycles) |   Latency (absolute)  |  Interval | Pipeline|
    |   min   |   max   |    min    |    max    | min | max |   Type  |
    +---------+---------+-----------+-----------+-----+-----+---------+
    |        4|        7|  20.000 ns|  35.000 ns|    4|    7|       no|
    +---------+---------+-----------+-----------+-----+-----+---------+

    + Detail: 
        * Instance: 
        N/A

        * Loop: 
        +--------------------+---------+---------+----------+-----------+-----------+-------+----------+
        |                    |  Latency (cycles) | Iteration|  Initiation Interval  |  Trip |          |
        |      Loop Name     |   min   |   max   |  Latency |  achieved |   target  | Count | Pipelined|
        +--------------------+---------+---------+----------+-----------+-----------+-------+----------+
        |- VITIS_LOOP_419_2  |        2|        5|         3|          1|          1|  1 ~ 4|       yes|
        +--------------------+---------+---------+----------+-----------+-----------+-------+----------+



================================================================
== Utilization Estimates
================================================================
* Summary: 
+-----------------+---------+------+--------+--------+-----+
|       Name      | BRAM_18K|  DSP |   FF   |   LUT  | URAM|
+-----------------+---------+------+--------+--------+-----+
|DSP              |        -|     -|       -|       -|    -|
|Expression       |        -|     -|       0|     216|    -|
|FIFO             |        -|     -|       -|       -|    -|
|Instance         |        -|     -|       -|       -|    -|
|Memory           |        -|     -|       -|       -|    -|
|Multiplexer      |        -|     -|       -|      54|    -|
|Register         |        -|     -|     262|       -|    -|
+-----------------+---------+------+--------+--------+-----+
|Total            |        0|     0|     262|     270|    0|
+-----------------+---------+------+--------+--------+-----+
|Available        |      624|  1728|  460800|  230400|   96|
+-----------------+---------+------+--------+--------+-----+
|Utilization (%)  |        0|     0|      ~0|      ~0|    0|
+-----------------+---------+------+--------+--------+-----+

+ Detail: 
    * Instance: 
    N/A

    * DSP: 
    N/A

    * Memory: 
    N/A

    * FIFO: 
    N/A

    * Expression: 
    +---------------------------+----------+----+---+----+------------+------------+
    |       Variable Name       | Operation| DSP| FF| LUT| Bitwidth P0| Bitwidth P1|
    +---------------------------+----------+----+---+----+------------+------------+
    |add_ln419_1_fu_241_p2      |         +|   0|  0|  71|          64|           3|
    |add_ln419_fu_186_p2        |         +|   0|  0|  70|          63|           1|
    |add_ln424_1_fu_230_p2      |         +|   0|  0|  18|          11|          11|
    |add_ln424_fu_209_p2        |         +|   0|  0|  18|          11|          11|
    |ap_block_pp0_stage0_11001  |       and|   0|  0|   2|           1|           1|
    |icmp_ln1057_fu_181_p2      |      icmp|   0|  0|  28|          63|          63|
    |or_ln424_fu_220_p2         |        or|   0|  0|   7|           7|           1|
    |ap_enable_pp0              |       xor|   0|  0|   2|           1|           2|
    +---------------------------+----------+----+---+----+------------+------------+
    |Total                      |          |   0|  0| 216|         221|          93|
    +---------------------------+----------+----+---+----+------------+------------+

    * Multiplexer: 
    +-------------------------+----+-----------+-----+-----------+
    |           Name          | LUT| Input Size| Bits| Total Bits|
    +-------------------------+----+-----------+-----+-----------+
    |ap_done_int              |   9|          2|    1|          2|
    |ap_enable_reg_pp0_iter1  |   9|          2|    1|          2|
    |ap_enable_reg_pp0_iter3  |   9|          2|    1|          2|
    |gmem_blk_n_W             |   9|          2|    1|          2|
    |indvar_fu_84             |   9|          2|   63|        126|
    |x_fu_80                  |   9|          2|   64|        128|
    +-------------------------+----+-----------+-----+-----------+
    |Total                    |  54|         12|  131|        262|
    +-------------------------+----+-----------+-----+-----------+

    * Register: 
    +----------------------------------+----+----+-----+-----------+
    |               Name               | FF | LUT| Bits| Const Bits|
    +----------------------------------+----+----+-----+-----------+
    |ap_CS_fsm                         |   1|   0|    1|          0|
    |ap_done_reg                       |   1|   0|    1|          0|
    |ap_enable_reg_pp0_iter1           |   1|   0|    1|          0|
    |ap_enable_reg_pp0_iter2           |   1|   0|    1|          0|
    |ap_enable_reg_pp0_iter3           |   1|   0|    1|          0|
    |ap_loop_exit_ready_pp0_iter2_reg  |   1|   0|    1|          0|
    |icmp_ln1057_reg_361               |   1|   0|    1|          0|
    |indvar_fu_84                      |  63|   0|   63|          0|
    |tmp_2_reg_400                     |  16|   0|   16|          0|
    |tmp_3_reg_405                     |  16|   0|   16|          0|
    |tmp_6_reg_420                     |  16|   0|   16|          0|
    |tmp_7_reg_425                     |  16|   0|   16|          0|
    |trunc_ln424_1_reg_395             |  16|   0|   16|          0|
    |trunc_ln424_2_reg_410             |  16|   0|   16|          0|
    |trunc_ln424_3_reg_415             |  16|   0|   16|          0|
    |trunc_ln424_reg_390               |  16|   0|   16|          0|
    |x_fu_80                           |  64|   0|   64|          0|
    +----------------------------------+----+----+-----+-----------+
    |Total                             | 262|   0|  262|          0|
    +----------------------------------+----+----+-----+-----------+



================================================================
== Interface
================================================================
* Summary: 
+--------------------------+-----+-----+------------+-------------------------------------------+--------------+
|         RTL Ports        | Dir | Bits|  Protocol  |               Source Object               |    C Type    |
+--------------------------+-----+-----+------------+-------------------------------------------+--------------+
|ap_clk                    |   in|    1|  ap_ctrl_hs|  ifmap_vec_write_Pipeline_VITIS_LOOP_419_2|  return value|
|ap_rst                    |   in|    1|  ap_ctrl_hs|  ifmap_vec_write_Pipeline_VITIS_LOOP_419_2|  return value|
|ap_start                  |   in|    1|  ap_ctrl_hs|  ifmap_vec_write_Pipeline_VITIS_LOOP_419_2|  return value|
|ap_done                   |  out|    1|  ap_ctrl_hs|  ifmap_vec_write_Pipeline_VITIS_LOOP_419_2|  return value|
|ap_idle                   |  out|    1|  ap_ctrl_hs|  ifmap_vec_write_Pipeline_VITIS_LOOP_419_2|  return value|
|ap_ready                  |  out|    1|  ap_ctrl_hs|  ifmap_vec_write_Pipeline_VITIS_LOOP_419_2|  return value|
|m_axi_gmem_AWVALID        |  out|    1|       m_axi|                                       gmem|       pointer|
|m_axi_gmem_AWREADY        |   in|    1|       m_axi|                                       gmem|       pointer|
|m_axi_gmem_AWADDR         |  out|   64|       m_axi|                                       gmem|       pointer|
|m_axi_gmem_AWID           |  out|    1|       m_axi|                                       gmem|       pointer|
|m_axi_gmem_AWLEN          |  out|   32|       m_axi|                                       gmem|       pointer|
|m_axi_gmem_AWSIZE         |  out|    3|       m_axi|                                       gmem|       pointer|
|m_axi_gmem_AWBURST        |  out|    2|       m_axi|                                       gmem|       pointer|
|m_axi_gmem_AWLOCK         |  out|    2|       m_axi|                                       gmem|       pointer|
|m_axi_gmem_AWCACHE        |  out|    4|       m_axi|                                       gmem|       pointer|
|m_axi_gmem_AWPROT         |  out|    3|       m_axi|                                       gmem|       pointer|
|m_axi_gmem_AWQOS          |  out|    4|       m_axi|                                       gmem|       pointer|
|m_axi_gmem_AWREGION       |  out|    4|       m_axi|                                       gmem|       pointer|
|m_axi_gmem_AWUSER         |  out|    1|       m_axi|                                       gmem|       pointer|
|m_axi_gmem_WVALID         |  out|    1|       m_axi|                                       gmem|       pointer|
|m_axi_gmem_WREADY         |   in|    1|       m_axi|                                       gmem|       pointer|
|m_axi_gmem_WDATA          |  out|  128|       m_axi|                                       gmem|       pointer|
|m_axi_gmem_WSTRB          |  out|   16|       m_axi|                                       gmem|       pointer|
|m_axi_gmem_WLAST          |  out|    1|       m_axi|                                       gmem|       pointer|
|m_axi_gmem_WID            |  out|    1|       m_axi|                                       gmem|       pointer|
|m_axi_gmem_WUSER          |  out|    1|       m_axi|                                       gmem|       pointer|
|m_axi_gmem_ARVALID        |  out|    1|       m_axi|                                       gmem|       pointer|
|m_axi_gmem_ARREADY        |   in|    1|       m_axi|                                       gmem|       pointer|
|m_axi_gmem_ARADDR         |  out|   64|       m_axi|                                       gmem|       pointer|
|m_axi_gmem_ARID           |  out|    1|       m_axi|                                       gmem|       pointer|
|m_axi_gmem_ARLEN          |  out|   32|       m_axi|                                       gmem|       pointer|
|m_axi_gmem_ARSIZE         |  out|    3|       m_axi|                                       gmem|       pointer|
|m_axi_gmem_ARBURST        |  out|    2|       m_axi|                                       gmem|       pointer|
|m_axi_gmem_ARLOCK         |  out|    2|       m_axi|                                       gmem|       pointer|
|m_axi_gmem_ARCACHE        |  out|    4|       m_axi|                                       gmem|       pointer|
|m_axi_gmem_ARPROT         |  out|    3|       m_axi|                                       gmem|       pointer|
|m_axi_gmem_ARQOS          |  out|    4|       m_axi|                                       gmem|       pointer|
|m_axi_gmem_ARREGION       |  out|    4|       m_axi|                                       gmem|       pointer|
|m_axi_gmem_ARUSER         |  out|    1|       m_axi|                                       gmem|       pointer|
|m_axi_gmem_RVALID         |   in|    1|       m_axi|                                       gmem|       pointer|
|m_axi_gmem_RREADY         |  out|    1|       m_axi|                                       gmem|       pointer|
|m_axi_gmem_RDATA          |   in|  128|       m_axi|                                       gmem|       pointer|
|m_axi_gmem_RLAST          |   in|    1|       m_axi|                                       gmem|       pointer|
|m_axi_gmem_RID            |   in|    1|       m_axi|                                       gmem|       pointer|
|m_axi_gmem_RUSER          |   in|    1|       m_axi|                                       gmem|       pointer|
|m_axi_gmem_RRESP          |   in|    2|       m_axi|                                       gmem|       pointer|
|m_axi_gmem_BVALID         |   in|    1|       m_axi|                                       gmem|       pointer|
|m_axi_gmem_BREADY         |  out|    1|       m_axi|                                       gmem|       pointer|
|m_axi_gmem_BRESP          |   in|    2|       m_axi|                                       gmem|       pointer|
|m_axi_gmem_BID            |   in|    1|       m_axi|                                       gmem|       pointer|
|m_axi_gmem_BUSER          |   in|    1|       m_axi|                                       gmem|       pointer|
|sext_ln419_1              |   in|   60|     ap_none|                               sext_ln419_1|        scalar|
|add_ln416_1               |   in|   63|     ap_none|                                add_ln416_1|        scalar|
|zext_ln424_2              |   in|   11|     ap_none|                               zext_ln424_2|        scalar|
|ifmap_CF_M_real_address0  |  out|   11|   ap_memory|                            ifmap_CF_M_real|         array|
|ifmap_CF_M_real_ce0       |  out|    1|   ap_memory|                            ifmap_CF_M_real|         array|
|ifmap_CF_M_real_q0        |   in|   32|   ap_memory|                            ifmap_CF_M_real|         array|
|ifmap_CF_M_real_address1  |  out|   11|   ap_memory|                            ifmap_CF_M_real|         array|
|ifmap_CF_M_real_ce1       |  out|    1|   ap_memory|                            ifmap_CF_M_real|         array|
|ifmap_CF_M_real_q1        |   in|   32|   ap_memory|                            ifmap_CF_M_real|         array|
|ifmap_CF_M_imag_address0  |  out|   11|   ap_memory|                            ifmap_CF_M_imag|         array|
|ifmap_CF_M_imag_ce0       |  out|    1|   ap_memory|                            ifmap_CF_M_imag|         array|
|ifmap_CF_M_imag_q0        |   in|   32|   ap_memory|                            ifmap_CF_M_imag|         array|
|ifmap_CF_M_imag_address1  |  out|   11|   ap_memory|                            ifmap_CF_M_imag|         array|
|ifmap_CF_M_imag_ce1       |  out|    1|   ap_memory|                            ifmap_CF_M_imag|         array|
|ifmap_CF_M_imag_q1        |   in|   32|   ap_memory|                            ifmap_CF_M_imag|         array|
+--------------------------+-----+-----+------------+-------------------------------------------+--------------+

