

================================================================
== Vitis HLS Report for 'buf_2_stream24'
================================================================
* Date:           Thu Oct 13 07:49:21 2022

* Version:        2021.1 (Build 3247384 on Thu Jun 10 19:36:07 MDT 2021)
* Project:        v4
* Solution:       solution1 (Vivado IP Flow Target)
* Product family: zynquplus
* Target device:  xczu7cg-fbvb900-1-i


================================================================
== Performance Estimates
================================================================
+ Timing: 
    * Summary: 
    +--------+---------+----------+------------+
    |  Clock |  Target | Estimated| Uncertainty|
    +--------+---------+----------+------------+
    |ap_clk  |  5.00 ns|  2.852 ns|     2.00 ns|
    +--------+---------+----------+------------+

+ Latency: 
    * Summary: 
    +---------+---------+-----------+-----------+-----+-----+---------+
    |  Latency (cycles) |   Latency (absolute)  |  Interval | Pipeline|
    |   min   |   max   |    min    |    max    | min | max |   Type  |
    +---------+---------+-----------+-----------+-----+-----+---------+
    |        2|       18|  10.000 ns|  90.000 ns|    2|   18|       no|
    +---------+---------+-----------+-----------+-----+-----+---------+

    + Detail: 
        * Instance: 
        N/A

        * Loop: 
        +-------------------+---------+---------+----------+-----------+-----------+--------+----------+
        |                   |  Latency (cycles) | Iteration|  Initiation Interval  |  Trip  |          |
        |     Loop Name     |   min   |   max   |  Latency |  achieved |   target  |  Count | Pipelined|
        +-------------------+---------+---------+----------+-----------+-----------+--------+----------+
        |- VITIS_LOOP_80_1  |        0|       16|         2|          1|          1|  0 ~ 16|       yes|
        +-------------------+---------+---------+----------+-----------+-----------+--------+----------+



================================================================
== Utilization Estimates
================================================================
* Summary: 
+-----------------+---------+------+--------+--------+-----+
|       Name      | BRAM_18K|  DSP |   FF   |   LUT  | URAM|
+-----------------+---------+------+--------+--------+-----+
|DSP              |        -|     -|       -|       -|    -|
|Expression       |        -|     -|       0|      32|    -|
|FIFO             |        -|     -|       -|       -|    -|
|Instance         |        -|     -|       -|       -|    -|
|Memory           |        -|     -|       -|       -|    -|
|Multiplexer      |        -|     -|       -|      45|    -|
|Register         |        -|     -|      11|       -|    -|
+-----------------+---------+------+--------+--------+-----+
|Total            |        0|     0|      11|      77|    0|
+-----------------+---------+------+--------+--------+-----+
|Available        |      624|  1728|  460800|  230400|   96|
+-----------------+---------+------+--------+--------+-----+
|Utilization (%)  |        0|     0|      ~0|      ~0|    0|
+-----------------+---------+------+--------+--------+-----+

+ Detail: 
    * Instance: 
    N/A

    * DSP: 
    N/A

    * Memory: 
    N/A

    * FIFO: 
    N/A

    * Expression: 
    +---------------------------+----------+----+---+----+------------+------------+
    |       Variable Name       | Operation| DSP| FF| LUT| Bitwidth P0| Bitwidth P1|
    +---------------------------+----------+----+---+----+------------+------------+
    |add_ln80_fu_95_p2          |         +|   0|  0|  15|           8|           1|
    |ap_condition_91            |       and|   0|  0|   2|           1|           1|
    |icmp_ln1057_fu_89_p2       |      icmp|   0|  0|  11|           8|           8|
    |ap_block_pp0_stage0_01001  |        or|   0|  0|   2|           1|           1|
    |ap_enable_pp0              |       xor|   0|  0|   2|           1|           2|
    +---------------------------+----------+----+---+----+------------+------------+
    |Total                      |          |   0|  0|  32|          19|          13|
    +---------------------------+----------+----+---+----+------------+------------+

    * Multiplexer: 
    +-------------------------+----+-----------+-----+-----------+
    |           Name          | LUT| Input Size| Bits| Total Bits|
    +-------------------------+----+-----------+-----+-----------+
    |ap_done_int              |   9|          2|    1|          2|
    |ap_enable_reg_pp0_iter1  |   9|          2|    1|          2|
    |ap_sig_allocacmp_i_7     |   9|          2|    8|         16|
    |c_fft_col_op_st_blk_n    |   9|          2|    1|          2|
    |i_fu_50                  |   9|          2|    8|         16|
    +-------------------------+----+-----------+-----+-----------+
    |Total                    |  45|         10|   19|         38|
    +-------------------------+----+-----------+-----+-----------+

    * Register: 
    +-------------------------+---+----+-----+-----------+
    |           Name          | FF| LUT| Bits| Const Bits|
    +-------------------------+---+----+-----+-----------+
    |ap_CS_fsm                |  1|   0|    1|          0|
    |ap_done_reg              |  1|   0|    1|          0|
    |ap_enable_reg_pp0_iter1  |  1|   0|    1|          0|
    |i_fu_50                  |  8|   0|    8|          0|
    +-------------------------+---+----+-----+-----------+
    |Total                    | 11|   0|   11|          0|
    +-------------------------+---+----+-----+-----------+



================================================================
== Interface
================================================================
* Summary: 
+------------------------+-----+-----+------------+-----------------+--------------+
|        RTL Ports       | Dir | Bits|  Protocol  |  Source Object  |    C Type    |
+------------------------+-----+-----+------------+-----------------+--------------+
|ap_clk                  |   in|    1|  ap_ctrl_hs|   buf_2_stream24|  return value|
|ap_rst                  |   in|    1|  ap_ctrl_hs|   buf_2_stream24|  return value|
|ap_start                |   in|    1|  ap_ctrl_hs|   buf_2_stream24|  return value|
|ap_done                 |  out|    1|  ap_ctrl_hs|   buf_2_stream24|  return value|
|ap_continue             |   in|    1|  ap_ctrl_hs|   buf_2_stream24|  return value|
|ap_idle                 |  out|    1|  ap_ctrl_hs|   buf_2_stream24|  return value|
|ap_ready                |  out|    1|  ap_ctrl_hs|   buf_2_stream24|  return value|
|c_fft_col_op_st_din     |  out|   32|     ap_fifo|  c_fft_col_op_st|       pointer|
|c_fft_col_op_st_full_n  |   in|    1|     ap_fifo|  c_fft_col_op_st|       pointer|
|c_fft_col_op_st_write   |  out|    1|     ap_fifo|  c_fft_col_op_st|       pointer|
|output_buffer_address0  |  out|    6|   ap_memory|    output_buffer|         array|
|output_buffer_ce0       |  out|    1|   ap_memory|    output_buffer|         array|
|output_buffer_q0        |   in|   32|   ap_memory|    output_buffer|         array|
|p_read                  |   in|    8|     ap_none|           p_read|        scalar|
+------------------------+-----+-----+------------+-----------------+--------------+

============================================================
+ Verbose Summary: Synthesis Manager
============================================================
InlineROM: 1
ExposeGlobal: 0
============================================================
+ Verbose Summary: CDFG Model
============================================================
IsTopModel: 0
ResetActiveHigh: 1
IsCombinational: 2
IsDatapathOnly: 0
HasWiredReturn: 1
HasMFsm: 2
HasVarLatency: 1
IsPipeline: 0
IsRtlPipelined: 0
IsInstanceOverlapped: 0
IsDontTouch: 0
HasImplIP: 0
IsGatedGlobalClock: 0

+ Individual pipeline summary: 
  * Pipeline-0: initiation interval (II) = 1, depth = 2


============================================================
+ Verbose Summary: Schedule
============================================================
* Number of FSM states : 2
* Pipeline : 1
  Pipeline-0 : II = 1, D = 2, States = { 1 2 }
* Dataflow Pipeline: 0

* FSM state transitions: 
1 --> 2 
2 --> 

* FSM state operations: 

State 1 <SV = 0> <Delay = 1.39>
ST_1 : Operation 5 [1/1] (0.00ns)   --->   "%i = alloca i32 1"   --->   Operation 5 'alloca' 'i' <Predicate = true> <Delay = 0.00>
ST_1 : Operation 6 [1/1] (0.00ns)   --->   "%specmemcore_ln0 = specmemcore void @_ssdm_op_SpecMemCore, i32 %output_buffer, i64 666, i64 30, i64 18446744073709551615"   --->   Operation 6 'specmemcore' 'specmemcore_ln0' <Predicate = true> <Delay = 0.00>
ST_1 : Operation 7 [1/1] (0.00ns)   --->   "%specinterface_ln0 = specinterface void @_ssdm_op_SpecInterface, i32 %c_fft_col_op_st, void @empty_17, i32 0, i32 0, void @empty_27, i32 0, i32 0, void @empty_27, void @empty_27, void @empty_27, i32 0, i32 0, i32 0, i32 0, void @empty_27, void @empty_27"   --->   Operation 7 'specinterface' 'specinterface_ln0' <Predicate = true> <Delay = 0.00>
ST_1 : Operation 8 [1/1] (0.00ns)   --->   "%p_read_27 = read i8 @_ssdm_op_Read.ap_auto.i8, i8 %p_read" [src/main.cpp:80]   --->   Operation 8 'read' 'p_read_27' <Predicate = true> <Delay = 0.00>
ST_1 : Operation 9 [1/1] (0.48ns)   --->   "%store_ln80 = store i8 0, i8 %i" [src/main.cpp:80]   --->   Operation 9 'store' 'store_ln80' <Predicate = true> <Delay = 0.48>
ST_1 : Operation 10 [1/1] (0.00ns)   --->   "%br_ln80 = br void" [src/main.cpp:80]   --->   Operation 10 'br' 'br_ln80' <Predicate = true> <Delay = 0.00>
ST_1 : Operation 11 [1/1] (0.00ns)   --->   "%i_7 = load i8 %i" [src/main.cpp:80]   --->   Operation 11 'load' 'i_7' <Predicate = true> <Delay = 0.00>
ST_1 : Operation 12 [1/1] (0.00ns)   --->   "%specpipeline_ln0 = specpipeline void @_ssdm_op_SpecPipeline, i32 4294967295, i32 0, i32 1, i32 0, void @p_str"   --->   Operation 12 'specpipeline' 'specpipeline_ln0' <Predicate = true> <Delay = 0.00>
ST_1 : Operation 13 [1/1] (0.85ns)   --->   "%icmp_ln1057 = icmp_eq  i8 %i_7, i8 %p_read_27"   --->   Operation 13 'icmp' 'icmp_ln1057' <Predicate = true> <Delay = 0.85> <CoreInst = "Cmp">   --->   Core 9 'Cmp' <Latency = 0> <II = 1> <Delay = 0.85> <FuncUnit> <Opcode : 'icmp'> <InPorts = 2> <OutPorts = 1>
ST_1 : Operation 14 [1/1] (0.90ns)   --->   "%add_ln80 = add i8 %i_7, i8 1" [src/main.cpp:80]   --->   Operation 14 'add' 'add_ln80' <Predicate = true> <Delay = 0.90> <CoreInst = "Adder">   --->   Core 1 'Adder' <Latency = 0> <II = 1> <Delay = 0.90> <FuncUnit> <Opcode : 'add' 'sub'> <InPorts = 2> <OutPorts = 1>
ST_1 : Operation 15 [1/1] (0.00ns)   --->   "%br_ln80 = br i1 %icmp_ln1057, void %.split, void %._crit_edge.loopexit" [src/main.cpp:80]   --->   Operation 15 'br' 'br_ln80' <Predicate = true> <Delay = 0.00>
ST_1 : Operation 16 [1/1] (0.00ns)   --->   "%i_cast = zext i8 %i_7" [src/main.cpp:80]   --->   Operation 16 'zext' 'i_cast' <Predicate = (!icmp_ln1057)> <Delay = 0.00>
ST_1 : Operation 17 [1/1] (0.00ns)   --->   "%output_buffer_addr = getelementptr i32 %output_buffer, i64 0, i64 %i_cast" [src/main.cpp:83]   --->   Operation 17 'getelementptr' 'output_buffer_addr' <Predicate = (!icmp_ln1057)> <Delay = 0.00>
ST_1 : Operation 18 [2/2] (1.35ns)   --->   "%output_buffer_load = load i6 %output_buffer_addr" [/tools/Xilinx/Vitis_HLS/2021.1/common/technology/autopilot/hls_stream_39.h:174]   --->   Operation 18 'load' 'output_buffer_load' <Predicate = (!icmp_ln1057)> <Delay = 1.35> <CoreInst = "RAM_T2P_BRAM">   --->   Core 99 'RAM_T2P_BRAM' <Latency = 1> <II = 1> <Delay = 1.35> <Storage> <Opcode : 'load' 'store'> <Ports = 2> <Width = 32> <Depth = 64> <RAM>
ST_1 : Operation 19 [1/1] (0.48ns)   --->   "%store_ln80 = store i8 %add_ln80, i8 %i" [src/main.cpp:80]   --->   Operation 19 'store' 'store_ln80' <Predicate = (!icmp_ln1057)> <Delay = 0.48>
ST_1 : Operation 25 [1/1] (0.00ns)   --->   "%ret_ln85 = ret" [src/main.cpp:85]   --->   Operation 25 'ret' 'ret_ln85' <Predicate = (icmp_ln1057)> <Delay = 0.00>

State 2 <SV = 1> <Delay = 2.85>
ST_2 : Operation 20 [1/1] (0.00ns)   --->   "%speclooptripcount_ln80 = speclooptripcount void @_ssdm_op_SpecLoopTripCount, i64 0, i64 16, i64 8" [src/main.cpp:80]   --->   Operation 20 'speclooptripcount' 'speclooptripcount_ln80' <Predicate = true> <Delay = 0.00>
ST_2 : Operation 21 [1/1] (0.00ns)   --->   "%specloopname_ln80 = specloopname void @_ssdm_op_SpecLoopName, void @empty_25" [src/main.cpp:80]   --->   Operation 21 'specloopname' 'specloopname_ln80' <Predicate = true> <Delay = 0.00>
ST_2 : Operation 22 [1/2] (1.35ns)   --->   "%output_buffer_load = load i6 %output_buffer_addr" [/tools/Xilinx/Vitis_HLS/2021.1/common/technology/autopilot/hls_stream_39.h:174]   --->   Operation 22 'load' 'output_buffer_load' <Predicate = true> <Delay = 1.35> <CoreInst = "RAM_T2P_BRAM">   --->   Core 99 'RAM_T2P_BRAM' <Latency = 1> <II = 1> <Delay = 1.35> <Storage> <Opcode : 'load' 'store'> <Ports = 2> <Width = 32> <Depth = 64> <RAM>
ST_2 : Operation 23 [1/1] (1.50ns)   --->   "%write_ln174 = write void @_ssdm_op_Write.ap_fifo.volatile.i32P0A, i32 %c_fft_col_op_st, i32 %output_buffer_load" [/tools/Xilinx/Vitis_HLS/2021.1/common/technology/autopilot/hls_stream_39.h:174]   --->   Operation 23 'write' 'write_ln174' <Predicate = true> <Delay = 1.50> <CoreInst = "FIFO_SRL">   --->   Core 81 'FIFO_SRL' <Latency = 0> <II = 1> <Delay = 2.16> <Storage> <Opcode : 'read' 'write' 'nbread' 'nbwrite'> <Ports = 0> <Width = 32> <Depth = 2> <FIFO>
ST_2 : Operation 24 [1/1] (0.00ns)   --->   "%br_ln0 = br void"   --->   Operation 24 'br' 'br_ln0' <Predicate = true> <Delay = 0.00>


============================================================
+ Verbose Summary: Binding
============================================================
STG Binding: 
---------------- STG Properties BEGIN ----------------
- Is combinational: 0
- Is one-state seq: 0
- Is datapath-only: 0
- Is pipelined: 0
- Is top level: 0
Port [ Return ] is wired: 1; IO mode=ap_ctrl_hs:ce=0
Port [ output_buffer]:  wired=1; compound=1; hidden=0; nouse=0; global=0; static=0; extern=0; dir=0; type=1; pingpong=1; private_global=0; MemPort=[13]; IO mode=ap_memory:ce=0
Port [ c_fft_col_op_st]:  wired=1; compound=1; hidden=0; nouse=0; global=0; static=0; extern=0; dir=1; type=3; pingpong=0; private_global=0; IO mode=ap_fifo:ce=0
Port [ p_read]:  wired=1; compound=0; hidden=0; nouse=0; global=0; static=0; extern=0; dir=0; type=0; pingpong=0; private_global=0; IO mode=ap_none:ce=0
---------------- STG Properties END ------------------

---------------- Datapath Model BEGIN ----------------

<LifeTime>
<method=bitvector/>
i                      (alloca           ) [ 010]
specmemcore_ln0        (specmemcore      ) [ 000]
specinterface_ln0      (specinterface    ) [ 000]
p_read_27              (read             ) [ 000]
store_ln80             (store            ) [ 000]
br_ln80                (br               ) [ 000]
i_7                    (load             ) [ 000]
specpipeline_ln0       (specpipeline     ) [ 000]
icmp_ln1057            (icmp             ) [ 010]
add_ln80               (add              ) [ 000]
br_ln80                (br               ) [ 000]
i_cast                 (zext             ) [ 000]
output_buffer_addr     (getelementptr    ) [ 011]
store_ln80             (store            ) [ 000]
speclooptripcount_ln80 (speclooptripcount) [ 000]
specloopname_ln80      (specloopname     ) [ 000]
output_buffer_load     (load             ) [ 000]
write_ln174            (write            ) [ 000]
br_ln0                 (br               ) [ 000]
ret_ln85               (ret              ) [ 000]
</LifeTime>

<model>

<comp_list>
<comp id="0" class="1000" name="output_buffer">
<pin_list>
<pin id="1" dir="1" index="0" bw="1" slack="0"/>
</pin_list>
<bind>
<StgValue><ssdm name="output_buffer"/><MemPortTyVec>1 3 </MemPortTyVec>
</StgValue>
</bind>
</comp>

<comp id="2" class="1000" name="c_fft_col_op_st">
<pin_list>
<pin id="3" dir="1" index="0" bw="1" slack="0"/>
</pin_list>
<bind>
<StgValue><ssdm name="c_fft_col_op_st"/></StgValue>
</bind>
</comp>

<comp id="4" class="1000" name="p_read">
<pin_list>
<pin id="5" dir="1" index="0" bw="1" slack="0"/>
</pin_list>
<bind>
<StgValue><ssdm name="p_read"/></StgValue>
</bind>
</comp>

<comp id="6" class="1001" name="const_6">
<pin_list>
<pin id="7" dir="1" index="0" bw="1" slack="0"/>
</pin_list>
<bind>
<StgValue><ssdm name=""/></StgValue>
</bind>
</comp>

<comp id="8" class="1001" name="const_8">
<pin_list>
<pin id="9" dir="1" index="0" bw="1" slack="2147483647"/>
</pin_list>
<bind>
<StgValue><ssdm name="_ssdm_op_SpecMemCore"/></StgValue>
</bind>
</comp>

<comp id="10" class="1001" name="const_10">
<pin_list>
<pin id="11" dir="1" index="0" bw="1" slack="2147483647"/>
</pin_list>
<bind>
<StgValue><ssdm name=""/></StgValue>
</bind>
</comp>

<comp id="12" class="1001" name="const_12">
<pin_list>
<pin id="13" dir="1" index="0" bw="1" slack="2147483647"/>
</pin_list>
<bind>
<StgValue><ssdm name=""/></StgValue>
</bind>
</comp>

<comp id="14" class="1001" name="const_14">
<pin_list>
<pin id="15" dir="1" index="0" bw="1" slack="2147483647"/>
</pin_list>
<bind>
<StgValue><ssdm name=""/></StgValue>
</bind>
</comp>

<comp id="16" class="1001" name="const_16">
<pin_list>
<pin id="17" dir="1" index="0" bw="1" slack="2147483647"/>
</pin_list>
<bind>
<StgValue><ssdm name="_ssdm_op_SpecInterface"/></StgValue>
</bind>
</comp>

<comp id="18" class="1001" name="const_18">
<pin_list>
<pin id="19" dir="1" index="0" bw="1" slack="2147483647"/>
</pin_list>
<bind>
<StgValue><ssdm name="empty_17"/></StgValue>
</bind>
</comp>

<comp id="20" class="1001" name="const_20">
<pin_list>
<pin id="21" dir="1" index="0" bw="1" slack="2147483647"/>
</pin_list>
<bind>
<StgValue><ssdm name=""/></StgValue>
</bind>
</comp>

<comp id="22" class="1001" name="const_22">
<pin_list>
<pin id="23" dir="1" index="0" bw="1" slack="2147483647"/>
</pin_list>
<bind>
<StgValue><ssdm name="empty_27"/></StgValue>
</bind>
</comp>

<comp id="24" class="1001" name="const_24">
<pin_list>
<pin id="25" dir="1" index="0" bw="1" slack="0"/>
</pin_list>
<bind>
<StgValue><ssdm name="_ssdm_op_Read.ap_auto.i8"/></StgValue>
</bind>
</comp>

<comp id="26" class="1001" name="const_26">
<pin_list>
<pin id="27" dir="1" index="0" bw="1" slack="0"/>
</pin_list>
<bind>
<StgValue><ssdm name=""/></StgValue>
</bind>
</comp>

<comp id="28" class="1001" name="const_28">
<pin_list>
<pin id="29" dir="1" index="0" bw="1" slack="2147483647"/>
</pin_list>
<bind>
<StgValue><ssdm name="_ssdm_op_SpecPipeline"/></StgValue>
</bind>
</comp>

<comp id="30" class="1001" name="const_30">
<pin_list>
<pin id="31" dir="1" index="0" bw="1" slack="2147483647"/>
</pin_list>
<bind>
<StgValue><ssdm name=""/></StgValue>
</bind>
</comp>

<comp id="32" class="1001" name="const_32">
<pin_list>
<pin id="33" dir="1" index="0" bw="1" slack="2147483647"/>
</pin_list>
<bind>
<StgValue><ssdm name="p_str"/></StgValue>
</bind>
</comp>

<comp id="34" class="1001" name="const_34">
<pin_list>
<pin id="35" dir="1" index="0" bw="1" slack="0"/>
</pin_list>
<bind>
<StgValue><ssdm name=""/></StgValue>
</bind>
</comp>

<comp id="36" class="1001" name="const_36">
<pin_list>
<pin id="37" dir="1" index="0" bw="1" slack="0"/>
</pin_list>
<bind>
<StgValue><ssdm name=""/></StgValue>
</bind>
</comp>

<comp id="38" class="1001" name="const_38">
<pin_list>
<pin id="39" dir="1" index="0" bw="1" slack="2147483647"/>
</pin_list>
<bind>
<StgValue><ssdm name="_ssdm_op_SpecLoopTripCount"/></StgValue>
</bind>
</comp>

<comp id="40" class="1001" name="const_40">
<pin_list>
<pin id="41" dir="1" index="0" bw="1" slack="2147483647"/>
</pin_list>
<bind>
<StgValue><ssdm name=""/></StgValue>
</bind>
</comp>

<comp id="42" class="1001" name="const_42">
<pin_list>
<pin id="43" dir="1" index="0" bw="1" slack="2147483647"/>
</pin_list>
<bind>
<StgValue><ssdm name=""/></StgValue>
</bind>
</comp>

<comp id="44" class="1001" name="const_44">
<pin_list>
<pin id="45" dir="1" index="0" bw="1" slack="2147483647"/>
</pin_list>
<bind>
<StgValue><ssdm name="_ssdm_op_SpecLoopName"/></StgValue>
</bind>
</comp>

<comp id="46" class="1001" name="const_46">
<pin_list>
<pin id="47" dir="1" index="0" bw="1" slack="2147483647"/>
</pin_list>
<bind>
<StgValue><ssdm name="empty_25"/></StgValue>
</bind>
</comp>

<comp id="48" class="1001" name="const_48">
<pin_list>
<pin id="49" dir="1" index="0" bw="1" slack="0"/>
</pin_list>
<bind>
<StgValue><ssdm name="_ssdm_op_Write.ap_fifo.volatile.i32P0A"/></StgValue>
</bind>
</comp>

<comp id="50" class="1004" name="i_fu_50">
<pin_list>
<pin id="51" dir="0" index="0" bw="1" slack="0"/>
<pin id="52" dir="1" index="1" bw="8" slack="0"/>
</pin_list>
<bind>
<opcode="alloca(26) " fcode="alloca"/>
<opset="i/1 "/>
</bind>
</comp>

<comp id="54" class="1004" name="p_read_27_read_fu_54">
<pin_list>
<pin id="55" dir="0" index="0" bw="8" slack="0"/>
<pin id="56" dir="0" index="1" bw="8" slack="0"/>
<pin id="57" dir="1" index="2" bw="8" slack="0"/>
</pin_list>
<bind>
<opcode="read(1150) " fcode="read"/>
<opset="p_read_27/1 "/>
</bind>
</comp>

<comp id="60" class="1004" name="write_ln174_write_fu_60">
<pin_list>
<pin id="61" dir="0" index="0" bw="0" slack="0"/>
<pin id="62" dir="0" index="1" bw="32" slack="0"/>
<pin id="63" dir="0" index="2" bw="32" slack="0"/>
<pin id="64" dir="1" index="3" bw="0" slack="2147483647"/>
</pin_list>
<bind>
<opcode="write(1151) " fcode="write"/>
<opset="write_ln174/2 "/>
</bind>
</comp>

<comp id="67" class="1004" name="output_buffer_addr_gep_fu_67">
<pin_list>
<pin id="68" dir="0" index="0" bw="32" slack="0"/>
<pin id="69" dir="0" index="1" bw="1" slack="0"/>
<pin id="70" dir="0" index="2" bw="8" slack="0"/>
<pin id="71" dir="1" index="3" bw="6" slack="0"/>
</pin_list>
<bind>
<opcode="getelementptr(29) " fcode="getelementptr"/>
<opset="output_buffer_addr/1 "/>
</bind>
</comp>

<comp id="74" class="1004" name="grp_access_fu_74">
<pin_list>
<pin id="75" dir="0" index="0" bw="6" slack="0"/>
<pin id="76" dir="0" index="1" bw="32" slack="2147483647"/>
<pin id="77" dir="0" index="2" bw="0" slack="2147483647"/>
<pin id="78" dir="1" index="3" bw="32" slack="0"/>
</pin_list>
<bind>
<opcode="load(27) " fcode="load"/>
<opset="output_buffer_load/1 "/>
</bind>
</comp>

<comp id="81" class="1004" name="store_ln80_store_fu_81">
<pin_list>
<pin id="82" dir="0" index="0" bw="1" slack="0"/>
<pin id="83" dir="0" index="1" bw="8" slack="0"/>
<pin id="84" dir="1" index="2" bw="0" slack="2147483647"/>
</pin_list>
<bind>
<opcode="store(28) " fcode="store"/>
<opset="store_ln80/1 "/>
</bind>
</comp>

<comp id="86" class="1004" name="i_7_load_fu_86">
<pin_list>
<pin id="87" dir="0" index="0" bw="8" slack="0"/>
<pin id="88" dir="1" index="1" bw="8" slack="0"/>
</pin_list>
<bind>
<opcode="load(27) " fcode="load"/>
<opset="i_7/1 "/>
</bind>
</comp>

<comp id="89" class="1004" name="icmp_ln1057_fu_89">
<pin_list>
<pin id="90" dir="0" index="0" bw="8" slack="0"/>
<pin id="91" dir="0" index="1" bw="8" slack="0"/>
<pin id="92" dir="1" index="2" bw="1" slack="2147483647"/>
</pin_list>
<bind>
<opcode="icmp(45) " fcode="icmp"/>
<opset="icmp_ln1057/1 "/>
</bind>
</comp>

<comp id="95" class="1004" name="add_ln80_fu_95">
<pin_list>
<pin id="96" dir="0" index="0" bw="8" slack="0"/>
<pin id="97" dir="0" index="1" bw="1" slack="0"/>
<pin id="98" dir="1" index="2" bw="8" slack="0"/>
</pin_list>
<bind>
<opcode="add(8) " fcode="add"/>
<opset="add_ln80/1 "/>
</bind>
</comp>

<comp id="101" class="1004" name="i_cast_fu_101">
<pin_list>
<pin id="102" dir="0" index="0" bw="8" slack="0"/>
<pin id="103" dir="1" index="1" bw="64" slack="0"/>
</pin_list>
<bind>
<opcode="zext(34) " fcode="zext"/>
<opset="i_cast/1 "/>
</bind>
</comp>

<comp id="106" class="1004" name="store_ln80_store_fu_106">
<pin_list>
<pin id="107" dir="0" index="0" bw="8" slack="0"/>
<pin id="108" dir="0" index="1" bw="8" slack="0"/>
<pin id="109" dir="1" index="2" bw="0" slack="2147483647"/>
</pin_list>
<bind>
<opcode="store(28) " fcode="store"/>
<opset="store_ln80/1 "/>
</bind>
</comp>

<comp id="111" class="1005" name="i_reg_111">
<pin_list>
<pin id="112" dir="0" index="0" bw="8" slack="0"/>
<pin id="113" dir="1" index="1" bw="8" slack="0"/>
</pin_list>
<bind>
<opset="i "/>
</bind>
</comp>

<comp id="121" class="1005" name="output_buffer_addr_reg_121">
<pin_list>
<pin id="122" dir="0" index="0" bw="6" slack="1"/>
<pin id="123" dir="1" index="1" bw="6" slack="1"/>
</pin_list>
<bind>
<opset="output_buffer_addr "/>
</bind>
</comp>

</comp_list>

<net_list>
<net id="53"><net_src comp="6" pin="0"/><net_sink comp="50" pin=0"/></net>

<net id="58"><net_src comp="24" pin="0"/><net_sink comp="54" pin=0"/></net>

<net id="59"><net_src comp="4" pin="0"/><net_sink comp="54" pin=1"/></net>

<net id="65"><net_src comp="48" pin="0"/><net_sink comp="60" pin=0"/></net>

<net id="66"><net_src comp="2" pin="0"/><net_sink comp="60" pin=1"/></net>

<net id="72"><net_src comp="0" pin="0"/><net_sink comp="67" pin=0"/></net>

<net id="73"><net_src comp="36" pin="0"/><net_sink comp="67" pin=1"/></net>

<net id="79"><net_src comp="74" pin="3"/><net_sink comp="60" pin=2"/></net>

<net id="80"><net_src comp="67" pin="3"/><net_sink comp="74" pin=0"/></net>

<net id="85"><net_src comp="26" pin="0"/><net_sink comp="81" pin=0"/></net>

<net id="93"><net_src comp="86" pin="1"/><net_sink comp="89" pin=0"/></net>

<net id="94"><net_src comp="54" pin="2"/><net_sink comp="89" pin=1"/></net>

<net id="99"><net_src comp="86" pin="1"/><net_sink comp="95" pin=0"/></net>

<net id="100"><net_src comp="34" pin="0"/><net_sink comp="95" pin=1"/></net>

<net id="104"><net_src comp="86" pin="1"/><net_sink comp="101" pin=0"/></net>

<net id="105"><net_src comp="101" pin="1"/><net_sink comp="67" pin=2"/></net>

<net id="110"><net_src comp="95" pin="2"/><net_sink comp="106" pin=0"/></net>

<net id="114"><net_src comp="50" pin="1"/><net_sink comp="111" pin=0"/></net>

<net id="115"><net_src comp="111" pin="1"/><net_sink comp="81" pin=1"/></net>

<net id="116"><net_src comp="111" pin="1"/><net_sink comp="86" pin=0"/></net>

<net id="117"><net_src comp="111" pin="1"/><net_sink comp="106" pin=1"/></net>

<net id="124"><net_src comp="67" pin="3"/><net_sink comp="121" pin=0"/></net>

<net id="125"><net_src comp="121" pin="1"/><net_sink comp="74" pin=0"/></net>

</net_list>

</model> 
---------------- Datapath Model END ------------------

* FSMD analyzer results:
  - Output states:
	Port: c_fft_col_op_st | {2 }
 - Input state : 
	Port: buf_2_stream24 : output_buffer | {1 2 }
	Port: buf_2_stream24 : c_fft_col_op_st | {}
	Port: buf_2_stream24 : p_read | {1 }
  - Chain level:
	State 1
		store_ln80 : 1
		i_7 : 1
		icmp_ln1057 : 2
		add_ln80 : 2
		br_ln80 : 3
		i_cast : 2
		output_buffer_addr : 3
		output_buffer_load : 4
		store_ln80 : 3
	State 2
		write_ln174 : 1


============================================================
+ Verbose Summary: Datapath Resource usage 
============================================================

* Functional unit list:
|----------|-------------------------|---------|---------|
| Operation|     Functional Unit     |    FF   |   LUT   |
|----------|-------------------------|---------|---------|
|    add   |      add_ln80_fu_95     |    0    |    15   |
|----------|-------------------------|---------|---------|
|   icmp   |    icmp_ln1057_fu_89    |    0    |    11   |
|----------|-------------------------|---------|---------|
|   read   |   p_read_27_read_fu_54  |    0    |    0    |
|----------|-------------------------|---------|---------|
|   write  | write_ln174_write_fu_60 |    0    |    0    |
|----------|-------------------------|---------|---------|
|   zext   |      i_cast_fu_101      |    0    |    0    |
|----------|-------------------------|---------|---------|
|   Total  |                         |    0    |    26   |
|----------|-------------------------|---------|---------|

Memories:
N/A

* Register list:
+--------------------------+--------+
|                          |   FF   |
+--------------------------+--------+
|         i_reg_111        |    8   |
|output_buffer_addr_reg_121|    6   |
+--------------------------+--------+
|           Total          |   14   |
+--------------------------+--------+

* Multiplexer (MUX) list: 
|------------------|------|------|------|--------||---------||---------|
|       Comp       |  Pin | Size |  BW  | S x BW ||  Delay  ||   LUT   |
|------------------|------|------|------|--------||---------||---------|
| grp_access_fu_74 |  p0  |   2  |   6  |   12   ||    9    |
|------------------|------|------|------|--------||---------||---------|
|       Total      |      |      |      |   12   ||  0.489  ||    9    |
|------------------|------|------|------|--------||---------||---------|



* Summary:
+-----------+--------+--------+--------+
|           |  Delay |   FF   |   LUT  |
+-----------+--------+--------+--------+
|  Function |    -   |    0   |   26   |
|   Memory  |    -   |    -   |    -   |
|Multiplexer|    0   |    -   |    9   |
|  Register |    -   |   14   |    -   |
+-----------+--------+--------+--------+
|   Total   |    0   |   14   |   35   |
+-----------+--------+--------+--------+
