

================================================================
== Vitis HLS Report for 'fft_stage_2_020'
================================================================
* Date:           Thu Oct 13 07:49:02 2022

* Version:        2021.1 (Build 3247384 on Thu Jun 10 19:36:07 MDT 2021)
* Project:        v4
* Solution:       solution1 (Vivado IP Flow Target)
* Product family: zynquplus
* Target device:  xczu7cg-fbvb900-1-i


================================================================
== Performance Estimates
================================================================
+ Timing: 
    * Summary: 
    +--------+---------+----------+------------+
    |  Clock |  Target | Estimated| Uncertainty|
    +--------+---------+----------+------------+
    |ap_clk  |  5.00 ns|  2.953 ns|     2.00 ns|
    +--------+---------+----------+------------+

+ Latency: 
    * Summary: 
    +---------+---------+-----------+----------+-----+-----+---------+
    |  Latency (cycles) |  Latency (absolute)  |  Interval | Pipeline|
    |   min   |   max   |    min    |    max   | min | max |   Type  |
    +---------+---------+-----------+----------+-----+-----+---------+
    |        3|       27|  15.000 ns|  0.135 us|    3|   27|       no|
    +---------+---------+-----------+----------+-----+-----+---------+

    + Detail: 
        * Instance: 
        +----------------------------------------------------+------------------------------------------+---------+---------+-----------+-----------+-----+-----+---------+
        |                                                    |                                          |  Latency (cycles) |   Latency (absolute)  |  Interval | Pipeline|
        |                      Instance                      |                  Module                  |   min   |   max   |    min    |    max    | min | max |   Type  |
        +----------------------------------------------------+------------------------------------------+---------+---------+-----------+-----------+-----+-----+---------+
        |grp_fft_stage_2_020_Pipeline_SKIP_X_fu_50           |fft_stage_2_020_Pipeline_SKIP_X           |        2|       26|  10.000 ns|   0.130 us|    2|   26|       no|
        |grp_fft_stage_2_020_Pipeline_VITIS_LOOP_40_1_fu_63  |fft_stage_2_020_Pipeline_VITIS_LOOP_40_1  |        2|       10|  10.000 ns|  50.000 ns|    2|   10|       no|
        +----------------------------------------------------+------------------------------------------+---------+---------+-----------+-----------+-----+-----+---------+

        * Loop: 
        N/A

============================================================
+ Verbose Summary: Synthesis Manager
============================================================
InlineROM: 1
ExposeGlobal: 0
============================================================
+ Verbose Summary: CDFG Model
============================================================
IsTopModel: 0
ResetActiveHigh: 1
IsCombinational: 2
IsDatapathOnly: 0
HasWiredReturn: 1
HasMFsm: 0
HasVarLatency: 1
IsPipeline: 0
IsRtlPipelined: 0
IsInstanceOverlapped: 0
IsDontTouch: 0
HasImplIP: 0
IsGatedGlobalClock: 0


============================================================
+ Verbose Summary: Schedule
============================================================
* Number of FSM states : 2
* Pipeline : 0
* Dataflow Pipeline: 0

* FSM state transitions: 
1 --> 2 
2 --> 

* FSM state operations: 

State 1 <SV = 0> <Delay = 2.20>
ST_1 : Operation 3 [1/1] (0.00ns)   --->   "%p_read_11 = read i32 @_ssdm_op_Read.ap_auto.i32, i32 %p_read"   --->   Operation 3 'read' 'p_read_11' <Predicate = true> <Delay = 0.00>
ST_1 : Operation 4 [1/1] (0.00ns)   --->   "%empty = trunc i32 %p_read_11"   --->   Operation 4 'trunc' 'empty' <Predicate = true> <Delay = 0.00>
ST_1 : Operation 5 [1/1] (0.00ns)   --->   "%specmemcore_ln0 = specmemcore void @_ssdm_op_SpecMemCore, i16 %w_M_real38, i64 666, i64 39, i64 18446744073709551615"   --->   Operation 5 'specmemcore' 'specmemcore_ln0' <Predicate = true> <Delay = 0.00>
ST_1 : Operation 6 [1/1] (0.00ns)   --->   "%specmemcore_ln0 = specmemcore void @_ssdm_op_SpecMemCore, i16 %w_M_real38, i64 666, i64 39, i64 18446744073709551615"   --->   Operation 6 'specmemcore' 'specmemcore_ln0' <Predicate = true> <Delay = 0.00>
ST_1 : Operation 7 [1/1] (0.00ns)   --->   "%specmemcore_ln0 = specmemcore void @_ssdm_op_SpecMemCore, i16 %w_M_real38, i64 666, i64 39, i64 18446744073709551615"   --->   Operation 7 'specmemcore' 'specmemcore_ln0' <Predicate = true> <Delay = 0.00>
ST_1 : Operation 8 [1/1] (0.00ns)   --->   "%specmemcore_ln0 = specmemcore void @_ssdm_op_SpecMemCore, i16 %w_M_real38, i64 666, i64 39, i64 18446744073709551615"   --->   Operation 8 'specmemcore' 'specmemcore_ln0' <Predicate = true> <Delay = 0.00>
ST_1 : Operation 9 [1/1] (0.00ns)   --->   "%specmemcore_ln0 = specmemcore void @_ssdm_op_SpecMemCore, i16 %w_M_real38, i64 666, i64 39, i64 18446744073709551615"   --->   Operation 9 'specmemcore' 'specmemcore_ln0' <Predicate = true> <Delay = 0.00>
ST_1 : Operation 10 [1/1] (0.00ns)   --->   "%specmemcore_ln0 = specmemcore void @_ssdm_op_SpecMemCore, i16 %w_M_real38, i64 666, i64 39, i64 18446744073709551615"   --->   Operation 10 'specmemcore' 'specmemcore_ln0' <Predicate = true> <Delay = 0.00>
ST_1 : Operation 11 [1/1] (0.00ns)   --->   "%specmemcore_ln0 = specmemcore void @_ssdm_op_SpecMemCore, i16 %w_M_real38, i64 666, i64 39, i64 18446744073709551615"   --->   Operation 11 'specmemcore' 'specmemcore_ln0' <Predicate = true> <Delay = 0.00>
ST_1 : Operation 12 [1/1] (0.00ns)   --->   "%specmemcore_ln0 = specmemcore void @_ssdm_op_SpecMemCore, i16 %w_M_real38, i64 666, i64 39, i64 18446744073709551615"   --->   Operation 12 'specmemcore' 'specmemcore_ln0' <Predicate = true> <Delay = 0.00>
ST_1 : Operation 13 [1/1] (0.00ns)   --->   "%specmemcore_ln0 = specmemcore void @_ssdm_op_SpecMemCore, i16 %w_M_real38, i64 666, i64 39, i64 18446744073709551615"   --->   Operation 13 'specmemcore' 'specmemcore_ln0' <Predicate = true> <Delay = 0.00>
ST_1 : Operation 14 [1/1] (0.00ns)   --->   "%specmemcore_ln0 = specmemcore void @_ssdm_op_SpecMemCore, i16 %w_M_real38, i64 666, i64 39, i64 18446744073709551615"   --->   Operation 14 'specmemcore' 'specmemcore_ln0' <Predicate = true> <Delay = 0.00>
ST_1 : Operation 15 [1/1] (0.00ns)   --->   "%specmemcore_ln0 = specmemcore void @_ssdm_op_SpecMemCore, i16 %w_M_real38, i64 666, i64 39, i64 18446744073709551615"   --->   Operation 15 'specmemcore' 'specmemcore_ln0' <Predicate = true> <Delay = 0.00>
ST_1 : Operation 16 [1/1] (0.00ns)   --->   "%specmemcore_ln0 = specmemcore void @_ssdm_op_SpecMemCore, i16 %w_M_real38, i64 666, i64 39, i64 18446744073709551615"   --->   Operation 16 'specmemcore' 'specmemcore_ln0' <Predicate = true> <Delay = 0.00>
ST_1 : Operation 17 [1/1] (0.00ns)   --->   "%specmemcore_ln119 = specmemcore void @_ssdm_op_SpecMemCore, i16 %w_M_real38, i64 666, i64 39, i64 18446744073709551615" [src/main.cpp:119]   --->   Operation 17 'specmemcore' 'specmemcore_ln119' <Predicate = true> <Delay = 0.00>
ST_1 : Operation 18 [1/1] (0.00ns)   --->   "%specmemcore_ln167 = specmemcore void @_ssdm_op_SpecMemCore, i16 %w_M_real38, i64 666, i64 39, i64 18446744073709551615" [src/main.cpp:167]   --->   Operation 18 'specmemcore' 'specmemcore_ln167' <Predicate = true> <Delay = 0.00>
ST_1 : Operation 19 [1/1] (0.00ns)   --->   "%specmemcore_ln0 = specmemcore void @_ssdm_op_SpecMemCore, i16 %w_M_imag27, i64 666, i64 39, i64 18446744073709551615"   --->   Operation 19 'specmemcore' 'specmemcore_ln0' <Predicate = true> <Delay = 0.00>
ST_1 : Operation 20 [1/1] (0.00ns)   --->   "%specmemcore_ln0 = specmemcore void @_ssdm_op_SpecMemCore, i16 %w_M_imag27, i64 666, i64 39, i64 18446744073709551615"   --->   Operation 20 'specmemcore' 'specmemcore_ln0' <Predicate = true> <Delay = 0.00>
ST_1 : Operation 21 [1/1] (0.00ns)   --->   "%specmemcore_ln0 = specmemcore void @_ssdm_op_SpecMemCore, i16 %w_M_imag27, i64 666, i64 39, i64 18446744073709551615"   --->   Operation 21 'specmemcore' 'specmemcore_ln0' <Predicate = true> <Delay = 0.00>
ST_1 : Operation 22 [1/1] (0.00ns)   --->   "%specmemcore_ln0 = specmemcore void @_ssdm_op_SpecMemCore, i16 %w_M_imag27, i64 666, i64 39, i64 18446744073709551615"   --->   Operation 22 'specmemcore' 'specmemcore_ln0' <Predicate = true> <Delay = 0.00>
ST_1 : Operation 23 [1/1] (0.00ns)   --->   "%specmemcore_ln0 = specmemcore void @_ssdm_op_SpecMemCore, i16 %w_M_imag27, i64 666, i64 39, i64 18446744073709551615"   --->   Operation 23 'specmemcore' 'specmemcore_ln0' <Predicate = true> <Delay = 0.00>
ST_1 : Operation 24 [1/1] (0.00ns)   --->   "%specmemcore_ln0 = specmemcore void @_ssdm_op_SpecMemCore, i16 %w_M_imag27, i64 666, i64 39, i64 18446744073709551615"   --->   Operation 24 'specmemcore' 'specmemcore_ln0' <Predicate = true> <Delay = 0.00>
ST_1 : Operation 25 [1/1] (0.00ns)   --->   "%specmemcore_ln0 = specmemcore void @_ssdm_op_SpecMemCore, i16 %w_M_imag27, i64 666, i64 39, i64 18446744073709551615"   --->   Operation 25 'specmemcore' 'specmemcore_ln0' <Predicate = true> <Delay = 0.00>
ST_1 : Operation 26 [1/1] (0.00ns)   --->   "%specmemcore_ln0 = specmemcore void @_ssdm_op_SpecMemCore, i16 %w_M_imag27, i64 666, i64 39, i64 18446744073709551615"   --->   Operation 26 'specmemcore' 'specmemcore_ln0' <Predicate = true> <Delay = 0.00>
ST_1 : Operation 27 [1/1] (0.00ns)   --->   "%specmemcore_ln0 = specmemcore void @_ssdm_op_SpecMemCore, i16 %w_M_imag27, i64 666, i64 39, i64 18446744073709551615"   --->   Operation 27 'specmemcore' 'specmemcore_ln0' <Predicate = true> <Delay = 0.00>
ST_1 : Operation 28 [1/1] (0.00ns)   --->   "%specmemcore_ln0 = specmemcore void @_ssdm_op_SpecMemCore, i16 %w_M_imag27, i64 666, i64 39, i64 18446744073709551615"   --->   Operation 28 'specmemcore' 'specmemcore_ln0' <Predicate = true> <Delay = 0.00>
ST_1 : Operation 29 [1/1] (0.00ns)   --->   "%specmemcore_ln0 = specmemcore void @_ssdm_op_SpecMemCore, i16 %w_M_imag27, i64 666, i64 39, i64 18446744073709551615"   --->   Operation 29 'specmemcore' 'specmemcore_ln0' <Predicate = true> <Delay = 0.00>
ST_1 : Operation 30 [1/1] (0.00ns)   --->   "%specmemcore_ln0 = specmemcore void @_ssdm_op_SpecMemCore, i16 %w_M_imag27, i64 666, i64 39, i64 18446744073709551615"   --->   Operation 30 'specmemcore' 'specmemcore_ln0' <Predicate = true> <Delay = 0.00>
ST_1 : Operation 31 [1/1] (0.00ns)   --->   "%specmemcore_ln119 = specmemcore void @_ssdm_op_SpecMemCore, i16 %w_M_imag27, i64 666, i64 39, i64 18446744073709551615" [src/main.cpp:119]   --->   Operation 31 'specmemcore' 'specmemcore_ln119' <Predicate = true> <Delay = 0.00>
ST_1 : Operation 32 [1/1] (0.00ns)   --->   "%specmemcore_ln167 = specmemcore void @_ssdm_op_SpecMemCore, i16 %w_M_imag27, i64 666, i64 39, i64 18446744073709551615" [src/main.cpp:167]   --->   Operation 32 'specmemcore' 'specmemcore_ln167' <Predicate = true> <Delay = 0.00>
ST_1 : Operation 33 [1/1] (0.00ns)   --->   "%specmemcore_ln0 = specmemcore void @_ssdm_op_SpecMemCore, i32 %OUT_r, i64 666, i64 30, i64 18446744073709551615"   --->   Operation 33 'specmemcore' 'specmemcore_ln0' <Predicate = true> <Delay = 0.00>
ST_1 : Operation 34 [1/1] (0.00ns)   --->   "%specmemcore_ln0 = specmemcore void @_ssdm_op_SpecMemCore, i32 %IN_r, i64 666, i64 30, i64 18446744073709551615"   --->   Operation 34 'specmemcore' 'specmemcore_ln0' <Predicate = true> <Delay = 0.00>
ST_1 : Operation 35 [1/1] (0.00ns)   --->   "%specmemcore_ln0 = specmemcore void @_ssdm_op_SpecMemCore, void @w_M_imag, i64 666, i64 39, i64 18446744073709551615"   --->   Operation 35 'specmemcore' 'specmemcore_ln0' <Predicate = true> <Delay = 0.00>
ST_1 : Operation 36 [1/1] (0.00ns)   --->   "%specmemcore_ln0 = specmemcore void @_ssdm_op_SpecMemCore, void @w_M_real, i64 666, i64 39, i64 18446744073709551615"   --->   Operation 36 'specmemcore' 'specmemcore_ln0' <Predicate = true> <Delay = 0.00>
ST_1 : Operation 37 [1/1] (0.00ns)   --->   "%trunc_ln = partselect i8 @_ssdm_op_PartSelect.i8.i32.i32.i32, i32 %p_read_11, i32 8, i32 15"   --->   Operation 37 'partselect' 'trunc_ln' <Predicate = true> <Delay = 0.00>
ST_1 : Operation 38 [1/1] (0.85ns)   --->   "%icmp_ln1069 = icmp_ult  i8 %trunc_ln, i8 3"   --->   Operation 38 'icmp' 'icmp_ln1069' <Predicate = true> <Delay = 0.85> <CoreInst = "Cmp">   --->   Core 9 'Cmp' <Latency = 0> <II = 1> <Delay = 0.85> <FuncUnit> <Opcode : 'icmp'> <InPorts = 2> <OutPorts = 1>
ST_1 : Operation 39 [1/1] (0.00ns)   --->   "%empty_89 = trunc i32 %p_read_11"   --->   Operation 39 'trunc' 'empty_89' <Predicate = true> <Delay = 0.00>
ST_1 : Operation 40 [1/1] (0.00ns)   --->   "%br_ln13 = br i1 %icmp_ln1069, void %.lr.ph, void %.lr.ph36" [src/main.cpp:13]   --->   Operation 40 'br' 'br_ln13' <Predicate = true> <Delay = 0.00>
ST_1 : Operation 41 [1/1] (0.00ns)   --->   "%trunc_ln3 = partselect i7 @_ssdm_op_PartSelect.i7.i32.i32.i32, i32 %p_read_11, i32 1, i32 7" [src/main.cpp:18]   --->   Operation 41 'partselect' 'trunc_ln3' <Predicate = (!icmp_ln1069)> <Delay = 0.00>
ST_1 : Operation 42 [2/2] (0.00ns)   --->   "%call_ln18 = call void @fft_stage.2.020_Pipeline_SKIP_X, i7 %trunc_ln3, i32 %IN_r, i32 %OUT_r, i16 %w_M_real38, i16 %w_M_imag27" [src/main.cpp:18]   --->   Operation 42 'call' 'call_ln18' <Predicate = (!icmp_ln1069)> <Delay = 0.00> <CoreType = "Generic">   --->   Core 0 '' <Latency = 0> <II = 1> <Delay = 1.00> <Generic> <Opcode : >
ST_1 : Operation 43 [2/2] (1.34ns)   --->   "%call_ln0 = call void @fft_stage.2.020_Pipeline_VITIS_LOOP_40_1, i8 %empty_89, i32 %IN_r, i32 %OUT_r"   --->   Operation 43 'call' 'call_ln0' <Predicate = (icmp_ln1069)> <Delay = 1.34> <CoreType = "Generic">   --->   Core 0 '' <Latency = 0> <II = 1> <Delay = 1.00> <Generic> <Opcode : >

State 2 <SV = 1> <Delay = 0.00>
ST_2 : Operation 44 [1/2] (0.00ns)   --->   "%call_ln18 = call void @fft_stage.2.020_Pipeline_SKIP_X, i7 %trunc_ln3, i32 %IN_r, i32 %OUT_r, i16 %w_M_real38, i16 %w_M_imag27" [src/main.cpp:18]   --->   Operation 44 'call' 'call_ln18' <Predicate = (!icmp_ln1069)> <Delay = 0.00> <CoreType = "Generic">   --->   Core 0 '' <Latency = 0> <II = 1> <Delay = 1.00> <Generic> <Opcode : >
ST_2 : Operation 45 [1/1] (0.00ns)   --->   "%br_ln0 = br void %._crit_edge.loopexit"   --->   Operation 45 'br' 'br_ln0' <Predicate = (!icmp_ln1069)> <Delay = 0.00>
ST_2 : Operation 46 [1/2] (0.00ns)   --->   "%call_ln0 = call void @fft_stage.2.020_Pipeline_VITIS_LOOP_40_1, i8 %empty_89, i32 %IN_r, i32 %OUT_r"   --->   Operation 46 'call' 'call_ln0' <Predicate = (icmp_ln1069)> <Delay = 0.00> <CoreType = "Generic">   --->   Core 0 '' <Latency = 0> <II = 1> <Delay = 1.00> <Generic> <Opcode : >
ST_2 : Operation 47 [1/1] (0.00ns)   --->   "%br_ln0 = br void %._crit_edge.loopexit"   --->   Operation 47 'br' 'br_ln0' <Predicate = (icmp_ln1069)> <Delay = 0.00>
ST_2 : Operation 48 [1/1] (0.00ns)   --->   "%ret_ln49 = ret i16 %empty" [src/main.cpp:49]   --->   Operation 48 'ret' 'ret_ln49' <Predicate = true> <Delay = 0.00>


============================================================
+ Verbose Summary: Binding
============================================================
STG Binding: 
---------------- STG Properties BEGIN ----------------
- Is combinational: 0
- Is one-state seq: 0
- Is datapath-only: 0
- Is pipelined: 0
- Is top level: 0
Port [ Return ] is wired: 1; IO mode=ap_ctrl_hs:ce=0
Port [ IN_r]:  wired=1; compound=1; hidden=0; nouse=0; global=0; static=0; extern=0; dir=0; type=1; pingpong=1; private_global=0; MemPort=[11]; IO mode=ap_memory:ce=0
Port [ OUT_r]:  wired=1; compound=1; hidden=0; nouse=0; global=0; static=0; extern=0; dir=1; type=1; pingpong=1; private_global=0; MemPort=[00]; IO mode=ap_memory:ce=0
Port [ p_read]:  wired=1; compound=0; hidden=0; nouse=0; global=0; static=0; extern=0; dir=0; type=0; pingpong=0; private_global=0; IO mode=ap_none:ce=0
Port [ w_M_real38]:  wired=0; compound=1; hidden=1; nouse=1; global=1; static=1; extern=0; dir=0; type=1; pingpong=0; private_global=0; MemPort=[1]; IO mode=ap_memory:ce=0
Port [ w_M_imag27]:  wired=0; compound=1; hidden=1; nouse=1; global=1; static=1; extern=0; dir=0; type=1; pingpong=0; private_global=0; MemPort=[1]; IO mode=ap_memory:ce=0
---------------- STG Properties END ------------------

---------------- Datapath Model BEGIN ----------------

<LifeTime>
<method=bitvector/>
p_read_11         (read       ) [ 000]
empty             (trunc      ) [ 001]
specmemcore_ln0   (specmemcore) [ 000]
specmemcore_ln0   (specmemcore) [ 000]
specmemcore_ln0   (specmemcore) [ 000]
specmemcore_ln0   (specmemcore) [ 000]
specmemcore_ln0   (specmemcore) [ 000]
specmemcore_ln0   (specmemcore) [ 000]
specmemcore_ln0   (specmemcore) [ 000]
specmemcore_ln0   (specmemcore) [ 000]
specmemcore_ln0   (specmemcore) [ 000]
specmemcore_ln0   (specmemcore) [ 000]
specmemcore_ln0   (specmemcore) [ 000]
specmemcore_ln0   (specmemcore) [ 000]
specmemcore_ln119 (specmemcore) [ 000]
specmemcore_ln167 (specmemcore) [ 000]
specmemcore_ln0   (specmemcore) [ 000]
specmemcore_ln0   (specmemcore) [ 000]
specmemcore_ln0   (specmemcore) [ 000]
specmemcore_ln0   (specmemcore) [ 000]
specmemcore_ln0   (specmemcore) [ 000]
specmemcore_ln0   (specmemcore) [ 000]
specmemcore_ln0   (specmemcore) [ 000]
specmemcore_ln0   (specmemcore) [ 000]
specmemcore_ln0   (specmemcore) [ 000]
specmemcore_ln0   (specmemcore) [ 000]
specmemcore_ln0   (specmemcore) [ 000]
specmemcore_ln0   (specmemcore) [ 000]
specmemcore_ln119 (specmemcore) [ 000]
specmemcore_ln167 (specmemcore) [ 000]
specmemcore_ln0   (specmemcore) [ 000]
specmemcore_ln0   (specmemcore) [ 000]
specmemcore_ln0   (specmemcore) [ 000]
specmemcore_ln0   (specmemcore) [ 000]
trunc_ln          (partselect ) [ 000]
icmp_ln1069       (icmp       ) [ 011]
empty_89          (trunc      ) [ 001]
br_ln13           (br         ) [ 000]
trunc_ln3         (partselect ) [ 001]
call_ln18         (call       ) [ 000]
br_ln0            (br         ) [ 000]
call_ln0          (call       ) [ 000]
br_ln0            (br         ) [ 000]
ret_ln49          (ret        ) [ 000]
</LifeTime>

<model>

<comp_list>
<comp id="0" class="1000" name="IN_r">
<pin_list>
<pin id="1" dir="1" index="0" bw="1" slack="0"/>
</pin_list>
<bind>
<StgValue><ssdm name="IN_r"/><MemPortTyVec>1 1 </MemPortTyVec>
</StgValue>
</bind>
</comp>

<comp id="2" class="1000" name="OUT_r">
<pin_list>
<pin id="3" dir="1" index="0" bw="1" slack="0"/>
</pin_list>
<bind>
<StgValue><ssdm name="OUT_r"/><MemPortTyVec>0 0 </MemPortTyVec>
</StgValue>
</bind>
</comp>

<comp id="4" class="1000" name="p_read">
<pin_list>
<pin id="5" dir="1" index="0" bw="1" slack="0"/>
</pin_list>
<bind>
<StgValue><ssdm name="p_read"/></StgValue>
</bind>
</comp>

<comp id="6" class="1000" name="w_M_real38">
<pin_list>
<pin id="7" dir="1" index="0" bw="1" slack="0"/>
</pin_list>
<bind>
<StgValue><ssdm name="w_M_real38"/><MemPortTyVec>1 </MemPortTyVec>
</StgValue>
</bind>
</comp>

<comp id="8" class="1000" name="w_M_imag27">
<pin_list>
<pin id="9" dir="1" index="0" bw="1" slack="0"/>
</pin_list>
<bind>
<StgValue><ssdm name="w_M_imag27"/><MemPortTyVec>1 </MemPortTyVec>
</StgValue>
</bind>
</comp>

<comp id="10" class="1001" name="const_10">
<pin_list>
<pin id="11" dir="1" index="0" bw="1" slack="0"/>
</pin_list>
<bind>
<StgValue><ssdm name="_ssdm_op_Read.ap_auto.i32"/></StgValue>
</bind>
</comp>

<comp id="12" class="1001" name="const_12">
<pin_list>
<pin id="13" dir="1" index="0" bw="1" slack="2147483647"/>
</pin_list>
<bind>
<StgValue><ssdm name="_ssdm_op_SpecMemCore"/></StgValue>
</bind>
</comp>

<comp id="14" class="1001" name="const_14">
<pin_list>
<pin id="15" dir="1" index="0" bw="1" slack="2147483647"/>
</pin_list>
<bind>
<StgValue><ssdm name=""/></StgValue>
</bind>
</comp>

<comp id="16" class="1001" name="const_16">
<pin_list>
<pin id="17" dir="1" index="0" bw="1" slack="2147483647"/>
</pin_list>
<bind>
<StgValue><ssdm name=""/></StgValue>
</bind>
</comp>

<comp id="18" class="1001" name="const_18">
<pin_list>
<pin id="19" dir="1" index="0" bw="1" slack="2147483647"/>
</pin_list>
<bind>
<StgValue><ssdm name=""/></StgValue>
</bind>
</comp>

<comp id="20" class="1001" name="const_20">
<pin_list>
<pin id="21" dir="1" index="0" bw="1" slack="2147483647"/>
</pin_list>
<bind>
<StgValue><ssdm name=""/></StgValue>
</bind>
</comp>

<comp id="22" class="1001" name="const_22">
<pin_list>
<pin id="23" dir="1" index="0" bw="1" slack="2147483647"/>
</pin_list>
<bind>
<StgValue><ssdm name="w_M_imag"/></StgValue>
</bind>
</comp>

<comp id="24" class="1001" name="const_24">
<pin_list>
<pin id="25" dir="1" index="0" bw="1" slack="2147483647"/>
</pin_list>
<bind>
<StgValue><ssdm name="w_M_real"/></StgValue>
</bind>
</comp>

<comp id="26" class="1001" name="const_26">
<pin_list>
<pin id="27" dir="1" index="0" bw="1" slack="0"/>
</pin_list>
<bind>
<StgValue><ssdm name="_ssdm_op_PartSelect.i8.i32.i32.i32"/></StgValue>
</bind>
</comp>

<comp id="28" class="1001" name="const_28">
<pin_list>
<pin id="29" dir="1" index="0" bw="1" slack="0"/>
</pin_list>
<bind>
<StgValue><ssdm name=""/></StgValue>
</bind>
</comp>

<comp id="30" class="1001" name="const_30">
<pin_list>
<pin id="31" dir="1" index="0" bw="1" slack="0"/>
</pin_list>
<bind>
<StgValue><ssdm name=""/></StgValue>
</bind>
</comp>

<comp id="32" class="1001" name="const_32">
<pin_list>
<pin id="33" dir="1" index="0" bw="1" slack="0"/>
</pin_list>
<bind>
<StgValue><ssdm name=""/></StgValue>
</bind>
</comp>

<comp id="34" class="1001" name="const_34">
<pin_list>
<pin id="35" dir="1" index="0" bw="1" slack="0"/>
</pin_list>
<bind>
<StgValue><ssdm name="_ssdm_op_PartSelect.i7.i32.i32.i32"/></StgValue>
</bind>
</comp>

<comp id="36" class="1001" name="const_36">
<pin_list>
<pin id="37" dir="1" index="0" bw="1" slack="0"/>
</pin_list>
<bind>
<StgValue><ssdm name=""/></StgValue>
</bind>
</comp>

<comp id="38" class="1001" name="const_38">
<pin_list>
<pin id="39" dir="1" index="0" bw="1" slack="0"/>
</pin_list>
<bind>
<StgValue><ssdm name=""/></StgValue>
</bind>
</comp>

<comp id="40" class="1001" name="const_40">
<pin_list>
<pin id="41" dir="1" index="0" bw="1" slack="0"/>
</pin_list>
<bind>
<StgValue><ssdm name="fft_stage.2.020_Pipeline_SKIP_X"/></StgValue>
</bind>
</comp>

<comp id="42" class="1001" name="const_42">
<pin_list>
<pin id="43" dir="1" index="0" bw="1" slack="0"/>
</pin_list>
<bind>
<StgValue><ssdm name="fft_stage.2.020_Pipeline_VITIS_LOOP_40_1"/></StgValue>
</bind>
</comp>

<comp id="44" class="1004" name="p_read_11_read_fu_44">
<pin_list>
<pin id="45" dir="0" index="0" bw="32" slack="0"/>
<pin id="46" dir="0" index="1" bw="32" slack="0"/>
<pin id="47" dir="1" index="2" bw="32" slack="0"/>
</pin_list>
<bind>
<opcode="read(1150) " fcode="read"/>
<opset="p_read_11/1 "/>
</bind>
</comp>

<comp id="50" class="1004" name="grp_fft_stage_2_020_Pipeline_SKIP_X_fu_50">
<pin_list>
<pin id="51" dir="0" index="0" bw="0" slack="0"/>
<pin id="52" dir="0" index="1" bw="7" slack="0"/>
<pin id="53" dir="0" index="2" bw="32" slack="0"/>
<pin id="54" dir="0" index="3" bw="32" slack="0"/>
<pin id="55" dir="0" index="4" bw="16" slack="0"/>
<pin id="56" dir="0" index="5" bw="16" slack="0"/>
<pin id="57" dir="1" index="6" bw="0" slack="2147483647"/>
</pin_list>
<bind>
<opcode="call(48) " fcode="call"/>
<opset="call_ln18/1 "/>
</bind>
</comp>

<comp id="63" class="1004" name="grp_fft_stage_2_020_Pipeline_VITIS_LOOP_40_1_fu_63">
<pin_list>
<pin id="64" dir="0" index="0" bw="0" slack="0"/>
<pin id="65" dir="0" index="1" bw="8" slack="0"/>
<pin id="66" dir="0" index="2" bw="32" slack="0"/>
<pin id="67" dir="0" index="3" bw="32" slack="0"/>
<pin id="68" dir="1" index="4" bw="0" slack="2147483647"/>
</pin_list>
<bind>
<opcode="call(48) " fcode="call"/>
<opset="call_ln0/1 "/>
</bind>
</comp>

<comp id="72" class="1004" name="empty_fu_72">
<pin_list>
<pin id="73" dir="0" index="0" bw="32" slack="0"/>
<pin id="74" dir="1" index="1" bw="16" slack="1"/>
</pin_list>
<bind>
<opcode="trunc(33) " fcode="trunc"/>
<opset="empty/1 "/>
</bind>
</comp>

<comp id="76" class="1004" name="trunc_ln_fu_76">
<pin_list>
<pin id="77" dir="0" index="0" bw="8" slack="0"/>
<pin id="78" dir="0" index="1" bw="32" slack="0"/>
<pin id="79" dir="0" index="2" bw="5" slack="0"/>
<pin id="80" dir="0" index="3" bw="5" slack="0"/>
<pin id="81" dir="1" index="4" bw="8" slack="0"/>
</pin_list>
<bind>
<opcode="partselect(1002) " fcode="partselect"/>
<opset="trunc_ln/1 "/>
</bind>
</comp>

<comp id="86" class="1004" name="icmp_ln1069_fu_86">
<pin_list>
<pin id="87" dir="0" index="0" bw="8" slack="0"/>
<pin id="88" dir="0" index="1" bw="3" slack="0"/>
<pin id="89" dir="1" index="2" bw="1" slack="1"/>
</pin_list>
<bind>
<opcode="icmp(45) " fcode="icmp"/>
<opset="icmp_ln1069/1 "/>
</bind>
</comp>

<comp id="92" class="1004" name="empty_89_fu_92">
<pin_list>
<pin id="93" dir="0" index="0" bw="32" slack="0"/>
<pin id="94" dir="1" index="1" bw="8" slack="0"/>
</pin_list>
<bind>
<opcode="trunc(33) " fcode="trunc"/>
<opset="empty_89/1 "/>
</bind>
</comp>

<comp id="97" class="1004" name="trunc_ln3_fu_97">
<pin_list>
<pin id="98" dir="0" index="0" bw="7" slack="0"/>
<pin id="99" dir="0" index="1" bw="32" slack="0"/>
<pin id="100" dir="0" index="2" bw="1" slack="0"/>
<pin id="101" dir="0" index="3" bw="4" slack="0"/>
<pin id="102" dir="1" index="4" bw="7" slack="0"/>
</pin_list>
<bind>
<opcode="partselect(1002) " fcode="partselect"/>
<opset="trunc_ln3/1 "/>
</bind>
</comp>

<comp id="108" class="1005" name="empty_reg_108">
<pin_list>
<pin id="109" dir="0" index="0" bw="16" slack="1"/>
<pin id="110" dir="1" index="1" bw="16" slack="2147483647"/>
</pin_list>
<bind>
<opset="empty "/>
</bind>
</comp>

<comp id="112" class="1005" name="icmp_ln1069_reg_112">
<pin_list>
<pin id="113" dir="0" index="0" bw="1" slack="1"/>
<pin id="114" dir="1" index="1" bw="1" slack="2147483647"/>
</pin_list>
<bind>
<opset="icmp_ln1069 "/>
</bind>
</comp>

<comp id="116" class="1005" name="empty_89_reg_116">
<pin_list>
<pin id="117" dir="0" index="0" bw="8" slack="1"/>
<pin id="118" dir="1" index="1" bw="8" slack="1"/>
</pin_list>
<bind>
<opset="empty_89 "/>
</bind>
</comp>

<comp id="121" class="1005" name="trunc_ln3_reg_121">
<pin_list>
<pin id="122" dir="0" index="0" bw="7" slack="1"/>
<pin id="123" dir="1" index="1" bw="7" slack="1"/>
</pin_list>
<bind>
<opset="trunc_ln3 "/>
</bind>
</comp>

</comp_list>

<net_list>
<net id="48"><net_src comp="10" pin="0"/><net_sink comp="44" pin=0"/></net>

<net id="49"><net_src comp="4" pin="0"/><net_sink comp="44" pin=1"/></net>

<net id="58"><net_src comp="40" pin="0"/><net_sink comp="50" pin=0"/></net>

<net id="59"><net_src comp="0" pin="0"/><net_sink comp="50" pin=2"/></net>

<net id="60"><net_src comp="2" pin="0"/><net_sink comp="50" pin=3"/></net>

<net id="61"><net_src comp="6" pin="0"/><net_sink comp="50" pin=4"/></net>

<net id="62"><net_src comp="8" pin="0"/><net_sink comp="50" pin=5"/></net>

<net id="69"><net_src comp="42" pin="0"/><net_sink comp="63" pin=0"/></net>

<net id="70"><net_src comp="0" pin="0"/><net_sink comp="63" pin=2"/></net>

<net id="71"><net_src comp="2" pin="0"/><net_sink comp="63" pin=3"/></net>

<net id="75"><net_src comp="44" pin="2"/><net_sink comp="72" pin=0"/></net>

<net id="82"><net_src comp="26" pin="0"/><net_sink comp="76" pin=0"/></net>

<net id="83"><net_src comp="44" pin="2"/><net_sink comp="76" pin=1"/></net>

<net id="84"><net_src comp="28" pin="0"/><net_sink comp="76" pin=2"/></net>

<net id="85"><net_src comp="30" pin="0"/><net_sink comp="76" pin=3"/></net>

<net id="90"><net_src comp="76" pin="4"/><net_sink comp="86" pin=0"/></net>

<net id="91"><net_src comp="32" pin="0"/><net_sink comp="86" pin=1"/></net>

<net id="95"><net_src comp="44" pin="2"/><net_sink comp="92" pin=0"/></net>

<net id="96"><net_src comp="92" pin="1"/><net_sink comp="63" pin=1"/></net>

<net id="103"><net_src comp="34" pin="0"/><net_sink comp="97" pin=0"/></net>

<net id="104"><net_src comp="44" pin="2"/><net_sink comp="97" pin=1"/></net>

<net id="105"><net_src comp="36" pin="0"/><net_sink comp="97" pin=2"/></net>

<net id="106"><net_src comp="38" pin="0"/><net_sink comp="97" pin=3"/></net>

<net id="107"><net_src comp="97" pin="4"/><net_sink comp="50" pin=1"/></net>

<net id="111"><net_src comp="72" pin="1"/><net_sink comp="108" pin=0"/></net>

<net id="115"><net_src comp="86" pin="2"/><net_sink comp="112" pin=0"/></net>

<net id="119"><net_src comp="92" pin="1"/><net_sink comp="116" pin=0"/></net>

<net id="120"><net_src comp="116" pin="1"/><net_sink comp="63" pin=1"/></net>

<net id="124"><net_src comp="97" pin="4"/><net_sink comp="121" pin=0"/></net>

<net id="125"><net_src comp="121" pin="1"/><net_sink comp="50" pin=1"/></net>

</net_list>

</model> 
---------------- Datapath Model END ------------------

* FSMD analyzer results:
  - Output states:
	Port: OUT_r | {1 2 }
 - Input state : 
	Port: fft_stage.2.020 : IN_r | {1 2 }
	Port: fft_stage.2.020 : p_read | {1 }
	Port: fft_stage.2.020 : w_M_real38 | {1 2 }
	Port: fft_stage.2.020 : w_M_imag27 | {1 2 }
  - Chain level:
	State 1
		icmp_ln1069 : 1
		br_ln13 : 2
		call_ln18 : 1
		call_ln0 : 1
	State 2


============================================================
+ Verbose Summary: Datapath Resource usage 
============================================================

* Functional unit list:
|----------|----------------------------------------------------|---------|---------|---------|---------|
| Operation|                   Functional Unit                  |   DSP   |  Delay  |    FF   |   LUT   |
|----------|----------------------------------------------------|---------|---------|---------|---------|
|   call   |      grp_fft_stage_2_020_Pipeline_SKIP_X_fu_50     |    20   |  3.912  |   1555  |   1201  |
|          | grp_fft_stage_2_020_Pipeline_VITIS_LOOP_40_1_fu_63 |    0    |  0.978  |   147   |    43   |
|----------|----------------------------------------------------|---------|---------|---------|---------|
|   icmp   |                  icmp_ln1069_fu_86                 |    0    |    0    |    0    |    11   |
|----------|----------------------------------------------------|---------|---------|---------|---------|
|   read   |                p_read_11_read_fu_44                |    0    |    0    |    0    |    0    |
|----------|----------------------------------------------------|---------|---------|---------|---------|
|   trunc  |                     empty_fu_72                    |    0    |    0    |    0    |    0    |
|          |                   empty_89_fu_92                   |    0    |    0    |    0    |    0    |
|----------|----------------------------------------------------|---------|---------|---------|---------|
|partselect|                   trunc_ln_fu_76                   |    0    |    0    |    0    |    0    |
|          |                   trunc_ln3_fu_97                  |    0    |    0    |    0    |    0    |
|----------|----------------------------------------------------|---------|---------|---------|---------|
|   Total  |                                                    |    20   |   4.89  |   1702  |   1255  |
|----------|----------------------------------------------------|---------|---------|---------|---------|

Memories:
N/A

* Register list:
+-------------------+--------+
|                   |   FF   |
+-------------------+--------+
|  empty_89_reg_116 |    8   |
|   empty_reg_108   |   16   |
|icmp_ln1069_reg_112|    1   |
| trunc_ln3_reg_121 |    7   |
+-------------------+--------+
|       Total       |   32   |
+-------------------+--------+

* Multiplexer (MUX) list: 
|----------------------------------------------------|------|------|------|--------||---------||---------|
|                        Comp                        |  Pin | Size |  BW  | S x BW ||  Delay  ||   LUT   |
|----------------------------------------------------|------|------|------|--------||---------||---------|
|      grp_fft_stage_2_020_Pipeline_SKIP_X_fu_50     |  p1  |   2  |   7  |   14   ||    9    |
| grp_fft_stage_2_020_Pipeline_VITIS_LOOP_40_1_fu_63 |  p1  |   2  |   8  |   16   ||    9    |
|----------------------------------------------------|------|------|------|--------||---------||---------|
|                        Total                       |      |      |      |   30   ||  0.978  ||    18   |
|----------------------------------------------------|------|------|------|--------||---------||---------|



* Summary:
+-----------+--------+--------+--------+--------+
|           |   DSP  |  Delay |   FF   |   LUT  |
+-----------+--------+--------+--------+--------+
|  Function |   20   |    4   |  1702  |  1255  |
|   Memory  |    -   |    -   |    -   |    -   |
|Multiplexer|    -   |    0   |    -   |   18   |
|  Register |    -   |    -   |   32   |    -   |
+-----------+--------+--------+--------+--------+
|   Total   |   20   |    5   |  1734  |  1273  |
+-----------+--------+--------+--------+--------+
