

================================================================
== Vitis HLS Report for 'ifmap_gen_x'
================================================================
* Date:           Thu Oct 13 07:49:06 2022

* Version:        2021.1 (Build 3247384 on Thu Jun 10 19:36:07 MDT 2021)
* Project:        v4
* Solution:       solution1 (Vivado IP Flow Target)
* Product family: zynquplus
* Target device:  xczu7cg-fbvb900-1-i


================================================================
== Performance Estimates
================================================================
+ Timing: 
    * Summary: 
    +--------+---------+----------+------------+
    |  Clock |  Target | Estimated| Uncertainty|
    +--------+---------+----------+------------+
    |ap_clk  |  5.00 ns|  4.536 ns|     2.00 ns|
    +--------+---------+----------+------------+

+ Latency: 
    * Summary: 
    +---------+---------+-----------+----------+-----+-----+---------+
    |  Latency (cycles) |  Latency (absolute)  |  Interval | Pipeline|
    |   min   |   max   |    min    |    max   | min | max |   Type  |
    +---------+---------+-----------+----------+-----+-----+---------+
    |        2|      258|  10.000 ns|  1.290 us|    2|  258|       no|
    +---------+---------+-----------+----------+-----+-----+---------+

    + Detail: 
        * Instance: 
        N/A

        * Loop: 
        +-------------------------------------+---------+---------+----------+-----------+-----------+---------+----------+
        |                                     |  Latency (cycles) | Iteration|  Initiation Interval  |   Trip  |          |
        |              Loop Name              |   min   |   max   |  Latency |  achieved |   target  |  Count  | Pipelined|
        +-------------------------------------+---------+---------+----------+-----------+-----------+---------+----------+
        |- VITIS_LOOP_370_1_VITIS_LOOP_373_2  |        0|      256|         2|          1|          1|  0 ~ 256|       yes|
        +-------------------------------------+---------+---------+----------+-----------+-----------+---------+----------+

============================================================
+ Verbose Summary: Synthesis Manager
============================================================
InlineROM: 1
ExposeGlobal: 0
============================================================
+ Verbose Summary: CDFG Model
============================================================
IsTopModel: 0
ResetActiveHigh: 1
IsCombinational: 2
IsDatapathOnly: 0
HasWiredReturn: 1
HasMFsm: 2
HasVarLatency: 1
IsPipeline: 0
IsRtlPipelined: 0
IsInstanceOverlapped: 0
IsDontTouch: 0
HasImplIP: 0
IsGatedGlobalClock: 0

+ Individual pipeline summary: 
  * Pipeline-0: initiation interval (II) = 1, depth = 2


============================================================
+ Verbose Summary: Schedule
============================================================
* Number of FSM states : 2
* Pipeline : 1
  Pipeline-0 : II = 1, D = 2, States = { 1 2 }
* Dataflow Pipeline: 0

* FSM state transitions: 
1 --> 2 
2 --> 

* FSM state operations: 

State 1 <SV = 0> <Delay = 4.53>
ST_1 : Operation 5 [1/1] (0.00ns)   --->   "%x = alloca i32 1"   --->   Operation 5 'alloca' 'x' <Predicate = true> <Delay = 0.00>
ST_1 : Operation 6 [1/1] (0.00ns)   --->   "%y = alloca i32 1"   --->   Operation 6 'alloca' 'y' <Predicate = true> <Delay = 0.00>
ST_1 : Operation 7 [1/1] (0.00ns)   --->   "%indvar_flatten = alloca i32 1"   --->   Operation 7 'alloca' 'indvar_flatten' <Predicate = true> <Delay = 0.00>
ST_1 : Operation 8 [1/1] (0.00ns)   --->   "%specinterface_ln0 = specinterface void @_ssdm_op_SpecInterface, i32 %c_row_op_st, void @empty_17, i32 0, i32 0, void @empty_27, i32 0, i32 0, void @empty_27, void @empty_27, void @empty_27, i32 0, i32 0, i32 0, i32 0, void @empty_27, void @empty_27"   --->   Operation 8 'specinterface' 'specinterface_ln0' <Predicate = true> <Delay = 0.00>
ST_1 : Operation 9 [1/1] (0.00ns)   --->   "%p_read14 = read i8 @_ssdm_op_Read.ap_auto.i8, i8 %p_read" [src/main.cpp:365]   --->   Operation 9 'read' 'p_read14' <Predicate = true> <Delay = 0.00>
ST_1 : Operation 10 [1/1] (0.00ns)   --->   "%cast = zext i8 %p_read14" [src/main.cpp:365]   --->   Operation 10 'zext' 'cast' <Predicate = true> <Delay = 0.00>
ST_1 : Operation 11 [1/1] (2.17ns)   --->   "%bound = mul i16 %cast, i16 %cast" [src/main.cpp:365]   --->   Operation 11 'mul' 'bound' <Predicate = true> <Delay = 2.17> <CoreInst = "Multiplier">   --->   Core 3 'Multiplier' <Latency = 0> <II = 1> <Delay = 2.17> <FuncUnit> <Opcode : 'mul'> <InPorts = 2> <OutPorts = 1>
ST_1 : Operation 12 [1/1] (0.48ns)   --->   "%store_ln370 = store i16 0, i16 %indvar_flatten" [src/main.cpp:370]   --->   Operation 12 'store' 'store_ln370' <Predicate = true> <Delay = 0.48>
ST_1 : Operation 13 [1/1] (0.48ns)   --->   "%store_ln370 = store i8 0, i8 %y" [src/main.cpp:370]   --->   Operation 13 'store' 'store_ln370' <Predicate = true> <Delay = 0.48>
ST_1 : Operation 14 [1/1] (0.48ns)   --->   "%store_ln370 = store i8 0, i8 %x" [src/main.cpp:370]   --->   Operation 14 'store' 'store_ln370' <Predicate = true> <Delay = 0.48>
ST_1 : Operation 15 [1/1] (0.00ns)   --->   "%br_ln370 = br void" [src/main.cpp:370]   --->   Operation 15 'br' 'br_ln370' <Predicate = true> <Delay = 0.00>
ST_1 : Operation 16 [1/1] (0.00ns)   --->   "%indvar_flatten_load = load i16 %indvar_flatten"   --->   Operation 16 'load' 'indvar_flatten_load' <Predicate = true> <Delay = 0.00>
ST_1 : Operation 17 [1/1] (0.00ns)   --->   "%specpipeline_ln0 = specpipeline void @_ssdm_op_SpecPipeline, i32 4294967295, i32 0, i32 1, i32 0, void @p_str"   --->   Operation 17 'specpipeline' 'specpipeline_ln0' <Predicate = true> <Delay = 0.00>
ST_1 : Operation 18 [1/1] (0.86ns)   --->   "%icmp_ln1057 = icmp_eq  i16 %indvar_flatten_load, i16 %bound"   --->   Operation 18 'icmp' 'icmp_ln1057' <Predicate = true> <Delay = 0.86> <CoreInst = "Cmp">   --->   Core 9 'Cmp' <Latency = 0> <II = 1> <Delay = 0.85> <FuncUnit> <Opcode : 'icmp'> <InPorts = 2> <OutPorts = 1>
ST_1 : Operation 19 [1/1] (1.01ns)   --->   "%add_ln1057 = add i16 %indvar_flatten_load, i16 1"   --->   Operation 19 'add' 'add_ln1057' <Predicate = true> <Delay = 1.01> <CoreInst = "Adder">   --->   Core 1 'Adder' <Latency = 0> <II = 1> <Delay = 0.90> <FuncUnit> <Opcode : 'add' 'sub'> <InPorts = 2> <OutPorts = 1>
ST_1 : Operation 20 [1/1] (0.00ns)   --->   "%br_ln1057 = br i1 %icmp_ln1057, void %._crit_edge, void %._crit_edge7.loopexit"   --->   Operation 20 'br' 'br_ln1057' <Predicate = true> <Delay = 0.00>
ST_1 : Operation 21 [1/1] (0.00ns)   --->   "%x_load = load i8 %x"   --->   Operation 21 'load' 'x_load' <Predicate = (!icmp_ln1057)> <Delay = 0.00>
ST_1 : Operation 22 [1/1] (0.00ns)   --->   "%y_load = load i8 %y" [src/main.cpp:370]   --->   Operation 22 'load' 'y_load' <Predicate = (!icmp_ln1057)> <Delay = 0.00>
ST_1 : Operation 23 [1/1] (0.90ns)   --->   "%add_ln370 = add i8 %y_load, i8 1" [src/main.cpp:370]   --->   Operation 23 'add' 'add_ln370' <Predicate = (!icmp_ln1057)> <Delay = 0.90> <CoreInst = "Adder">   --->   Core 1 'Adder' <Latency = 0> <II = 1> <Delay = 0.90> <FuncUnit> <Opcode : 'add' 'sub'> <InPorts = 2> <OutPorts = 1>
ST_1 : Operation 24 [1/1] (0.85ns)   --->   "%icmp_ln1057_3 = icmp_eq  i8 %x_load, i8 %p_read14"   --->   Operation 24 'icmp' 'icmp_ln1057_3' <Predicate = (!icmp_ln1057)> <Delay = 0.85> <CoreInst = "Cmp">   --->   Core 9 'Cmp' <Latency = 0> <II = 1> <Delay = 0.85> <FuncUnit> <Opcode : 'icmp'> <InPorts = 2> <OutPorts = 1>
ST_1 : Operation 25 [1/1] (0.44ns)   --->   "%select_ln1057 = select i1 %icmp_ln1057_3, i8 0, i8 %x_load"   --->   Operation 25 'select' 'select_ln1057' <Predicate = (!icmp_ln1057)> <Delay = 0.44> <CoreInst = "Sel">   --->   Core 73 'Sel' <Latency = 0> <II = 1> <Delay = 0.44> <FuncUnit> <Opcode : 'select'> <InPorts = 3> <OutPorts = 1>
ST_1 : Operation 26 [1/1] (0.44ns)   --->   "%select_ln1057_1 = select i1 %icmp_ln1057_3, i8 %add_ln370, i8 %y_load"   --->   Operation 26 'select' 'select_ln1057_1' <Predicate = (!icmp_ln1057)> <Delay = 0.44> <CoreInst = "Sel">   --->   Core 73 'Sel' <Latency = 0> <II = 1> <Delay = 0.44> <FuncUnit> <Opcode : 'select'> <InPorts = 3> <OutPorts = 1>
ST_1 : Operation 27 [1/1] (0.00ns)   --->   "%trunc_ln376 = trunc i8 %select_ln1057_1" [src/main.cpp:376]   --->   Operation 27 'trunc' 'trunc_ln376' <Predicate = (!icmp_ln1057)> <Delay = 0.00>
ST_1 : Operation 28 [1/1] (0.00ns)   --->   "%tmp_cast = bitconcatenate i12 @_ssdm_op_BitConcatenate.i12.i6.i6, i6 %trunc_ln376, i6 0" [src/main.cpp:376]   --->   Operation 28 'bitconcatenate' 'tmp_cast' <Predicate = (!icmp_ln1057)> <Delay = 0.00>
ST_1 : Operation 29 [1/1] (0.00ns)   --->   "%zext_ln376 = zext i8 %select_ln1057" [src/main.cpp:376]   --->   Operation 29 'zext' 'zext_ln376' <Predicate = (!icmp_ln1057)> <Delay = 0.00>
ST_1 : Operation 30 [1/1] (0.96ns)   --->   "%add_ln376 = add i12 %tmp_cast, i12 %zext_ln376" [src/main.cpp:376]   --->   Operation 30 'add' 'add_ln376' <Predicate = (!icmp_ln1057)> <Delay = 0.96> <CoreInst = "Adder">   --->   Core 1 'Adder' <Latency = 0> <II = 1> <Delay = 0.90> <FuncUnit> <Opcode : 'add' 'sub'> <InPorts = 2> <OutPorts = 1>
ST_1 : Operation 31 [1/1] (1.50ns)   --->   "%c_row_op_st_read = read i32 @_ssdm_op_Read.ap_fifo.volatile.i32P0A, i32 %c_row_op_st" [/tools/Xilinx/Vitis_HLS/2021.1/common/technology/autopilot/hls_stream_39.h:145]   --->   Operation 31 'read' 'c_row_op_st_read' <Predicate = (!icmp_ln1057)> <Delay = 1.50> <CoreInst = "FIFO_SRL">   --->   Core 81 'FIFO_SRL' <Latency = 0> <II = 1> <Delay = 2.16> <Storage> <Opcode : 'read' 'write' 'nbread' 'nbwrite'> <Ports = 0> <Width = 32> <Depth = 2> <FIFO>
ST_1 : Operation 32 [1/1] (0.00ns)   --->   "%trunc_ln145 = trunc i32 %c_row_op_st_read" [/tools/Xilinx/Vitis_HLS/2021.1/common/technology/autopilot/hls_stream_39.h:145]   --->   Operation 32 'trunc' 'trunc_ln145' <Predicate = (!icmp_ln1057)> <Delay = 0.00>
ST_1 : Operation 33 [1/1] (0.00ns)   --->   "%trunc_ln145_3 = partselect i16 @_ssdm_op_PartSelect.i16.i32.i32.i32, i32 %c_row_op_st_read, i32 16, i32 31" [/tools/Xilinx/Vitis_HLS/2021.1/common/technology/autopilot/hls_stream_39.h:145]   --->   Operation 33 'partselect' 'trunc_ln145_3' <Predicate = (!icmp_ln1057)> <Delay = 0.00>
ST_1 : Operation 34 [1/1] (0.90ns)   --->   "%add_ln373 = add i8 %select_ln1057, i8 1" [src/main.cpp:373]   --->   Operation 34 'add' 'add_ln373' <Predicate = (!icmp_ln1057)> <Delay = 0.90> <CoreInst = "Adder">   --->   Core 1 'Adder' <Latency = 0> <II = 1> <Delay = 0.90> <FuncUnit> <Opcode : 'add' 'sub'> <InPorts = 2> <OutPorts = 1>
ST_1 : Operation 35 [1/1] (0.48ns)   --->   "%store_ln1057 = store i16 %add_ln1057, i16 %indvar_flatten"   --->   Operation 35 'store' 'store_ln1057' <Predicate = (!icmp_ln1057)> <Delay = 0.48>
ST_1 : Operation 36 [1/1] (0.48ns)   --->   "%store_ln1057 = store i8 %select_ln1057_1, i8 %y"   --->   Operation 36 'store' 'store_ln1057' <Predicate = (!icmp_ln1057)> <Delay = 0.48>
ST_1 : Operation 37 [1/1] (0.48ns)   --->   "%store_ln373 = store i8 %add_ln373, i8 %x" [src/main.cpp:373]   --->   Operation 37 'store' 'store_ln373' <Predicate = (!icmp_ln1057)> <Delay = 0.48>
ST_1 : Operation 50 [1/1] (0.00ns)   --->   "%ret_ln379 = ret i8 %p_read14" [src/main.cpp:379]   --->   Operation 50 'ret' 'ret_ln379' <Predicate = (icmp_ln1057)> <Delay = 0.00>

State 2 <SV = 1> <Delay = 1.35>
ST_2 : Operation 38 [1/1] (0.00ns)   --->   "%specloopname_ln0 = specloopname void @_ssdm_op_SpecLoopName, void @VITIS_LOOP_370_1_VITIS_LOOP_373_2_str"   --->   Operation 38 'specloopname' 'specloopname_ln0' <Predicate = true> <Delay = 0.00>
ST_2 : Operation 39 [1/1] (0.00ns)   --->   "%speclooptripcount_ln0 = speclooptripcount void @_ssdm_op_SpecLoopTripCount, i64 0, i64 256, i64 64"   --->   Operation 39 'speclooptripcount' 'speclooptripcount_ln0' <Predicate = true> <Delay = 0.00>
ST_2 : Operation 40 [1/1] (0.00ns)   --->   "%specpipeline_ln0 = specpipeline void @_ssdm_op_SpecPipeline, i32 4294967295, i32 0, i32 1, i32 0, void @p_str"   --->   Operation 40 'specpipeline' 'specpipeline_ln0' <Predicate = true> <Delay = 0.00>
ST_2 : Operation 41 [1/1] (0.00ns)   --->   "%zext_ln376_1 = zext i12 %add_ln376" [src/main.cpp:376]   --->   Operation 41 'zext' 'zext_ln376_1' <Predicate = true> <Delay = 0.00>
ST_2 : Operation 42 [1/1] (0.00ns)   --->   "%ifmap_CF_M_real_addr = getelementptr i16 %ifmap_CF_M_real, i64 0, i64 %zext_ln376_1" [src/main.cpp:376]   --->   Operation 42 'getelementptr' 'ifmap_CF_M_real_addr' <Predicate = true> <Delay = 0.00>
ST_2 : Operation 43 [1/1] (0.00ns)   --->   "%ifmap_CF_M_imag_addr = getelementptr i16 %ifmap_CF_M_imag, i64 0, i64 %zext_ln376_1" [src/main.cpp:376]   --->   Operation 43 'getelementptr' 'ifmap_CF_M_imag_addr' <Predicate = true> <Delay = 0.00>
ST_2 : Operation 44 [1/1] (0.00ns)   --->   "%specloopname_ln368 = specloopname void @_ssdm_op_SpecLoopName, void @empty_38" [src/main.cpp:368]   --->   Operation 44 'specloopname' 'specloopname_ln368' <Predicate = true> <Delay = 0.00>
ST_2 : Operation 45 [1/1] (0.00ns)   --->   "%bitcast_ln145 = bitcast i16 %trunc_ln145" [/tools/Xilinx/Vitis_HLS/2021.1/common/technology/autopilot/hls_stream_39.h:145]   --->   Operation 45 'bitcast' 'bitcast_ln145' <Predicate = true> <Delay = 0.00>
ST_2 : Operation 46 [1/1] (1.35ns)   --->   "%store_ln145 = store i16 %bitcast_ln145, i12 %ifmap_CF_M_real_addr" [/tools/Xilinx/Vitis_HLS/2021.1/common/technology/autopilot/hls_stream_39.h:145]   --->   Operation 46 'store' 'store_ln145' <Predicate = true> <Delay = 1.35> <CoreInst = "RAM">   --->   Core 83 'RAM' <Latency = 1> <II = 1> <Delay = 1.35> <Storage> <Opcode : 'load' 'store'> <Ports = 2> <Width = 16> <Depth = 4096> <RAM>
ST_2 : Operation 47 [1/1] (0.00ns)   --->   "%bitcast_ln145_1 = bitcast i16 %trunc_ln145_3" [/tools/Xilinx/Vitis_HLS/2021.1/common/technology/autopilot/hls_stream_39.h:145]   --->   Operation 47 'bitcast' 'bitcast_ln145_1' <Predicate = true> <Delay = 0.00>
ST_2 : Operation 48 [1/1] (1.35ns)   --->   "%store_ln145 = store i16 %bitcast_ln145_1, i12 %ifmap_CF_M_imag_addr" [/tools/Xilinx/Vitis_HLS/2021.1/common/technology/autopilot/hls_stream_39.h:145]   --->   Operation 48 'store' 'store_ln145' <Predicate = true> <Delay = 1.35> <CoreInst = "RAM">   --->   Core 83 'RAM' <Latency = 1> <II = 1> <Delay = 1.35> <Storage> <Opcode : 'load' 'store'> <Ports = 2> <Width = 16> <Depth = 4096> <RAM>
ST_2 : Operation 49 [1/1] (0.00ns)   --->   "%br_ln0 = br void"   --->   Operation 49 'br' 'br_ln0' <Predicate = true> <Delay = 0.00>


============================================================
+ Verbose Summary: Timing violations
============================================================
Target clock period: 5ns, clock uncertainty: 2ns.

 <State 1>: 4.54ns
The critical path consists of the following:
	'mul' operation ('bound', src/main.cpp:365) [11]  (2.17 ns)
	'icmp' operation ('icmp_ln1057') [19]  (0.866 ns)
	blocking operation 1.5 ns on control path)

 <State 2>: 1.35ns
The critical path consists of the following:
	'getelementptr' operation ('ifmap_CF_M_real_addr', src/main.cpp:376) [37]  (0 ns)
	'store' operation ('store_ln145', /tools/Xilinx/Vitis_HLS/2021.1/common/technology/autopilot/hls_stream_39.h:145) of variable 'bitcast_ln145', /tools/Xilinx/Vitis_HLS/2021.1/common/technology/autopilot/hls_stream_39.h:145 on array 'ifmap_CF_M_real' [43]  (1.35 ns)


============================================================
+ Verbose Summary: Binding
============================================================
N/A
* FSMD analyzer results:
  - Output states:
 - Input state : 
  - Chain level:
	State 1
	State 2


============================================================
+ Verbose Summary: Datapath Resource usage 
============================================================
N/A
