remark: /tools/Xilinx/Vitis_HLS/2022.2/common/technology/autopilot/hls_vector.h:142:5: Inlining function 'hls::vector<std::complex<half>, 4ul>::pragma() const' into 'hls::vector<std::complex<half>, 4ul>::operator[](unsigned long)'
remark: src/fft.cpp:96:17: Inlining function 'hls::vector<std::complex<half>, 4ul>::operator[](unsigned long)' into 'collect_input(hls::stream<hls::vector<std::complex<half>, 4ul>, 2>&, std::complex<half> (*) [64], ctrl1_t*)'
remark: src/fft.cpp:97:17: Inlining function 'hls::vector<std::complex<half>, 4ul>::operator[](unsigned long)' into 'collect_input(hls::stream<hls::vector<std::complex<half>, 4ul>, 2>&, std::complex<half> (*) [64], ctrl1_t*)'
remark: src/fft.cpp:98:19: Inlining function 'hls::vector<std::complex<half>, 4ul>::operator[](unsigned long)' into 'collect_input(hls::stream<hls::vector<std::complex<half>, 4ul>, 2>&, std::complex<half> (*) [64], ctrl1_t*)'
remark: src/fft.cpp:99:19: Inlining function 'hls::vector<std::complex<half>, 4ul>::operator[](unsigned long)' into 'collect_input(hls::stream<hls::vector<std::complex<half>, 4ul>, 2>&, std::complex<half> (*) [64], ctrl1_t*)'
remark: src/fft.cpp:100:19: Inlining function 'hls::vector<std::complex<half>, 4ul>::operator[](unsigned long)' into 'collect_input(hls::stream<hls::vector<std::complex<half>, 4ul>, 2>&, std::complex<half> (*) [64], ctrl1_t*)'
remark: src/fft.cpp:101:19: Inlining function 'hls::vector<std::complex<half>, 4ul>::operator[](unsigned long)' into 'collect_input(hls::stream<hls::vector<std::complex<half>, 4ul>, 2>&, std::complex<half> (*) [64], ctrl1_t*)'
remark: src/fft.cpp:102:19: Inlining function 'hls::vector<std::complex<half>, 4ul>::operator[](unsigned long)' into 'collect_input(hls::stream<hls::vector<std::complex<half>, 4ul>, 2>&, std::complex<half> (*) [64], ctrl1_t*)'
remark: src/fft.cpp:103:19: Inlining function 'hls::vector<std::complex<half>, 4ul>::operator[](unsigned long)' into 'collect_input(hls::stream<hls::vector<std::complex<half>, 4ul>, 2>&, std::complex<half> (*) [64], ctrl1_t*)'
remark: /tools/Xilinx/Vitis_HLS/2022.2/common/technology/autopilot/hls_vector.h:142:5: Inlining function 'hls::vector<std::complex<half>, 2ul>::pragma() const' into 'hls::vector<std::complex<half>, 2ul>::operator[](unsigned long)'
remark: src/fft.cpp:144:4: Inlining function 'hls::vector<std::complex<half>, 2ul>::operator[](unsigned long)' into 'push_out(std::complex<half> (*) [64], hls::stream<hls::vector<std::complex<half>, 2ul>, 0>&, ctrl1_t*, actp_t*)'
remark: src/fft.cpp:143:2: Inlining function 'hls::vector<std::complex<half>, 2ul>::operator[](unsigned long)' into 'push_out(std::complex<half> (*) [64], hls::stream<hls::vector<std::complex<half>, 2ul>, 0>&, ctrl1_t*, actp_t*)'
remark: src/fft.cpp:317:62: Inlining function 'hls::vector<std::complex<half>, 2ul>::operator[](unsigned long)' into 'buffer(hls::stream<hls::vector<std::complex<half>, 2ul>, 0>&, half (*) [256], half (*) [256], ctrl1_t, ctrl2_t, layer1_t, layer2_t, actp_t)'
remark: src/fft.cpp:316:62: Inlining function 'hls::vector<std::complex<half>, 2ul>::operator[](unsigned long)' into 'buffer(hls::stream<hls::vector<std::complex<half>, 2ul>, 0>&, half (*) [256], half (*) [256], ctrl1_t, ctrl2_t, layer1_t, layer2_t, actp_t)'
remark: src/fft.cpp:314:60: Inlining function 'hls::vector<std::complex<half>, 2ul>::operator[](unsigned long)' into 'buffer(hls::stream<hls::vector<std::complex<half>, 2ul>, 0>&, half (*) [256], half (*) [256], ctrl1_t, ctrl2_t, layer1_t, layer2_t, actp_t)'
remark: src/fft.cpp:315:60: Inlining function 'hls::vector<std::complex<half>, 2ul>::operator[](unsigned long)' into 'buffer(hls::stream<hls::vector<std::complex<half>, 2ul>, 0>&, half (*) [256], half (*) [256], ctrl1_t, ctrl2_t, layer1_t, layer2_t, actp_t)'
remark: /tools/Xilinx/Vitis_HLS/2022.2/common/technology/autopilot/hls_vector.h:142:5: Inlining function 'hls::vector<half, 8ul>::pragma() const' into 'hls::vector<half, 8ul>::operator[](unsigned long)'
remark: src/fft.cpp:291:5: Inlining function 'hls::vector<half, 8ul>::operator[](unsigned long)' into 'write(half (*) [256], half (*) [256], hls::vector<half, 8ul>*, hls::vector<half, 8ul>*, ctrl1_t, ctrl2_t, layer1_t, layer2_t, actp_t)'
remark: src/fft.cpp:278:5: Inlining function 'hls::vector<half, 8ul>::operator[](unsigned long)' into 'write(half (*) [256], half (*) [256], hls::vector<half, 8ul>*, hls::vector<half, 8ul>*, ctrl1_t, ctrl2_t, layer1_t, layer2_t, actp_t)'
remark: /tools/Xilinx/Vitis_HLS/2022.2/tps/lnx64/gcc-8.3.0/lib/gcc/x86_64-pc-linux-gnu/8.3.0/../../../../include/c++/8.3.0/array:94:12: Loop 'anonymous' is marked as complete unroll implied by the pipeline pragma
remark: /tools/Xilinx/Vitis_HLS/2022.2/tps/lnx64/gcc-8.3.0/lib/gcc/x86_64-pc-linux-gnu/8.3.0/../../../../include/c++/8.3.0/array:94:0: Unrolling loop 'anonymous' (/tools/Xilinx/Vitis_HLS/2022.2/tps/lnx64/gcc-8.3.0/lib/gcc/x86_64-pc-linux-gnu/8.3.0/../../../../include/c++/8.3.0/array:94:12) in function 'std::array<std::complex<half>, 4ul>::array' completely with a factor of 4
warning: src/fft.cpp:188:69: Duplicating function 'std::complex<half>::real[abi:cxx11]() const' as different function signatures were detected between this call site and other call site(s). This may impact the resources used in the design.
warning: src/fft.cpp:188:36: Duplicating function 'std::complex<half>::imag[abi:cxx11]() const' as different function signatures were detected between this call site and other call site(s). This may impact the resources used in the design.
warning: src/fft.cpp:174:13: Duplicating function 'std::complex<half>::complex(half const&, half const&) (.18)' as different function signatures were detected between this call site and other call site(s). This may impact the resources used in the design.
warning: src/fft.cpp:188:9: Duplicating function 'std::complex<half>::complex(half const&, half const&) (.18)' as different function signatures were detected between this call site and other call site(s). This may impact the resources used in the design.
warning: src/fft.cpp:196:20: Duplicating function 'std::complex<half>::complex(half const&, half const&) (.18)' as different function signatures were detected between this call site and other call site(s). This may impact the resources used in the design.
warning: src/fft.cpp:14:14: Duplicating function 'std::complex<half>::complex(half const&, half const&) (.18)' as different function signatures were detected between this call site and other call site(s). This may impact the resources used in the design.
warning: src/fft.cpp:14:17: Duplicating function 'std::complex<half>::complex(half const&, half const&) (.18)' as different function signatures were detected between this call site and other call site(s). This may impact the resources used in the design.
warning: src/fft.cpp:14:20: Duplicating function 'std::complex<half>::complex(half const&, half const&) (.18)' as different function signatures were detected between this call site and other call site(s). This may impact the resources used in the design.
warning: src/fft.cpp:14:23: Duplicating function 'std::complex<half>::complex(half const&, half const&) (.18)' as different function signatures were detected between this call site and other call site(s). This may impact the resources used in the design.
warning: src/fft.cpp:14:26: Duplicating function 'std::complex<half>::complex(half const&, half const&) (.18)' as different function signatures were detected between this call site and other call site(s). This may impact the resources used in the design.
warning: src/fft.cpp:14:29: Duplicating function 'std::complex<half>::complex(half const&, half const&) (.18)' as different function signatures were detected between this call site and other call site(s). This may impact the resources used in the design.
warning: src/fft.cpp:14:32: Duplicating function 'std::complex<half>::complex(half const&, half const&) (.18)' as different function signatures were detected between this call site and other call site(s). This may impact the resources used in the design.
warning: src/fft.cpp:14:36: Duplicating function 'std::complex<half>::complex(half const&, half const&) (.18)' as different function signatures were detected between this call site and other call site(s). This may impact the resources used in the design.
warning: src/fft.cpp:14:40: Duplicating function 'std::complex<half>::complex(half const&, half const&) (.18)' as different function signatures were detected between this call site and other call site(s). This may impact the resources used in the design.
warning: src/fft.cpp:14:44: Duplicating function 'std::complex<half>::complex(half const&, half const&) (.18)' as different function signatures were detected between this call site and other call site(s). This may impact the resources used in the design.
remark: /tools/Xilinx/Vitis_HLS/2022.2/common/technology/autopilot/hls_vector.h:100:0: Inlining function 'std::array<std::complex<half>, 4ul>::array()' into 'hls::vector<std::complex<half>, 4ul>::vector()'
remark: /tools/Xilinx/Vitis_HLS/2022.2/tps/lnx64/gcc-8.3.0/lib/gcc/x86_64-pc-linux-gnu/8.3.0/../../../../include/c++/8.3.0/array:186:0: Inlining function 'std::__array_traits<std::complex<half>, 4ul>::_S_ref(std::complex<half> const (&) [4], unsigned long)' into 'std::array<std::complex<half>, 4ul>::operator[](unsigned long)'
remark: /tools/Xilinx/Vitis_HLS/2022.2/common/technology/autopilot/hls_vector.h:100:0: Inlining function 'std::array<std::complex<half>, 4ul>::array() (.9.15)' into 'hls::vector<std::complex<half>, 4ul>::vector() (.3)'
remark: src/fft.cpp:83:0: Inlining function 'hls::vector<std::complex<half>, 4ul>::vector()' into 'collect_input(hls::stream<hls::vector<std::complex<half>, 4ul>, 2>&, std::complex<half> (*) [64], ctrl1_t*)'
remark: src/fft.cpp:83:0: Inlining function 'std::array<std::complex<half>, 4ul>::operator[](unsigned long)' into 'collect_input(hls::stream<hls::vector<std::complex<half>, 4ul>, 2>&, std::complex<half> (*) [64], ctrl1_t*)'
remark: src/fft.cpp:83:0: Inlining function 'hls::vector<std::complex<half>, 4ul>::vector() (.3)' into 'collect_input(hls::stream<hls::vector<std::complex<half>, 4ul>, 2>&, std::complex<half> (*) [64], ctrl1_t*)'
remark: src/fft.cpp:170:0: Inlining function 'act(half, actp_t*)' into 'pool(std::complex<half> (*) [64], std::complex<half> (*) [64], ctrl1_t*, actp_t*)'
remark: /tools/Xilinx/Vitis_HLS/2022.2/common/technology/autopilot/hls_vector.h:100:0: Inlining function 'std::array<std::complex<half>, 2ul>::array()' into 'hls::vector<std::complex<half>, 2ul>::vector()'
remark: /tools/Xilinx/Vitis_HLS/2022.2/tps/lnx64/gcc-8.3.0/lib/gcc/x86_64-pc-linux-gnu/8.3.0/../../../../include/c++/8.3.0/array:186:0: Inlining function 'std::__array_traits<std::complex<half>, 2ul>::_S_ref(std::complex<half> const (&) [2], unsigned long)' into 'std::array<std::complex<half>, 2ul>::operator[](unsigned long)'
remark: src/fft.cpp:131:0: Inlining function 'hls::vector<std::complex<half>, 2ul>::vector()' into 'push_out(std::complex<half> (*) [64], hls::stream<hls::vector<std::complex<half>, 2ul>, 0>&, ctrl1_t*, actp_t*)'
remark: src/fft.cpp:131:0: Inlining function 'std::array<std::complex<half>, 2ul>::operator[](unsigned long)' into 'push_out(std::complex<half> (*) [64], hls::stream<hls::vector<std::complex<half>, 2ul>, 0>&, ctrl1_t*, actp_t*)'
remark: /tools/Xilinx/Vitis_HLS/2022.2/common/technology/autopilot/hls_vector.h:100:0: Inlining function 'std::array<std::complex<half>, 2ul>::array() (.84.90)' into 'hls::vector<std::complex<half>, 2ul>::vector() (.76.81)'
remark: src/fft.cpp:301:0: Inlining function 'hls::vector<std::complex<half>, 2ul>::vector()' into 'buffer(hls::stream<hls::vector<std::complex<half>, 2ul>, 0>&, half (*) [256], half (*) [256], ctrl1_t, ctrl2_t, layer1_t, layer2_t, actp_t)'
remark: src/fft.cpp:301:0: Inlining function 'std::array<std::complex<half>, 2ul>::operator[](unsigned long)' into 'buffer(hls::stream<hls::vector<std::complex<half>, 2ul>, 0>&, half (*) [256], half (*) [256], ctrl1_t, ctrl2_t, layer1_t, layer2_t, actp_t)'
remark: src/fft.cpp:301:0: Inlining function 'hls::vector<std::complex<half>, 2ul>::vector() (.76.81)' into 'buffer(hls::stream<hls::vector<std::complex<half>, 2ul>, 0>&, half (*) [256], half (*) [256], ctrl1_t, ctrl2_t, layer1_t, layer2_t, actp_t)'
remark: /tools/Xilinx/Vitis_HLS/2022.2/tps/lnx64/gcc-8.3.0/lib/gcc/x86_64-pc-linux-gnu/8.3.0/../../../../include/c++/8.3.0/array:186:0: Inlining function 'std::__array_traits<half, 8ul>::_S_ref(half const (&) [8], unsigned long)' into 'std::array<half, 8ul>::operator[](unsigned long)'
remark: src/fft.cpp:265:0: Inlining function 'std::array<half, 8ul>::operator[](unsigned long)' into 'write(half (*) [256], half (*) [256], hls::vector<half, 8ul>*, hls::vector<half, 8ul>*, ctrl1_t, ctrl2_t, layer1_t, layer2_t, actp_t)'
remark: src/globals.hpp:29:0: Applying array_partition to '_ZL1w._M_imag': Complete partitioning on dimension 1.
remark: src/globals.hpp:29:0: Applying array_partition to '_ZL1w._M_real': Complete partitioning on dimension 1.
remark: src/fft.cpp:218:14: Applying array_partition to 'out_data_6': Cyclic partitioning with factor 2 on dimension 1. Cyclic partitioning with factor 2 on dimension 2.
remark: src/fft.cpp:328:11: Applying array_partition to 'buffer1': Cyclic partitioning with factor 2 on dimension 2.
remark: src/fft.cpp:329:11: Applying array_partition to 'buffer2': Cyclic partitioning with factor 2 on dimension 2.
remark: src/fft.cpp:245:32: Aggregating fifo (hls::stream) variable 'in_st' with compact=bit mode in 128-bits
remark: src/fft.cpp:369:23: Aggregating fifo (hls::stream) variable 'out_st' with compact=bit mode in 64-bits
remark: src/fft.cpp:212:13: Aggregating bram variable 'input_data' with compact=bit mode in 32-bits
remark: src/fft.cpp:213:14: Aggregating bram variable 'out_data_1' with compact=bit mode in 32-bits
remark: src/fft.cpp:214:14: Aggregating bram variable 'out_data_2' with compact=bit mode in 32-bits
remark: src/fft.cpp:215:14: Aggregating bram variable 'out_data_3' with compact=bit mode in 32-bits
remark: src/fft.cpp:216:14: Aggregating bram variable 'out_data_4' with compact=bit mode in 32-bits
remark: src/fft.cpp:217:14: Aggregating bram variable 'out_data_5' with compact=bit mode in 32-bits
remark: src/fft.cpp:219:14: Aggregating bram variable 'out_data_7' with compact=bit mode in 32-bits
remark: <unknown>:0:0: Aggregating maxi variable 'in' with compact=none mode in 128-bits
remark: <unknown>:0:0: Aggregating maxi variable 'out1' with compact=none mode in 128-bits
remark: <unknown>:0:0: Aggregating maxi variable 'out2' with compact=none mode in 128-bits
remark: src/fft.cpp:218:14: Aggregating bram variable 'out_data_6_0_0' with compact=bit mode in 32-bits
remark: src/fft.cpp:218:14: Aggregating bram variable 'out_data_6_0_1' with compact=bit mode in 32-bits
remark: src/fft.cpp:218:14: Aggregating bram variable 'out_data_6_1_0' with compact=bit mode in 32-bits
remark: src/fft.cpp:218:14: Aggregating bram variable 'out_data_6_1_1' with compact=bit mode in 32-bits
remark: src/fft.cpp:267:16: Aggregating scalar variable 'out_data' with compact=bit mode in 128-bits
remark: src/fft.cpp:303:18: Aggregating scalar variable 'in_data' with compact=bit mode in 64-bits
remark: src/fft.cpp:157:20: Sequential read of variable length has been inferred _XLX_SEP_ OldID=for.inc.load.10,  _XLX_SEP_ scevgepseq in gmem VITIS_LOOP_157_1 src/fft.cpp:157:20 rd_data(hls::vector<std::complex<half>, 4ul>*, hls::stream<hls::vector<std::complex<half>, 4ul>, 2>*, ctrl1_t*, int) 
remark: src/fft.cpp:273:20: Sequential write of variable length has been inferred _XLX_SEP_ OldID=for.inc14.store.36,  _XLX_SEP_ scevgepseq out1 gmem VITIS_LOOP_273_2 src/fft.cpp:273:20 write(half (*) [256], half (*) [256], hls::vector<half, 8ul>*, hls::vector<half, 8ul>*, ctrl1_t, ctrl2_t, layer1_t, layer2_t, actp_t) 
remark: src/fft.cpp:286:20: Sequential write of variable length has been inferred _XLX_SEP_ OldID=for.inc50.store.36,  _XLX_SEP_ scevgep3seq out2 gmem VITIS_LOOP_286_5 src/fft.cpp:286:20 write(half (*) [256], half (*) [256], hls::vector<half, 8ul>*, hls::vector<half, 8ul>*, ctrl1_t, ctrl2_t, layer1_t, layer2_t, actp_t) 
remark: src/fft.cpp:273:20: Could not analyze pattern _XLX_SEP_ scevgepseq out1 gmem VITIS_LOOP_270_1 src/fft.cpp:270:20 write(half (*) [256], half (*) [256], hls::vector<half, 8ul>*, hls::vector<half, 8ul>*, ctrl1_t, ctrl2_t, layer1_t, layer2_t, actp_t) 
remark: src/fft.cpp:286:20: Could not analyze pattern _XLX_SEP_ scevgep3seq out2 gmem VITIS_LOOP_283_4 src/fft.cpp:283:20 write(half (*) [256], half (*) [256], hls::vector<half, 8ul>*, hls::vector<half, 8ul>*, ctrl1_t, ctrl2_t, layer1_t, layer2_t, actp_t) 
remark: src/fft.cpp:157:20: Could not widen since type i128 size is greater than or equal to the max_widen_bitwidth threshold of 0 _XLX_SEP_ scevgepseq in gmem VITIS_LOOP_160_2 src/fft.cpp:160:20 rd_data(hls::vector<std::complex<half>, 4ul>*, hls::stream<hls::vector<std::complex<half>, 4ul>, 2>*, ctrl1_t*, int) 
remark: src/fft.cpp:286:20: Could not widen since type i128 size is greater than or equal to the max_widen_bitwidth threshold of 0 _XLX_SEP_ scevgep3seq out2 gmem VITIS_LOOP_286_5 src/fft.cpp:286:20 write(half (*) [256], half (*) [256], hls::vector<half, 8ul>*, hls::vector<half, 8ul>*, ctrl1_t, ctrl2_t, layer1_t, layer2_t, actp_t) 
remark: src/fft.cpp:273:20: Could not widen since type i128 size is greater than or equal to the max_widen_bitwidth threshold of 0 _XLX_SEP_ scevgepseq out1 gmem VITIS_LOOP_273_2 src/fft.cpp:273:20 write(half (*) [256], half (*) [256], hls::vector<half, 8ul>*, hls::vector<half, 8ul>*, ctrl1_t, ctrl2_t, layer1_t, layer2_t, actp_t) 
remark: src/fft.cpp:157:20: Multiple burst reads of variable length and bit width 128 has been inferred. These burst requests might be further partitioned into multiple requests during RTL generation, based on max_read_burst_length or max_write_burst_length settings. _XLX_SEP_ seq  gmem VITIS_LOOP_160_2 src/fft.cpp:160:20 rd_data(hls::vector<std::complex<half>, 4ul>*, hls::stream<hls::vector<std::complex<half>, 4ul>, 2>*, ctrl1_t*, int) (.1) 
remark: src/fft.cpp:157:20: Multiple burst reads of variable length and bit width 128 in loop 'VITIS_LOOP_160_2'(src/fft.cpp:160:20) has been inferred on bundle 'gmem'. These burst requests might be further partitioned into multiple requests during RTL generation, based on max_read_burst_length or max_write_burst_length settings.
remark: src/fft.cpp:273:20: Multiple burst writes of variable length and bit width 128 has been inferred. These burst requests might be further partitioned into multiple requests during RTL generation, based on max_read_burst_length or max_write_burst_length settings. _XLX_SEP_ seq  gmem VITIS_LOOP_273_2 src/fft.cpp:273:20 write(half (*) [256], half (*) [256], hls::vector<half, 8ul>*, hls::vector<half, 8ul>*, ctrl1_t, ctrl2_t, layer1_t, layer2_t, actp_t) (.1) 
remark: src/fft.cpp:273:20: Multiple burst writes of variable length and bit width 128 in loop 'VITIS_LOOP_273_2'(src/fft.cpp:273:20) has been inferred on bundle 'gmem'. These burst requests might be further partitioned into multiple requests during RTL generation, based on max_read_burst_length or max_write_burst_length settings.
remark: src/fft.cpp:286:20: Multiple burst writes of variable length and bit width 128 has been inferred. These burst requests might be further partitioned into multiple requests during RTL generation, based on max_read_burst_length or max_write_burst_length settings. _XLX_SEP_ seq1  gmem VITIS_LOOP_286_5 src/fft.cpp:286:20 write(half (*) [256], half (*) [256], hls::vector<half, 8ul>*, hls::vector<half, 8ul>*, ctrl1_t, ctrl2_t, layer1_t, layer2_t, actp_t) (.1) 
remark: src/fft.cpp:286:20: Multiple burst writes of variable length and bit width 128 in loop 'VITIS_LOOP_286_5'(src/fft.cpp:286:20) has been inferred on bundle 'gmem'. These burst requests might be further partitioned into multiple requests during RTL generation, based on max_read_burst_length or max_write_burst_length settings.
