

================================================================
== Vitis HLS Report for 'Block_entry6_proc'
================================================================
* Date:           Fri Dec  9 11:04:53 2022

* Version:        2022.2 (Build 3670227 on Oct 13 2022)
* Project:        v10
* Solution:       solution1 (Vivado IP Flow Target)
* Product family: zynquplus
* Target device:  xczu7cg-fbvb900-1-i


================================================================
== Performance Estimates
================================================================
+ Timing: 
    * Summary: 
    +--------+---------+----------+------------+
    |  Clock |  Target | Estimated| Uncertainty|
    +--------+---------+----------+------------+
    |ap_clk  |  5.00 ns|      0 ns|     2.00 ns|
    +--------+---------+----------+------------+

+ Latency: 
    * Summary: 
    +---------+---------+----------+----------+-----+-----+---------+
    |  Latency (cycles) |  Latency (absolute) |  Interval | Pipeline|
    |   min   |   max   |    min   |    max   | min | max |   Type  |
    +---------+---------+----------+----------+-----+-----+---------+
    |        0|        0|      0 ns|      0 ns|    0|    0|       no|
    +---------+---------+----------+----------+-----+-----+---------+

    + Detail: 
        * Instance: 
        N/A

        * Loop: 
        N/A

============================================================
+ Verbose Summary: Synthesis Manager
============================================================
InlineROM: 1
ExposeGlobal: 0
============================================================
+ Verbose Summary: CDFG Model
============================================================
IsTopModel: 0
ResetActiveHigh: 1
IsCombinational: 2
IsDatapathOnly: 0
HasWiredReturn: 1
HasMFsm: 0
HasVarLatency: 0
IsPipeline: 0
IsRtlPipelined: 0
IsInstanceOverlapped: 0
IsDontTouch: 0
HasImplIP: 0
IsGatedGlobalClock: 0


============================================================
+ Verbose Summary: Schedule
============================================================
* Number of FSM states : 1
* Pipeline : 0
* Dataflow Pipeline: 0

* FSM state transitions: 
1 --> 

* FSM state operations: 

State 1 <SV = 0> <Delay = 0.00>
ST_1 : Operation 2 [1/1] (0.00ns)   --->   "%ctrl1_regp_read = read i32 @_ssdm_op_Read.ap_auto.i32P0A, i32 %ctrl1_regp" [src/fft.cpp:372]   --->   Operation 2 'read' 'ctrl1_regp_read' <Predicate = true> <Delay = 0.00>
ST_1 : Operation 3 [1/1] (0.00ns)   --->   "%trunc_ln = partselect i8 @_ssdm_op_PartSelect.i8.i32.i32.i32, i32 %ctrl1_regp_read, i32 24, i32 31" [src/fft.cpp:372]   --->   Operation 3 'partselect' 'trunc_ln' <Predicate = true> <Delay = 0.00>
ST_1 : Operation 4 [1/1] (0.00ns)   --->   "%ctrl2_regp_read = read i32 @_ssdm_op_Read.ap_auto.i32P0A, i32 %ctrl2_regp" [src/fft.cpp:372]   --->   Operation 4 'read' 'ctrl2_regp_read' <Predicate = true> <Delay = 0.00>
ST_1 : Operation 5 [1/1] (0.00ns)   --->   "%trunc_ln372 = trunc i32 %ctrl2_regp_read" [src/fft.cpp:372]   --->   Operation 5 'trunc' 'trunc_ln372' <Predicate = true> <Delay = 0.00>
ST_1 : Operation 6 [1/1] (0.00ns)   --->   "%layer1_regp_read = read i32 @_ssdm_op_Read.ap_auto.i32P0A, i32 %layer1_regp" [src/fft.cpp:372]   --->   Operation 6 'read' 'layer1_regp_read' <Predicate = true> <Delay = 0.00>
ST_1 : Operation 7 [1/1] (0.00ns)   --->   "%trunc_ln372_2 = partselect i16 @_ssdm_op_PartSelect.i16.i32.i32.i32, i32 %layer1_regp_read, i32 16, i32 31" [src/fft.cpp:372]   --->   Operation 7 'partselect' 'trunc_ln372_2' <Predicate = true> <Delay = 0.00>
ST_1 : Operation 8 [1/1] (0.00ns)   --->   "%layer2_regp_read = read i32 @_ssdm_op_Read.ap_auto.i32P0A, i32 %layer2_regp" [src/fft.cpp:372]   --->   Operation 8 'read' 'layer2_regp_read' <Predicate = true> <Delay = 0.00>
ST_1 : Operation 9 [1/1] (0.00ns)   --->   "%trunc_ln372_3 = partselect i16 @_ssdm_op_PartSelect.i16.i32.i32.i32, i32 %layer2_regp_read, i32 16, i32 31" [src/fft.cpp:372]   --->   Operation 9 'partselect' 'trunc_ln372_3' <Predicate = true> <Delay = 0.00>
ST_1 : Operation 10 [1/1] (0.00ns)   --->   "%actp_regp_read = read i32 @_ssdm_op_Read.ap_auto.i32P0A, i32 %actp_regp" [src/fft.cpp:372]   --->   Operation 10 'read' 'actp_regp_read' <Predicate = true> <Delay = 0.00>
ST_1 : Operation 11 [1/1] (0.00ns)   --->   "%trunc_ln372_4 = partselect i8 @_ssdm_op_PartSelect.i8.i32.i32.i32, i32 %actp_regp_read, i32 24, i32 31" [src/fft.cpp:372]   --->   Operation 11 'partselect' 'trunc_ln372_4' <Predicate = true> <Delay = 0.00>
ST_1 : Operation 12 [1/1] (0.00ns)   --->   "%mrv = insertvalue i56 <undef>, i8 %trunc_ln" [src/fft.cpp:372]   --->   Operation 12 'insertvalue' 'mrv' <Predicate = true> <Delay = 0.00>
ST_1 : Operation 13 [1/1] (0.00ns)   --->   "%mrv_1 = insertvalue i56 %mrv, i8 %trunc_ln372" [src/fft.cpp:372]   --->   Operation 13 'insertvalue' 'mrv_1' <Predicate = true> <Delay = 0.00>
ST_1 : Operation 14 [1/1] (0.00ns)   --->   "%mrv_2 = insertvalue i56 %mrv_1, i16 %trunc_ln372_2" [src/fft.cpp:372]   --->   Operation 14 'insertvalue' 'mrv_2' <Predicate = true> <Delay = 0.00>
ST_1 : Operation 15 [1/1] (0.00ns)   --->   "%mrv_3 = insertvalue i56 %mrv_2, i16 %trunc_ln372_3" [src/fft.cpp:372]   --->   Operation 15 'insertvalue' 'mrv_3' <Predicate = true> <Delay = 0.00>
ST_1 : Operation 16 [1/1] (0.00ns)   --->   "%mrv_4 = insertvalue i56 %mrv_3, i8 %trunc_ln372_4" [src/fft.cpp:372]   --->   Operation 16 'insertvalue' 'mrv_4' <Predicate = true> <Delay = 0.00>
ST_1 : Operation 17 [1/1] (0.00ns)   --->   "%ret_ln372 = ret i56 %mrv_4" [src/fft.cpp:372]   --->   Operation 17 'ret' 'ret_ln372' <Predicate = true> <Delay = 0.00>


============================================================
+ Verbose Summary: Timing violations
============================================================
Target clock period: 5ns, clock uncertainty: 2ns.

 <State 1>: 0ns
The critical path consists of the following:


============================================================
+ Verbose Summary: Binding
============================================================
N/A
* FSMD analyzer results:
  - Output states:
 - Input state : 
  - Chain level:
	State 1


============================================================
+ Verbose Summary: Datapath Resource usage 
============================================================
N/A
