

================================================================
== Vitis HLS Report for 'entry_proc20'
================================================================
* Date:           Fri Dec  9 11:05:04 2022

* Version:        2022.2 (Build 3670227 on Oct 13 2022)
* Project:        v10
* Solution:       solution1 (Vivado IP Flow Target)
* Product family: zynquplus
* Target device:  xczu7cg-fbvb900-1-i


================================================================
== Performance Estimates
================================================================
+ Timing: 
    * Summary: 
    +--------+---------+----------+------------+
    |  Clock |  Target | Estimated| Uncertainty|
    +--------+---------+----------+------------+
    |ap_clk  |  5.00 ns|  1.500 ns|     2.00 ns|
    +--------+---------+----------+------------+

+ Latency: 
    * Summary: 
    +---------+---------+----------+----------+-----+-----+---------+
    |  Latency (cycles) |  Latency (absolute) |  Interval | Pipeline|
    |   min   |   max   |    min   |    max   | min | max |   Type  |
    +---------+---------+----------+----------+-----+-----+---------+
    |        0|        0|      0 ns|      0 ns|    0|    0|       no|
    +---------+---------+----------+----------+-----+-----+---------+

    + Detail: 
        * Instance: 
        N/A

        * Loop: 
        N/A



================================================================
== Utilization Estimates
================================================================
* Summary: 
+-----------------+---------+------+--------+--------+-----+
|       Name      | BRAM_18K|  DSP |   FF   |   LUT  | URAM|
+-----------------+---------+------+--------+--------+-----+
|DSP              |        -|     -|       -|       -|    -|
|Expression       |        -|     -|       0|       2|    -|
|FIFO             |        -|     -|       -|       -|    -|
|Instance         |        -|     -|       -|       -|    -|
|Memory           |        -|     -|       -|       -|    -|
|Multiplexer      |        -|     -|       -|      18|    -|
|Register         |        -|     -|       2|       -|    -|
+-----------------+---------+------+--------+--------+-----+
|Total            |        0|     0|       2|      20|    0|
+-----------------+---------+------+--------+--------+-----+
|Available        |      624|  1728|  460800|  230400|   96|
+-----------------+---------+------+--------+--------+-----+
|Utilization (%)  |        0|     0|      ~0|      ~0|    0|
+-----------------+---------+------+--------+--------+-----+

+ Detail: 
    * Instance: 
    N/A

    * DSP: 
    N/A

    * Memory: 
    N/A

    * FIFO: 
    N/A

    * Expression: 
    +-----------------+----------+----+---+----+------------+------------+
    |  Variable Name  | Operation| DSP| FF| LUT| Bitwidth P0| Bitwidth P1|
    +-----------------+----------+----+---+----+------------+------------+
    |ap_block_state1  |        or|   0|  0|   2|           1|           1|
    +-----------------+----------+----+---+----+------------+------------+
    |Total            |          |   0|  0|   2|           1|           1|
    +-----------------+----------+----+---+----+------------+------------+

    * Multiplexer: 
    +--------------------+----+-----------+-----+-----------+
    |        Name        | LUT| Input Size| Bits| Total Bits|
    +--------------------+----+-----------+-----+-----------+
    |actp_regp_c9_blk_n  |   9|          2|    1|          2|
    |ap_done             |   9|          2|    1|          2|
    +--------------------+----+-----------+-----+-----------+
    |Total               |  18|          4|    2|          4|
    +--------------------+----+-----------+-----+-----------+

    * Register: 
    +-------------+---+----+-----+-----------+
    |     Name    | FF| LUT| Bits| Const Bits|
    +-------------+---+----+-----+-----------+
    |ap_CS_fsm    |  1|   0|    1|          0|
    |ap_done_reg  |  1|   0|    1|          0|
    +-------------+---+----+-----+-----------+
    |Total        |  2|   0|    2|          0|
    +-------------+---+----+-----+-----------+



================================================================
== Interface
================================================================
* Summary: 
+-----------------------------+-----+-----+------------+--------------+--------------+
|          RTL Ports          | Dir | Bits|  Protocol  | Source Object|    C Type    |
+-----------------------------+-----+-----+------------+--------------+--------------+
|ap_clk                       |   in|    1|  ap_ctrl_hs|  entry_proc20|  return value|
|ap_rst                       |   in|    1|  ap_ctrl_hs|  entry_proc20|  return value|
|ap_start                     |   in|    1|  ap_ctrl_hs|  entry_proc20|  return value|
|ap_done                      |  out|    1|  ap_ctrl_hs|  entry_proc20|  return value|
|ap_continue                  |   in|    1|  ap_ctrl_hs|  entry_proc20|  return value|
|ap_idle                      |  out|    1|  ap_ctrl_hs|  entry_proc20|  return value|
|ap_ready                     |  out|    1|  ap_ctrl_hs|  entry_proc20|  return value|
|actp_regp                    |   in|   32|     ap_none|     actp_regp|       pointer|
|actp_regp_c9_din             |  out|   32|     ap_fifo|  actp_regp_c9|       pointer|
|actp_regp_c9_num_data_valid  |   in|    5|     ap_fifo|  actp_regp_c9|       pointer|
|actp_regp_c9_fifo_cap        |   in|    5|     ap_fifo|  actp_regp_c9|       pointer|
|actp_regp_c9_full_n          |   in|    1|     ap_fifo|  actp_regp_c9|       pointer|
|actp_regp_c9_write           |  out|    1|     ap_fifo|  actp_regp_c9|       pointer|
+-----------------------------+-----+-----+------------+--------------+--------------+

============================================================
+ Verbose Summary: Synthesis Manager
============================================================
InlineROM: 1
ExposeGlobal: 0
============================================================
+ Verbose Summary: CDFG Model
============================================================
IsTopModel: 0
ResetActiveHigh: 1
IsCombinational: 2
IsDatapathOnly: 0
HasWiredReturn: 1
HasMFsm: 0
HasVarLatency: 0
IsPipeline: 0
IsRtlPipelined: 0
IsInstanceOverlapped: 0
IsDontTouch: 0
HasImplIP: 0
IsGatedGlobalClock: 0


============================================================
+ Verbose Summary: Schedule
============================================================
* Number of FSM states : 1
* Pipeline : 0
* Dataflow Pipeline: 0

* FSM state transitions: 
1 --> 

* FSM state operations: 

State 1 <SV = 0> <Delay = 1.50>
ST_1 : Operation 2 [1/1] (0.00ns)   --->   "%specinterface_ln0 = specinterface void @_ssdm_op_SpecInterface, i32 %actp_regp_c9, void @ap_fifo_str, i32 0, i32 0, void @p_str, i32 0, i32 0, void @p_str, void @p_str, void @p_str, i32 2, i32 2, i32 16, i32 16, void @p_str, void @ScalarProp_str, i32 4294967295, i32 0"   --->   Operation 2 'specinterface' 'specinterface_ln0' <Predicate = true> <Delay = 0.00>
ST_1 : Operation 3 [1/1] (0.00ns)   --->   "%actp_regp_read = read i32 @_ssdm_op_Read.ap_auto.i32P0A, i32 %actp_regp"   --->   Operation 3 'read' 'actp_regp_read' <Predicate = true> <Delay = 0.00>
ST_1 : Operation 4 [1/1] (1.50ns)   --->   "%write_ln0 = write void @_ssdm_op_Write.ap_fifo.i32P0A, i32 %actp_regp_c9, i32 %actp_regp_read"   --->   Operation 4 'write' 'write_ln0' <Predicate = true> <Delay = 1.50> <CoreInst = "FIFO_SRL">   --->   Core 81 'FIFO_SRL' <Latency = 0> <II = 1> <Delay = 2.16> <Storage> <Opcode : 'read' 'write' 'nbread' 'nbwrite'> <Ports = 0> <Width = 32> <Depth = 10> <FIFO>
ST_1 : Operation 5 [1/1] (0.00ns)   --->   "%ret_ln0 = ret"   --->   Operation 5 'ret' 'ret_ln0' <Predicate = true> <Delay = 0.00>


============================================================
+ Verbose Summary: Binding
============================================================
STG Binding: 
---------------- STG Properties BEGIN ----------------
- Is combinational: 0
- Is one-state seq: 1
- Is datapath-only: 0
- Is pipelined: 0
- Is top level: 0
Port [ Return ] is wired: 1; IO mode=ap_ctrl_hs:ce=0
Port [ actp_regp]:  wired=1; compound=0; hidden=0; nouse=0; global=0; static=0; extern=0; dir=0; type=0; pingpong=0; private_global=0; IO mode=ap_none:ce=0
Port [ actp_regp_c9]:  wired=1; compound=1; hidden=0; nouse=0; global=0; static=0; extern=0; dir=1; type=3; pingpong=0; private_global=0; IO mode=ap_fifo:ce=0
---------------- STG Properties END ------------------

---------------- Datapath Model BEGIN ----------------

<LifeTime>
<method=bitvector/>
specinterface_ln0 (specinterface) [ 00]
actp_regp_read    (read         ) [ 00]
write_ln0         (write        ) [ 00]
ret_ln0           (ret          ) [ 00]
</LifeTime>

<model>

<comp_list>
<comp id="0" class="1000" name="actp_regp">
<pin_list>
<pin id="1" dir="1" index="0" bw="1" slack="0"/>
</pin_list>
<bind>
<StgValue><ssdm name="actp_regp"/></StgValue>
</bind>
</comp>

<comp id="2" class="1000" name="actp_regp_c9">
<pin_list>
<pin id="3" dir="1" index="0" bw="1" slack="0"/>
</pin_list>
<bind>
<StgValue><ssdm name="actp_regp_c9"/></StgValue>
</bind>
</comp>

<comp id="4" class="1001" name="const_4">
<pin_list>
<pin id="5" dir="1" index="0" bw="1" slack="2147483647"/>
</pin_list>
<bind>
<StgValue><ssdm name="_ssdm_op_SpecInterface"/></StgValue>
</bind>
</comp>

<comp id="6" class="1001" name="const_6">
<pin_list>
<pin id="7" dir="1" index="0" bw="1" slack="2147483647"/>
</pin_list>
<bind>
<StgValue><ssdm name="ap_fifo_str"/></StgValue>
</bind>
</comp>

<comp id="8" class="1001" name="const_8">
<pin_list>
<pin id="9" dir="1" index="0" bw="1" slack="2147483647"/>
</pin_list>
<bind>
<StgValue><ssdm name=""/></StgValue>
</bind>
</comp>

<comp id="10" class="1001" name="const_10">
<pin_list>
<pin id="11" dir="1" index="0" bw="1" slack="2147483647"/>
</pin_list>
<bind>
<StgValue><ssdm name="p_str"/></StgValue>
</bind>
</comp>

<comp id="12" class="1001" name="const_12">
<pin_list>
<pin id="13" dir="1" index="0" bw="1" slack="2147483647"/>
</pin_list>
<bind>
<StgValue><ssdm name=""/></StgValue>
</bind>
</comp>

<comp id="14" class="1001" name="const_14">
<pin_list>
<pin id="15" dir="1" index="0" bw="1" slack="2147483647"/>
</pin_list>
<bind>
<StgValue><ssdm name=""/></StgValue>
</bind>
</comp>

<comp id="16" class="1001" name="const_16">
<pin_list>
<pin id="17" dir="1" index="0" bw="1" slack="2147483647"/>
</pin_list>
<bind>
<StgValue><ssdm name="ScalarProp_str"/></StgValue>
</bind>
</comp>

<comp id="18" class="1001" name="const_18">
<pin_list>
<pin id="19" dir="1" index="0" bw="1" slack="2147483647"/>
</pin_list>
<bind>
<StgValue><ssdm name=""/></StgValue>
</bind>
</comp>

<comp id="20" class="1001" name="const_20">
<pin_list>
<pin id="21" dir="1" index="0" bw="1" slack="0"/>
</pin_list>
<bind>
<StgValue><ssdm name="_ssdm_op_Read.ap_auto.i32P0A"/></StgValue>
</bind>
</comp>

<comp id="22" class="1001" name="const_22">
<pin_list>
<pin id="23" dir="1" index="0" bw="1" slack="0"/>
</pin_list>
<bind>
<StgValue><ssdm name="_ssdm_op_Write.ap_fifo.i32P0A"/></StgValue>
</bind>
</comp>

<comp id="24" class="1004" name="actp_regp_read_read_fu_24">
<pin_list>
<pin id="25" dir="0" index="0" bw="32" slack="0"/>
<pin id="26" dir="0" index="1" bw="32" slack="0"/>
<pin id="27" dir="1" index="2" bw="32" slack="0"/>
</pin_list>
<bind>
<opcode="read(1150) " fcode="read"/>
<opset="actp_regp_read/1 "/>
</bind>
</comp>

<comp id="30" class="1004" name="write_ln0_write_fu_30">
<pin_list>
<pin id="31" dir="0" index="0" bw="0" slack="0"/>
<pin id="32" dir="0" index="1" bw="32" slack="0"/>
<pin id="33" dir="0" index="2" bw="32" slack="0"/>
<pin id="34" dir="1" index="3" bw="0" slack="2147483647"/>
</pin_list>
<bind>
<opcode="write(1151) " fcode="write"/>
<opset="write_ln0/1 "/>
</bind>
</comp>

</comp_list>

<net_list>
<net id="28"><net_src comp="20" pin="0"/><net_sink comp="24" pin=0"/></net>

<net id="29"><net_src comp="0" pin="0"/><net_sink comp="24" pin=1"/></net>

<net id="35"><net_src comp="22" pin="0"/><net_sink comp="30" pin=0"/></net>

<net id="36"><net_src comp="2" pin="0"/><net_sink comp="30" pin=1"/></net>

<net id="37"><net_src comp="24" pin="2"/><net_sink comp="30" pin=2"/></net>

</net_list>

</model> 
---------------- Datapath Model END ------------------

* FSMD analyzer results:
  - Output states:
	Port: actp_regp | {}
	Port: actp_regp_c9 | {1 }
 - Input state : 
	Port: entry_proc20 : actp_regp | {1 }
	Port: entry_proc20 : actp_regp_c9 | {}
  - Chain level:
	State 1


============================================================
+ Verbose Summary: Datapath Resource usage 
============================================================

* Functional unit list:
|----------|---------------------------|
| Operation|      Functional Unit      |
|----------|---------------------------|
|   read   | actp_regp_read_read_fu_24 |
|----------|---------------------------|
|   write  |   write_ln0_write_fu_30   |
|----------|---------------------------|
|   Total  |                           |
|----------|---------------------------|

Memories:
N/A

* Register list:
N/A

* Multiplexer (MUX) list: 
|--------|------|------|------|--------|
|  Comp  |  Pin | Size |  BW  | S x BW |
|--------|------|------|------|--------|
|  Total |      |      |      |    0   |
|--------|------|------|------|--------|



* Summary:
+-----------+
|           |
+-----------+
|  Function |
|   Memory  |
|Multiplexer|
|  Register |
+-----------+
|   Total   |
+-----------+
