/home/shine/Documents/research/fft_story/hls/inv_fft/v10/v10/solution1/.autopilot/db/fft.pp.0.cpp:36472:7: warning: Added loop label VITIS_LOOP_1211_1:   [xilinx-label-all-loops]
      for (i = 0; i < __N - 1; ++i) {
      ^~~
      VITIS_LOOP_1211_1: 
/home/shine/Documents/research/fft_story/hls/inv_fft/v10/v10/solution1/.autopilot/db/fft.pp.0.cpp:36472:7: note: FIX-IT applied suggested code changes
/home/shine/Documents/research/fft_story/hls/inv_fft/v10/v10/solution1/.autopilot/db/fft.pp.0.cpp:37446:5: warning: Added loop label VITIS_LOOP_676_1:   [xilinx-label-all-loops]
    for (unsigned i = low; i != high; ++i) {
    ^~~
    VITIS_LOOP_676_1: 
/home/shine/Documents/research/fft_story/hls/inv_fft/v10/v10/solution1/.autopilot/db/fft.pp.0.cpp:37446:5: note: FIX-IT applied suggested code changes
/home/shine/Documents/research/fft_story/hls/inv_fft/v10/v10/solution1/.autopilot/db/fft.pp.0.cpp:37460:5: warning: Added loop label VITIS_LOOP_690_1:   [xilinx-label-all-loops]
    for (unsigned i = low; i != high; ++i) {
    ^~~
    VITIS_LOOP_690_1: 
/home/shine/Documents/research/fft_story/hls/inv_fft/v10/v10/solution1/.autopilot/db/fft.pp.0.cpp:37460:5: note: FIX-IT applied suggested code changes
/home/shine/Documents/research/fft_story/hls/inv_fft/v10/v10/solution1/.autopilot/db/fft.pp.0.cpp:37474:5: warning: Added loop label VITIS_LOOP_704_1:   [xilinx-label-all-loops]
    for (unsigned i = low; i != high; ++i) {
    ^~~
    VITIS_LOOP_704_1: 
/home/shine/Documents/research/fft_story/hls/inv_fft/v10/v10/solution1/.autopilot/db/fft.pp.0.cpp:37474:5: note: FIX-IT applied suggested code changes
/home/shine/Documents/research/fft_story/hls/inv_fft/v10/v10/solution1/.autopilot/db/fft.pp.0.cpp:39085:7: warning: Added loop label VITIS_LOOP_1245_1:   [xilinx-label-all-loops]
      for (i = 0; i < __N - 1; ++i) {
      ^~~
      VITIS_LOOP_1245_1: 
/home/shine/Documents/research/fft_story/hls/inv_fft/v10/v10/solution1/.autopilot/db/fft.pp.0.cpp:39085:7: note: FIX-IT applied suggested code changes
/home/shine/Documents/research/fft_story/hls/inv_fft/v10/v10/solution1/.autopilot/db/fft.pp.0.cpp:42120:5: warning: Added loop label VITIS_LOOP_118_1:   [xilinx-label-all-loops]
    for (size_t i = 0; i < N; ++i) {
    ^~~
    VITIS_LOOP_118_1: 
/home/shine/Documents/research/fft_story/hls/inv_fft/v10/v10/solution1/.autopilot/db/fft.pp.0.cpp:42120:5: note: FIX-IT applied suggested code changes
/home/shine/Documents/research/fft_story/hls/inv_fft/v10/v10/solution1/.autopilot/db/fft.pp.0.cpp:42136:5: warning: Added loop label VITIS_LOOP_134_1:   [xilinx-label-all-loops]
    for (size_t i = 0; i < N; ++i) {
    ^~~
    VITIS_LOOP_134_1: 
/home/shine/Documents/research/fft_story/hls/inv_fft/v10/v10/solution1/.autopilot/db/fft.pp.0.cpp:42136:5: note: FIX-IT applied suggested code changes
/home/shine/Documents/research/fft_story/hls/inv_fft/v10/v10/solution1/.autopilot/db/fft.pp.0.cpp:42152:75: warning: Added loop label VITIS_LOOP_160_1:   [xilinx-label-all-loops]
  inline __attribute__((always_inline)) vector &operator ++() { pragma(); for (size_t i = 0; i < N; ++i) {
                                                                          ^~~
                                                                          VITIS_LOOP_160_1: 
/home/shine/Documents/research/fft_story/hls/inv_fft/v10/v10/solution1/.autopilot/db/fft.pp.0.cpp:42152:75: note: FIX-IT applied suggested code changes
/home/shine/Documents/research/fft_story/hls/inv_fft/v10/v10/solution1/.autopilot/db/fft.pp.0.cpp:42157:75: warning: Added loop label VITIS_LOOP_161_1:   [xilinx-label-all-loops]
  inline __attribute__((always_inline)) vector &operator --() { pragma(); for (size_t i = 0; i < N; ++i) {
                                                                          ^~~
                                                                          VITIS_LOOP_161_1: 
/home/shine/Documents/research/fft_story/hls/inv_fft/v10/v10/solution1/.autopilot/db/fft.pp.0.cpp:42157:75: note: FIX-IT applied suggested code changes
/home/shine/Documents/research/fft_story/hls/inv_fft/v10/v10/solution1/.autopilot/db/fft.pp.0.cpp:42166:106: warning: Added loop label VITIS_LOOP_189_1:   [xilinx-label-all-loops]
  inline __attribute__((always_inline)) vector &operator +=(const vector &rhs) { pragma(); rhs.pragma(); for (size_t i = 0; i < N; ++i) {
                                                                                                         ^~~
                                                                                                         VITIS_LOOP_189_1: 
/home/shine/Documents/research/fft_story/hls/inv_fft/v10/v10/solution1/.autopilot/db/fft.pp.0.cpp:42166:106: note: FIX-IT applied suggested code changes
/home/shine/Documents/research/fft_story/hls/inv_fft/v10/v10/solution1/.autopilot/db/fft.pp.0.cpp:42171:106: warning: Added loop label VITIS_LOOP_190_1:   [xilinx-label-all-loops]
  inline __attribute__((always_inline)) vector &operator -=(const vector &rhs) { pragma(); rhs.pragma(); for (size_t i = 0; i < N; ++i) {
                                                                                                         ^~~
                                                                                                         VITIS_LOOP_190_1: 
/home/shine/Documents/research/fft_story/hls/inv_fft/v10/v10/solution1/.autopilot/db/fft.pp.0.cpp:42171:106: note: FIX-IT applied suggested code changes
/home/shine/Documents/research/fft_story/hls/inv_fft/v10/v10/solution1/.autopilot/db/fft.pp.0.cpp:42176:106: warning: Added loop label VITIS_LOOP_191_1:   [xilinx-label-all-loops]
  inline __attribute__((always_inline)) vector &operator *=(const vector &rhs) { pragma(); rhs.pragma(); for (size_t i = 0; i < N; ++i) {
                                                                                                         ^~~
                                                                                                         VITIS_LOOP_191_1: 
/home/shine/Documents/research/fft_story/hls/inv_fft/v10/v10/solution1/.autopilot/db/fft.pp.0.cpp:42176:106: note: FIX-IT applied suggested code changes
/home/shine/Documents/research/fft_story/hls/inv_fft/v10/v10/solution1/.autopilot/db/fft.pp.0.cpp:42181:106: warning: Added loop label VITIS_LOOP_192_1:   [xilinx-label-all-loops]
  inline __attribute__((always_inline)) vector &operator /=(const vector &rhs) { pragma(); rhs.pragma(); for (size_t i = 0; i < N; ++i) {
                                                                                                         ^~~
                                                                                                         VITIS_LOOP_192_1: 
/home/shine/Documents/research/fft_story/hls/inv_fft/v10/v10/solution1/.autopilot/db/fft.pp.0.cpp:42181:106: note: FIX-IT applied suggested code changes
/home/shine/Documents/research/fft_story/hls/inv_fft/v10/v10/solution1/.autopilot/db/fft.pp.0.cpp:42186:106: warning: Added loop label VITIS_LOOP_193_1:   [xilinx-label-all-loops]
  inline __attribute__((always_inline)) vector &operator %=(const vector &rhs) { pragma(); rhs.pragma(); for (size_t i = 0; i < N; ++i) {
                                                                                                         ^~~
                                                                                                         VITIS_LOOP_193_1: 
/home/shine/Documents/research/fft_story/hls/inv_fft/v10/v10/solution1/.autopilot/db/fft.pp.0.cpp:42186:106: note: FIX-IT applied suggested code changes
/home/shine/Documents/research/fft_story/hls/inv_fft/v10/v10/solution1/.autopilot/db/fft.pp.0.cpp:42191:106: warning: Added loop label VITIS_LOOP_194_1:   [xilinx-label-all-loops]
  inline __attribute__((always_inline)) vector &operator &=(const vector &rhs) { pragma(); rhs.pragma(); for (size_t i = 0; i < N; ++i) {
                                                                                                         ^~~
                                                                                                         VITIS_LOOP_194_1: 
/home/shine/Documents/research/fft_story/hls/inv_fft/v10/v10/solution1/.autopilot/db/fft.pp.0.cpp:42191:106: note: FIX-IT applied suggested code changes
/home/shine/Documents/research/fft_story/hls/inv_fft/v10/v10/solution1/.autopilot/db/fft.pp.0.cpp:42196:106: warning: Added loop label VITIS_LOOP_195_1:   [xilinx-label-all-loops]
  inline __attribute__((always_inline)) vector &operator |=(const vector &rhs) { pragma(); rhs.pragma(); for (size_t i = 0; i < N; ++i) {
                                                                                                         ^~~
                                                                                                         VITIS_LOOP_195_1: 
/home/shine/Documents/research/fft_story/hls/inv_fft/v10/v10/solution1/.autopilot/db/fft.pp.0.cpp:42196:106: note: FIX-IT applied suggested code changes
/home/shine/Documents/research/fft_story/hls/inv_fft/v10/v10/solution1/.autopilot/db/fft.pp.0.cpp:42201:106: warning: Added loop label VITIS_LOOP_196_1:   [xilinx-label-all-loops]
  inline __attribute__((always_inline)) vector &operator ^=(const vector &rhs) { pragma(); rhs.pragma(); for (size_t i = 0; i < N; ++i) {
                                                                                                         ^~~
                                                                                                         VITIS_LOOP_196_1: 
/home/shine/Documents/research/fft_story/hls/inv_fft/v10/v10/solution1/.autopilot/db/fft.pp.0.cpp:42201:106: note: FIX-IT applied suggested code changes
/home/shine/Documents/research/fft_story/hls/inv_fft/v10/v10/solution1/.autopilot/db/fft.pp.0.cpp:42206:107: warning: Added loop label VITIS_LOOP_197_1:   [xilinx-label-all-loops]
  inline __attribute__((always_inline)) vector &operator <<=(const vector &rhs) { pragma(); rhs.pragma(); for (size_t i = 0; i < N; ++i) {
                                                                                                          ^~~
                                                                                                          VITIS_LOOP_197_1: 
/home/shine/Documents/research/fft_story/hls/inv_fft/v10/v10/solution1/.autopilot/db/fft.pp.0.cpp:42206:107: note: FIX-IT applied suggested code changes
/home/shine/Documents/research/fft_story/hls/inv_fft/v10/v10/solution1/.autopilot/db/fft.pp.0.cpp:42211:107: warning: Added loop label VITIS_LOOP_198_1:   [xilinx-label-all-loops]
  inline __attribute__((always_inline)) vector &operator >>=(const vector &rhs) { pragma(); rhs.pragma(); for (size_t i = 0; i < N; ++i) {
                                                                                                          ^~~
                                                                                                          VITIS_LOOP_198_1: 
/home/shine/Documents/research/fft_story/hls/inv_fft/v10/v10/solution1/.autopilot/db/fft.pp.0.cpp:42211:107: note: FIX-IT applied suggested code changes
/home/shine/Documents/research/fft_story/hls/inv_fft/v10/v10/solution1/.autopilot/db/fft.pp.0.cpp:42217:91: warning: Added loop label VITIS_LOOP_213_1:   [xilinx-label-all-loops]
  inline __attribute__((always_inline)) T reduce_add() const { pragma(); T res = data[0]; for (size_t i = 1; i < N; ++i) {
                                                                                          ^~~
                                                                                          VITIS_LOOP_213_1: 
/home/shine/Documents/research/fft_story/hls/inv_fft/v10/v10/solution1/.autopilot/db/fft.pp.0.cpp:42217:91: note: FIX-IT applied suggested code changes
/home/shine/Documents/research/fft_story/hls/inv_fft/v10/v10/solution1/.autopilot/db/fft.pp.0.cpp:42222:92: warning: Added loop label VITIS_LOOP_214_1:   [xilinx-label-all-loops]
  inline __attribute__((always_inline)) T reduce_mult() const { pragma(); T res = data[0]; for (size_t i = 1; i < N; ++i) {
                                                                                           ^~~
                                                                                           VITIS_LOOP_214_1: 
/home/shine/Documents/research/fft_story/hls/inv_fft/v10/v10/solution1/.autopilot/db/fft.pp.0.cpp:42222:92: note: FIX-IT applied suggested code changes
/home/shine/Documents/research/fft_story/hls/inv_fft/v10/v10/solution1/.autopilot/db/fft.pp.0.cpp:42227:91: warning: Added loop label VITIS_LOOP_215_1:   [xilinx-label-all-loops]
  inline __attribute__((always_inline)) T reduce_and() const { pragma(); T res = data[0]; for (size_t i = 1; i < N; ++i) {
                                                                                          ^~~
                                                                                          VITIS_LOOP_215_1: 
/home/shine/Documents/research/fft_story/hls/inv_fft/v10/v10/solution1/.autopilot/db/fft.pp.0.cpp:42227:91: note: FIX-IT applied suggested code changes
/home/shine/Documents/research/fft_story/hls/inv_fft/v10/v10/solution1/.autopilot/db/fft.pp.0.cpp:42232:90: warning: Added loop label VITIS_LOOP_216_1:   [xilinx-label-all-loops]
  inline __attribute__((always_inline)) T reduce_or() const { pragma(); T res = data[0]; for (size_t i = 1; i < N; ++i) {
                                                                                         ^~~
                                                                                         VITIS_LOOP_216_1: 
/home/shine/Documents/research/fft_story/hls/inv_fft/v10/v10/solution1/.autopilot/db/fft.pp.0.cpp:42232:90: note: FIX-IT applied suggested code changes
/home/shine/Documents/research/fft_story/hls/inv_fft/v10/v10/solution1/.autopilot/db/fft.pp.0.cpp:42237:91: warning: Added loop label VITIS_LOOP_217_1:   [xilinx-label-all-loops]
  inline __attribute__((always_inline)) T reduce_xor() const { pragma(); T res = data[0]; for (size_t i = 1; i < N; ++i) {
                                                                                          ^~~
                                                                                          VITIS_LOOP_217_1: 
/home/shine/Documents/research/fft_story/hls/inv_fft/v10/v10/solution1/.autopilot/db/fft.pp.0.cpp:42237:91: note: FIX-IT applied suggested code changes
/home/shine/Documents/research/fft_story/hls/inv_fft/v10/v10/solution1/.autopilot/db/fft.pp.0.cpp:42243:132: warning: Added loop label VITIS_LOOP_247_1:   [xilinx-label-all-loops]
  inline __attribute__((always_inline)) friend bool operator <(const vector &lhs, const vector &rhs) { lhs.pragma(); rhs.pragma(); for (size_t i = 0; i < N; ++i) {
                                                                                                                                   ^~~
                                                                                                                                   VITIS_LOOP_247_1: 
/home/shine/Documents/research/fft_story/hls/inv_fft/v10/v10/solution1/.autopilot/db/fft.pp.0.cpp:42243:132: note: FIX-IT applied suggested code changes
/home/shine/Documents/research/fft_story/hls/inv_fft/v10/v10/solution1/.autopilot/db/fft.pp.0.cpp:42248:133: warning: Added loop label VITIS_LOOP_248_1:   [xilinx-label-all-loops]
  inline __attribute__((always_inline)) friend bool operator <=(const vector &lhs, const vector &rhs) { lhs.pragma(); rhs.pragma(); for (size_t i = 0; i < N; ++i) {
                                                                                                                                    ^~~
                                                                                                                                    VITIS_LOOP_248_1: 
/home/shine/Documents/research/fft_story/hls/inv_fft/v10/v10/solution1/.autopilot/db/fft.pp.0.cpp:42248:133: note: FIX-IT applied suggested code changes
/home/shine/Documents/research/fft_story/hls/inv_fft/v10/v10/solution1/.autopilot/db/fft.pp.0.cpp:42253:133: warning: Added loop label VITIS_LOOP_249_1:   [xilinx-label-all-loops]
  inline __attribute__((always_inline)) friend bool operator ==(const vector &lhs, const vector &rhs) { lhs.pragma(); rhs.pragma(); for (size_t i = 0; i < N; ++i) {
                                                                                                                                    ^~~
                                                                                                                                    VITIS_LOOP_249_1: 
/home/shine/Documents/research/fft_story/hls/inv_fft/v10/v10/solution1/.autopilot/db/fft.pp.0.cpp:42253:133: note: FIX-IT applied suggested code changes
/home/shine/Documents/research/fft_story/hls/inv_fft/v10/v10/solution1/.autopilot/db/fft.pp.0.cpp:42258:133: warning: Added loop label VITIS_LOOP_250_1:   [xilinx-label-all-loops]
  inline __attribute__((always_inline)) friend bool operator !=(const vector &lhs, const vector &rhs) { lhs.pragma(); rhs.pragma(); for (size_t i = 0; i < N; ++i) {
                                                                                                                                    ^~~
                                                                                                                                    VITIS_LOOP_250_1: 
/home/shine/Documents/research/fft_story/hls/inv_fft/v10/v10/solution1/.autopilot/db/fft.pp.0.cpp:42258:133: note: FIX-IT applied suggested code changes
/home/shine/Documents/research/fft_story/hls/inv_fft/v10/v10/solution1/.autopilot/db/fft.pp.0.cpp:42263:133: warning: Added loop label VITIS_LOOP_251_1:   [xilinx-label-all-loops]
  inline __attribute__((always_inline)) friend bool operator >=(const vector &lhs, const vector &rhs) { lhs.pragma(); rhs.pragma(); for (size_t i = 0; i < N; ++i) {
                                                                                                                                    ^~~
                                                                                                                                    VITIS_LOOP_251_1: 
/home/shine/Documents/research/fft_story/hls/inv_fft/v10/v10/solution1/.autopilot/db/fft.pp.0.cpp:42263:133: note: FIX-IT applied suggested code changes
/home/shine/Documents/research/fft_story/hls/inv_fft/v10/v10/solution1/.autopilot/db/fft.pp.0.cpp:42268:132: warning: Added loop label VITIS_LOOP_252_1:   [xilinx-label-all-loops]
  inline __attribute__((always_inline)) friend bool operator >(const vector &lhs, const vector &rhs) { lhs.pragma(); rhs.pragma(); for (size_t i = 0; i < N; ++i) {
                                                                                                                                   ^~~
                                                                                                                                   VITIS_LOOP_252_1: 
/home/shine/Documents/research/fft_story/hls/inv_fft/v10/v10/solution1/.autopilot/db/fft.pp.0.cpp:42268:132: note: FIX-IT applied suggested code changes
/home/shine/Documents/research/fft_story/hls/inv_fft/v10/v10/solution1/.autopilot/db/fft.pp.0.cpp:45720:72: error: Invalid Directive: for current device, ROM_1P + LUTRAM is invalid combination for BIND_STORAGE's option 'type + impl' [clang-diagnostic-error]
#pragma HLS BIND_STORAGE variable=fourth_order_double::sin_cos_K0 type=ROM_1P impl=LUTRAM
                                                                       ^
/home/shine/Documents/research/fft_story/hls/inv_fft/v10/v10/solution1/.autopilot/db/fft.pp.0.cpp:45721:72: error: Invalid Directive: for current device, ROM_1P + LUTRAM is invalid combination for BIND_STORAGE's option 'type + impl' [clang-diagnostic-error]
#pragma HLS BIND_STORAGE variable=fourth_order_double::sin_cos_K1 type=ROM_1P impl=LUTRAM
                                                                       ^
/home/shine/Documents/research/fft_story/hls/inv_fft/v10/v10/solution1/.autopilot/db/fft.pp.0.cpp:45722:72: error: Invalid Directive: for current device, ROM_1P + LUTRAM is invalid combination for BIND_STORAGE's option 'type + impl' [clang-diagnostic-error]
#pragma HLS BIND_STORAGE variable=fourth_order_double::sin_cos_K2 type=ROM_1P impl=LUTRAM
                                                                       ^
/home/shine/Documents/research/fft_story/hls/inv_fft/v10/v10/solution1/.autopilot/db/fft.pp.0.cpp:45723:72: error: Invalid Directive: for current device, ROM_1P + LUTRAM is invalid combination for BIND_STORAGE's option 'type + impl' [clang-diagnostic-error]
#pragma HLS BIND_STORAGE variable=fourth_order_double::sin_cos_K3 type=ROM_1P impl=LUTRAM
                                                                       ^
/home/shine/Documents/research/fft_story/hls/inv_fft/v10/v10/solution1/.autopilot/db/fft.pp.0.cpp:45724:72: error: Invalid Directive: for current device, ROM_1P + LUTRAM is invalid combination for BIND_STORAGE's option 'type + impl' [clang-diagnostic-error]
#pragma HLS BIND_STORAGE variable=fourth_order_double::sin_cos_K4 type=ROM_1P impl=LUTRAM
                                                                       ^
/home/shine/Documents/research/fft_story/hls/inv_fft/v10/v10/solution1/.autopilot/db/fft.pp.0.cpp:45754:68: error: Invalid Directive: for current device, ROM_1P + LUTRAM is invalid combination for BIND_STORAGE's option 'type + impl' [clang-diagnostic-error]
#pragma HLS BIND_STORAGE variable=fourth_order_double::cos_K0 type=ROM_1P impl=LUTRAM
                                                                   ^
/home/shine/Documents/research/fft_story/hls/inv_fft/v10/v10/solution1/.autopilot/db/fft.pp.0.cpp:45755:68: error: Invalid Directive: for current device, ROM_1P + LUTRAM is invalid combination for BIND_STORAGE's option 'type + impl' [clang-diagnostic-error]
#pragma HLS BIND_STORAGE variable=fourth_order_double::cos_K1 type=ROM_1P impl=LUTRAM
                                                                   ^
/home/shine/Documents/research/fft_story/hls/inv_fft/v10/v10/solution1/.autopilot/db/fft.pp.0.cpp:45756:68: error: Invalid Directive: for current device, ROM_1P + LUTRAM is invalid combination for BIND_STORAGE's option 'type + impl' [clang-diagnostic-error]
#pragma HLS BIND_STORAGE variable=fourth_order_double::cos_K2 type=ROM_1P impl=LUTRAM
                                                                   ^
/home/shine/Documents/research/fft_story/hls/inv_fft/v10/v10/solution1/.autopilot/db/fft.pp.0.cpp:45757:68: error: Invalid Directive: for current device, ROM_1P + LUTRAM is invalid combination for BIND_STORAGE's option 'type + impl' [clang-diagnostic-error]
#pragma HLS BIND_STORAGE variable=fourth_order_double::cos_K3 type=ROM_1P impl=LUTRAM
                                                                   ^
/home/shine/Documents/research/fft_story/hls/inv_fft/v10/v10/solution1/.autopilot/db/fft.pp.0.cpp:45758:68: error: Invalid Directive: for current device, ROM_1P + LUTRAM is invalid combination for BIND_STORAGE's option 'type + impl' [clang-diagnostic-error]
#pragma HLS BIND_STORAGE variable=fourth_order_double::cos_K4 type=ROM_1P impl=LUTRAM
                                                                   ^
/home/shine/Documents/research/fft_story/hls/inv_fft/v10/v10/solution1/.autopilot/db/fft.pp.0.cpp:45759:68: error: Invalid Directive: for current device, ROM_1P + LUTRAM is invalid combination for BIND_STORAGE's option 'type + impl' [clang-diagnostic-error]
#pragma HLS BIND_STORAGE variable=fourth_order_double::sin_K0 type=ROM_1P impl=LUTRAM
                                                                   ^
/home/shine/Documents/research/fft_story/hls/inv_fft/v10/v10/solution1/.autopilot/db/fft.pp.0.cpp:45760:68: error: Invalid Directive: for current device, ROM_1P + LUTRAM is invalid combination for BIND_STORAGE's option 'type + impl' [clang-diagnostic-error]
#pragma HLS BIND_STORAGE variable=fourth_order_double::sin_K1 type=ROM_1P impl=LUTRAM
                                                                   ^
/home/shine/Documents/research/fft_story/hls/inv_fft/v10/v10/solution1/.autopilot/db/fft.pp.0.cpp:45761:68: error: Invalid Directive: for current device, ROM_1P + LUTRAM is invalid combination for BIND_STORAGE's option 'type + impl' [clang-diagnostic-error]
#pragma HLS BIND_STORAGE variable=fourth_order_double::sin_K2 type=ROM_1P impl=LUTRAM
                                                                   ^
/home/shine/Documents/research/fft_story/hls/inv_fft/v10/v10/solution1/.autopilot/db/fft.pp.0.cpp:45762:68: error: Invalid Directive: for current device, ROM_1P + LUTRAM is invalid combination for BIND_STORAGE's option 'type + impl' [clang-diagnostic-error]
#pragma HLS BIND_STORAGE variable=fourth_order_double::sin_K3 type=ROM_1P impl=LUTRAM
                                                                   ^
/home/shine/Documents/research/fft_story/hls/inv_fft/v10/v10/solution1/.autopilot/db/fft.pp.0.cpp:45763:68: error: Invalid Directive: for current device, ROM_1P + LUTRAM is invalid combination for BIND_STORAGE's option 'type + impl' [clang-diagnostic-error]
#pragma HLS BIND_STORAGE variable=fourth_order_double::sin_K4 type=ROM_1P impl=LUTRAM
                                                                   ^
/home/shine/Documents/research/fft_story/hls/inv_fft/v10/v10/solution1/.autopilot/db/fft.pp.0.cpp:45813:71: error: Invalid Directive: for current device, ROM_1P + LUTRAM is invalid combination for BIND_STORAGE's option 'type + impl' [clang-diagnostic-error]
#pragma HLS BIND_STORAGE variable=second_order_float::sin_cos_K0 type=ROM_1P impl=LUTRAM
                                                                      ^
/home/shine/Documents/research/fft_story/hls/inv_fft/v10/v10/solution1/.autopilot/db/fft.pp.0.cpp:45814:71: error: Invalid Directive: for current device, ROM_1P + LUTRAM is invalid combination for BIND_STORAGE's option 'type + impl' [clang-diagnostic-error]
#pragma HLS BIND_STORAGE variable=second_order_float::sin_cos_K1 type=ROM_1P impl=LUTRAM
                                                                      ^
/home/shine/Documents/research/fft_story/hls/inv_fft/v10/v10/solution1/.autopilot/db/fft.pp.0.cpp:45815:71: error: Invalid Directive: for current device, ROM_1P + LUTRAM is invalid combination for BIND_STORAGE's option 'type + impl' [clang-diagnostic-error]
#pragma HLS BIND_STORAGE variable=second_order_float::sin_cos_K2 type=ROM_1P impl=LUTRAM
                                                                      ^
/home/shine/Documents/research/fft_story/hls/inv_fft/v10/v10/solution1/.autopilot/db/fft.pp.0.cpp:45842:67: error: Invalid Directive: for current device, ROM_1P + LUTRAM is invalid combination for BIND_STORAGE's option 'type + impl' [clang-diagnostic-error]
#pragma HLS BIND_STORAGE variable=second_order_float::cos_K0 type=ROM_1P impl=LUTRAM
                                                                  ^
/home/shine/Documents/research/fft_story/hls/inv_fft/v10/v10/solution1/.autopilot/db/fft.pp.0.cpp:45843:67: error: Invalid Directive: for current device, ROM_1P + LUTRAM is invalid combination for BIND_STORAGE's option 'type + impl' [clang-diagnostic-error]
#pragma HLS BIND_STORAGE variable=second_order_float::cos_K1 type=ROM_1P impl=LUTRAM
                                                                  ^
/home/shine/Documents/research/fft_story/hls/inv_fft/v10/v10/solution1/.autopilot/db/fft.pp.0.cpp:45844:67: error: Invalid Directive: for current device, ROM_1P + LUTRAM is invalid combination for BIND_STORAGE's option 'type + impl' [clang-diagnostic-error]
#pragma HLS BIND_STORAGE variable=second_order_float::cos_K2 type=ROM_1P impl=LUTRAM
                                                                  ^
/home/shine/Documents/research/fft_story/hls/inv_fft/v10/v10/solution1/.autopilot/db/fft.pp.0.cpp:45845:67: error: Invalid Directive: for current device, ROM_1P + LUTRAM is invalid combination for BIND_STORAGE's option 'type + impl' [clang-diagnostic-error]
#pragma HLS BIND_STORAGE variable=second_order_float::sin_K0 type=ROM_1P impl=LUTRAM
                                                                  ^
/home/shine/Documents/research/fft_story/hls/inv_fft/v10/v10/solution1/.autopilot/db/fft.pp.0.cpp:45846:67: error: Invalid Directive: for current device, ROM_1P + LUTRAM is invalid combination for BIND_STORAGE's option 'type + impl' [clang-diagnostic-error]
#pragma HLS BIND_STORAGE variable=second_order_float::sin_K1 type=ROM_1P impl=LUTRAM
                                                                  ^
/home/shine/Documents/research/fft_story/hls/inv_fft/v10/v10/solution1/.autopilot/db/fft.pp.0.cpp:45847:67: error: Invalid Directive: for current device, ROM_1P + LUTRAM is invalid combination for BIND_STORAGE's option 'type + impl' [clang-diagnostic-error]
#pragma HLS BIND_STORAGE variable=second_order_float::sin_K2 type=ROM_1P impl=LUTRAM
                                                                  ^
/home/shine/Documents/research/fft_story/hls/inv_fft/v10/v10/solution1/.autopilot/db/fft.pp.0.cpp:45883:73: error: Invalid Directive: for current device, ROM_1P + LUTRAM is invalid combination for BIND_STORAGE's option 'type + impl' [clang-diagnostic-error]
#pragma HLS BIND_STORAGE variable=first_order_fixed_16::sin_cos_K0 type=ROM_1P impl=LUTRAM
                                                                        ^
/home/shine/Documents/research/fft_story/hls/inv_fft/v10/v10/solution1/.autopilot/db/fft.pp.0.cpp:45884:73: error: Invalid Directive: for current device, ROM_1P + LUTRAM is invalid combination for BIND_STORAGE's option 'type + impl' [clang-diagnostic-error]
#pragma HLS BIND_STORAGE variable=first_order_fixed_16::sin_cos_K1 type=ROM_1P impl=LUTRAM
                                                                        ^
/home/shine/Documents/research/fft_story/hls/inv_fft/v10/v10/solution1/.autopilot/db/fft.pp.0.cpp:46158:5: warning: Added loop label VITIS_LOOP_87_1:   [xilinx-label-all-loops]
    for (int n=0; n<Nmax; n++){
    ^~~
    VITIS_LOOP_87_1: 
/home/shine/Documents/research/fft_story/hls/inv_fft/v10/v10/solution1/.autopilot/db/fft.pp.0.cpp:46158:5: note: FIX-IT applied suggested code changes
/home/shine/Documents/research/fft_story/hls/inv_fft/v10/v10/solution1/.autopilot/db/fft.pp.0.cpp:46204:5: warning: Added loop label VITIS_LOOP_143_1:   [xilinx-label-all-loops]
    for (int n=0; n<Nmax; n++){
    ^~~
    VITIS_LOOP_143_1: 
/home/shine/Documents/research/fft_story/hls/inv_fft/v10/v10/solution1/.autopilot/db/fft.pp.0.cpp:46204:5: note: FIX-IT applied suggested code changes
/home/shine/Documents/research/fft_story/hls/inv_fft/v10/v10/solution1/.autopilot/db/fft.pp.0.cpp:46367:9: warning: Added loop label VITIS_LOOP_315_1:   [xilinx-label-all-loops]
        for(int i=0;i<W-1;i++){
        ^~~
        VITIS_LOOP_315_1: 
/home/shine/Documents/research/fft_story/hls/inv_fft/v10/v10/solution1/.autopilot/db/fft.pp.0.cpp:46367:9: note: FIX-IT applied suggested code changes
/home/shine/Documents/research/fft_story/hls/inv_fft/v10/v10/solution1/.autopilot/db/fft.pp.0.cpp:46519:9: warning: Added loop label VITIS_LOOP_475_1:   [xilinx-label-all-loops]
        for(int i=0;i<W-1;i++){
        ^~~
        VITIS_LOOP_475_1: 
/home/shine/Documents/research/fft_story/hls/inv_fft/v10/v10/solution1/.autopilot/db/fft.pp.0.cpp:46519:9: note: FIX-IT applied suggested code changes
/home/shine/Documents/research/fft_story/hls/inv_fft/v10/v10/solution1/.autopilot/db/fft.pp.0.cpp:46699:5: warning: Added loop label VITIS_LOOP_655_1:   [xilinx-label-all-loops]
    for(int i=0;i<W+1;i++){
    ^~~
    VITIS_LOOP_655_1: 
/home/shine/Documents/research/fft_story/hls/inv_fft/v10/v10/solution1/.autopilot/db/fft.pp.0.cpp:46699:5: note: FIX-IT applied suggested code changes
/home/shine/Documents/research/fft_story/hls/inv_fft/v10/v10/solution1/.autopilot/db/fft.pp.0.cpp:46703:5: warning: Added loop label VITIS_LOOP_659_2:   [xilinx-label-all-loops]
    for(int i=0;i<W+1;i++){
    ^~~
    VITIS_LOOP_659_2: 
/home/shine/Documents/research/fft_story/hls/inv_fft/v10/v10/solution1/.autopilot/db/fft.pp.0.cpp:46703:5: note: FIX-IT applied suggested code changes
/home/shine/Documents/research/fft_story/hls/inv_fft/v10/v10/solution1/.autopilot/db/fft.pp.0.cpp:46813:5: warning: Added loop label VITIS_LOOP_769_1:   [xilinx-label-all-loops]
    for (int n=0; n<Nmax; n++){
    ^~~
    VITIS_LOOP_769_1: 
/home/shine/Documents/research/fft_story/hls/inv_fft/v10/v10/solution1/.autopilot/db/fft.pp.0.cpp:46813:5: note: FIX-IT applied suggested code changes
/home/shine/Documents/research/fft_story/hls/inv_fft/v10/v10/solution1/.autopilot/db/fft.pp.0.cpp:46903:7: warning: Added loop label VITIS_LOOP_866_1:   [xilinx-label-all-loops]
      for(int i=0;i<W-1;i++){
      ^~~
      VITIS_LOOP_866_1: 
/home/shine/Documents/research/fft_story/hls/inv_fft/v10/v10/solution1/.autopilot/db/fft.pp.0.cpp:46903:7: note: FIX-IT applied suggested code changes
/home/shine/Documents/research/fft_story/hls/inv_fft/v10/v10/solution1/.autopilot/db/fft.pp.0.cpp:46922:7: warning: Added loop label VITIS_LOOP_885_2:   [xilinx-label-all-loops]
      for(int i=0;i<W-1;i++){
      ^~~
      VITIS_LOOP_885_2: 
/home/shine/Documents/research/fft_story/hls/inv_fft/v10/v10/solution1/.autopilot/db/fft.pp.0.cpp:46922:7: note: FIX-IT applied suggested code changes
/home/shine/Documents/research/fft_story/hls/inv_fft/v10/v10/solution1/.autopilot/db/fft.pp.0.cpp:47212:5: warning: Added loop label VITIS_LOOP_1199_1:   [xilinx-label-all-loops]
    for(int i=0; i<Nmax; i++) {
    ^~~
    VITIS_LOOP_1199_1: 
/home/shine/Documents/research/fft_story/hls/inv_fft/v10/v10/solution1/.autopilot/db/fft.pp.0.cpp:47212:5: note: FIX-IT applied suggested code changes
/home/shine/Documents/research/fft_story/hls/inv_fft/v10/v10/solution1/.autopilot/db/fft.pp.0.cpp:47295:5: warning: Added loop label VITIS_LOOP_1282_1:   [xilinx-label-all-loops]
    for(int i=0; i<Nmax; i++) {
    ^~~
    VITIS_LOOP_1282_1: 
/home/shine/Documents/research/fft_story/hls/inv_fft/v10/v10/solution1/.autopilot/db/fft.pp.0.cpp:47295:5: note: FIX-IT applied suggested code changes
/home/shine/Documents/research/fft_story/hls/inv_fft/v10/v10/solution1/.autopilot/db/fft.pp.0.cpp:47701:13: warning: Added loop label VITIS_LOOP_94_1:   [xilinx-label-all-loops]
            for (int j = 3; j >= I_+1; j--) {
            ^~~
            VITIS_LOOP_94_1: 
/home/shine/Documents/research/fft_story/hls/inv_fft/v10/v10/solution1/.autopilot/db/fft.pp.0.cpp:47701:13: note: FIX-IT applied suggested code changes
/home/shine/Documents/research/fft_story/hls/inv_fft/v10/v10/solution1/.autopilot/db/fft.pp.0.cpp:47707:17: warning: Added loop label VITIS_LOOP_100_2:   [xilinx-label-all-loops]
                for (int j = 3; j >= I_+1; j--){
                ^~~
                VITIS_LOOP_100_2: 
/home/shine/Documents/research/fft_story/hls/inv_fft/v10/v10/solution1/.autopilot/db/fft.pp.0.cpp:47707:17: note: FIX-IT applied suggested code changes
/home/shine/Documents/research/fft_story/hls/inv_fft/v10/v10/solution1/.autopilot/db/fft.pp.0.cpp:47711:17: warning: Added loop label VITIS_LOOP_104_3:   [xilinx-label-all-loops]
                for (int j = I_; j >= 0; j--){
                ^~~
                VITIS_LOOP_104_3: 
/home/shine/Documents/research/fft_story/hls/inv_fft/v10/v10/solution1/.autopilot/db/fft.pp.0.cpp:47711:17: note: FIX-IT applied suggested code changes
/home/shine/Documents/research/fft_story/hls/inv_fft/v10/v10/solution1/.autopilot/db/fft.pp.0.cpp:47759:13: warning: Added loop label VITIS_LOOP_171_4:   [xilinx-label-all-loops]
            for (int j = 9; j >= I_+4; j--) {
            ^~~
            VITIS_LOOP_171_4: 
/home/shine/Documents/research/fft_story/hls/inv_fft/v10/v10/solution1/.autopilot/db/fft.pp.0.cpp:47759:13: note: FIX-IT applied suggested code changes
/home/shine/Documents/research/fft_story/hls/inv_fft/v10/v10/solution1/.autopilot/db/fft.pp.0.cpp:47765:17: warning: Added loop label VITIS_LOOP_177_5:   [xilinx-label-all-loops]
                for (int j = 9; j >= I_+4; j--){
                ^~~
                VITIS_LOOP_177_5: 
/home/shine/Documents/research/fft_story/hls/inv_fft/v10/v10/solution1/.autopilot/db/fft.pp.0.cpp:47765:17: note: FIX-IT applied suggested code changes
/home/shine/Documents/research/fft_story/hls/inv_fft/v10/v10/solution1/.autopilot/db/fft.pp.0.cpp:47769:17: warning: Added loop label VITIS_LOOP_181_6:   [xilinx-label-all-loops]
                for (int j = I_+3; j >= 0; j--){
                ^~~
                VITIS_LOOP_181_6: 
/home/shine/Documents/research/fft_story/hls/inv_fft/v10/v10/solution1/.autopilot/db/fft.pp.0.cpp:47769:17: note: FIX-IT applied suggested code changes
/home/shine/Documents/research/fft_story/hls/inv_fft/v10/v10/solution1/.autopilot/db/fft.pp.0.cpp:47784:9: warning: Added loop label VITIS_LOOP_196_7:   [xilinx-label-all-loops]
        for (int j = 14; j < 22; j++){
        ^~~
        VITIS_LOOP_196_7: 
/home/shine/Documents/research/fft_story/hls/inv_fft/v10/v10/solution1/.autopilot/db/fft.pp.0.cpp:47784:9: note: FIX-IT applied suggested code changes
/home/shine/Documents/research/fft_story/hls/inv_fft/v10/v10/solution1/.autopilot/db/fft.pp.0.cpp:47792:17: warning: Added loop label VITIS_LOOP_204_8:   [xilinx-label-all-loops]
                for (int j = 0; j < 22; j++){
                ^~~
                VITIS_LOOP_204_8: 
/home/shine/Documents/research/fft_story/hls/inv_fft/v10/v10/solution1/.autopilot/db/fft.pp.0.cpp:47792:17: note: FIX-IT applied suggested code changes
/home/shine/Documents/research/fft_story/hls/inv_fft/v10/v10/solution1/.autopilot/db/fft.pp.0.cpp:47857:13: warning: Added loop label VITIS_LOOP_269_9:   [xilinx-label-all-loops]
            for (int j = 21; j >= I_+10; j--) {
            ^~~
            VITIS_LOOP_269_9: 
/home/shine/Documents/research/fft_story/hls/inv_fft/v10/v10/solution1/.autopilot/db/fft.pp.0.cpp:47857:13: note: FIX-IT applied suggested code changes
/home/shine/Documents/research/fft_story/hls/inv_fft/v10/v10/solution1/.autopilot/db/fft.pp.0.cpp:47863:17: warning: Added loop label VITIS_LOOP_275_10:   [xilinx-label-all-loops]
                for (int j = 21; j >= I_+10; j--) {
                ^~~
                VITIS_LOOP_275_10: 
/home/shine/Documents/research/fft_story/hls/inv_fft/v10/v10/solution1/.autopilot/db/fft.pp.0.cpp:47863:17: note: FIX-IT applied suggested code changes
/home/shine/Documents/research/fft_story/hls/inv_fft/v10/v10/solution1/.autopilot/db/fft.pp.0.cpp:47867:17: warning: Added loop label VITIS_LOOP_279_11:   [xilinx-label-all-loops]
                for (int j = I_+9; j >= 0; j--) {
                ^~~
                VITIS_LOOP_279_11: 
/home/shine/Documents/research/fft_story/hls/inv_fft/v10/v10/solution1/.autopilot/db/fft.pp.0.cpp:47867:17: note: FIX-IT applied suggested code changes
/home/shine/Documents/research/fft_story/hls/inv_fft/v10/v10/solution1/.autopilot/db/fft.pp.0.cpp:47882:9: warning: Added loop label VITIS_LOOP_294_12:   [xilinx-label-all-loops]
        for (int j = 27; j < 46; j++){
        ^~~
        VITIS_LOOP_294_12: 
/home/shine/Documents/research/fft_story/hls/inv_fft/v10/v10/solution1/.autopilot/db/fft.pp.0.cpp:47882:9: note: FIX-IT applied suggested code changes
/home/shine/Documents/research/fft_story/hls/inv_fft/v10/v10/solution1/.autopilot/db/fft.pp.0.cpp:47890:17: warning: Added loop label VITIS_LOOP_302_13:   [xilinx-label-all-loops]
                for (int j = 0; j < 46; j++) {
                ^~~
                VITIS_LOOP_302_13: 
/home/shine/Documents/research/fft_story/hls/inv_fft/v10/v10/solution1/.autopilot/db/fft.pp.0.cpp:47890:17: note: FIX-IT applied suggested code changes
/home/shine/Documents/research/fft_story/hls/inv_fft/v10/v10/solution1/.autopilot/db/fft.pp.0.cpp:48119:13: warning: Added loop label VITIS_LOOP_531_14:   [xilinx-label-all-loops]
            for (int j = 45; j >= I_+22; j--) {
            ^~~
            VITIS_LOOP_531_14: 
/home/shine/Documents/research/fft_story/hls/inv_fft/v10/v10/solution1/.autopilot/db/fft.pp.0.cpp:48119:13: note: FIX-IT applied suggested code changes
/home/shine/Documents/research/fft_story/hls/inv_fft/v10/v10/solution1/.autopilot/db/fft.pp.0.cpp:48125:17: warning: Added loop label VITIS_LOOP_537_15:   [xilinx-label-all-loops]
                for (int j = 45; j >= I_+22; j--){
                ^~~
                VITIS_LOOP_537_15: 
/home/shine/Documents/research/fft_story/hls/inv_fft/v10/v10/solution1/.autopilot/db/fft.pp.0.cpp:48125:17: note: FIX-IT applied suggested code changes
/home/shine/Documents/research/fft_story/hls/inv_fft/v10/v10/solution1/.autopilot/db/fft.pp.0.cpp:48129:17: warning: Added loop label VITIS_LOOP_541_16:   [xilinx-label-all-loops]
                for (int j = I_+21; j >= 0; j--) {
                ^~~
                VITIS_LOOP_541_16: 
/home/shine/Documents/research/fft_story/hls/inv_fft/v10/v10/solution1/.autopilot/db/fft.pp.0.cpp:48129:17: note: FIX-IT applied suggested code changes
/home/shine/Documents/research/fft_story/hls/inv_fft/v10/v10/solution1/.autopilot/db/fft.pp.0.cpp:48139:9: warning: Added loop label VITIS_LOOP_551_17:   [xilinx-label-all-loops]
        for (int j = 32-F_; j < 32+I_; j++){
        ^~~
        VITIS_LOOP_551_17: 
/home/shine/Documents/research/fft_story/hls/inv_fft/v10/v10/solution1/.autopilot/db/fft.pp.0.cpp:48139:9: note: FIX-IT applied suggested code changes
/home/shine/Documents/research/fft_story/hls/inv_fft/v10/v10/solution1/.autopilot/db/fft.pp.0.cpp:48143:9: warning: Added loop label VITIS_LOOP_555_18:   [xilinx-label-all-loops]
        for (int j = 32+I_; j <= 64; j++){
        ^~~
        VITIS_LOOP_555_18: 
/home/shine/Documents/research/fft_story/hls/inv_fft/v10/v10/solution1/.autopilot/db/fft.pp.0.cpp:48143:9: note: FIX-IT applied suggested code changes
/home/shine/Documents/research/fft_story/hls/inv_fft/v10/v10/solution1/.autopilot/db/fft.pp.0.cpp:48153:9: warning: Added loop label VITIS_LOOP_565_19:   [xilinx-label-all-loops]
        for (int j = 37; j < 64; j++) {
        ^~~
        VITIS_LOOP_565_19: 
/home/shine/Documents/research/fft_story/hls/inv_fft/v10/v10/solution1/.autopilot/db/fft.pp.0.cpp:48153:9: note: FIX-IT applied suggested code changes
/home/shine/Documents/research/fft_story/hls/inv_fft/v10/v10/solution1/.autopilot/db/fft.pp.0.cpp:48161:17: warning: Added loop label VITIS_LOOP_573_20:   [xilinx-label-all-loops]
                for (int j = 0; j < 64; j++){
                ^~~
                VITIS_LOOP_573_20: 
/home/shine/Documents/research/fft_story/hls/inv_fft/v10/v10/solution1/.autopilot/db/fft.pp.0.cpp:48161:17: note: FIX-IT applied suggested code changes
/home/shine/Documents/research/fft_story/hls/inv_fft/v10/v10/solution1/.autopilot/db/fft.pp.0.cpp:48522:13: warning: Added loop label VITIS_LOOP_934_21:   [xilinx-label-all-loops]
            for (int j = 63; j >= I_+31; j--) {
            ^~~
            VITIS_LOOP_934_21: 
/home/shine/Documents/research/fft_story/hls/inv_fft/v10/v10/solution1/.autopilot/db/fft.pp.0.cpp:48522:13: note: FIX-IT applied suggested code changes
/home/shine/Documents/research/fft_story/hls/inv_fft/v10/v10/solution1/.autopilot/db/fft.pp.0.cpp:48528:17: warning: Added loop label VITIS_LOOP_940_22:   [xilinx-label-all-loops]
                for (int j = 63; j >= I_+31; j--) {
                ^~~
                VITIS_LOOP_940_22: 
/home/shine/Documents/research/fft_story/hls/inv_fft/v10/v10/solution1/.autopilot/db/fft.pp.0.cpp:48528:17: note: FIX-IT applied suggested code changes
/home/shine/Documents/research/fft_story/hls/inv_fft/v10/v10/solution1/.autopilot/db/fft.pp.0.cpp:48532:17: warning: Added loop label VITIS_LOOP_944_23:   [xilinx-label-all-loops]
                for (int j = I_+30; j >= 0; j--) {
                ^~~
                VITIS_LOOP_944_23: 
/home/shine/Documents/research/fft_story/hls/inv_fft/v10/v10/solution1/.autopilot/db/fft.pp.0.cpp:48532:17: note: FIX-IT applied suggested code changes
/home/shine/Documents/research/fft_story/hls/inv_fft/v10/v10/solution1/.autopilot/db/fft.pp.0.cpp:48648:13: warning: Added loop label VITIS_LOOP_1060_1:   [xilinx-label-all-loops]
            for (int j = 4; j >= I_+1; j--) {
            ^~~
            VITIS_LOOP_1060_1: 
/home/shine/Documents/research/fft_story/hls/inv_fft/v10/v10/solution1/.autopilot/db/fft.pp.0.cpp:48648:13: note: FIX-IT applied suggested code changes
/home/shine/Documents/research/fft_story/hls/inv_fft/v10/v10/solution1/.autopilot/db/fft.pp.0.cpp:48654:17: warning: Added loop label VITIS_LOOP_1066_2:   [xilinx-label-all-loops]
                for (int j = 4; j >= I_+1; j--) {
                ^~~
                VITIS_LOOP_1066_2: 
/home/shine/Documents/research/fft_story/hls/inv_fft/v10/v10/solution1/.autopilot/db/fft.pp.0.cpp:48654:17: note: FIX-IT applied suggested code changes
/home/shine/Documents/research/fft_story/hls/inv_fft/v10/v10/solution1/.autopilot/db/fft.pp.0.cpp:48658:17: warning: Added loop label VITIS_LOOP_1070_3:   [xilinx-label-all-loops]
                for (int j = I_; j >= 0; j--) {
                ^~~
                VITIS_LOOP_1070_3: 
/home/shine/Documents/research/fft_story/hls/inv_fft/v10/v10/solution1/.autopilot/db/fft.pp.0.cpp:48658:17: note: FIX-IT applied suggested code changes
/home/shine/Documents/research/fft_story/hls/inv_fft/v10/v10/solution1/.autopilot/db/fft.pp.0.cpp:48745:13: warning: Added loop label VITIS_LOOP_1157_4:   [xilinx-label-all-loops]
            for (int j = 10; j >= I_+4; j--) {
            ^~~
            VITIS_LOOP_1157_4: 
/home/shine/Documents/research/fft_story/hls/inv_fft/v10/v10/solution1/.autopilot/db/fft.pp.0.cpp:48745:13: note: FIX-IT applied suggested code changes
/home/shine/Documents/research/fft_story/hls/inv_fft/v10/v10/solution1/.autopilot/db/fft.pp.0.cpp:48751:17: warning: Added loop label VITIS_LOOP_1163_5:   [xilinx-label-all-loops]
                for (int j = 10; j >= I_+4; j--) {
                ^~~
                VITIS_LOOP_1163_5: 
/home/shine/Documents/research/fft_story/hls/inv_fft/v10/v10/solution1/.autopilot/db/fft.pp.0.cpp:48751:17: note: FIX-IT applied suggested code changes
/home/shine/Documents/research/fft_story/hls/inv_fft/v10/v10/solution1/.autopilot/db/fft.pp.0.cpp:48755:17: warning: Added loop label VITIS_LOOP_1167_6:   [xilinx-label-all-loops]
                for (int j = I_+3; j >= 0; j--) {
                ^~~
                VITIS_LOOP_1167_6: 
/home/shine/Documents/research/fft_story/hls/inv_fft/v10/v10/solution1/.autopilot/db/fft.pp.0.cpp:48755:17: note: FIX-IT applied suggested code changes
/home/shine/Documents/research/fft_story/hls/inv_fft/v10/v10/solution1/.autopilot/db/fft.pp.0.cpp:48774:9: warning: Added loop label VITIS_LOOP_1186_7:   [xilinx-label-all-loops]
        for (int j = wf+3; j < w-1; j++) {
        ^~~
        VITIS_LOOP_1186_7: 
/home/shine/Documents/research/fft_story/hls/inv_fft/v10/v10/solution1/.autopilot/db/fft.pp.0.cpp:48774:9: note: FIX-IT applied suggested code changes
/home/shine/Documents/research/fft_story/hls/inv_fft/v10/v10/solution1/.autopilot/db/fft.pp.0.cpp:48781:17: warning: Added loop label VITIS_LOOP_1193_8:   [xilinx-label-all-loops]
                for (int j = 0; j < 22; j++) {
                ^~~
                VITIS_LOOP_1193_8: 
/home/shine/Documents/research/fft_story/hls/inv_fft/v10/v10/solution1/.autopilot/db/fft.pp.0.cpp:48781:17: note: FIX-IT applied suggested code changes
/home/shine/Documents/research/fft_story/hls/inv_fft/v10/v10/solution1/.autopilot/db/fft.pp.0.cpp:48897:13: warning: Added loop label VITIS_LOOP_1309_9:   [xilinx-label-all-loops]
            for (int j = 22; j >= I_+10; j--) {
            ^~~
            VITIS_LOOP_1309_9: 
/home/shine/Documents/research/fft_story/hls/inv_fft/v10/v10/solution1/.autopilot/db/fft.pp.0.cpp:48897:13: note: FIX-IT applied suggested code changes
/home/shine/Documents/research/fft_story/hls/inv_fft/v10/v10/solution1/.autopilot/db/fft.pp.0.cpp:48903:17: warning: Added loop label VITIS_LOOP_1315_10:   [xilinx-label-all-loops]
                for (int j = 22; j >= I_+10; j--){
                ^~~
                VITIS_LOOP_1315_10: 
/home/shine/Documents/research/fft_story/hls/inv_fft/v10/v10/solution1/.autopilot/db/fft.pp.0.cpp:48903:17: note: FIX-IT applied suggested code changes
/home/shine/Documents/research/fft_story/hls/inv_fft/v10/v10/solution1/.autopilot/db/fft.pp.0.cpp:48907:17: warning: Added loop label VITIS_LOOP_1319_11:   [xilinx-label-all-loops]
                for (int j = I_+9; j >= 0; j--) {
                ^~~
                VITIS_LOOP_1319_11: 
/home/shine/Documents/research/fft_story/hls/inv_fft/v10/v10/solution1/.autopilot/db/fft.pp.0.cpp:48907:17: note: FIX-IT applied suggested code changes
/home/shine/Documents/research/fft_story/hls/inv_fft/v10/v10/solution1/.autopilot/db/fft.pp.0.cpp:48927:9: warning: Added loop label VITIS_LOOP_1339_12:   [xilinx-label-all-loops]
        for (int j = wf+4; j < w-1; j++){
        ^~~
        VITIS_LOOP_1339_12: 
/home/shine/Documents/research/fft_story/hls/inv_fft/v10/v10/solution1/.autopilot/db/fft.pp.0.cpp:48927:9: note: FIX-IT applied suggested code changes
/home/shine/Documents/research/fft_story/hls/inv_fft/v10/v10/solution1/.autopilot/db/fft.pp.0.cpp:48934:17: warning: Added loop label VITIS_LOOP_1346_13:   [xilinx-label-all-loops]
                for (int j = 0; j < 46; j++) {
                ^~~
                VITIS_LOOP_1346_13: 
/home/shine/Documents/research/fft_story/hls/inv_fft/v10/v10/solution1/.autopilot/db/fft.pp.0.cpp:48934:17: note: FIX-IT applied suggested code changes
/home/shine/Documents/research/fft_story/hls/inv_fft/v10/v10/solution1/.autopilot/db/fft.pp.0.cpp:49196:13: warning: Added loop label VITIS_LOOP_1608_14:   [xilinx-label-all-loops]
            for (int j = 46; j >= I_+22; j--) {
            ^~~
            VITIS_LOOP_1608_14: 
/home/shine/Documents/research/fft_story/hls/inv_fft/v10/v10/solution1/.autopilot/db/fft.pp.0.cpp:49196:13: note: FIX-IT applied suggested code changes
/home/shine/Documents/research/fft_story/hls/inv_fft/v10/v10/solution1/.autopilot/db/fft.pp.0.cpp:49202:17: warning: Added loop label VITIS_LOOP_1614_15:   [xilinx-label-all-loops]
                for (int j = 46; j >= I_+22; j--) {
                ^~~
                VITIS_LOOP_1614_15: 
/home/shine/Documents/research/fft_story/hls/inv_fft/v10/v10/solution1/.autopilot/db/fft.pp.0.cpp:49202:17: note: FIX-IT applied suggested code changes
/home/shine/Documents/research/fft_story/hls/inv_fft/v10/v10/solution1/.autopilot/db/fft.pp.0.cpp:49206:17: warning: Added loop label VITIS_LOOP_1618_16:   [xilinx-label-all-loops]
                for (int j = I_+21; j >= 0; j--) {
                ^~~
                VITIS_LOOP_1618_16: 
/home/shine/Documents/research/fft_story/hls/inv_fft/v10/v10/solution1/.autopilot/db/fft.pp.0.cpp:49206:17: note: FIX-IT applied suggested code changes
/home/shine/Documents/research/fft_story/hls/inv_fft/v10/v10/solution1/.autopilot/db/fft.pp.0.cpp:49230:9: warning: Added loop label VITIS_LOOP_1642_17:   [xilinx-label-all-loops]
        for (int j = wf+5; j < w-1; j++){
        ^~~
        VITIS_LOOP_1642_17: 
/home/shine/Documents/research/fft_story/hls/inv_fft/v10/v10/solution1/.autopilot/db/fft.pp.0.cpp:49230:9: note: FIX-IT applied suggested code changes
/home/shine/Documents/research/fft_story/hls/inv_fft/v10/v10/solution1/.autopilot/db/fft.pp.0.cpp:49237:17: warning: Added loop label VITIS_LOOP_1649_18:   [xilinx-label-all-loops]
                for (int j = 0; j < 64; j++) {
                ^~~
                VITIS_LOOP_1649_18: 
/home/shine/Documents/research/fft_story/hls/inv_fft/v10/v10/solution1/.autopilot/db/fft.pp.0.cpp:49237:17: note: FIX-IT applied suggested code changes
/home/shine/Documents/research/fft_story/hls/inv_fft/v10/v10/solution1/.autopilot/db/fft.pp.0.cpp:49667:13: warning: Added loop label VITIS_LOOP_2079_19:   [xilinx-label-all-loops]
            for (int j = 64; j >= I_+31; j--) {
            ^~~
            VITIS_LOOP_2079_19: 
/home/shine/Documents/research/fft_story/hls/inv_fft/v10/v10/solution1/.autopilot/db/fft.pp.0.cpp:49667:13: note: FIX-IT applied suggested code changes
/home/shine/Documents/research/fft_story/hls/inv_fft/v10/v10/solution1/.autopilot/db/fft.pp.0.cpp:49673:17: warning: Added loop label VITIS_LOOP_2085_20:   [xilinx-label-all-loops]
                for (int j = 64; j >= I_+31; j--) {
                ^~~
                VITIS_LOOP_2085_20: 
/home/shine/Documents/research/fft_story/hls/inv_fft/v10/v10/solution1/.autopilot/db/fft.pp.0.cpp:49673:17: note: FIX-IT applied suggested code changes
/home/shine/Documents/research/fft_story/hls/inv_fft/v10/v10/solution1/.autopilot/db/fft.pp.0.cpp:49677:17: warning: Added loop label VITIS_LOOP_2089_21:   [xilinx-label-all-loops]
                for (int j = I_+30; j >= 0; j--) {
                ^~~
                VITIS_LOOP_2089_21: 
/home/shine/Documents/research/fft_story/hls/inv_fft/v10/v10/solution1/.autopilot/db/fft.pp.0.cpp:49677:17: note: FIX-IT applied suggested code changes
/home/shine/Documents/research/fft_story/hls/inv_fft/v10/v10/solution1/.autopilot/db/fft.pp.0.cpp:49807:13: warning: Added loop label VITIS_LOOP_2219_1:   [xilinx-label-all-loops]
            for(int j=3; j>=I+1; j--) {
            ^~~
            VITIS_LOOP_2219_1: 
/home/shine/Documents/research/fft_story/hls/inv_fft/v10/v10/solution1/.autopilot/db/fft.pp.0.cpp:49807:13: note: FIX-IT applied suggested code changes
/home/shine/Documents/research/fft_story/hls/inv_fft/v10/v10/solution1/.autopilot/db/fft.pp.0.cpp:49814:17: warning: Added loop label VITIS_LOOP_2226_2:   [xilinx-label-all-loops]
                for(int j=3; j>=I+1; j--) {
                ^~~
                VITIS_LOOP_2226_2: 
/home/shine/Documents/research/fft_story/hls/inv_fft/v10/v10/solution1/.autopilot/db/fft.pp.0.cpp:49814:17: note: FIX-IT applied suggested code changes
/home/shine/Documents/research/fft_story/hls/inv_fft/v10/v10/solution1/.autopilot/db/fft.pp.0.cpp:49818:17: warning: Added loop label VITIS_LOOP_2230_3:   [xilinx-label-all-loops]
                for(int j=I; j>=0; j--) {
                ^~~
                VITIS_LOOP_2230_3: 
/home/shine/Documents/research/fft_story/hls/inv_fft/v10/v10/solution1/.autopilot/db/fft.pp.0.cpp:49818:17: note: FIX-IT applied suggested code changes
/home/shine/Documents/research/fft_story/hls/inv_fft/v10/v10/solution1/.autopilot/db/fft.pp.0.cpp:49865:13: warning: Added loop label VITIS_LOOP_2277_4:   [xilinx-label-all-loops]
            for(int j=7; j>=3+I; j--) {
            ^~~
            VITIS_LOOP_2277_4: 
/home/shine/Documents/research/fft_story/hls/inv_fft/v10/v10/solution1/.autopilot/db/fft.pp.0.cpp:49865:13: note: FIX-IT applied suggested code changes
/home/shine/Documents/research/fft_story/hls/inv_fft/v10/v10/solution1/.autopilot/db/fft.pp.0.cpp:49872:17: warning: Added loop label VITIS_LOOP_2284_5:   [xilinx-label-all-loops]
                for(int j=7; j>=3+I; j--) {
                ^~~
                VITIS_LOOP_2284_5: 
/home/shine/Documents/research/fft_story/hls/inv_fft/v10/v10/solution1/.autopilot/db/fft.pp.0.cpp:49872:17: note: FIX-IT applied suggested code changes
/home/shine/Documents/research/fft_story/hls/inv_fft/v10/v10/solution1/.autopilot/db/fft.pp.0.cpp:49876:17: warning: Added loop label VITIS_LOOP_2288_6:   [xilinx-label-all-loops]
                for(int j=I+2; j>=0; j--) {
                ^~~
                VITIS_LOOP_2288_6: 
/home/shine/Documents/research/fft_story/hls/inv_fft/v10/v10/solution1/.autopilot/db/fft.pp.0.cpp:49876:17: note: FIX-IT applied suggested code changes
/home/shine/Documents/research/fft_story/hls/inv_fft/v10/v10/solution1/.autopilot/db/fft.pp.0.cpp:49894:9: warning: Added loop label VITIS_LOOP_2306_7:   [xilinx-label-all-loops]
        for(int j=11; j<16; j++) {
        ^~~
        VITIS_LOOP_2306_7: 
/home/shine/Documents/research/fft_story/hls/inv_fft/v10/v10/solution1/.autopilot/db/fft.pp.0.cpp:49894:9: note: FIX-IT applied suggested code changes
/home/shine/Documents/research/fft_story/hls/inv_fft/v10/v10/solution1/.autopilot/db/fft.pp.0.cpp:49949:13: warning: Added loop label VITIS_LOOP_2361_8:   [xilinx-label-all-loops]
            for(int j=15; j>=7+I; j--) {
            ^~~
            VITIS_LOOP_2361_8: 
/home/shine/Documents/research/fft_story/hls/inv_fft/v10/v10/solution1/.autopilot/db/fft.pp.0.cpp:49949:13: note: FIX-IT applied suggested code changes
/home/shine/Documents/research/fft_story/hls/inv_fft/v10/v10/solution1/.autopilot/db/fft.pp.0.cpp:49956:17: warning: Added loop label VITIS_LOOP_2368_9:   [xilinx-label-all-loops]
                for(int j=15; j>=7+I; j--) {
                ^~~
                VITIS_LOOP_2368_9: 
/home/shine/Documents/research/fft_story/hls/inv_fft/v10/v10/solution1/.autopilot/db/fft.pp.0.cpp:49956:17: note: FIX-IT applied suggested code changes
/home/shine/Documents/research/fft_story/hls/inv_fft/v10/v10/solution1/.autopilot/db/fft.pp.0.cpp:49960:17: warning: Added loop label VITIS_LOOP_2372_10:   [xilinx-label-all-loops]
                for(int j=6+I; j>=0; j--) {
                ^~~
                VITIS_LOOP_2372_10: 
/home/shine/Documents/research/fft_story/hls/inv_fft/v10/v10/solution1/.autopilot/db/fft.pp.0.cpp:49960:17: note: FIX-IT applied suggested code changes
/home/shine/Documents/research/fft_story/hls/inv_fft/v10/v10/solution1/.autopilot/db/fft.pp.0.cpp:49978:9: warning: Added loop label VITIS_LOOP_2390_11:   [xilinx-label-all-loops]
        for(int j=20; j<32; j++) {
        ^~~
        VITIS_LOOP_2390_11: 
/home/shine/Documents/research/fft_story/hls/inv_fft/v10/v10/solution1/.autopilot/db/fft.pp.0.cpp:49978:9: note: FIX-IT applied suggested code changes
/home/shine/Documents/research/fft_story/hls/inv_fft/v10/v10/solution1/.autopilot/db/fft.pp.0.cpp:50067:13: warning: Added loop label VITIS_LOOP_2479_12:   [xilinx-label-all-loops]
            for(int j=31; j>=I+15; j--) {
            ^~~
            VITIS_LOOP_2479_12: 
/home/shine/Documents/research/fft_story/hls/inv_fft/v10/v10/solution1/.autopilot/db/fft.pp.0.cpp:50067:13: note: FIX-IT applied suggested code changes
/home/shine/Documents/research/fft_story/hls/inv_fft/v10/v10/solution1/.autopilot/db/fft.pp.0.cpp:50074:17: warning: Added loop label VITIS_LOOP_2486_13:   [xilinx-label-all-loops]
                for(int j=31; j>=I+15; j--) {
                ^~~
                VITIS_LOOP_2486_13: 
/home/shine/Documents/research/fft_story/hls/inv_fft/v10/v10/solution1/.autopilot/db/fft.pp.0.cpp:50074:17: note: FIX-IT applied suggested code changes
/home/shine/Documents/research/fft_story/hls/inv_fft/v10/v10/solution1/.autopilot/db/fft.pp.0.cpp:50078:17: warning: Added loop label VITIS_LOOP_2490_14:   [xilinx-label-all-loops]
                for(int j=I+14; j>=0; j--) {
                ^~~
                VITIS_LOOP_2490_14: 
/home/shine/Documents/research/fft_story/hls/inv_fft/v10/v10/solution1/.autopilot/db/fft.pp.0.cpp:50078:17: note: FIX-IT applied suggested code changes
/home/shine/Documents/research/fft_story/hls/inv_fft/v10/v10/solution1/.autopilot/db/fft.pp.0.cpp:50088:9: warning: Added loop label VITIS_LOOP_2500_15:   [xilinx-label-all-loops]
        for(int j=32-F; j<32+I; j++) {
        ^~~
        VITIS_LOOP_2500_15: 
/home/shine/Documents/research/fft_story/hls/inv_fft/v10/v10/solution1/.autopilot/db/fft.pp.0.cpp:50088:9: note: FIX-IT applied suggested code changes
/home/shine/Documents/research/fft_story/hls/inv_fft/v10/v10/solution1/.autopilot/db/fft.pp.0.cpp:50092:9: warning: Added loop label VITIS_LOOP_2504_16:   [xilinx-label-all-loops]
        for(int j=32+I; j<=64; j++) {
        ^~~
        VITIS_LOOP_2504_16: 
/home/shine/Documents/research/fft_story/hls/inv_fft/v10/v10/solution1/.autopilot/db/fft.pp.0.cpp:50092:9: note: FIX-IT applied suggested code changes
/home/shine/Documents/research/fft_story/hls/inv_fft/v10/v10/solution1/.autopilot/db/fft.pp.0.cpp:50103:9: warning: Added loop label VITIS_LOOP_2515_17:   [xilinx-label-all-loops]
        for(int j=37; j<64; j++) {
        ^~~
        VITIS_LOOP_2515_17: 
/home/shine/Documents/research/fft_story/hls/inv_fft/v10/v10/solution1/.autopilot/db/fft.pp.0.cpp:50103:9: note: FIX-IT applied suggested code changes
/home/shine/Documents/research/fft_story/hls/inv_fft/v10/v10/solution1/.autopilot/db/fft.pp.0.cpp:50111:17: warning: Added loop label VITIS_LOOP_2523_18:   [xilinx-label-all-loops]
                for(int j=0; j<64; j++) {
                ^~~
                VITIS_LOOP_2523_18: 
/home/shine/Documents/research/fft_story/hls/inv_fft/v10/v10/solution1/.autopilot/db/fft.pp.0.cpp:50111:17: note: FIX-IT applied suggested code changes
/home/shine/Documents/research/fft_story/hls/inv_fft/v10/v10/solution1/.autopilot/db/fft.pp.0.cpp:50436:13: warning: Added loop label VITIS_LOOP_2848_19:   [xilinx-label-all-loops]
            for(int j=63; j>=I+31; j--) {
            ^~~
            VITIS_LOOP_2848_19: 
/home/shine/Documents/research/fft_story/hls/inv_fft/v10/v10/solution1/.autopilot/db/fft.pp.0.cpp:50436:13: note: FIX-IT applied suggested code changes
/home/shine/Documents/research/fft_story/hls/inv_fft/v10/v10/solution1/.autopilot/db/fft.pp.0.cpp:50443:17: warning: Added loop label VITIS_LOOP_2855_20:   [xilinx-label-all-loops]
                for(int j=63; j>=I+31; j--) {
                ^~~
                VITIS_LOOP_2855_20: 
/home/shine/Documents/research/fft_story/hls/inv_fft/v10/v10/solution1/.autopilot/db/fft.pp.0.cpp:50443:17: note: FIX-IT applied suggested code changes
/home/shine/Documents/research/fft_story/hls/inv_fft/v10/v10/solution1/.autopilot/db/fft.pp.0.cpp:50447:17: warning: Added loop label VITIS_LOOP_2859_21:   [xilinx-label-all-loops]
                for(int j=I+30; j>=0; j--) {
                ^~~
                VITIS_LOOP_2859_21: 
/home/shine/Documents/research/fft_story/hls/inv_fft/v10/v10/solution1/.autopilot/db/fft.pp.0.cpp:50447:17: note: FIX-IT applied suggested code changes
/home/shine/Documents/research/fft_story/hls/inv_fft/v10/v10/solution1/.autopilot/db/fft.pp.0.cpp:50535:4: warning: Added loop label VITIS_LOOP_2947_1:   [xilinx-label-all-loops]
   for(int j = 5; j>=I_+2; j--) {
   ^~~
   VITIS_LOOP_2947_1: 
/home/shine/Documents/research/fft_story/hls/inv_fft/v10/v10/solution1/.autopilot/db/fft.pp.0.cpp:50535:4: note: FIX-IT applied suggested code changes
/home/shine/Documents/research/fft_story/hls/inv_fft/v10/v10/solution1/.autopilot/db/fft.pp.0.cpp:50542:5: warning: Added loop label VITIS_LOOP_2954_2:   [xilinx-label-all-loops]
    for(int j = 5; j>=I_+2; j--) {
    ^~~
    VITIS_LOOP_2954_2: 
/home/shine/Documents/research/fft_story/hls/inv_fft/v10/v10/solution1/.autopilot/db/fft.pp.0.cpp:50542:5: note: FIX-IT applied suggested code changes
/home/shine/Documents/research/fft_story/hls/inv_fft/v10/v10/solution1/.autopilot/db/fft.pp.0.cpp:50546:5: warning: Added loop label VITIS_LOOP_2958_3:   [xilinx-label-all-loops]
    for(int j = I_+1; j>=0; j--) {
    ^~~
    VITIS_LOOP_2958_3: 
/home/shine/Documents/research/fft_story/hls/inv_fft/v10/v10/solution1/.autopilot/db/fft.pp.0.cpp:50546:5: note: FIX-IT applied suggested code changes
/home/shine/Documents/research/fft_story/hls/inv_fft/v10/v10/solution1/.autopilot/db/fft.pp.0.cpp:50561:3: warning: Added loop label VITIS_LOOP_2973_4:   [xilinx-label-all-loops]
  for(int j = 11; j >=7; j--) {
  ^~~
  VITIS_LOOP_2973_4: 
/home/shine/Documents/research/fft_story/hls/inv_fft/v10/v10/solution1/.autopilot/db/fft.pp.0.cpp:50561:3: note: FIX-IT applied suggested code changes
/home/shine/Documents/research/fft_story/hls/inv_fft/v10/v10/solution1/.autopilot/db/fft.pp.0.cpp:50593:4: warning: Added loop label VITIS_LOOP_3005_5:   [xilinx-label-all-loops]
   for(int j = 11; j >= I_+5; j--) {
   ^~~
   VITIS_LOOP_3005_5: 
/home/shine/Documents/research/fft_story/hls/inv_fft/v10/v10/solution1/.autopilot/db/fft.pp.0.cpp:50593:4: note: FIX-IT applied suggested code changes
/home/shine/Documents/research/fft_story/hls/inv_fft/v10/v10/solution1/.autopilot/db/fft.pp.0.cpp:50600:5: warning: Added loop label VITIS_LOOP_3012_6:   [xilinx-label-all-loops]
    for(int j = 11; j>= I_+5; j--) {
    ^~~
    VITIS_LOOP_3012_6: 
/home/shine/Documents/research/fft_story/hls/inv_fft/v10/v10/solution1/.autopilot/db/fft.pp.0.cpp:50600:5: note: FIX-IT applied suggested code changes
/home/shine/Documents/research/fft_story/hls/inv_fft/v10/v10/solution1/.autopilot/db/fft.pp.0.cpp:50604:5: warning: Added loop label VITIS_LOOP_3016_7:   [xilinx-label-all-loops]
    for(int j = I_+4; j>=0; j--) {
    ^~~
    VITIS_LOOP_3016_7: 
/home/shine/Documents/research/fft_story/hls/inv_fft/v10/v10/solution1/.autopilot/db/fft.pp.0.cpp:50604:5: note: FIX-IT applied suggested code changes
/home/shine/Documents/research/fft_story/hls/inv_fft/v10/v10/solution1/.autopilot/db/fft.pp.0.cpp:50619:3: warning: Added loop label VITIS_LOOP_3031_8:   [xilinx-label-all-loops]
  for(int j = 25; j>=15; j--) {
  ^~~
  VITIS_LOOP_3031_8: 
/home/shine/Documents/research/fft_story/hls/inv_fft/v10/v10/solution1/.autopilot/db/fft.pp.0.cpp:50619:3: note: FIX-IT applied suggested code changes
/home/shine/Documents/research/fft_story/hls/inv_fft/v10/v10/solution1/.autopilot/db/fft.pp.0.cpp:50669:4: warning: Added loop label VITIS_LOOP_3081_9:   [xilinx-label-all-loops]
   for(int j = 25; j>= I_+12; j--) {
   ^~~
   VITIS_LOOP_3081_9: 
/home/shine/Documents/research/fft_story/hls/inv_fft/v10/v10/solution1/.autopilot/db/fft.pp.0.cpp:50669:4: note: FIX-IT applied suggested code changes
/home/shine/Documents/research/fft_story/hls/inv_fft/v10/v10/solution1/.autopilot/db/fft.pp.0.cpp:50676:5: warning: Added loop label VITIS_LOOP_3088_10:   [xilinx-label-all-loops]
    for(int j = 25; j>=I_+12; j--) {
    ^~~
    VITIS_LOOP_3088_10: 
/home/shine/Documents/research/fft_story/hls/inv_fft/v10/v10/solution1/.autopilot/db/fft.pp.0.cpp:50676:5: note: FIX-IT applied suggested code changes
/home/shine/Documents/research/fft_story/hls/inv_fft/v10/v10/solution1/.autopilot/db/fft.pp.0.cpp:50680:5: warning: Added loop label VITIS_LOOP_3092_11:   [xilinx-label-all-loops]
    for(int j = I_+11; j>=0; j--) {
    ^~~
    VITIS_LOOP_3092_11: 
/home/shine/Documents/research/fft_story/hls/inv_fft/v10/v10/solution1/.autopilot/db/fft.pp.0.cpp:50680:5: note: FIX-IT applied suggested code changes
/home/shine/Documents/research/fft_story/hls/inv_fft/v10/v10/solution1/.autopilot/db/fft.pp.0.cpp:50695:3: warning: Added loop label VITIS_LOOP_3107_12:   [xilinx-label-all-loops]
  for(int j = 51; j >= 29; j--) {
  ^~~
  VITIS_LOOP_3107_12: 
/home/shine/Documents/research/fft_story/hls/inv_fft/v10/v10/solution1/.autopilot/db/fft.pp.0.cpp:50695:3: note: FIX-IT applied suggested code changes
/home/shine/Documents/research/fft_story/hls/inv_fft/v10/v10/solution1/.autopilot/db/fft.pp.0.cpp:50832:4: warning: Added loop label VITIS_LOOP_3244_13:   [xilinx-label-all-loops]
   for(int j = 51; j >= 25 + I_; j--) {
   ^~~
   VITIS_LOOP_3244_13: 
/home/shine/Documents/research/fft_story/hls/inv_fft/v10/v10/solution1/.autopilot/db/fft.pp.0.cpp:50832:4: note: FIX-IT applied suggested code changes
/home/shine/Documents/research/fft_story/hls/inv_fft/v10/v10/solution1/.autopilot/db/fft.pp.0.cpp:50839:5: warning: Added loop label VITIS_LOOP_3251_14:   [xilinx-label-all-loops]
    for(int j = 51; j>=25 + I_; j--) {
    ^~~
    VITIS_LOOP_3251_14: 
/home/shine/Documents/research/fft_story/hls/inv_fft/v10/v10/solution1/.autopilot/db/fft.pp.0.cpp:50839:5: note: FIX-IT applied suggested code changes
/home/shine/Documents/research/fft_story/hls/inv_fft/v10/v10/solution1/.autopilot/db/fft.pp.0.cpp:50843:5: warning: Added loop label VITIS_LOOP_3255_15:   [xilinx-label-all-loops]
    for(int j = 24 + I_; j >= 0; j--) {
    ^~~
    VITIS_LOOP_3255_15: 
/home/shine/Documents/research/fft_story/hls/inv_fft/v10/v10/solution1/.autopilot/db/fft.pp.0.cpp:50843:5: note: FIX-IT applied suggested code changes
/home/shine/Documents/research/fft_story/hls/inv_fft/v10/v10/solution1/.autopilot/db/fft.pp.0.cpp:50858:3: warning: Added loop label VITIS_LOOP_3270_16:   [xilinx-label-all-loops]
  for(int j = 63; j >= 36; j--) {
  ^~~
  VITIS_LOOP_3270_16: 
/home/shine/Documents/research/fft_story/hls/inv_fft/v10/v10/solution1/.autopilot/db/fft.pp.0.cpp:50858:3: note: FIX-IT applied suggested code changes
/home/shine/Documents/research/fft_story/hls/inv_fft/v10/v10/solution1/.autopilot/db/fft.pp.0.cpp:51018:4: warning: Added loop label VITIS_LOOP_3430_17:   [xilinx-label-all-loops]
   for(int j = 63; j >= 31 + I_; j--) {
   ^~~
   VITIS_LOOP_3430_17: 
/home/shine/Documents/research/fft_story/hls/inv_fft/v10/v10/solution1/.autopilot/db/fft.pp.0.cpp:51018:4: note: FIX-IT applied suggested code changes
/home/shine/Documents/research/fft_story/hls/inv_fft/v10/v10/solution1/.autopilot/db/fft.pp.0.cpp:51025:5: warning: Added loop label VITIS_LOOP_3437_18:   [xilinx-label-all-loops]
    for(int j = 63; j >= 31 + I_; j--) {
    ^~~
    VITIS_LOOP_3437_18: 
/home/shine/Documents/research/fft_story/hls/inv_fft/v10/v10/solution1/.autopilot/db/fft.pp.0.cpp:51025:5: note: FIX-IT applied suggested code changes
/home/shine/Documents/research/fft_story/hls/inv_fft/v10/v10/solution1/.autopilot/db/fft.pp.0.cpp:51029:5: warning: Added loop label VITIS_LOOP_3441_19:   [xilinx-label-all-loops]
    for(int j = 30 + I_; j >= 0; j--) {
    ^~~
    VITIS_LOOP_3441_19: 
/home/shine/Documents/research/fft_story/hls/inv_fft/v10/v10/solution1/.autopilot/db/fft.pp.0.cpp:51029:5: note: FIX-IT applied suggested code changes
/home/shine/Documents/research/fft_story/hls/inv_fft/v10/v10/solution1/.autopilot/db/fft.pp.0.cpp:51744:13: warning: Added loop label VITIS_LOOP_729_1:   [xilinx-label-all-loops]
            for (b_exp = I_-1; b_exp >= -F_; b_exp--) {
            ^~~
            VITIS_LOOP_729_1: 
/home/shine/Documents/research/fft_story/hls/inv_fft/v10/v10/solution1/.autopilot/db/fft.pp.0.cpp:51744:13: note: FIX-IT applied suggested code changes
/home/shine/Documents/research/fft_story/hls/inv_fft/v10/v10/solution1/.autopilot/db/fft.pp.0.cpp:51962:13: warning: Added loop label VITIS_LOOP_947_1:   [xilinx-label-all-loops]
            for (b_exp = I_-1; b_exp >= -F_; b_exp--) {
            ^~~
            VITIS_LOOP_947_1: 
/home/shine/Documents/research/fft_story/hls/inv_fft/v10/v10/solution1/.autopilot/db/fft.pp.0.cpp:51962:13: note: FIX-IT applied suggested code changes
/home/shine/Documents/research/fft_story/hls/inv_fft/v10/v10/solution1/.autopilot/db/fft.pp.0.cpp:52379:13: warning: Added loop label VITIS_LOOP_1371_1:   [xilinx-label-all-loops]
            for (b_exp = I_-1; b_exp >= -F_; b_exp--) {
            ^~~
            VITIS_LOOP_1371_1: 
/home/shine/Documents/research/fft_story/hls/inv_fft/v10/v10/solution1/.autopilot/db/fft.pp.0.cpp:52379:13: note: FIX-IT applied suggested code changes
/home/shine/Documents/research/fft_story/hls/inv_fft/v10/v10/solution1/.autopilot/db/fft.pp.0.cpp:52693:9: warning: Added loop label VITIS_LOOP_266_1:   [xilinx-label-all-loops]
        for ( int pos = msbr-1; pos >= 0; pos-- ) {
        ^~~
        VITIS_LOOP_266_1: 
/home/shine/Documents/research/fft_story/hls/inv_fft/v10/v10/solution1/.autopilot/db/fft.pp.0.cpp:52693:9: note: FIX-IT applied suggested code changes
/home/shine/Documents/research/fft_story/hls/inv_fft/v10/v10/solution1/.autopilot/db/fft.pp.0.cpp:52721:9: warning: Added loop label VITIS_LOOP_294_2:   [xilinx-label-all-loops]
        for ( int pos = -1; pos >= -F_-1; pos-- ) {
        ^~~
        VITIS_LOOP_294_2: 
/home/shine/Documents/research/fft_story/hls/inv_fft/v10/v10/solution1/.autopilot/db/fft.pp.0.cpp:52721:9: note: FIX-IT applied suggested code changes
/home/shine/Documents/research/fft_story/hls/inv_fft/v10/v10/solution1/.autopilot/db/fft.pp.0.cpp:53416:13: warning: Added loop label VITIS_LOOP_74_1:   [xilinx-label-all-loops]
            for (int j = 0; j < W_-1; j++){
            ^~~
            VITIS_LOOP_74_1: 
/home/shine/Documents/research/fft_story/hls/inv_fft/v10/v10/solution1/.autopilot/db/fft.pp.0.cpp:53416:13: note: FIX-IT applied suggested code changes
/home/shine/Documents/research/fft_story/hls/inv_fft/v10/v10/solution1/.autopilot/db/fft.pp.0.cpp:53469:5: warning: Added loop label VITIS_LOOP_135_2:   [xilinx-label-all-loops]
    for (int j = F_l+F_+I_m-1; j < F_l+W_+5; j++){
    ^~~
    VITIS_LOOP_135_2: 
/home/shine/Documents/research/fft_story/hls/inv_fft/v10/v10/solution1/.autopilot/db/fft.pp.0.cpp:53469:5: note: FIX-IT applied suggested code changes
/home/shine/Documents/research/fft_story/hls/inv_fft/v10/v10/solution1/.autopilot/db/fft.pp.0.cpp:53483:13: warning: Added loop label VITIS_LOOP_149_3:   [xilinx-label-all-loops]
            for (int j = WO_m-1; j >= W_-1; j--) {
            ^~~
            VITIS_LOOP_149_3: 
/home/shine/Documents/research/fft_story/hls/inv_fft/v10/v10/solution1/.autopilot/db/fft.pp.0.cpp:53483:13: note: FIX-IT applied suggested code changes
/home/shine/Documents/research/fft_story/hls/inv_fft/v10/v10/solution1/.autopilot/db/fft.pp.0.cpp:53513:13: warning: Added loop label VITIS_LOOP_179_4:   [xilinx-label-all-loops]
            for (int j = W_-2; j >= 0; j--){
            ^~~
            VITIS_LOOP_179_4: 
/home/shine/Documents/research/fft_story/hls/inv_fft/v10/v10/solution1/.autopilot/db/fft.pp.0.cpp:53513:13: note: FIX-IT applied suggested code changes
/home/shine/Documents/research/fft_story/hls/inv_fft/v10/v10/solution1/.autopilot/db/fft.pp.0.cpp:53598:12: warning: Added loop label VITIS_LOOP_307_1:   [xilinx-label-all-loops]
           for(int i = wf_log+we_log-2; i > WI_e - 2; --i) {
           ^~~
           VITIS_LOOP_307_1: 
/home/shine/Documents/research/fft_story/hls/inv_fft/v10/v10/solution1/.autopilot/db/fft.pp.0.cpp:53598:12: note: FIX-IT applied suggested code changes
/home/shine/Documents/research/fft_story/hls/inv_fft/v10/v10/solution1/.autopilot/db/fft.pp.0.cpp:53618:16: warning: Added loop label VITIS_LOOP_327_2:   [xilinx-label-all-loops]
               for (int j = WO_e-1; j >= W_-1; j--) {
               ^~~
               VITIS_LOOP_327_2: 
/home/shine/Documents/research/fft_story/hls/inv_fft/v10/v10/solution1/.autopilot/db/fft.pp.0.cpp:53618:16: note: FIX-IT applied suggested code changes
/home/shine/Documents/research/fft_story/hls/inv_fft/v10/v10/solution1/.autopilot/db/fft.pp.0.cpp:53632:20: warning: Added loop label VITIS_LOOP_341_3:   [xilinx-label-all-loops]
                   for(int i = 0; i < W_-1; ++i) {
                   ^~~
                   VITIS_LOOP_341_3: 
/home/shine/Documents/research/fft_story/hls/inv_fft/v10/v10/solution1/.autopilot/db/fft.pp.0.cpp:53632:20: note: FIX-IT applied suggested code changes
/home/shine/Documents/research/fft_story/hls/inv_fft/v10/v10/solution1/.autopilot/db/fft.pp.0.cpp:53725:12: warning: Added loop label VITIS_LOOP_459_1:   [xilinx-label-all-loops]
           for (int j =WO_d-1; j >= W_-1; j--) {
           ^~~
           VITIS_LOOP_459_1: 
/home/shine/Documents/research/fft_story/hls/inv_fft/v10/v10/solution1/.autopilot/db/fft.pp.0.cpp:53725:12: note: FIX-IT applied suggested code changes
/home/shine/Documents/research/fft_story/hls/inv_fft/v10/v10/solution1/.autopilot/db/fft.pp.0.cpp:53739:15: warning: Added loop label VITIS_LOOP_473_2:   [xilinx-label-all-loops]
              for(int i = 0; i < W_-1; ++i) {
              ^~~
              VITIS_LOOP_473_2: 
/home/shine/Documents/research/fft_story/hls/inv_fft/v10/v10/solution1/.autopilot/db/fft.pp.0.cpp:53739:15: note: FIX-IT applied suggested code changes
/home/shine/Documents/research/fft_story/hls/inv_fft/v10/v10/solution1/.autopilot/db/fft.pp.0.cpp:53852:13: warning: Added loop label VITIS_LOOP_59_1:   [xilinx-label-all-loops]
            for (int i = 0; i < W_-1; i++){
            ^~~
            VITIS_LOOP_59_1: 
/home/shine/Documents/research/fft_story/hls/inv_fft/v10/v10/solution1/.autopilot/db/fft.pp.0.cpp:53852:13: note: FIX-IT applied suggested code changes
/home/shine/Documents/research/fft_story/hls/inv_fft/v10/v10/solution1/.autopilot/db/fft.pp.0.cpp:53976:13: warning: Added loop label VITIS_LOOP_209_1:   [xilinx-label-all-loops]
            for (int i = 0; i < W_-1; i++){
            ^~~
            VITIS_LOOP_209_1: 
/home/shine/Documents/research/fft_story/hls/inv_fft/v10/v10/solution1/.autopilot/db/fft.pp.0.cpp:53976:13: note: FIX-IT applied suggested code changes
/home/shine/Documents/research/fft_story/hls/inv_fft/v10/v10/solution1/.autopilot/db/fft.pp.0.cpp:54031:13: warning: Added loop label VITIS_LOOP_274_1:   [xilinx-label-all-loops]
            for (int i = 0; i < W_-1; i++){
            ^~~
            VITIS_LOOP_274_1: 
/home/shine/Documents/research/fft_story/hls/inv_fft/v10/v10/solution1/.autopilot/db/fft.pp.0.cpp:54031:13: note: FIX-IT applied suggested code changes
/home/shine/Documents/research/fft_story/hls/inv_fft/v10/v10/solution1/.autopilot/db/fft.pp.0.cpp:54536:2: warning: Added loop label VITIS_LOOP_42_1:   [xilinx-label-all-loops]
 for (int i=0; i<W_;i++)
 ^~~
 VITIS_LOOP_42_1: 
/home/shine/Documents/research/fft_story/hls/inv_fft/v10/v10/solution1/.autopilot/db/fft.pp.0.cpp:54536:2: note: FIX-IT applied suggested code changes
/home/shine/Documents/research/fft_story/hls/inv_fft/v10/v10/solution1/.autopilot/db/fft.pp.0.cpp:54547:2: warning: Added loop label VITIS_LOOP_53_1:   [xilinx-label-all-loops]
 for (int i=0; i<W_;i++)
 ^~~
 VITIS_LOOP_53_1: 
/home/shine/Documents/research/fft_story/hls/inv_fft/v10/v10/solution1/.autopilot/db/fft.pp.0.cpp:54547:2: note: FIX-IT applied suggested code changes
/home/shine/Documents/research/fft_story/hls/inv_fft/v10/v10/solution1/.autopilot/db/fft.pp.0.cpp:54558:2: warning: Added loop label VITIS_LOOP_64_1:   [xilinx-label-all-loops]
 for (int i=0; i<I_;i++)
 ^~~
 VITIS_LOOP_64_1: 
/home/shine/Documents/research/fft_story/hls/inv_fft/v10/v10/solution1/.autopilot/db/fft.pp.0.cpp:54558:2: note: FIX-IT applied suggested code changes
/home/shine/Documents/research/fft_story/hls/inv_fft/v10/v10/solution1/.autopilot/db/fft.pp.0.cpp:54569:2: warning: Added loop label VITIS_LOOP_75_1:   [xilinx-label-all-loops]
 for (int i=0; i<I_;i++)
 ^~~
 VITIS_LOOP_75_1: 
/home/shine/Documents/research/fft_story/hls/inv_fft/v10/v10/solution1/.autopilot/db/fft.pp.0.cpp:54569:2: note: FIX-IT applied suggested code changes
/home/shine/Documents/research/fft_story/hls/inv_fft/v10/v10/solution1/.autopilot/db/fft.pp.0.cpp:54580:2: warning: Added loop label VITIS_LOOP_86_1:   [xilinx-label-all-loops]
 for (int i=0; i<W_;i++)
 ^~~
 VITIS_LOOP_86_1: 
/home/shine/Documents/research/fft_story/hls/inv_fft/v10/v10/solution1/.autopilot/db/fft.pp.0.cpp:54580:2: note: FIX-IT applied suggested code changes
/home/shine/Documents/research/fft_story/hls/inv_fft/v10/v10/solution1/.autopilot/db/fft.pp.0.cpp:54591:2: warning: Added loop label VITIS_LOOP_97_1:   [xilinx-label-all-loops]
 for (int i=0; i<W_;i++)
 ^~~
 VITIS_LOOP_97_1: 
/home/shine/Documents/research/fft_story/hls/inv_fft/v10/v10/solution1/.autopilot/db/fft.pp.0.cpp:54591:2: note: FIX-IT applied suggested code changes
/home/shine/Documents/research/fft_story/hls/inv_fft/v10/v10/solution1/.autopilot/db/fft.pp.0.cpp:54602:2: warning: Added loop label VITIS_LOOP_108_1:   [xilinx-label-all-loops]
 for (int i=0; i<I_;i++)
 ^~~
 VITIS_LOOP_108_1: 
/home/shine/Documents/research/fft_story/hls/inv_fft/v10/v10/solution1/.autopilot/db/fft.pp.0.cpp:54602:2: note: FIX-IT applied suggested code changes
/home/shine/Documents/research/fft_story/hls/inv_fft/v10/v10/solution1/.autopilot/db/fft.pp.0.cpp:54613:2: warning: Added loop label VITIS_LOOP_119_1:   [xilinx-label-all-loops]
 for (int i=0; i<I_;i++)
 ^~~
 VITIS_LOOP_119_1: 
/home/shine/Documents/research/fft_story/hls/inv_fft/v10/v10/solution1/.autopilot/db/fft.pp.0.cpp:54613:2: note: FIX-IT applied suggested code changes
/home/shine/Documents/research/fft_story/hls/inv_fft/v10/v10/solution1/.autopilot/db/fft.pp.0.cpp:56914:12: warning: Added loop label VITIS_LOOP_23_1:   [xilinx-label-all-loops]
           for(int i = 0; i < W_-1; ++i) {
           ^~~
           VITIS_LOOP_23_1: 
/home/shine/Documents/research/fft_story/hls/inv_fft/v10/v10/solution1/.autopilot/db/fft.pp.0.cpp:56914:12: note: FIX-IT applied suggested code changes
/home/shine/Documents/research/fft_story/hls/inv_fft/v10/v10/solution1/.autopilot/db/fft.pp.0.cpp:56978:7: warning: Added loop label VITIS_LOOP_66_1:   [xilinx-label-all-loops]
      for(int pos = msbr - 1 ; pos >= -F-1; pos--) {
      ^~~
      VITIS_LOOP_66_1: 
/home/shine/Documents/research/fft_story/hls/inv_fft/v10/v10/solution1/.autopilot/db/fft.pp.0.cpp:56978:7: note: FIX-IT applied suggested code changes
/home/shine/Documents/research/fft_story/hls/inv_fft/v10/v10/solution1/.autopilot/db/fft.pp.0.cpp:57095:9: warning: Added loop label VITIS_LOOP_75_1:   [xilinx-label-all-loops]
        for(int pos = msbr - 1; pos >= 0; pos--) {
        ^~~
        VITIS_LOOP_75_1: 
/home/shine/Documents/research/fft_story/hls/inv_fft/v10/v10/solution1/.autopilot/db/fft.pp.0.cpp:57095:9: note: FIX-IT applied suggested code changes
/home/shine/Documents/research/fft_story/hls/inv_fft/v10/v10/solution1/.autopilot/db/fft.pp.0.cpp:57120:5: warning: Added loop label VITIS_LOOP_107_2:   [xilinx-label-all-loops]
    for(int pos = -1; pos >= -F-1; pos--) {
    ^~~
    VITIS_LOOP_107_2: 
/home/shine/Documents/research/fft_story/hls/inv_fft/v10/v10/solution1/.autopilot/db/fft.pp.0.cpp:57120:5: note: FIX-IT applied suggested code changes
/home/shine/Documents/research/fft_story/hls/inv_fft/v10/v10/solution1/.autopilot/db/fft.pp.0.cpp:57190:8: warning: Added loop label VITIS_LOOP_195_3:   [xilinx-label-all-loops]
       for(int i = 0; i < W - 1; ++i) {
       ^~~
       VITIS_LOOP_195_3: 
/home/shine/Documents/research/fft_story/hls/inv_fft/v10/v10/solution1/.autopilot/db/fft.pp.0.cpp:57190:8: note: FIX-IT applied suggested code changes
/home/shine/Documents/research/fft_story/hls/inv_fft/v10/v10/solution1/.autopilot/db/fft.pp.0.cpp:59920:3: warning: Added loop label VITIS_LOOP_63_1:   [xilinx-label-all-loops]
  for(x1=0;x1<ctrl1_reg->ps;x1++)
  ^~~
  VITIS_LOOP_63_1: 
/home/shine/Documents/research/fft_story/hls/inv_fft/v10/v10/solution1/.autopilot/db/fft.pp.0.cpp:59920:3: note: FIX-IT applied suggested code changes
/home/shine/Documents/research/fft_story/hls/inv_fft/v10/v10/solution1/.autopilot/db/fft.pp.0.cpp:59923:2: warning: Added loop label VITIS_LOOP_66_2:   [xilinx-label-all-loops]
 for(y1=0;y1<ctrl1_reg->ps;y1=y1+4)
 ^~~
 VITIS_LOOP_66_2: 
/home/shine/Documents/research/fft_story/hls/inv_fft/v10/v10/solution1/.autopilot/db/fft.pp.0.cpp:59923:2: note: FIX-IT applied suggested code changes
/home/shine/Documents/research/fft_story/hls/inv_fft/v10/v10/solution1/.autopilot/db/fft.pp.0.cpp:59945:2: warning: Added loop label VITIS_LOOP_88_1:   [xilinx-label-all-loops]
 for(x=0;x<ctrl1_reg->ps;x++)
 ^~~
 VITIS_LOOP_88_1: 
/home/shine/Documents/research/fft_story/hls/inv_fft/v10/v10/solution1/.autopilot/db/fft.pp.0.cpp:59945:2: note: FIX-IT applied suggested code changes
/home/shine/Documents/research/fft_story/hls/inv_fft/v10/v10/solution1/.autopilot/db/fft.pp.0.cpp:59948:2: warning: Added loop label VITIS_LOOP_91_2:   [xilinx-label-all-loops]
 for(y=0;y<ctrl1_reg->ps;y=y+4)
 ^~~
 VITIS_LOOP_91_2: 
/home/shine/Documents/research/fft_story/hls/inv_fft/v10/v10/solution1/.autopilot/db/fft.pp.0.cpp:59948:2: note: FIX-IT applied suggested code changes
/home/shine/Documents/research/fft_story/hls/inv_fft/v10/v10/solution1/.autopilot/db/fft.pp.0.cpp:59993:2: warning: Added loop label VITIS_LOOP_136_1:   [xilinx-label-all-loops]
 for(x=0;x<(ctrl1_reg->ls/actp_reg->pool_size);x++)
 ^~~
 VITIS_LOOP_136_1: 
/home/shine/Documents/research/fft_story/hls/inv_fft/v10/v10/solution1/.autopilot/db/fft.pp.0.cpp:59993:2: note: FIX-IT applied suggested code changes
/home/shine/Documents/research/fft_story/hls/inv_fft/v10/v10/solution1/.autopilot/db/fft.pp.0.cpp:59996:2: warning: Added loop label VITIS_LOOP_139_2:   [xilinx-label-all-loops]
 for(y=0;y<(ctrl1_reg->ls/actp_reg->pool_size);y=y+2)
 ^~~
 VITIS_LOOP_139_2: 
/home/shine/Documents/research/fft_story/hls/inv_fft/v10/v10/solution1/.autopilot/db/fft.pp.0.cpp:59996:2: note: FIX-IT applied suggested code changes
/home/shine/Documents/research/fft_story/hls/inv_fft/v10/v10/solution1/.autopilot/db/fft.pp.0.cpp:60014:2: warning: Added loop label VITIS_LOOP_157_1:   [xilinx-label-all-loops]
 for(x=0;x<ctrl1_reg->ps;x++)
 ^~~
 VITIS_LOOP_157_1: 
/home/shine/Documents/research/fft_story/hls/inv_fft/v10/v10/solution1/.autopilot/db/fft.pp.0.cpp:60014:2: note: FIX-IT applied suggested code changes
/home/shine/Documents/research/fft_story/hls/inv_fft/v10/v10/solution1/.autopilot/db/fft.pp.0.cpp:60017:2: warning: Added loop label VITIS_LOOP_160_2:   [xilinx-label-all-loops]
 for(y=0;y<ctrl1_reg->ps;y=y+4)
 ^~~
 VITIS_LOOP_160_2: 
/home/shine/Documents/research/fft_story/hls/inv_fft/v10/v10/solution1/.autopilot/db/fft.pp.0.cpp:60017:2: note: FIX-IT applied suggested code changes
/home/shine/Documents/research/fft_story/hls/inv_fft/v10/v10/solution1/.autopilot/db/fft.pp.0.cpp:60032:2: warning: Added loop label VITIS_LOOP_175_1:   [xilinx-label-all-loops]
 for(y=ctrl1_reg->os;y<ctrl1_reg->ps;y=y+2)
 ^~~
 VITIS_LOOP_175_1: 
/home/shine/Documents/research/fft_story/hls/inv_fft/v10/v10/solution1/.autopilot/db/fft.pp.0.cpp:60032:2: note: FIX-IT applied suggested code changes
/home/shine/Documents/research/fft_story/hls/inv_fft/v10/v10/solution1/.autopilot/db/fft.pp.0.cpp:60035:2: warning: Added loop label VITIS_LOOP_178_2:   [xilinx-label-all-loops]
 for(x=ctrl1_reg->os;x<ctrl1_reg->ps;x=x+2)
 ^~~
 VITIS_LOOP_178_2: 
/home/shine/Documents/research/fft_story/hls/inv_fft/v10/v10/solution1/.autopilot/db/fft.pp.0.cpp:60035:2: note: FIX-IT applied suggested code changes
/home/shine/Documents/research/fft_story/hls/inv_fft/v10/v10/solution1/.autopilot/db/fft.pp.0.cpp:60039:4: warning: Added loop label VITIS_LOOP_182_3:   [xilinx-label-all-loops]
   for(j=0;j<2;j++)
   ^~~
   VITIS_LOOP_182_3: 
/home/shine/Documents/research/fft_story/hls/inv_fft/v10/v10/solution1/.autopilot/db/fft.pp.0.cpp:60039:4: note: FIX-IT applied suggested code changes
/home/shine/Documents/research/fft_story/hls/inv_fft/v10/v10/solution1/.autopilot/db/fft.pp.0.cpp:60042:2: warning: Added loop label VITIS_LOOP_185_4:   [xilinx-label-all-loops]
 for(i=0;i<2;i++)
 ^~~
 VITIS_LOOP_185_4: 
/home/shine/Documents/research/fft_story/hls/inv_fft/v10/v10/solution1/.autopilot/db/fft.pp.0.cpp:60042:2: note: FIX-IT applied suggested code changes
/home/shine/Documents/research/fft_story/hls/inv_fft/v10/v10/solution1/.autopilot/db/fft.pp.0.cpp:60065:2: warning: Added loop label VITIS_LOOP_208_1:   [xilinx-label-all-loops]
 for(int pn=0;pn<(ctrl2_reg->pn*ctrl2_reg->pn*layer1_reg->oc);pn++)
 ^~~
 VITIS_LOOP_208_1: 
/home/shine/Documents/research/fft_story/hls/inv_fft/v10/v10/solution1/.autopilot/db/fft.pp.0.cpp:60065:2: note: FIX-IT applied suggested code changes
/home/shine/Documents/research/fft_story/hls/inv_fft/v10/v10/solution1/.autopilot/db/fft.pp.0.cpp:60078:51: error: Invalid Directive: for current device, ram_t2p + bram is invalid combination for BIND_STORAGE's option 'type + impl' [clang-diagnostic-error]
#pragma HLS bind_storage variable=input_data type=ram_t2p impl=bram
                                                  ^
/home/shine/Documents/research/fft_story/hls/inv_fft/v10/v10/solution1/.autopilot/db/fft.pp.0.cpp:60079:51: error: Invalid Directive: for current device, ram_t2p + bram is invalid combination for BIND_STORAGE's option 'type + impl' [clang-diagnostic-error]
#pragma HLS bind_storage variable=out_data_1 type=ram_t2p impl=bram
                                                  ^
/home/shine/Documents/research/fft_story/hls/inv_fft/v10/v10/solution1/.autopilot/db/fft.pp.0.cpp:60080:51: error: Invalid Directive: for current device, ram_t2p + bram is invalid combination for BIND_STORAGE's option 'type + impl' [clang-diagnostic-error]
#pragma HLS bind_storage variable=out_data_2 type=ram_t2p impl=bram
                                                  ^
/home/shine/Documents/research/fft_story/hls/inv_fft/v10/v10/solution1/.autopilot/db/fft.pp.0.cpp:60081:51: error: Invalid Directive: for current device, ram_t2p + bram is invalid combination for BIND_STORAGE's option 'type + impl' [clang-diagnostic-error]
#pragma HLS bind_storage variable=out_data_3 type=ram_t2p impl=bram
                                                  ^
/home/shine/Documents/research/fft_story/hls/inv_fft/v10/v10/solution1/.autopilot/db/fft.pp.0.cpp:60082:51: error: Invalid Directive: for current device, ram_t2p + bram is invalid combination for BIND_STORAGE's option 'type + impl' [clang-diagnostic-error]
#pragma HLS bind_storage variable=out_data_4 type=ram_t2p impl=bram
                                                  ^
/home/shine/Documents/research/fft_story/hls/inv_fft/v10/v10/solution1/.autopilot/db/fft.pp.0.cpp:60083:51: error: Invalid Directive: for current device, ram_t2p + bram is invalid combination for BIND_STORAGE's option 'type + impl' [clang-diagnostic-error]
#pragma HLS bind_storage variable=out_data_5 type=ram_t2p impl=bram
                                                  ^
/home/shine/Documents/research/fft_story/hls/inv_fft/v10/v10/solution1/.autopilot/db/fft.pp.0.cpp:60084:51: error: Invalid Directive: for current device, ram_t2p + bram is invalid combination for BIND_STORAGE's option 'type + impl' [clang-diagnostic-error]
#pragma HLS BIND_STORAGE variable=out_data_6 type=ram_t2p impl=bram
                                                  ^
/home/shine/Documents/research/fft_story/hls/inv_fft/v10/v10/solution1/.autopilot/db/fft.pp.0.cpp:60085:51: error: Invalid Directive: for current device, ram_t2p + bram is invalid combination for BIND_STORAGE's option 'type + impl' [clang-diagnostic-error]
#pragma HLS bind_storage variable=out_data_7 type=ram_t2p impl=bram
                                                  ^
/home/shine/Documents/research/fft_story/hls/inv_fft/v10/v10/solution1/.autopilot/db/fft.pp.0.cpp:60127:2: warning: Added loop label VITIS_LOOP_270_1:   [xilinx-label-all-loops]
 for(y=0;y<ctrl1_reg.ls/(actp_reg.pool_size);y++)
 ^~~
 VITIS_LOOP_270_1: 
/home/shine/Documents/research/fft_story/hls/inv_fft/v10/v10/solution1/.autopilot/db/fft.pp.0.cpp:60127:2: note: FIX-IT applied suggested code changes
/home/shine/Documents/research/fft_story/hls/inv_fft/v10/v10/solution1/.autopilot/db/fft.pp.0.cpp:60130:2: warning: Added loop label VITIS_LOOP_273_2:   [xilinx-label-all-loops]
 for(x=0;x<layer2_reg.ifs/(actp_reg.pool_size);x=x+8)
 ^~~
 VITIS_LOOP_273_2: 
/home/shine/Documents/research/fft_story/hls/inv_fft/v10/v10/solution1/.autopilot/db/fft.pp.0.cpp:60130:2: note: FIX-IT applied suggested code changes
/home/shine/Documents/research/fft_story/hls/inv_fft/v10/v10/solution1/.autopilot/db/fft.pp.0.cpp:60133:2: warning: Added loop label VITIS_LOOP_276_3:   [xilinx-label-all-loops]
 for(int k=0;k<8;k++)
 ^~~
 VITIS_LOOP_276_3: 
/home/shine/Documents/research/fft_story/hls/inv_fft/v10/v10/solution1/.autopilot/db/fft.pp.0.cpp:60133:2: note: FIX-IT applied suggested code changes
/home/shine/Documents/research/fft_story/hls/inv_fft/v10/v10/solution1/.autopilot/db/fft.pp.0.cpp:60140:2: warning: Added loop label VITIS_LOOP_283_4:   [xilinx-label-all-loops]
 for(y=0;y<ctrl1_reg.ls/(actp_reg.pool_size);y++)
 ^~~
 VITIS_LOOP_283_4: 
/home/shine/Documents/research/fft_story/hls/inv_fft/v10/v10/solution1/.autopilot/db/fft.pp.0.cpp:60140:2: note: FIX-IT applied suggested code changes
/home/shine/Documents/research/fft_story/hls/inv_fft/v10/v10/solution1/.autopilot/db/fft.pp.0.cpp:60143:2: warning: Added loop label VITIS_LOOP_286_5:   [xilinx-label-all-loops]
 for(x=0;x<layer2_reg.ifs/(actp_reg.pool_size);x=x+8)
 ^~~
 VITIS_LOOP_286_5: 
/home/shine/Documents/research/fft_story/hls/inv_fft/v10/v10/solution1/.autopilot/db/fft.pp.0.cpp:60143:2: note: FIX-IT applied suggested code changes
/home/shine/Documents/research/fft_story/hls/inv_fft/v10/v10/solution1/.autopilot/db/fft.pp.0.cpp:60146:2: warning: Added loop label VITIS_LOOP_289_6:   [xilinx-label-all-loops]
 for(int k=0;k<8;k++)
 ^~~
 VITIS_LOOP_289_6: 
/home/shine/Documents/research/fft_story/hls/inv_fft/v10/v10/solution1/.autopilot/db/fft.pp.0.cpp:60146:2: note: FIX-IT applied suggested code changes
/home/shine/Documents/research/fft_story/hls/inv_fft/v10/v10/solution1/.autopilot/db/fft.pp.0.cpp:60161:2: warning: Added loop label VITIS_LOOP_304_1:   [xilinx-label-all-loops]
 for(pn_x=0;pn_x<ctrl2_reg.pn;pn_x++)
 ^~~
 VITIS_LOOP_304_1: 
/home/shine/Documents/research/fft_story/hls/inv_fft/v10/v10/solution1/.autopilot/db/fft.pp.0.cpp:60161:2: note: FIX-IT applied suggested code changes
/home/shine/Documents/research/fft_story/hls/inv_fft/v10/v10/solution1/.autopilot/db/fft.pp.0.cpp:60164:2: warning: Added loop label VITIS_LOOP_307_2:   [xilinx-label-all-loops]
 for(y=0;y<(ctrl1_reg.ls/actp_reg.pool_size);y++)
 ^~~
 VITIS_LOOP_307_2: 
/home/shine/Documents/research/fft_story/hls/inv_fft/v10/v10/solution1/.autopilot/db/fft.pp.0.cpp:60164:2: note: FIX-IT applied suggested code changes
/home/shine/Documents/research/fft_story/hls/inv_fft/v10/v10/solution1/.autopilot/db/fft.pp.0.cpp:60167:2: warning: Added loop label VITIS_LOOP_310_3:   [xilinx-label-all-loops]
 for(x=0;x<(ctrl1_reg.ls/actp_reg.pool_size);x=x+2)
 ^~~
 VITIS_LOOP_310_3: 
/home/shine/Documents/research/fft_story/hls/inv_fft/v10/v10/solution1/.autopilot/db/fft.pp.0.cpp:60167:2: note: FIX-IT applied suggested code changes
/home/shine/Documents/research/fft_story/hls/inv_fft/v10/v10/solution1/.autopilot/db/fft.pp.0.cpp:60189:2: warning: Added loop label VITIS_LOOP_332_1:   [xilinx-label-all-loops]
 for(pn_y=0;pn_y<layer1_reg.oc*ctrl2_reg.pn;pn_y++)
 ^~~
 VITIS_LOOP_332_1: 
/home/shine/Documents/research/fft_story/hls/inv_fft/v10/v10/solution1/.autopilot/db/fft.pp.0.cpp:60189:2: note: FIX-IT applied suggested code changes
/home/shine/Documents/research/fft_story/hls/inv_fft/v10/v10/solution1/.autopilot/db/fft.pp.0.cpp:60202:72: warning:  hls::vector type top function variable in requires aggregation [xilinx-aggregate-on-hls-vector]
__attribute__((sdx_kernel("IFFT_AP", 0))) void IFFT_AP(c_fft_op_vec_t *in ,fft_op_vec8_t *out1,fft_op_vec8_t *out2,
                                                                       ^
/home/shine/Documents/research/fft_story/hls/inv_fft/v10/v10/solution1/.autopilot/db/fft.pp.0.cpp:60204:2: note: FIX-IT applied suggested code changes
{
 ^
/home/shine/Documents/research/fft_story/hls/inv_fft/v10/v10/solution1/.autopilot/db/fft.pp.0.cpp:60202:72: warning:  hls::vector type top function variable in requires align attribute [xilinx-aggregate-on-hls-vector]
__attribute__((sdx_kernel("IFFT_AP", 0))) void IFFT_AP(c_fft_op_vec_t *in ,fft_op_vec8_t *out1,fft_op_vec8_t *out2,
                                                                       ^
                                                                          __attribute__((align_value(alignof(c_fft_op_vec_t)))) 
/home/shine/Documents/research/fft_story/hls/inv_fft/v10/v10/solution1/.autopilot/db/fft.pp.0.cpp:60202:74: note: FIX-IT applied suggested code changes
__attribute__((sdx_kernel("IFFT_AP", 0))) void IFFT_AP(c_fft_op_vec_t *in ,fft_op_vec8_t *out1,fft_op_vec8_t *out2,
                                                                         ^
/home/shine/Documents/research/fft_story/hls/inv_fft/v10/v10/solution1/.autopilot/db/fft.pp.0.cpp:60202:91: warning:  hls::vector type top function variable out1 requires aggregation [xilinx-aggregate-on-hls-vector]
__attribute__((sdx_kernel("IFFT_AP", 0))) void IFFT_AP(c_fft_op_vec_t *in ,fft_op_vec8_t *out1,fft_op_vec8_t *out2,
                                                                                          ^
/home/shine/Documents/research/fft_story/hls/inv_fft/v10/v10/solution1/.autopilot/db/fft.pp.0.cpp:60204:2: note: FIX-IT applied suggested code changes
{
 ^
/home/shine/Documents/research/fft_story/hls/inv_fft/v10/v10/solution1/.autopilot/db/fft.pp.0.cpp:60202:91: warning:  hls::vector type top function variable out1 requires align attribute [xilinx-aggregate-on-hls-vector]
__attribute__((sdx_kernel("IFFT_AP", 0))) void IFFT_AP(c_fft_op_vec_t *in ,fft_op_vec8_t *out1,fft_op_vec8_t *out2,
                                                                                          ^   ~
                                                                                               __attribute__((align_value(alignof(fft_op_vec8_t)))) 
/home/shine/Documents/research/fft_story/hls/inv_fft/v10/v10/solution1/.autopilot/db/fft.pp.0.cpp:60202:95: note: FIX-IT applied suggested code changes
__attribute__((sdx_kernel("IFFT_AP", 0))) void IFFT_AP(c_fft_op_vec_t *in ,fft_op_vec8_t *out1,fft_op_vec8_t *out2,
                                                                                              ^
/home/shine/Documents/research/fft_story/hls/inv_fft/v10/v10/solution1/.autopilot/db/fft.pp.0.cpp:60202:111: warning:  hls::vector type top function variable out2 requires aggregation [xilinx-aggregate-on-hls-vector]
__attribute__((sdx_kernel("IFFT_AP", 0))) void IFFT_AP(c_fft_op_vec_t *in ,fft_op_vec8_t *out1,fft_op_vec8_t *out2,
                                                                                                              ^
/home/shine/Documents/research/fft_story/hls/inv_fft/v10/v10/solution1/.autopilot/db/fft.pp.0.cpp:60204:2: note: FIX-IT applied suggested code changes
{
 ^
/home/shine/Documents/research/fft_story/hls/inv_fft/v10/v10/solution1/.autopilot/db/fft.pp.0.cpp:60202:111: warning:  hls::vector type top function variable out2 requires align attribute [xilinx-aggregate-on-hls-vector]
__attribute__((sdx_kernel("IFFT_AP", 0))) void IFFT_AP(c_fft_op_vec_t *in ,fft_op_vec8_t *out1,fft_op_vec8_t *out2,
                                                                                                              ^   ~
                                                                                                                   __attribute__((align_value(alignof(fft_op_vec8_t)))) 
/home/shine/Documents/research/fft_story/hls/inv_fft/v10/v10/solution1/.autopilot/db/fft.pp.0.cpp:60202:115: note: FIX-IT applied suggested code changes
__attribute__((sdx_kernel("IFFT_AP", 0))) void IFFT_AP(c_fft_op_vec_t *in ,fft_op_vec8_t *out1,fft_op_vec8_t *out2,
                                                                                                                  ^
