6 warnings and 34 errors generated.
Error while processing /home/shine/Documents/research/fft_story/hls/inv_fft/v10/v10/solution1/.autopilot/db/fft.pp.0.cpp.
Trying to resolve conflict: The new insertion has the same insert location as an existing replacement.
New replacement: /home/shine/Documents/research/fft_story/hls/inv_fft/v10/v10/solution1/.autopilot/db/fft.pp.0.cpp: 2525282:+0:"
#pragma HLS aggregate variable = out1
"
Existing replacement: /home/shine/Documents/research/fft_story/hls/inv_fft/v10/v10/solution1/.autopilot/db/fft.pp.0.cpp: 2525282:+0:"
#pragma HLS aggregate variable = in
"
Trying to resolve conflict: The new insertion has the same insert location as an existing replacement.
New replacement: /home/shine/Documents/research/fft_story/hls/inv_fft/v10/v10/solution1/.autopilot/db/fft.pp.0.cpp: 2525282:+0:"
#pragma HLS aggregate variable = out2
"
Existing replacement: /home/shine/Documents/research/fft_story/hls/inv_fft/v10/v10/solution1/.autopilot/db/fft.pp.0.cpp: 2525282:+0:"
#pragma HLS aggregate variable = in

#pragma HLS aggregate variable = out1
"
clang-tidy applied 184 of 184 suggested fixes.
Suppressed 89 warnings (89 in non-user code).
Use -header-filter=.* to display errors from all non-system headers. Use -system-headers to display errors from system headers as well.
