

================================================================
== Vitis HLS Report for 'push_out'
================================================================
* Date:           Fri Dec  9 11:04:58 2022

* Version:        2022.2 (Build 3670227 on Oct 13 2022)
* Project:        v10
* Solution:       solution1 (Vivado IP Flow Target)
* Product family: zynquplus
* Target device:  xczu7cg-fbvb900-1-i


================================================================
== Performance Estimates
================================================================
+ Timing: 
    * Summary: 
    +--------+---------+----------+------------+
    |  Clock |  Target | Estimated| Uncertainty|
    +--------+---------+----------+------------+
    |ap_clk  |  5.00 ns|  2.852 ns|     2.00 ns|
    +--------+---------+----------+------------+

+ Latency: 
    * Summary: 
    +---------+---------+-----------+----------+-----+-----+---------+
    |  Latency (cycles) |  Latency (absolute)  |  Interval | Pipeline|
    |   min   |   max   |    min    |    max   | min | max |   Type  |
    +---------+---------+-----------+----------+-----+-----+---------+
    |       17|      145|  85.000 ns|  0.725 us|   17|  145|       no|
    +---------+---------+-----------+----------+-----+-----+---------+

    + Detail: 
        * Instance: 
        N/A

        * Loop: 
        N/A

============================================================
+ Verbose Summary: Synthesis Manager
============================================================
InlineROM: 1
ExposeGlobal: 0
============================================================
+ Verbose Summary: CDFG Model
============================================================
IsTopModel: 0
ResetActiveHigh: 1
IsCombinational: 2
IsDatapathOnly: 0
HasWiredReturn: 1
HasMFsm: 0
HasVarLatency: 1
IsPipeline: 0
IsRtlPipelined: 0
IsInstanceOverlapped: 0
IsDontTouch: 0
HasImplIP: 0
IsGatedGlobalClock: 0


============================================================
+ Verbose Summary: Schedule
============================================================
* Number of FSM states : 16
* Pipeline : 0
* Dataflow Pipeline: 0

* FSM state transitions: 
1 --> 2 
2 --> 3 
3 --> 4 
4 --> 5 
5 --> 6 
6 --> 7 
7 --> 8 
8 --> 9 
9 --> 10 
10 --> 11 
11 --> 12 
12 --> 13 
13 --> 14 
14 --> 15 
15 --> 16 
16 --> 

* FSM state operations: 

State 1 <SV = 0> <Delay = 1.50>
ST_1 : Operation 17 [1/1] (1.50ns)   --->   "%p_read_3 = read i32 @_ssdm_op_Read.ap_auto.i32, i32 %p_read1"   --->   Operation 17 'read' 'p_read_3' <Predicate = true> <Delay = 1.50> <CoreInst = "FIFO_SRL">   --->   Core 81 'FIFO_SRL' <Latency = 0> <II = 1> <Delay = 2.16> <Storage> <Opcode : 'read' 'write' 'nbread' 'nbwrite'> <Ports = 0> <Width = -1> <Depth = -1> <FIFO>
ST_1 : Operation 18 [1/1] (1.50ns)   --->   "%p_read_4 = read i32 @_ssdm_op_Read.ap_auto.i32, i32 %p_read"   --->   Operation 18 'read' 'p_read_4' <Predicate = true> <Delay = 1.50> <CoreInst = "FIFO_SRL">   --->   Core 81 'FIFO_SRL' <Latency = 0> <II = 1> <Delay = 2.16> <Storage> <Opcode : 'read' 'write' 'nbread' 'nbwrite'> <Ports = 0> <Width = -1> <Depth = -1> <FIFO>
ST_1 : Operation 19 [1/1] (0.00ns)   --->   "%p_cast = partselect i8 @_ssdm_op_PartSelect.i8.i32.i32.i32, i32 %p_read_4, i32 24, i32 31"   --->   Operation 19 'partselect' 'p_cast' <Predicate = true> <Delay = 0.00>
ST_1 : Operation 20 [1/1] (0.00ns)   --->   "%p_cast4 = partselect i8 @_ssdm_op_PartSelect.i8.i32.i32.i32, i32 %p_read_3, i32 24, i32 31"   --->   Operation 20 'partselect' 'p_cast4' <Predicate = true> <Delay = 0.00>

State 2 <SV = 1> <Delay = 2.14>
ST_2 : Operation 21 [12/12] (2.14ns)   --->   "%div = udiv i8 %p_cast, i8 %p_cast4"   --->   Operation 21 'udiv' 'div' <Predicate = true> <Delay = 2.14> <CoreInst = "DivnS_SEQ">   --->   Core 7 'DivnS_SEQ' <Latency = 11> <II = 8> <Delay = 2.14> <FuncUnit> <Opcode : 'sdiv' 'srem' 'udiv' 'urem'> <InPorts = 2> <OutPorts = 1>
ST_2 : Operation 22 [1/1] (0.00ns)   --->   "%empty = wait i32 @_ssdm_op_Wait"   --->   Operation 22 'wait' 'empty' <Predicate = true> <Delay = 0.00>

State 3 <SV = 2> <Delay = 2.14>
ST_3 : Operation 23 [11/12] (2.14ns)   --->   "%div = udiv i8 %p_cast, i8 %p_cast4"   --->   Operation 23 'udiv' 'div' <Predicate = true> <Delay = 2.14> <CoreInst = "DivnS_SEQ">   --->   Core 7 'DivnS_SEQ' <Latency = 11> <II = 8> <Delay = 2.14> <FuncUnit> <Opcode : 'sdiv' 'srem' 'udiv' 'urem'> <InPorts = 2> <OutPorts = 1>

State 4 <SV = 3> <Delay = 2.14>
ST_4 : Operation 24 [10/12] (2.14ns)   --->   "%div = udiv i8 %p_cast, i8 %p_cast4"   --->   Operation 24 'udiv' 'div' <Predicate = true> <Delay = 2.14> <CoreInst = "DivnS_SEQ">   --->   Core 7 'DivnS_SEQ' <Latency = 11> <II = 8> <Delay = 2.14> <FuncUnit> <Opcode : 'sdiv' 'srem' 'udiv' 'urem'> <InPorts = 2> <OutPorts = 1>

State 5 <SV = 4> <Delay = 2.14>
ST_5 : Operation 25 [9/12] (2.14ns)   --->   "%div = udiv i8 %p_cast, i8 %p_cast4"   --->   Operation 25 'udiv' 'div' <Predicate = true> <Delay = 2.14> <CoreInst = "DivnS_SEQ">   --->   Core 7 'DivnS_SEQ' <Latency = 11> <II = 8> <Delay = 2.14> <FuncUnit> <Opcode : 'sdiv' 'srem' 'udiv' 'urem'> <InPorts = 2> <OutPorts = 1>

State 6 <SV = 5> <Delay = 2.14>
ST_6 : Operation 26 [8/12] (2.14ns)   --->   "%div = udiv i8 %p_cast, i8 %p_cast4"   --->   Operation 26 'udiv' 'div' <Predicate = true> <Delay = 2.14> <CoreInst = "DivnS_SEQ">   --->   Core 7 'DivnS_SEQ' <Latency = 11> <II = 8> <Delay = 2.14> <FuncUnit> <Opcode : 'sdiv' 'srem' 'udiv' 'urem'> <InPorts = 2> <OutPorts = 1>

State 7 <SV = 6> <Delay = 2.14>
ST_7 : Operation 27 [7/12] (2.14ns)   --->   "%div = udiv i8 %p_cast, i8 %p_cast4"   --->   Operation 27 'udiv' 'div' <Predicate = true> <Delay = 2.14> <CoreInst = "DivnS_SEQ">   --->   Core 7 'DivnS_SEQ' <Latency = 11> <II = 8> <Delay = 2.14> <FuncUnit> <Opcode : 'sdiv' 'srem' 'udiv' 'urem'> <InPorts = 2> <OutPorts = 1>

State 8 <SV = 7> <Delay = 2.14>
ST_8 : Operation 28 [6/12] (2.14ns)   --->   "%div = udiv i8 %p_cast, i8 %p_cast4"   --->   Operation 28 'udiv' 'div' <Predicate = true> <Delay = 2.14> <CoreInst = "DivnS_SEQ">   --->   Core 7 'DivnS_SEQ' <Latency = 11> <II = 8> <Delay = 2.14> <FuncUnit> <Opcode : 'sdiv' 'srem' 'udiv' 'urem'> <InPorts = 2> <OutPorts = 1>

State 9 <SV = 8> <Delay = 2.14>
ST_9 : Operation 29 [5/12] (2.14ns)   --->   "%div = udiv i8 %p_cast, i8 %p_cast4"   --->   Operation 29 'udiv' 'div' <Predicate = true> <Delay = 2.14> <CoreInst = "DivnS_SEQ">   --->   Core 7 'DivnS_SEQ' <Latency = 11> <II = 8> <Delay = 2.14> <FuncUnit> <Opcode : 'sdiv' 'srem' 'udiv' 'urem'> <InPorts = 2> <OutPorts = 1>

State 10 <SV = 9> <Delay = 2.14>
ST_10 : Operation 30 [4/12] (2.14ns)   --->   "%div = udiv i8 %p_cast, i8 %p_cast4"   --->   Operation 30 'udiv' 'div' <Predicate = true> <Delay = 2.14> <CoreInst = "DivnS_SEQ">   --->   Core 7 'DivnS_SEQ' <Latency = 11> <II = 8> <Delay = 2.14> <FuncUnit> <Opcode : 'sdiv' 'srem' 'udiv' 'urem'> <InPorts = 2> <OutPorts = 1>

State 11 <SV = 10> <Delay = 2.14>
ST_11 : Operation 31 [3/12] (2.14ns)   --->   "%div = udiv i8 %p_cast, i8 %p_cast4"   --->   Operation 31 'udiv' 'div' <Predicate = true> <Delay = 2.14> <CoreInst = "DivnS_SEQ">   --->   Core 7 'DivnS_SEQ' <Latency = 11> <II = 8> <Delay = 2.14> <FuncUnit> <Opcode : 'sdiv' 'srem' 'udiv' 'urem'> <InPorts = 2> <OutPorts = 1>

State 12 <SV = 11> <Delay = 2.14>
ST_12 : Operation 32 [2/12] (2.14ns)   --->   "%div = udiv i8 %p_cast, i8 %p_cast4"   --->   Operation 32 'udiv' 'div' <Predicate = true> <Delay = 2.14> <CoreInst = "DivnS_SEQ">   --->   Core 7 'DivnS_SEQ' <Latency = 11> <II = 8> <Delay = 2.14> <FuncUnit> <Opcode : 'sdiv' 'srem' 'udiv' 'urem'> <InPorts = 2> <OutPorts = 1>

State 13 <SV = 12> <Delay = 2.14>
ST_13 : Operation 33 [1/12] (2.14ns)   --->   "%div = udiv i8 %p_cast, i8 %p_cast4"   --->   Operation 33 'udiv' 'div' <Predicate = true> <Delay = 2.14> <CoreInst = "DivnS_SEQ">   --->   Core 7 'DivnS_SEQ' <Latency = 11> <II = 8> <Delay = 2.14> <FuncUnit> <Opcode : 'sdiv' 'srem' 'udiv' 'urem'> <InPorts = 2> <OutPorts = 1>

State 14 <SV = 13> <Delay = 0.90>
ST_14 : Operation 34 [1/1] (0.00ns)   --->   "%zext_ln136 = zext i8 %div" [src/fft.cpp:136]   --->   Operation 34 'zext' 'zext_ln136' <Predicate = true> <Delay = 0.00>
ST_14 : Operation 35 [1/1] (0.90ns)   --->   "%add_ln136 = add i9 %zext_ln136, i9 1" [src/fft.cpp:136]   --->   Operation 35 'add' 'add_ln136' <Predicate = true> <Delay = 0.90> <CoreInst = "Adder">   --->   Core 1 'Adder' <Latency = 0> <II = 1> <Delay = 0.90> <FuncUnit> <Opcode : 'add' 'sub'> <InPorts = 2> <OutPorts = 1>
ST_14 : Operation 36 [1/1] (0.00ns)   --->   "%tmp = partselect i8 @_ssdm_op_PartSelect.i8.i9.i32.i32, i9 %add_ln136, i32 1, i32 8" [src/fft.cpp:136]   --->   Operation 36 'partselect' 'tmp' <Predicate = true> <Delay = 0.00>

State 15 <SV = 14> <Delay = 2.17>
ST_15 : Operation 37 [1/1] (0.00ns)   --->   "%div_cast11 = zext i8 %div"   --->   Operation 37 'zext' 'div_cast11' <Predicate = true> <Delay = 0.00>
ST_15 : Operation 38 [1/1] (0.00ns)   --->   "%tmp_cast = zext i8 %tmp" [src/fft.cpp:136]   --->   Operation 38 'zext' 'tmp_cast' <Predicate = true> <Delay = 0.00>
ST_15 : Operation 39 [1/1] (2.17ns)   --->   "%bound = mul i71 %div_cast11, i71 %tmp_cast" [src/fft.cpp:136]   --->   Operation 39 'mul' 'bound' <Predicate = true> <Delay = 2.17> <CoreInst = "Multiplier">   --->   Core 3 'Multiplier' <Latency = 0> <II = 1> <Delay = 2.17> <FuncUnit> <Opcode : 'mul'> <InPorts = 2> <OutPorts = 1>
ST_15 : Operation 40 [2/2] (0.00ns)   --->   "%call_ln136 = call void @push_out_Pipeline_VITIS_LOOP_136_1_VITIS_LOOP_139_2, i71 %bound, i8 %div, i32 %O, i64 %out_st" [src/fft.cpp:136]   --->   Operation 40 'call' 'call_ln136' <Predicate = true> <Delay = 0.00> <CoreType = "Generic">   --->   Core 0 '' <Latency = 0> <II = 1> <Delay = 1.00> <Generic> <Opcode : >

State 16 <SV = 15> <Delay = 0.00>
ST_16 : Operation 41 [1/1] (0.00ns)   --->   "%specmemcore_ln0 = specmemcore void @_ssdm_op_SpecMemCore, i32 %O, i64 666, i64 30, i64 18446744073709551615"   --->   Operation 41 'specmemcore' 'specmemcore_ln0' <Predicate = true> <Delay = 0.00>
ST_16 : Operation 42 [1/1] (0.00ns)   --->   "%specinterface_ln0 = specinterface void @_ssdm_op_SpecInterface, i64 %out_st, void @empty_8, i32 0, i32 0, void @empty_18, i32 0, i32 0, void @empty_18, void @empty_18, void @empty_18, i32 0, i32 0, i32 0, i32 0, void @empty_18, void @empty_18, i32 4294967295, i32 0"   --->   Operation 42 'specinterface' 'specinterface_ln0' <Predicate = true> <Delay = 0.00>
ST_16 : Operation 43 [1/2] (0.00ns)   --->   "%call_ln136 = call void @push_out_Pipeline_VITIS_LOOP_136_1_VITIS_LOOP_139_2, i71 %bound, i8 %div, i32 %O, i64 %out_st" [src/fft.cpp:136]   --->   Operation 43 'call' 'call_ln136' <Predicate = true> <Delay = 0.00> <CoreType = "Generic">   --->   Core 0 '' <Latency = 0> <II = 1> <Delay = 1.00> <Generic> <Opcode : >
ST_16 : Operation 44 [1/1] (0.00ns)   --->   "%ret_ln148 = ret" [src/fft.cpp:148]   --->   Operation 44 'ret' 'ret_ln148' <Predicate = true> <Delay = 0.00>


============================================================
+ Verbose Summary: Timing violations
============================================================
Target clock period: 5ns, clock uncertainty: 2ns.

 <State 1>: 1.5ns
The critical path consists of the following:
	wire read operation ('p_read_3') on port 'p_read1' [7]  (1.5 ns)

 <State 2>: 2.14ns
The critical path consists of the following:
	'udiv' operation ('div') [11]  (2.14 ns)

 <State 3>: 2.14ns
The critical path consists of the following:
	'udiv' operation ('div') [11]  (2.14 ns)

 <State 4>: 2.14ns
The critical path consists of the following:
	'udiv' operation ('div') [11]  (2.14 ns)

 <State 5>: 2.14ns
The critical path consists of the following:
	'udiv' operation ('div') [11]  (2.14 ns)

 <State 6>: 2.14ns
The critical path consists of the following:
	'udiv' operation ('div') [11]  (2.14 ns)

 <State 7>: 2.14ns
The critical path consists of the following:
	'udiv' operation ('div') [11]  (2.14 ns)

 <State 8>: 2.14ns
The critical path consists of the following:
	'udiv' operation ('div') [11]  (2.14 ns)

 <State 9>: 2.14ns
The critical path consists of the following:
	'udiv' operation ('div') [11]  (2.14 ns)

 <State 10>: 2.14ns
The critical path consists of the following:
	'udiv' operation ('div') [11]  (2.14 ns)

 <State 11>: 2.14ns
The critical path consists of the following:
	'udiv' operation ('div') [11]  (2.14 ns)

 <State 12>: 2.14ns
The critical path consists of the following:
	'udiv' operation ('div') [11]  (2.14 ns)

 <State 13>: 2.14ns
The critical path consists of the following:
	'udiv' operation ('div') [11]  (2.14 ns)

 <State 14>: 0.907ns
The critical path consists of the following:
	'add' operation ('add_ln136', src/fft.cpp:136) [13]  (0.907 ns)

 <State 15>: 2.17ns
The critical path consists of the following:
	'mul' operation ('bound', src/fft.cpp:136) [17]  (2.17 ns)

 <State 16>: 0ns
The critical path consists of the following:


============================================================
+ Verbose Summary: Binding
============================================================
N/A
* FSMD analyzer results:
  - Output states:
 - Input state : 
  - Chain level:
	State 1
	State 2
	State 3
	State 4
	State 5
	State 6
	State 7
	State 8
	State 9
	State 10
	State 11
	State 12
	State 13
	State 14
	State 15
	State 16


============================================================
+ Verbose Summary: Datapath Resource usage 
============================================================
N/A
