

================================================================
== Vitis HLS Report for 'buffer_Pipeline_VITIS_LOOP_304_1_VITIS_LOOP_307_2_VITIS_LOOP_310_3'
================================================================
* Date:           Fri Dec  9 11:05:12 2022

* Version:        2022.2 (Build 3670227 on Oct 13 2022)
* Project:        v10
* Solution:       solution1 (Vivado IP Flow Target)
* Product family: zynquplus
* Target device:  xczu7cg-fbvb900-1-i


================================================================
== Performance Estimates
================================================================
+ Timing: 
    * Summary: 
    +--------+---------+----------+------------+
    |  Clock |  Target | Estimated| Uncertainty|
    +--------+---------+----------+------------+
    |ap_clk  |  5.00 ns|  2.953 ns|     2.00 ns|
    +--------+---------+----------+------------+

+ Latency: 
    * Summary: 
    +---------+---------+-----------+----------+-----+------+---------+
    |  Latency (cycles) |  Latency (absolute)  |  Interval  | Pipeline|
    |   min   |   max   |    min    |    max   | min |  max |   Type  |
    +---------+---------+-----------+----------+-----+------+---------+
    |        4|     1572|  20.000 ns|  7.860 us|    4|  1572|       no|
    +---------+---------+-----------+----------+-----+------+---------+

    + Detail: 
        * Instance: 
        N/A

        * Loop: 
        +------------------------------------------------------+---------+---------+----------+-----------+-----------+----------+----------+
        |                                                      |  Latency (cycles) | Iteration|  Initiation Interval  |   Trip   |          |
        |                       Loop Name                      |   min   |   max   |  Latency |  achieved |   target  |   Count  | Pipelined|
        +------------------------------------------------------+---------+---------+----------+-----------+-----------+----------+----------+
        |- VITIS_LOOP_304_1_VITIS_LOOP_307_2_VITIS_LOOP_310_3  |        2|     1570|         4|          1|          1|  0 ~ 1568|       yes|
        +------------------------------------------------------+---------+---------+----------+-----------+-----------+----------+----------+



================================================================
== Utilization Estimates
================================================================
* Summary: 
+-----------------+---------+------+--------+--------+-----+
|       Name      | BRAM_18K|  DSP |   FF   |   LUT  | URAM|
+-----------------+---------+------+--------+--------+-----+
|DSP              |        -|     -|       -|       -|    -|
|Expression       |        -|     -|       0|     464|    -|
|FIFO             |        -|     -|       -|       -|    -|
|Instance         |        -|     0|       0|      40|    -|
|Memory           |        -|     -|       -|       -|    -|
|Multiplexer      |        -|     -|       -|     146|    -|
|Register         |        -|     -|     331|       -|    -|
+-----------------+---------+------+--------+--------+-----+
|Total            |        0|     0|     331|     650|    0|
+-----------------+---------+------+--------+--------+-----+
|Available        |      624|  1728|  460800|  230400|   96|
+-----------------+---------+------+--------+--------+-----+
|Utilization (%)  |        0|     0|      ~0|      ~0|    0|
+-----------------+---------+------+--------+--------+-----+

+ Detail: 
    * Instance: 
    +-------------------------+--------------------+---------+----+---+----+-----+
    |         Instance        |       Module       | BRAM_18K| DSP| FF| LUT| URAM|
    +-------------------------+--------------------+---------+----+---+----+-----+
    |mul_8ns_8ns_16_1_1_U369  |mul_8ns_8ns_16_1_1  |        0|   0|  0|  40|    0|
    +-------------------------+--------------------+---------+----+---+----+-----+
    |Total                    |                    |        0|   0|  0|  40|    0|
    +-------------------------+--------------------+---------+----+---+----+-----+

    * DSP: 
    N/A

    * Memory: 
    N/A

    * FIFO: 
    N/A

    * Expression: 
    +----------------------------------+----------+----+---+----+------------+------------+
    |           Variable Name          | Operation| DSP| FF| LUT| Bitwidth P0| Bitwidth P1|
    +----------------------------------+----------+----+---+----+------------+------------+
    |add_ln1027_fu_236_p2              |         +|   0|  0|  54|          47|           1|
    |add_ln307_1_fu_264_p2             |         +|   0|  0|  47|          40|           1|
    |add_ln307_fu_356_p2               |         +|   0|  0|  15|           8|           1|
    |add_ln314_fu_423_p2               |         +|   0|  0|  20|          13|          13|
    |add_ln316_fu_445_p2               |         +|   0|  0|  20|          13|          13|
    |pn_x_2_fu_245_p2                  |         +|   0|  0|  15|           8|           1|
    |ret_V_4_fu_409_p2                 |         +|   0|  0|  21|          14|          14|
    |ret_V_fu_429_p2                   |         +|   0|  0|  21|          14|           1|
    |x_fu_451_p2                       |         +|   0|  0|  39|          32|           2|
    |ap_block_pp0_stage0_11001         |       and|   0|  0|   2|           1|           1|
    |ap_block_state4_pp0_stage0_iter3  |       and|   0|  0|   2|           1|           1|
    |icmp_ln1027_11_fu_231_p2          |      icmp|   0|  0|  23|          47|          47|
    |icmp_ln1027_12_fu_319_p2          |      icmp|   0|  0|  20|          32|          32|
    |icmp_ln307_fu_251_p2              |      icmp|   0|  0|  21|          40|          40|
    |select_ln302_1_fu_296_p3          |    select|   0|  0|  32|           1|           1|
    |select_ln302_2_fu_256_p3          |    select|   0|  0|   8|           1|           8|
    |select_ln302_3_fu_324_p3          |    select|   0|  0|   2|           1|           1|
    |select_ln302_4_fu_366_p3          |    select|   0|  0|   6|           1|           1|
    |select_ln302_fu_349_p3            |    select|   0|  0|   8|           1|           1|
    |select_ln307_1_fu_388_p3          |    select|   0|  0|   8|           1|           8|
    |select_ln307_2_fu_270_p3          |    select|   0|  0|  40|           1|           1|
    |select_ln307_fu_330_p3            |    select|   0|  0|  32|           1|          32|
    |select_ln314_fu_373_p3            |    select|   0|  0|   6|           1|           6|
    |ap_enable_pp0                     |       xor|   0|  0|   2|           1|           2|
    +----------------------------------+----------+----+---+----+------------+------------+
    |Total                             |          |   0|  0| 464|         320|         229|
    +----------------------------------+----------+----+---+----+------------+------------+

    * Multiplexer: 
    +-----------------------------+----+-----------+-----+-----------+
    |             Name            | LUT| Input Size| Bits| Total Bits|
    +-----------------------------+----+-----------+-----+-----------+
    |ap_done_int                  |   9|          2|    1|          2|
    |ap_enable_reg_pp0_iter1      |   9|          2|    1|          2|
    |ap_enable_reg_pp0_iter4      |   9|          2|    1|          2|
    |ap_sig_allocacmp_rhs_V_load  |   9|          2|   32|         64|
    |buffer1_0_address0           |  14|          3|   13|         39|
    |buffer1_0_d0                 |  14|          3|   16|         48|
    |buffer1_1_address0           |  14|          3|   13|         39|
    |buffer1_1_d0                 |  14|          3|   16|         48|
    |indvar_flatten13_fu_106      |   9|          2|   47|         94|
    |indvar_flatten_fu_98         |   9|          2|   40|         80|
    |out_st_blk_n                 |   9|          2|    1|          2|
    |pn_x_fu_102                  |   9|          2|    8|         16|
    |rhs_V_fu_90                  |   9|          2|   32|         64|
    |y_fu_94                      |   9|          2|    8|         16|
    +-----------------------------+----+-----------+-----+-----------+
    |Total                        | 146|         32|  229|        516|
    +-----------------------------+----+-----------+-----+-----------+

    * Register: 
    +--------------------------------------+----+----+-----+-----------+
    |                 Name                 | FF | LUT| Bits| Const Bits|
    +--------------------------------------+----+----+-----+-----------+
    |add_ln314_reg_598                     |  13|   0|   13|          0|
    |add_ln316_reg_603                     |  13|   0|   13|          0|
    |ap_CS_fsm                             |   1|   0|    1|          0|
    |ap_done_reg                           |   1|   0|    1|          0|
    |ap_enable_reg_pp0_iter1               |   1|   0|    1|          0|
    |ap_enable_reg_pp0_iter2               |   1|   0|    1|          0|
    |ap_enable_reg_pp0_iter3               |   1|   0|    1|          0|
    |ap_enable_reg_pp0_iter4               |   1|   0|    1|          0|
    |ap_loop_exit_ready_pp0_iter2_reg      |   1|   0|    1|          0|
    |ap_loop_exit_ready_pp0_iter3_reg      |   1|   0|    1|          0|
    |bound_cast_reg_541                    |  39|   0|   40|          1|
    |conv_i_i72_cast_reg_531               |   8|   0|   32|         24|
    |div_cast_cast_reg_536                 |   8|   0|   16|          8|
    |icmp_ln1027_11_reg_546                |   1|   0|    1|          0|
    |icmp_ln1027_11_reg_546_pp0_iter2_reg  |   1|   0|    1|          0|
    |icmp_ln307_reg_550                    |   1|   0|    1|          0|
    |icmp_ln307_reg_550_pp0_iter2_reg      |   1|   0|    1|          0|
    |indvar_flatten13_fu_106               |  47|   0|   47|          0|
    |indvar_flatten_fu_98                  |  40|   0|   40|          0|
    |pn_x_fu_102                           |   8|   0|    8|          0|
    |rhs_V_fu_90                           |  32|   0|   32|          0|
    |select_ln302_2_reg_558                |   8|   0|    8|          0|
    |select_ln302_3_reg_572                |   1|   0|    1|          0|
    |select_ln307_reg_578                  |  32|   0|   32|          0|
    |trunc_ln1495_reg_583                  |  14|   0|   14|          0|
    |trunc_ln302_1_reg_563                 |  14|   0|   14|          0|
    |trunc_ln302_2_reg_568                 |   1|   0|    1|          0|
    |trunc_ln302_2_reg_568_pp0_iter3_reg   |   1|   0|    1|          0|
    |trunc_ln313_2_reg_593                 |  16|   0|   16|          0|
    |trunc_ln313_reg_588                   |  16|   0|   16|          0|
    |y_fu_94                               |   8|   0|    8|          0|
    +--------------------------------------+----+----+-----+-----------+
    |Total                                 | 331|   0|  364|         33|
    +--------------------------------------+----+----+-----+-----------+



================================================================
== Interface
================================================================
* Summary: 
+-----------------------+-----+-----+------------+--------------------------------------------------------------------+--------------+
|       RTL Ports       | Dir | Bits|  Protocol  |                            Source Object                           |    C Type    |
+-----------------------+-----+-----+------------+--------------------------------------------------------------------+--------------+
|ap_clk                 |   in|    1|  ap_ctrl_hs|  buffer_Pipeline_VITIS_LOOP_304_1_VITIS_LOOP_307_2_VITIS_LOOP_310_3|  return value|
|ap_rst                 |   in|    1|  ap_ctrl_hs|  buffer_Pipeline_VITIS_LOOP_304_1_VITIS_LOOP_307_2_VITIS_LOOP_310_3|  return value|
|ap_start               |   in|    1|  ap_ctrl_hs|  buffer_Pipeline_VITIS_LOOP_304_1_VITIS_LOOP_307_2_VITIS_LOOP_310_3|  return value|
|ap_done                |  out|    1|  ap_ctrl_hs|  buffer_Pipeline_VITIS_LOOP_304_1_VITIS_LOOP_307_2_VITIS_LOOP_310_3|  return value|
|ap_idle                |  out|    1|  ap_ctrl_hs|  buffer_Pipeline_VITIS_LOOP_304_1_VITIS_LOOP_307_2_VITIS_LOOP_310_3|  return value|
|ap_ready               |  out|    1|  ap_ctrl_hs|  buffer_Pipeline_VITIS_LOOP_304_1_VITIS_LOOP_307_2_VITIS_LOOP_310_3|  return value|
|out_st_dout            |   in|   64|     ap_fifo|                                                              out_st|       pointer|
|out_st_num_data_valid  |   in|    2|     ap_fifo|                                                              out_st|       pointer|
|out_st_fifo_cap        |   in|    2|     ap_fifo|                                                              out_st|       pointer|
|out_st_empty_n         |   in|    1|     ap_fifo|                                                              out_st|       pointer|
|out_st_read            |  out|    1|     ap_fifo|                                                              out_st|       pointer|
|bound4                 |   in|   47|     ap_none|                                                              bound4|        scalar|
|buffer1_0_address0     |  out|   13|   ap_memory|                                                           buffer1_0|         array|
|buffer1_0_ce0          |  out|    1|   ap_memory|                                                           buffer1_0|         array|
|buffer1_0_we0          |  out|    1|   ap_memory|                                                           buffer1_0|         array|
|buffer1_0_d0           |  out|   16|   ap_memory|                                                           buffer1_0|         array|
|buffer1_1_address0     |  out|   13|   ap_memory|                                                           buffer1_1|         array|
|buffer1_1_ce0          |  out|    1|   ap_memory|                                                           buffer1_1|         array|
|buffer1_1_we0          |  out|    1|   ap_memory|                                                           buffer1_1|         array|
|buffer1_1_d0           |  out|   16|   ap_memory|                                                           buffer1_1|         array|
|bound                  |   in|   39|     ap_none|                                                               bound|        scalar|
|div_cast               |   in|    8|     ap_none|                                                            div_cast|        scalar|
|conv_i_i72             |   in|    8|     ap_none|                                                          conv_i_i72|        scalar|
|icmp_ln1027            |   in|    1|     ap_none|                                                         icmp_ln1027|        scalar|
+-----------------------+-----+-----+------------+--------------------------------------------------------------------+--------------+

