

================================================================
== Vitis HLS Report for 'entry_proc20'
================================================================
* Date:           Fri Dec  9 11:05:04 2022

* Version:        2022.2 (Build 3670227 on Oct 13 2022)
* Project:        v10
* Solution:       solution1 (Vivado IP Flow Target)
* Product family: zynquplus
* Target device:  xczu7cg-fbvb900-1-i


================================================================
== Performance Estimates
================================================================
+ Timing: 
    * Summary: 
    +--------+---------+----------+------------+
    |  Clock |  Target | Estimated| Uncertainty|
    +--------+---------+----------+------------+
    |ap_clk  |  5.00 ns|  1.500 ns|     2.00 ns|
    +--------+---------+----------+------------+

+ Latency: 
    * Summary: 
    +---------+---------+----------+----------+-----+-----+---------+
    |  Latency (cycles) |  Latency (absolute) |  Interval | Pipeline|
    |   min   |   max   |    min   |    max   | min | max |   Type  |
    +---------+---------+----------+----------+-----+-----+---------+
    |        0|        0|      0 ns|      0 ns|    0|    0|       no|
    +---------+---------+----------+----------+-----+-----+---------+

    + Detail: 
        * Instance: 
        N/A

        * Loop: 
        N/A



================================================================
== Utilization Estimates
================================================================
* Summary: 
+-----------------+---------+------+--------+--------+-----+
|       Name      | BRAM_18K|  DSP |   FF   |   LUT  | URAM|
+-----------------+---------+------+--------+--------+-----+
|DSP              |        -|     -|       -|       -|    -|
|Expression       |        -|     -|       0|       2|    -|
|FIFO             |        -|     -|       -|       -|    -|
|Instance         |        -|     -|       -|       -|    -|
|Memory           |        -|     -|       -|       -|    -|
|Multiplexer      |        -|     -|       -|      18|    -|
|Register         |        -|     -|       2|       -|    -|
+-----------------+---------+------+--------+--------+-----+
|Total            |        0|     0|       2|      20|    0|
+-----------------+---------+------+--------+--------+-----+
|Available        |      624|  1728|  460800|  230400|   96|
+-----------------+---------+------+--------+--------+-----+
|Utilization (%)  |        0|     0|      ~0|      ~0|    0|
+-----------------+---------+------+--------+--------+-----+

+ Detail: 
    * Instance: 
    N/A

    * DSP: 
    N/A

    * Memory: 
    N/A

    * FIFO: 
    N/A

    * Expression: 
    +-----------------+----------+----+---+----+------------+------------+
    |  Variable Name  | Operation| DSP| FF| LUT| Bitwidth P0| Bitwidth P1|
    +-----------------+----------+----+---+----+------------+------------+
    |ap_block_state1  |        or|   0|  0|   2|           1|           1|
    +-----------------+----------+----+---+----+------------+------------+
    |Total            |          |   0|  0|   2|           1|           1|
    +-----------------+----------+----+---+----+------------+------------+

    * Multiplexer: 
    +--------------------+----+-----------+-----+-----------+
    |        Name        | LUT| Input Size| Bits| Total Bits|
    +--------------------+----+-----------+-----+-----------+
    |actp_regp_c9_blk_n  |   9|          2|    1|          2|
    |ap_done             |   9|          2|    1|          2|
    +--------------------+----+-----------+-----+-----------+
    |Total               |  18|          4|    2|          4|
    +--------------------+----+-----------+-----+-----------+

    * Register: 
    +-------------+---+----+-----+-----------+
    |     Name    | FF| LUT| Bits| Const Bits|
    +-------------+---+----+-----+-----------+
    |ap_CS_fsm    |  1|   0|    1|          0|
    |ap_done_reg  |  1|   0|    1|          0|
    +-------------+---+----+-----+-----------+
    |Total        |  2|   0|    2|          0|
    +-------------+---+----+-----+-----------+



================================================================
== Interface
================================================================
* Summary: 
+-----------------------------+-----+-----+------------+--------------+--------------+
|          RTL Ports          | Dir | Bits|  Protocol  | Source Object|    C Type    |
+-----------------------------+-----+-----+------------+--------------+--------------+
|ap_clk                       |   in|    1|  ap_ctrl_hs|  entry_proc20|  return value|
|ap_rst                       |   in|    1|  ap_ctrl_hs|  entry_proc20|  return value|
|ap_start                     |   in|    1|  ap_ctrl_hs|  entry_proc20|  return value|
|ap_done                      |  out|    1|  ap_ctrl_hs|  entry_proc20|  return value|
|ap_continue                  |   in|    1|  ap_ctrl_hs|  entry_proc20|  return value|
|ap_idle                      |  out|    1|  ap_ctrl_hs|  entry_proc20|  return value|
|ap_ready                     |  out|    1|  ap_ctrl_hs|  entry_proc20|  return value|
|actp_regp                    |   in|   32|     ap_none|     actp_regp|       pointer|
|actp_regp_c9_din             |  out|   32|     ap_fifo|  actp_regp_c9|       pointer|
|actp_regp_c9_num_data_valid  |   in|    5|     ap_fifo|  actp_regp_c9|       pointer|
|actp_regp_c9_fifo_cap        |   in|    5|     ap_fifo|  actp_regp_c9|       pointer|
|actp_regp_c9_full_n          |   in|    1|     ap_fifo|  actp_regp_c9|       pointer|
|actp_regp_c9_write           |  out|    1|     ap_fifo|  actp_regp_c9|       pointer|
+-----------------------------+-----+-----+------------+--------------+--------------+

