

================================================================
== Vitis HLS Report for 'IFFT_AP'
================================================================
* Date:           Fri Dec  9 11:05:14 2022

* Version:        2022.2 (Build 3670227 on Oct 13 2022)
* Project:        v10
* Solution:       solution1 (Vivado IP Flow Target)
* Product family: zynquplus
* Target device:  xczu7cg-fbvb900-1-i


================================================================
== Performance Estimates
================================================================
+ Timing: 
    * Summary: 
    +--------+---------+----------+------------+
    |  Clock |  Target | Estimated| Uncertainty|
    +--------+---------+----------+------------+
    |ap_clk  |  5.00 ns|  4.262 ns|     2.00 ns|
    +--------+---------+----------+------------+

+ Latency: 
    * Summary: 
    +---------+---------+----------+-----------+-----+---------+----------+
    |  Latency (cycles) |  Latency (absolute)  |    Interval   | Pipeline |
    |   min   |   max   |    min   |    max    | min |   max   |   Type   |
    +---------+---------+----------+-----------+-----+---------+----------+
    |       54|  8734370|  0.270 us|  43.672 ms|   55|  8734371|  dataflow|
    +---------+---------+----------+-----------+-----+---------+----------+

    + Detail: 
        * Instance: 
        +----------------------+-------------------+---------+---------+----------+-----------+-----+---------+---------+
        |                      |                   |  Latency (cycles) |  Latency (absolute)  |    Interval   | Pipeline|
        |       Instance       |       Module      |   min   |   max   |    min   |    max    | min |   max   |   Type  |
        +----------------------+-------------------+---------+---------+----------+-----------+-----+---------+---------+
        |entry_proc21_U0       |entry_proc21       |        0|        0|      0 ns|       0 ns|    0|        0|       no|
        |vr_ifft_U0            |vr_ifft            |       54|  8734370|  0.270 us|  43.672 ms|   54|  8734370|       no|
        |Block_entry6_proc_U0  |Block_entry6_proc  |        0|        0|      0 ns|       0 ns|    0|        0|       no|
        |buffer_write_U0       |buffer_write       |       20|  2015803|  0.100 us|  10.079 ms|   20|  2015803|       no|
        +----------------------+-------------------+---------+---------+----------+-----------+-----+---------+---------+

        * Loop: 
        N/A



================================================================
== Utilization Estimates
================================================================
* Summary: 
+-----------------+---------+------+--------+--------+-----+
|       Name      | BRAM_18K|  DSP |   FF   |   LUT  | URAM|
+-----------------+---------+------+--------+--------+-----+
|DSP              |        -|     -|       -|       -|    -|
|Expression       |        -|     -|       0|      40|    -|
|FIFO             |        -|     -|     792|     536|    -|
|Instance         |      160|   226|   32130|   35371|    0|
|Memory           |        -|     -|       -|       -|    -|
|Multiplexer      |        -|     -|       -|      72|    -|
|Register         |        -|     -|       8|       -|    -|
+-----------------+---------+------+--------+--------+-----+
|Total            |      160|   226|   32930|   36019|    0|
+-----------------+---------+------+--------+--------+-----+
|Available        |      624|  1728|  460800|  230400|   96|
+-----------------+---------+------+--------+--------+-----+
|Utilization (%)  |       25|    13|       7|      15|    0|
+-----------------+---------+------+--------+--------+-----+

+ Detail: 
    * Instance: 
    +----------------------+-------------------+---------+-----+-------+-------+-----+
    |       Instance       |       Module      | BRAM_18K| DSP |   FF  |  LUT  | URAM|
    +----------------------+-------------------+---------+-----+-------+-------+-----+
    |Block_entry6_proc_U0  |Block_entry6_proc  |        0|    0|     58|     56|    0|
    |buffer_write_U0       |buffer_write       |       32|    2|   3057|   3678|    0|
    |ctrl_bus_s_axi_U      |ctrl_bus_s_axi     |        0|    0|    436|    744|    0|
    |entry_proc21_U0       |entry_proc21       |        0|    0|      2|     29|    0|
    |gmem_m_axi_U          |gmem_m_axi         |        0|    0|    811|   1485|    0|
    |vr_ifft_U0            |vr_ifft            |      128|  224|  27766|  29379|    0|
    +----------------------+-------------------+---------+-----+-------+-------+-----+
    |Total                 |                   |      160|  226|  32130|  35371|    0|
    +----------------------+-------------------+---------+-----+-------+-------+-----+

    * DSP: 
    N/A

    * Memory: 
    N/A

    * FIFO: 
    +-----------------------------+---------+----+----+-----+------+-----+---------+
    |             Name            | BRAM_18K| FF | LUT| URAM| Depth| Bits| Size:D*B|
    +-----------------------------+---------+----+----+-----+------+-----+---------+
    |out1_c_U                     |        0|  99|   0|    -|     3|   64|      192|
    |out2_c_U                     |        0|  99|   0|    -|     3|   64|      192|
    |out_st_U                     |        0|  99|   0|    -|     2|   64|      128|
    |trunc_ln372_1_loc_channel_U  |        0|  99|   0|    -|     2|    8|       16|
    |trunc_ln372_2_loc_channel_U  |        0|  99|   0|    -|     2|   16|       32|
    |trunc_ln372_3_loc_channel_U  |        0|  99|   0|    -|     2|   16|       32|
    |trunc_ln372_4_loc_channel_U  |        0|  99|   0|    -|     2|    8|       16|
    |trunc_ln372_loc_channel_U    |        0|  99|   0|    -|     2|    8|       16|
    +-----------------------------+---------+----+----+-----+------+-----+---------+
    |Total                        |        0| 792|   0|    0|    18|  248|      624|
    +-----------------------------+---------+----+----+-----+------+-----+---------+

    * Expression: 
    +-------------------------------------------------+----------+----+---+----+------------+------------+
    |                  Variable Name                  | Operation| DSP| FF| LUT| Bitwidth P0| Bitwidth P1|
    +-------------------------------------------------+----------+----+---+----+------------+------------+
    |Block_entry6_proc_U0_ap_continue                 |       and|   0|  0|   2|           1|           1|
    |Block_entry6_proc_U0_ap_start                    |       and|   0|  0|   2|           1|           1|
    |ap_channel_done_trunc_ln372_1_loc_channel        |       and|   0|  0|   2|           1|           1|
    |ap_channel_done_trunc_ln372_2_loc_channel        |       and|   0|  0|   2|           1|           1|
    |ap_channel_done_trunc_ln372_3_loc_channel        |       and|   0|  0|   2|           1|           1|
    |ap_channel_done_trunc_ln372_4_loc_channel        |       and|   0|  0|   2|           1|           1|
    |ap_channel_done_trunc_ln372_loc_channel          |       and|   0|  0|   2|           1|           1|
    |ap_idle                                          |       and|   0|  0|   2|           1|           1|
    |ap_sync_ready                                    |       and|   0|  0|   2|           1|           1|
    |buffer_write_U0_ap_start                         |       and|   0|  0|   2|           1|           1|
    |entry_proc21_U0_ap_start                         |       and|   0|  0|   2|           1|           1|
    |vr_ifft_U0_ap_start                              |       and|   0|  0|   2|           1|           1|
    |ap_sync_Block_entry6_proc_U0_ap_ready            |        or|   0|  0|   2|           1|           1|
    |ap_sync_channel_write_trunc_ln372_1_loc_channel  |        or|   0|  0|   2|           1|           1|
    |ap_sync_channel_write_trunc_ln372_2_loc_channel  |        or|   0|  0|   2|           1|           1|
    |ap_sync_channel_write_trunc_ln372_3_loc_channel  |        or|   0|  0|   2|           1|           1|
    |ap_sync_channel_write_trunc_ln372_4_loc_channel  |        or|   0|  0|   2|           1|           1|
    |ap_sync_channel_write_trunc_ln372_loc_channel    |        or|   0|  0|   2|           1|           1|
    |ap_sync_entry_proc21_U0_ap_ready                 |        or|   0|  0|   2|           1|           1|
    |ap_sync_vr_ifft_U0_ap_ready                      |        or|   0|  0|   2|           1|           1|
    +-------------------------------------------------+----------+----+---+----+------------+------------+
    |Total                                            |          |   0|  0|  40|          20|          20|
    +-------------------------------------------------+----------+----+---+----+------------+------------+

    * Multiplexer: 
    +-----------------------------------------------------+----+-----------+-----+-----------+
    |                         Name                        | LUT| Input Size| Bits| Total Bits|
    +-----------------------------------------------------+----+-----------+-----+-----------+
    |ap_sync_reg_Block_entry6_proc_U0_ap_ready            |   9|          2|    1|          2|
    |ap_sync_reg_channel_write_trunc_ln372_1_loc_channel  |   9|          2|    1|          2|
    |ap_sync_reg_channel_write_trunc_ln372_2_loc_channel  |   9|          2|    1|          2|
    |ap_sync_reg_channel_write_trunc_ln372_3_loc_channel  |   9|          2|    1|          2|
    |ap_sync_reg_channel_write_trunc_ln372_4_loc_channel  |   9|          2|    1|          2|
    |ap_sync_reg_channel_write_trunc_ln372_loc_channel    |   9|          2|    1|          2|
    |ap_sync_reg_entry_proc21_U0_ap_ready                 |   9|          2|    1|          2|
    |ap_sync_reg_vr_ifft_U0_ap_ready                      |   9|          2|    1|          2|
    +-----------------------------------------------------+----+-----------+-----+-----------+
    |Total                                                |  72|         16|    8|         16|
    +-----------------------------------------------------+----+-----------+-----+-----------+

    * Register: 
    +-----------------------------------------------------+---+----+-----+-----------+
    |                         Name                        | FF| LUT| Bits| Const Bits|
    +-----------------------------------------------------+---+----+-----+-----------+
    |ap_sync_reg_Block_entry6_proc_U0_ap_ready            |  1|   0|    1|          0|
    |ap_sync_reg_channel_write_trunc_ln372_1_loc_channel  |  1|   0|    1|          0|
    |ap_sync_reg_channel_write_trunc_ln372_2_loc_channel  |  1|   0|    1|          0|
    |ap_sync_reg_channel_write_trunc_ln372_3_loc_channel  |  1|   0|    1|          0|
    |ap_sync_reg_channel_write_trunc_ln372_4_loc_channel  |  1|   0|    1|          0|
    |ap_sync_reg_channel_write_trunc_ln372_loc_channel    |  1|   0|    1|          0|
    |ap_sync_reg_entry_proc21_U0_ap_ready                 |  1|   0|    1|          0|
    |ap_sync_reg_vr_ifft_U0_ap_ready                      |  1|   0|    1|          0|
    +-----------------------------------------------------+---+----+-----+-----------+
    |Total                                                |  8|   0|    8|          0|
    +-----------------------------------------------------+---+----+-----+-----------+



================================================================
== Interface
================================================================
* Summary: 
+------------------------+-----+-----+---------------+--------------+--------------+
|        RTL Ports       | Dir | Bits|    Protocol   | Source Object|    C Type    |
+------------------------+-----+-----+---------------+--------------+--------------+
|s_axi_ctrl_bus_AWVALID  |   in|    1|          s_axi|      ctrl_bus|       pointer|
|s_axi_ctrl_bus_AWREADY  |  out|    1|          s_axi|      ctrl_bus|       pointer|
|s_axi_ctrl_bus_AWADDR   |   in|    7|          s_axi|      ctrl_bus|       pointer|
|s_axi_ctrl_bus_WVALID   |   in|    1|          s_axi|      ctrl_bus|       pointer|
|s_axi_ctrl_bus_WREADY   |  out|    1|          s_axi|      ctrl_bus|       pointer|
|s_axi_ctrl_bus_WDATA    |   in|   32|          s_axi|      ctrl_bus|       pointer|
|s_axi_ctrl_bus_WSTRB    |   in|    4|          s_axi|      ctrl_bus|       pointer|
|s_axi_ctrl_bus_ARVALID  |   in|    1|          s_axi|      ctrl_bus|       pointer|
|s_axi_ctrl_bus_ARREADY  |  out|    1|          s_axi|      ctrl_bus|       pointer|
|s_axi_ctrl_bus_ARADDR   |   in|    7|          s_axi|      ctrl_bus|       pointer|
|s_axi_ctrl_bus_RVALID   |  out|    1|          s_axi|      ctrl_bus|       pointer|
|s_axi_ctrl_bus_RREADY   |   in|    1|          s_axi|      ctrl_bus|       pointer|
|s_axi_ctrl_bus_RDATA    |  out|   32|          s_axi|      ctrl_bus|       pointer|
|s_axi_ctrl_bus_RRESP    |  out|    2|          s_axi|      ctrl_bus|       pointer|
|s_axi_ctrl_bus_BVALID   |  out|    1|          s_axi|      ctrl_bus|       pointer|
|s_axi_ctrl_bus_BREADY   |   in|    1|          s_axi|      ctrl_bus|       pointer|
|s_axi_ctrl_bus_BRESP    |  out|    2|          s_axi|      ctrl_bus|       pointer|
|ap_clk                  |   in|    1|  ap_ctrl_chain|       IFFT_AP|  return value|
|ap_rst_n                |   in|    1|  ap_ctrl_chain|       IFFT_AP|  return value|
|interrupt               |  out|    1|  ap_ctrl_chain|       IFFT_AP|  return value|
|m_axi_gmem_AWVALID      |  out|    1|          m_axi|          gmem|       pointer|
|m_axi_gmem_AWREADY      |   in|    1|          m_axi|          gmem|       pointer|
|m_axi_gmem_AWADDR       |  out|   64|          m_axi|          gmem|       pointer|
|m_axi_gmem_AWID         |  out|    1|          m_axi|          gmem|       pointer|
|m_axi_gmem_AWLEN        |  out|    8|          m_axi|          gmem|       pointer|
|m_axi_gmem_AWSIZE       |  out|    3|          m_axi|          gmem|       pointer|
|m_axi_gmem_AWBURST      |  out|    2|          m_axi|          gmem|       pointer|
|m_axi_gmem_AWLOCK       |  out|    2|          m_axi|          gmem|       pointer|
|m_axi_gmem_AWCACHE      |  out|    4|          m_axi|          gmem|       pointer|
|m_axi_gmem_AWPROT       |  out|    3|          m_axi|          gmem|       pointer|
|m_axi_gmem_AWQOS        |  out|    4|          m_axi|          gmem|       pointer|
|m_axi_gmem_AWREGION     |  out|    4|          m_axi|          gmem|       pointer|
|m_axi_gmem_AWUSER       |  out|    1|          m_axi|          gmem|       pointer|
|m_axi_gmem_WVALID       |  out|    1|          m_axi|          gmem|       pointer|
|m_axi_gmem_WREADY       |   in|    1|          m_axi|          gmem|       pointer|
|m_axi_gmem_WDATA        |  out|  128|          m_axi|          gmem|       pointer|
|m_axi_gmem_WSTRB        |  out|   16|          m_axi|          gmem|       pointer|
|m_axi_gmem_WLAST        |  out|    1|          m_axi|          gmem|       pointer|
|m_axi_gmem_WID          |  out|    1|          m_axi|          gmem|       pointer|
|m_axi_gmem_WUSER        |  out|    1|          m_axi|          gmem|       pointer|
|m_axi_gmem_ARVALID      |  out|    1|          m_axi|          gmem|       pointer|
|m_axi_gmem_ARREADY      |   in|    1|          m_axi|          gmem|       pointer|
|m_axi_gmem_ARADDR       |  out|   64|          m_axi|          gmem|       pointer|
|m_axi_gmem_ARID         |  out|    1|          m_axi|          gmem|       pointer|
|m_axi_gmem_ARLEN        |  out|    8|          m_axi|          gmem|       pointer|
|m_axi_gmem_ARSIZE       |  out|    3|          m_axi|          gmem|       pointer|
|m_axi_gmem_ARBURST      |  out|    2|          m_axi|          gmem|       pointer|
|m_axi_gmem_ARLOCK       |  out|    2|          m_axi|          gmem|       pointer|
|m_axi_gmem_ARCACHE      |  out|    4|          m_axi|          gmem|       pointer|
|m_axi_gmem_ARPROT       |  out|    3|          m_axi|          gmem|       pointer|
|m_axi_gmem_ARQOS        |  out|    4|          m_axi|          gmem|       pointer|
|m_axi_gmem_ARREGION     |  out|    4|          m_axi|          gmem|       pointer|
|m_axi_gmem_ARUSER       |  out|    1|          m_axi|          gmem|       pointer|
|m_axi_gmem_RVALID       |   in|    1|          m_axi|          gmem|       pointer|
|m_axi_gmem_RREADY       |  out|    1|          m_axi|          gmem|       pointer|
|m_axi_gmem_RDATA        |   in|  128|          m_axi|          gmem|       pointer|
|m_axi_gmem_RLAST        |   in|    1|          m_axi|          gmem|       pointer|
|m_axi_gmem_RID          |   in|    1|          m_axi|          gmem|       pointer|
|m_axi_gmem_RUSER        |   in|    1|          m_axi|          gmem|       pointer|
|m_axi_gmem_RRESP        |   in|    2|          m_axi|          gmem|       pointer|
|m_axi_gmem_BVALID       |   in|    1|          m_axi|          gmem|       pointer|
|m_axi_gmem_BREADY       |  out|    1|          m_axi|          gmem|       pointer|
|m_axi_gmem_BRESP        |   in|    2|          m_axi|          gmem|       pointer|
|m_axi_gmem_BID          |   in|    1|          m_axi|          gmem|       pointer|
|m_axi_gmem_BUSER        |   in|    1|          m_axi|          gmem|       pointer|
+------------------------+-----+-----+---------------+--------------+--------------+

